9.9435 	WARNING 	Font Manager failed to load file /System/Library/PrivateFrameworks/FontServices.framework/Resources/Reserved/PingFangUI.ttc
10.0276 	WARNING 	Font Manager failed to load file /System/Library/PrivateFrameworks/FontServices.framework/Resources/Reserved/PingFangUI.ttc
13.5234 	INFO 	Loaded monitor calibration from ['2025_10_28 18:09']
13.6310 	INFO 	Using renderer 'Apple M4' for graphics
13.6310 	INFO 	OpenGL version supported by driver is 2..
13.6524 	EXP 	Created window1 = Window(allowGUI=True, allowStencil=True, autoLog=True, backendConf=UNKNOWN, backgroundFit=<method-wrapper '__getattribute__' of attributeSetter object at 0x15b785780>, backgroundImage=<method-wrapper '__getattribute__' of attributeSetter object at 0x15b7856f0>, bitsMode=UNKNOWN, blendMode='avg', bpc=(8, 8, 8), color=array([-0.2314, -0.2314, -0.2314]), colorSpace='rgb', depthBits=8, fullscr=True, gamma=None, gammaErrorPolicy='raise', infoMsg=UNKNOWN, lms=UNKNOWN, monitor=<psychopy.monitors.calibTools.Monitor object at 0x15db511e0>, multiSample=False, name='window1', numSamples=2, pos=[np.float64(0.0), np.float64(0.0)], screen=0, size=array([3420, 2214]), stencilBits=8, stereo=False, title='PsychoPy', units='height', useFBO=True, useRetina=True, viewOri=0.0, viewPos=None, viewScale=None, waitBlanking=True, winType='pyglet')
13.6524 	EXP 	window1: backgroundImage = ''
13.6524 	EXP 	window1: backgroundFit = 'none'
13.9156 	EXP 	window1: Attempting to measure frame rate of screen (0) ...
13.9156 	EXP 	window1: recordFrameIntervals = False
14.0825 	EXP 	window1: recordFrameIntervals = True
14.3987 	WARNING 	t of last frame was 24.84ms (=1/40)
14.5648 	EXP 	Screen (0) actual frame rate measured at 121.55Hz
14.5648 	EXP 	window1: recordFrameIntervals = False
16.8298 	INFO 	keyboard.Keyboard is using iohub backend.
16.8299 	INFO 	keyboard.Keyboard is using iohub backend.
16.8299 	INFO 	keyboard.Keyboard is using iohub backend.
16.8299 	INFO 	keyboard.Keyboard is using iohub backend.
16.8299 	INFO 	keyboard.Keyboard is using iohub backend.
16.8299 	INFO 	keyboard.Keyboard is using iohub backend.
16.8299 	INFO 	keyboard.Keyboard is using iohub backend.
16.8299 	INFO 	keyboard.Keyboard is using iohub backend.
16.8300 	INFO 	keyboard.Keyboard is using iohub backend.
16.8300 	INFO 	keyboard.Keyboard is using iohub backend.
16.8300 	EXP 	4_calibr_sum: status = STARTED
16.8592 	EXP 	Created main_instr_text = TextStim(__class__=<class 'psychopy.visual.text.TextStim'>, alignHoriz=method-wrapper(...), alignText='center', alignVert=method-wrapper(...), anchorHoriz='center', anchorVert='center', antialias=True, autoDraw=False, autoLog=True, bold=False, color=array([1., 1., 1.]), colorSpace='rgb', contrast=1.0, depth=0.0, draggable=False, flipHoriz=False, flipVert=False, font='Arial', fontFiles=[], height=np.float64(0.04), italic=False, languageStyle='LTR', name='main_instr_text', opacity=1, ori=0.0, pos=array([0., 0.]), rgb=UNKNOWN, text=str(...), units='height', win=Window(...), wrapWidth=1)
16.8662 	EXP 	Created BJW_inst_text = TextStim(__class__=<class 'psychopy.visual.text.TextStim'>, alignHoriz=method-wrapper(...), alignText='center', alignVert=method-wrapper(...), anchorHoriz='center', anchorVert='center', antialias=True, autoDraw=False, autoLog=True, bold=False, color=array([1., 1., 1.]), colorSpace='rgb', contrast=1.0, depth=0.0, draggable=False, flipHoriz=False, flipVert=False, font='Arial', fontFiles=[], height=np.float64(0.04), italic=False, languageStyle='LTR', name='BJW_inst_text', opacity=1, ori=0.0, pos=array([0., 0.]), rgb=UNKNOWN, text=str(...), units='height', win=Window(...), wrapWidth=1)
16.9309 	EXP 	Created BJW_slider = Slider(__class__=<class 'psychopy.visual.slider.Slider'>, autoDraw=False, autoLog=True, borderColor=None, color=None, colorSpace='rgb', depth=0, fillColor=None, flip=True, font='Open Sans', granularity=1.0, labelColor=None, labelHeight=np.float64(0.02), labelWrapWidth=None, labels=list(...), lineColor=None, markerColor=None, name='BJW_slider', opacity=None, ori=0.0, pos=array([ 0. , -0.4]), readOnly=False, self=UNKNOWN, size=array([1. , 0.1]), startValue=3, style='rating', styleTweaks=[], ticks=array([1, 2, 3, 4, 5]), units='height', win=Window(...))
16.9314 	EXP 	Created BJW_text = TextStim(__class__=<class 'psychopy.visual.text.TextStim'>, alignHoriz=method-wrapper(...), alignText='center', alignVert=method-wrapper(...), anchorHoriz='center', anchorVert='center', antialias=True, autoDraw=False, autoLog=True, bold=False, color=array([1., 1., 1.]), colorSpace='rgb', contrast=1.0, depth=-1.0, draggable=False, flipHoriz=False, flipVert=False, font='Arial', fontFiles=[], height=0.03, italic=False, languageStyle='LTR', name='BJW_text', opacity=1, ori=0.0, pos=array([0. , 0.2]), rgb=UNKNOWN, text='', units='height', win=Window(...), wrapWidth=1)
16.9366 	EXP 	Created text_instr = TextStim(__class__=<class 'psychopy.visual.text.TextStim'>, alignHoriz=method-wrapper(...), alignText='center', alignVert=method-wrapper(...), anchorHoriz='center', anchorVert='center', antialias=True, autoDraw=False, autoLog=True, bold=False, color=array([1., 1., 1.]), colorSpace='rgb', contrast=1.0, depth=0.0, draggable=False, flipHoriz=False, flipVert=False, font='Arial', fontFiles=[], height=np.float64(0.04), italic=False, languageStyle='LTR', name='text_instr', opacity=1, ori=0.0, pos=array([0., 0.]), rgb=UNKNOWN, text=str(...), units='height', win=Window(...), wrapWidth=1)
16.9402 	EXP 	Created text_3 = TextStim(__class__=<class 'psychopy.visual.text.TextStim'>, alignHoriz=method-wrapper(...), alignText='center', alignVert=method-wrapper(...), anchorHoriz='center', anchorVert='center', antialias=True, autoDraw=False, autoLog=True, bold=False, color=array([1., 1., 1.]), colorSpace='rgb', contrast=1.0, depth=0.0, draggable=False, flipHoriz=False, flipVert=False, font='Arial', fontFiles=[], height=np.float64(0.04), italic=False, languageStyle='LTR', name='text_3', opacity=1, ori=0.0, pos=array([0., 0.]), rgb=UNKNOWN, text=str(...), units='height', win=Window(...), wrapWidth=1)
16.9407 	EXP 	Created pol_1 = Rect(__class__=<class 'psychopy.visual.rect.Rect'>, anchor=('center', 'center'), autoDraw=False, autoLog=True, closeShape=True, color=method-wrapper(...), colorSpace='rgb', contrast=None, depth=-1.0, draggable=False, fillColor=array([1, 1, 1]), fillColorSpace='rgb', fillRGB=array([1, 1, 1]), interpolate=True, lineColor=array([1., 1., 1.]), lineColorSpace='rgb', lineRGB=array([1, 1, 1]), lineWidth=1.0, name='pol_1', opacity=1.0, ori=1.0, pos=array([0., 0.]), size=array([1., 1.]), units='height', vertices=ndarray(...), win=Window(...))
16.9413 	EXP 	Created pol_2 = Rect(__class__=<class 'psychopy.visual.rect.Rect'>, anchor=('center', 'center'), autoDraw=False, autoLog=True, closeShape=True, color=method-wrapper(...), colorSpace='rgb', contrast=None, depth=-2.0, draggable=False, fillColor=array([1, 1, 1]), fillColorSpace='rgb', fillRGB=array([1, 1, 1]), interpolate=True, lineColor=array([1., 1., 1.]), lineColorSpace='rgb', lineRGB=array([1, 1, 1]), lineWidth=1.0, name='pol_2', opacity=1.0, ori=1.0, pos=array([0., 0.]), size=array([1., 1.]), units='height', vertices=ndarray(...), win=Window(...))
16.9454 	EXP 	Created text_tren = TextStim(__class__=<class 'psychopy.visual.text.TextStim'>, alignHoriz=method-wrapper(...), alignText='center', alignVert=method-wrapper(...), anchorHoriz='center', anchorVert='center', antialias=True, autoDraw=False, autoLog=True, bold=False, color=array([1., 1., 1.]), colorSpace='rgb', contrast=1.0, depth=-4.0, draggable=False, flipHoriz=False, flipVert=False, font='Arial', fontFiles=[], height=np.float64(0.030000000000000002), italic=False, languageStyle='LTR', name='text_tren', opacity=1, ori=0.0, pos=array([0.  , 0.35]), rgb=UNKNOWN, text=str(...), units='height', win=Window(...), wrapWidth=1)
16.9458 	EXP 	Created text_fb_tren = TextStim(__class__=<class 'psychopy.visual.text.TextStim'>, alignHoriz=method-wrapper(...), alignText='center', alignVert=method-wrapper(...), anchorHoriz='center', anchorVert='center', antialias=True, autoDraw=False, autoLog=True, bold=False, color=array([1., 1., 1.]), colorSpace='rgb', contrast=1.0, depth=-1.0, draggable=False, flipHoriz=False, flipVert=False, font='Arial', fontFiles=[], height=0.03, italic=False, languageStyle='LTR', name='text_fb_tren', opacity=1, ori=0.0, pos=array([0., 0.]), rgb=UNKNOWN, text='', units='height', win=Window(...), wrapWidth=1)
16.9480 	EXP 	Created text_4 = TextStim(__class__=<class 'psychopy.visual.text.TextStim'>, alignHoriz=method-wrapper(...), alignText='center', alignVert=method-wrapper(...), anchorHoriz='center', anchorVert='center', antialias=True, autoDraw=False, autoLog=True, bold=False, color=array([1., 1., 1.]), colorSpace='rgb', contrast=1.0, depth=0.0, draggable=False, flipHoriz=False, flipVert=False, font='Arial', fontFiles=[], height=np.float64(0.04), italic=False, languageStyle='LTR', name='text_4', opacity=1, ori=0.0, pos=array([0., 0.]), rgb=UNKNOWN, text=str(...), units='height', win=Window(...), wrapWidth=1)
16.9485 	EXP 	Created sq_1 = Rect(__class__=<class 'psychopy.visual.rect.Rect'>, anchor=('center', 'center'), autoDraw=False, autoLog=True, closeShape=True, color=method-wrapper(...), colorSpace='rgb', contrast=None, depth=0.0, draggable=False, fillColor=array([1., 1., 1.]), fillColorSpace='rgb', fillRGB=array([1., 1., 1.]), interpolate=True, lineColor=array([1., 1., 1.]), lineColorSpace='rgb', lineRGB=array([1, 1, 1]), lineWidth=1.0, name='sq_1', opacity=1.0, ori=1.0, pos=array([0., 0.]), size=array([1., 1.]), units='height', vertices=ndarray(...), win=Window(...))
16.9490 	EXP 	Created sq_2 = Rect(__class__=<class 'psychopy.visual.rect.Rect'>, anchor=('center', 'center'), autoDraw=False, autoLog=True, closeShape=True, color=method-wrapper(...), colorSpace='rgb', contrast=None, depth=-1.0, draggable=False, fillColor=array([1, 1, 1]), fillColorSpace='rgb', fillRGB=array([1, 1, 1]), interpolate=True, lineColor=array([1., 1., 1.]), lineColorSpace='rgb', lineRGB=array([1, 1, 1]), lineWidth=1.0, name='sq_2', opacity=1.0, ori=1.0, pos=array([0., 0.]), size=array([1., 1.]), units='height', vertices=ndarray(...), win=Window(...))
16.9507 	EXP 	Created text = TextStim(__class__=<class 'psychopy.visual.text.TextStim'>, alignHoriz=method-wrapper(...), alignText='center', alignVert=method-wrapper(...), anchorHoriz='center', anchorVert='center', antialias=True, autoDraw=False, autoLog=True, bold=False, color=array([1., 1., 1.]), colorSpace='rgb', contrast=1.0, depth=-3.0, draggable=False, flipHoriz=False, flipVert=False, font='Arial', fontFiles=[], height=np.float64(0.030000000000000002), italic=False, languageStyle='LTR', name='text', opacity=1, ori=0.0, pos=array([0.  , 0.35]), rgb=UNKNOWN, text=str(...), units='height', win=Window(...), wrapWidth=1)
16.9511 	EXP 	Created text_fb_task = TextStim(__class__=<class 'psychopy.visual.text.TextStim'>, alignHoriz=method-wrapper(...), alignText='center', alignVert=method-wrapper(...), anchorHoriz='center', anchorVert='center', antialias=True, autoDraw=False, autoLog=True, bold=False, color=array([1., 1., 1.]), colorSpace='rgb', contrast=1.0, depth=-1.0, draggable=False, flipHoriz=False, flipVert=False, font='Arial', fontFiles=[], height=0.05, italic=False, languageStyle='LTR', name='text_fb_task', opacity=1, ori=0.0, pos=array([0., 0.]), rgb=UNKNOWN, text='', units='height', win=Window(...), wrapWidth=1)
16.9843 	EXP 	Created sl_h = Slider(__class__=<class 'psychopy.visual.slider.Slider'>, autoDraw=False, autoLog=True, borderColor=None, color=None, colorSpace='rgb', depth=0, fillColor=None, flip=True, font='Open Sans', granularity=0.0, labelColor=None, labelHeight=np.float64(0.030000000000000002), labelWrapWidth=None, labels=['совсем нет', 'очень'], lineColor=None, markerColor=None, name='sl_h', opacity=None, ori=0.0, pos=array([ 0. , -0.4]), readOnly=False, self=UNKNOWN, size=array([1. , 0.1]), startValue=5, style='rating', styleTweaks=[], ticks=array([1, 2, 3, 4, 5, 6, 7, 8, 9]), units='height', win=Window(...))
16.9846 	EXP 	Created text_sl = TextStim(__class__=<class 'psychopy.visual.text.TextStim'>, alignHoriz=method-wrapper(...), alignText='center', alignVert=method-wrapper(...), anchorHoriz='center', anchorVert='center', antialias=True, autoDraw=False, autoLog=True, bold=False, color=array([1., 1., 1.]), colorSpace='rgb', contrast=1.0, depth=-1.0, draggable=False, flipHoriz=False, flipVert=False, font='Arial', fontFiles=[], height=0.03, italic=False, languageStyle='LTR', name='text_sl', opacity=1, ori=0.0, pos=array([0. , 0.2]), rgb=UNKNOWN, text='', units='height', win=Window(...), wrapWidth=1)
16.9849 	EXP 	Created text_5 = TextStim(__class__=<class 'psychopy.visual.text.TextStim'>, alignHoriz=method-wrapper(...), alignText='center', alignVert=method-wrapper(...), anchorHoriz='center', anchorVert='center', antialias=True, autoDraw=False, autoLog=True, bold=False, color=array([1., 1., 1.]), colorSpace='rgb', contrast=1.0, depth=-1.0, draggable=False, flipHoriz=False, flipVert=False, font='Arial', fontFiles=[], height=0.05, italic=False, languageStyle='LTR', name='text_5', opacity=1, ori=0.0, pos=array([0., 0.]), rgb=UNKNOWN, text='', units='height', win=Window(...), wrapWidth=1)
16.9918 	EXP 	Created text_6 = TextStim(__class__=<class 'psychopy.visual.text.TextStim'>, alignHoriz=method-wrapper(...), alignText='center', alignVert=method-wrapper(...), anchorHoriz='center', anchorVert='center', antialias=True, autoDraw=False, autoLog=True, bold=False, color=array([1., 1., 1.]), colorSpace='rgb', contrast=1.0, depth=-1.0, draggable=False, flipHoriz=False, flipVert=False, font='Arial', fontFiles=[], height=np.float64(0.05), italic=False, languageStyle='LTR', name='text_6', opacity=1, ori=0.0, pos=array([0. , 0.2]), rgb=UNKNOWN, text=str(...), units='height', win=Window(...), wrapWidth=1)
17.0388 	EXP 	Created text_th = TextStim(__class__=<class 'psychopy.visual.text.TextStim'>, alignHoriz=method-wrapper(...), alignText='center', alignVert=method-wrapper(...), anchorHoriz='center', anchorVert='center', antialias=True, autoDraw=False, autoLog=True, bold=False, color=array([1., 1., 1.]), colorSpace='rgb', contrast=1.0, depth=0.0, draggable=False, flipHoriz=False, flipVert=False, font='Arial', fontFiles=[], height=np.float64(0.04), italic=False, languageStyle='LTR', name='text_th', opacity=1, ori=0.0, pos=array([0., 0.]), rgb=UNKNOWN, text='Спасибо за участие!\n', units='height', win=Window(...), wrapWidth=1)
0.0056 	DATA 	Keypress: space
0.0116 	DATA 	Keypress: space
0.0246 	EXP 	BJW_slider: autoLog = True
0.0246 	EXP 	BJW_slider: styleTweaks = []
0.0246 	EXP 	BJW_slider: styleTweaks = []
0.0246 	EXP 	BJW_slider: styleTweaks = []
0.0246 	EXP 	BJW_slider: styleTweaks = []
0.0246 	EXP 	BJW_slider: contrast = 1.0
0.0246 	EXP 	BJW_slider: markerPos = 3
0.0246 	EXP 	BJW_slider: autoLog = True
0.0246 	EXP 	sl_h: autoLog = True
0.0246 	EXP 	sl_h: styleTweaks = []
0.0246 	EXP 	sl_h: styleTweaks = []
0.0246 	EXP 	sl_h: styleTweaks = []
0.0246 	EXP 	sl_h: styleTweaks = []
0.0246 	EXP 	sl_h: contrast = 1.0
0.0246 	EXP 	sl_h: markerPos = 5
0.0246 	EXP 	sl_h: autoLog = True
0.0246 	EXP 	textbox: autoLog = True
0.0260 	EXP 	Device response: <KeyPress from None: t=16.691799541004002, value=space, duration=None>
0.0260 	EXP 	Device response: <KeyPress from None: t=16.691799541004002, value=space, duration=0.08828774996800348>
0.0331 	INFO 	Keyboard events cleared
0.0329 	EXP 	main_instr_text: autoDraw = True
0.4131 	EXP 	Device response: <KeyPress from None: t=0.4033946659765206, value=space, duration=None>
0.4182 	DATA 	Keypress: space
0.4266 	INFO 	Keyboard events cleared
0.4262 	EXP 	main_instr_text: autoDraw = False
0.4262 	EXP 	BJW_inst_text: autoDraw = True
0.5120 	EXP 	Device response: <KeyPress from None: t=0.4033946659765206, value=space, duration=0.0994387089740485>
0.7545 	EXP 	Device response: <KeyPress from None: t=0.7507561660022475, value=space, duration=None>
0.7636 	EXP 	Imported BJW.xlsx as conditions, 13 conditions, 1 params
0.7643 	EXP 	New trial (rep=0, index=0): <Trial 0 (0 in rep 0) data={'Text': 'Я считаю, что, по большому счету, заслуживаю того, что происходит со мной.', 'thisN': 0, 'thisTrialN': 0, 'thisRepN': 0}>
0.7768 	DATA 	Keypress: space
0.8018 	EXP 	BJW_inst_text: autoDraw = False
0.8018 	EXP 	BJW_slider: markerPos = None
0.8018 	EXP 	BJW_slider: markerPos = 3
0.8018 	EXP 	BJW_text: height = np.float64(0.030000000000000002)
0.8018 	EXP 	BJW_text: height = np.float64(0.030000000000000002)
0.8018 	EXP 	BJW_text: height = np.float64(0.030000000000000002)
0.8018 	EXP 	BJW_text: text = 'Я считаю, что, по большому счету, заслуживаю того, что происходит со мной.'
0.8018 	EXP 	BJW_slider: autoDraw = True
0.8018 	EXP 	BJW_text: autoDraw = True
0.8598 	EXP 	Device response: <KeyPress from None: t=0.7507561660022475, value=space, duration=0.10831670899642631>
1.1119 	DATA 	Keypress: space
1.1176 	EXP 	Device response: <KeyPress from None: t=1.1088049999671057, value=space, duration=None>
1.1492 	EXP 	Device response: <KeyPress from None: t=1.1088049999671057, value=space, duration=0.03675087500596419>
2.4588 	DATA 	Mouse: Left button down, pos=(857,101)
2.4668 	EXP 	BJW_slider: markerPos = np.float64(3.007226738934056)
2.4748 	EXP 	BJW_slider: markerPos = np.float64(3.007226738934056)
2.4820 	EXP 	BJW_slider: markerPos = np.float64(3.007226738934056)
2.4918 	EXP 	BJW_slider: markerPos = np.float64(3.007226738934056)
2.4990 	EXP 	BJW_slider: markerPos = np.float64(3.007226738934056)
2.5076 	EXP 	BJW_slider: markerPos = np.float64(3.007226738934056)
2.5080 	DATA 	Mouse:  Left button up, pos=(857,101)
2.5153 	EXP 	BJW_slider: markerPos = 3.0
2.5156 	EXP 	New trial (rep=0, index=1): <Trial 1 (1 in rep 0) data={'Text': 'Как правило, жизнь ко\xa0мне справедлива.', 'thisN': 1, 'thisTrialN': 1, 'thisRepN': 0}>
2.5255 	EXP 	BJW_slider: autoDraw = False
2.5255 	EXP 	BJW_text: autoDraw = False
2.5255 	EXP 	BJW_slider: markerPos = None
2.5255 	EXP 	BJW_slider: markerPos = 3
2.5255 	EXP 	BJW_text: height = np.float64(0.030000000000000002)
2.5255 	EXP 	BJW_text: height = np.float64(0.030000000000000002)
2.5255 	EXP 	BJW_text: height = np.float64(0.030000000000000002)
2.5255 	EXP 	BJW_text: text = 'Как правило, жизнь ко\xa0мне справедлива.'
2.5255 	EXP 	BJW_slider: autoDraw = True
2.5255 	EXP 	BJW_text: autoDraw = True
2.5820 	DATA 	Mouse: Left button down, pos=(857,101)
2.5917 	EXP 	BJW_slider: markerPos = np.float64(3.007226738934056)
2.5990 	EXP 	BJW_slider: markerPos = np.float64(3.007226738934056)
2.6077 	EXP 	BJW_slider: markerPos = np.float64(3.007226738934056)
2.6148 	EXP 	BJW_slider: markerPos = np.float64(3.007226738934056)
2.6254 	EXP 	BJW_slider: markerPos = np.float64(3.007226738934056)
2.6328 	EXP 	BJW_slider: markerPos = np.float64(3.007226738934056)
2.6408 	EXP 	BJW_slider: markerPos = np.float64(3.007226738934056)
2.6442 	DATA 	Mouse:  Left button up, pos=(857,101)
2.6484 	EXP 	BJW_slider: markerPos = np.float64(3.007226738934056)
2.6576 	EXP 	BJW_slider: markerPos = 3.0
2.6579 	EXP 	New trial (rep=0, index=2): <Trial 2 (2 in rep 0) data={'Text': 'Я верю, что обычно получаю то, что заслуживаю.', 'thisN': 2, 'thisTrialN': 2, 'thisRepN': 0}>
2.6669 	EXP 	BJW_slider: autoDraw = False
2.6669 	EXP 	BJW_text: autoDraw = False
2.6669 	EXP 	BJW_slider: markerPos = None
2.6669 	EXP 	BJW_slider: markerPos = 3
2.6669 	EXP 	BJW_text: height = np.float64(0.030000000000000002)
2.6669 	EXP 	BJW_text: height = np.float64(0.030000000000000002)
2.6669 	EXP 	BJW_text: height = np.float64(0.030000000000000002)
2.6669 	EXP 	BJW_text: text = 'Я верю, что обычно получаю то, что заслуживаю.'
2.6669 	EXP 	BJW_slider: autoDraw = True
2.6669 	EXP 	BJW_text: autoDraw = True
2.7158 	DATA 	Mouse: Left button down, pos=(857,101)
2.7244 	EXP 	BJW_slider: markerPos = np.float64(3.007226738934056)
2.7318 	EXP 	BJW_slider: markerPos = np.float64(3.007226738934056)
2.7418 	EXP 	BJW_slider: markerPos = np.float64(3.007226738934056)
2.7490 	EXP 	BJW_slider: markerPos = np.float64(3.007226738934056)
2.7579 	EXP 	BJW_slider: markerPos = np.float64(3.007226738934056)
2.7652 	EXP 	BJW_slider: markerPos = np.float64(3.007226738934056)
2.7751 	EXP 	BJW_slider: markerPos = np.float64(3.007226738934056)
2.7825 	EXP 	BJW_slider: markerPos = np.float64(3.007226738934056)
2.7828 	DATA 	Mouse:  Left button up, pos=(857,101)
2.7908 	EXP 	BJW_slider: markerPos = 3.0
2.7912 	EXP 	New trial (rep=0, index=3): <Trial 3 (3 in rep 0) data={'Text': 'В моей жизни в\xa0общем и\xa0целом всё происходит справедливо.', 'thisN': 3, 'thisTrialN': 3, 'thisRepN': 0}>
2.8008 	EXP 	BJW_slider: autoDraw = False
2.8008 	EXP 	BJW_text: autoDraw = False
2.8008 	EXP 	BJW_slider: markerPos = None
2.8008 	EXP 	BJW_slider: markerPos = 3
2.8008 	EXP 	BJW_text: height = np.float64(0.030000000000000002)
2.8008 	EXP 	BJW_text: height = np.float64(0.030000000000000002)
2.8008 	EXP 	BJW_text: height = np.float64(0.030000000000000002)
2.8008 	EXP 	BJW_text: text = 'В моей жизни в\xa0общем и\xa0целом всё происходит справедливо.'
2.8008 	EXP 	BJW_slider: autoDraw = True
2.8008 	EXP 	BJW_text: autoDraw = True
2.8608 	DATA 	Mouse: Left button down, pos=(857,101)
2.8750 	EXP 	BJW_slider: markerPos = np.float64(3.007226738934056)
2.8824 	EXP 	BJW_slider: markerPos = np.float64(3.007226738934056)
2.8909 	EXP 	BJW_slider: markerPos = np.float64(3.007226738934056)
2.8983 	EXP 	BJW_slider: markerPos = np.float64(3.007226738934056)
2.9084 	EXP 	BJW_slider: markerPos = np.float64(3.007226738934056)
2.9116 	DATA 	Mouse:  Left button up, pos=(857,101)
2.9158 	EXP 	BJW_slider: markerPos = np.float64(3.007226738934056)
2.9243 	EXP 	BJW_slider: markerPos = 3.0
2.9247 	EXP 	New trial (rep=0, index=4): <Trial 4 (4 in rep 0) data={'Text': 'В моей жизни несправедливость – скорее исключение, чем правило.', 'thisN': 4, 'thisTrialN': 4, 'thisRepN': 0}>
2.9342 	EXP 	BJW_slider: autoDraw = False
2.9342 	EXP 	BJW_text: autoDraw = False
2.9342 	EXP 	BJW_slider: markerPos = None
2.9342 	EXP 	BJW_slider: markerPos = 3
2.9342 	EXP 	BJW_text: height = np.float64(0.030000000000000002)
2.9342 	EXP 	BJW_text: height = np.float64(0.030000000000000002)
2.9342 	EXP 	BJW_text: height = np.float64(0.030000000000000002)
2.9342 	EXP 	BJW_text: text = 'В моей жизни несправедливость – скорее исключение, чем правило.'
2.9342 	EXP 	BJW_slider: autoDraw = True
2.9342 	EXP 	BJW_text: autoDraw = True
2.9848 	DATA 	Mouse: Left button down, pos=(857,101)
2.9993 	EXP 	BJW_slider: markerPos = np.float64(3.007226738934056)
3.0077 	EXP 	BJW_slider: markerPos = np.float64(3.007226738934056)
3.0150 	EXP 	BJW_slider: markerPos = np.float64(3.007226738934056)
3.0246 	EXP 	BJW_slider: markerPos = np.float64(3.007226738934056)
3.0318 	EXP 	BJW_slider: markerPos = np.float64(3.007226738934056)
3.0409 	EXP 	BJW_slider: markerPos = np.float64(3.007226738934056)
3.0442 	DATA 	Mouse:  Left button up, pos=(857,101)
3.0484 	EXP 	BJW_slider: markerPos = np.float64(3.007226738934056)
3.0583 	EXP 	BJW_slider: markerPos = 3.0
3.0587 	EXP 	New trial (rep=0, index=5): <Trial 5 (5 in rep 0) data={'Text': 'Я считаю, что в\xa0целом в\xa0моей жизни всё справедливо.', 'thisN': 5, 'thisTrialN': 5, 'thisRepN': 0}>
3.0672 	EXP 	BJW_slider: autoDraw = False
3.0672 	EXP 	BJW_text: autoDraw = False
3.0672 	EXP 	BJW_slider: markerPos = None
3.0672 	EXP 	BJW_slider: markerPos = 3
3.0672 	EXP 	BJW_text: height = np.float64(0.030000000000000002)
3.0672 	EXP 	BJW_text: height = np.float64(0.030000000000000002)
3.0672 	EXP 	BJW_text: height = np.float64(0.030000000000000002)
3.0672 	EXP 	BJW_text: text = 'Я считаю, что в\xa0целом в\xa0моей жизни всё справедливо.'
3.0672 	EXP 	BJW_slider: autoDraw = True
3.0672 	EXP 	BJW_text: autoDraw = True
3.1279 	DATA 	Mouse: Left button down, pos=(857,101)
3.1408 	EXP 	BJW_slider: markerPos = np.float64(3.007226738934056)
3.1481 	EXP 	BJW_slider: markerPos = np.float64(3.007226738934056)
3.1583 	EXP 	BJW_slider: markerPos = np.float64(3.007226738934056)
3.1655 	EXP 	BJW_slider: markerPos = np.float64(3.007226738934056)
3.1741 	EXP 	BJW_slider: markerPos = np.float64(3.007226738934056)
3.1812 	EXP 	BJW_slider: markerPos = np.float64(3.007226738934056)
3.1919 	EXP 	BJW_slider: markerPos = np.float64(3.007226738934056)
3.1923 	DATA 	Mouse:  Left button up, pos=(857,101)
3.1996 	EXP 	BJW_slider: markerPos = 3.0
3.1999 	EXP 	New trial (rep=0, index=6): <Trial 6 (6 in rep 0) data={'Text': 'Я думаю, что важные решения, которые касаются меня, обычно справедливы.', 'thisN': 6, 'thisTrialN': 6, 'thisRepN': 0}>
3.2095 	EXP 	BJW_slider: autoDraw = False
3.2095 	EXP 	BJW_text: autoDraw = False
3.2095 	EXP 	BJW_slider: markerPos = None
3.2095 	EXP 	BJW_slider: markerPos = 3
3.2095 	EXP 	BJW_text: height = np.float64(0.030000000000000002)
3.2095 	EXP 	BJW_text: height = np.float64(0.030000000000000002)
3.2095 	EXP 	BJW_text: height = np.float64(0.030000000000000002)
3.2095 	EXP 	BJW_text: text = 'Я думаю, что важные решения, которые касаются меня, обычно справедливы.'
3.2095 	EXP 	BJW_slider: autoDraw = True
3.2095 	EXP 	BJW_text: autoDraw = True
3.2754 	DATA 	Mouse: Left button down, pos=(857,101)
3.2828 	EXP 	BJW_slider: markerPos = np.float64(3.007226738934056)
3.2917 	EXP 	BJW_slider: markerPos = np.float64(3.007226738934056)
3.2989 	EXP 	BJW_slider: markerPos = np.float64(3.007226738934056)
3.3075 	EXP 	BJW_slider: markerPos = np.float64(3.007226738934056)
3.3149 	EXP 	BJW_slider: markerPos = np.float64(3.007226738934056)
3.3248 	EXP 	BJW_slider: markerPos = np.float64(3.007226738934056)
3.3322 	EXP 	BJW_slider: markerPos = np.float64(3.007226738934056)
3.3324 	DATA 	Mouse:  Left button up, pos=(857,101)
3.3409 	EXP 	BJW_slider: markerPos = 3.0
3.3413 	EXP 	New trial (rep=0, index=7): <Trial 7 (7 in rep 0) data={'Text': 'Я считаю, что в\xa0целом мир справедлив.', 'thisN': 7, 'thisTrialN': 7, 'thisRepN': 0}>
3.3499 	EXP 	BJW_slider: autoDraw = False
3.3499 	EXP 	BJW_text: autoDraw = False
3.3499 	EXP 	BJW_slider: markerPos = None
3.3499 	EXP 	BJW_slider: markerPos = 3
3.3499 	EXP 	BJW_text: height = np.float64(0.030000000000000002)
3.3499 	EXP 	BJW_text: height = np.float64(0.030000000000000002)
3.3499 	EXP 	BJW_text: height = np.float64(0.030000000000000002)
3.3499 	EXP 	BJW_text: text = 'Я считаю, что в\xa0целом мир справедлив.'
3.3499 	EXP 	BJW_slider: autoDraw = True
3.3499 	EXP 	BJW_text: autoDraw = True
3.4256 	DATA 	Mouse: Left button down, pos=(857,101)
3.4327 	EXP 	BJW_slider: markerPos = np.float64(3.007226738934056)
3.4413 	EXP 	BJW_slider: markerPos = np.float64(3.007226738934056)
3.4485 	EXP 	BJW_slider: markerPos = np.float64(3.007226738934056)
3.4586 	EXP 	BJW_slider: markerPos = np.float64(3.007226738934056)
3.4661 	EXP 	BJW_slider: markerPos = np.float64(3.007226738934056)
3.4750 	EXP 	BJW_slider: markerPos = np.float64(3.007226738934056)
3.4753 	DATA 	Mouse:  Left button up, pos=(857,101)
3.4825 	EXP 	BJW_slider: markerPos = 3.0
3.4828 	EXP 	New trial (rep=0, index=8): <Trial 8 (8 in rep 0) data={'Text': 'Я считаю, что, по\xa0большому счету, люди получают то, что заслуживают.', 'thisN': 8, 'thisTrialN': 8, 'thisRepN': 0}>
3.4924 	EXP 	BJW_slider: autoDraw = False
3.4924 	EXP 	BJW_text: autoDraw = False
3.4924 	EXP 	BJW_slider: markerPos = None
3.4924 	EXP 	BJW_slider: markerPos = 3
3.4924 	EXP 	BJW_text: height = np.float64(0.030000000000000002)
3.4924 	EXP 	BJW_text: height = np.float64(0.030000000000000002)
3.4924 	EXP 	BJW_text: height = np.float64(0.030000000000000002)
3.4924 	EXP 	BJW_text: text = 'Я считаю, что, по\xa0большому счету, люди получают то, что заслуживают.'
3.4924 	EXP 	BJW_slider: autoDraw = True
3.4924 	EXP 	BJW_text: autoDraw = True
3.5588 	DATA 	Mouse: Left button down, pos=(857,101)
3.5660 	EXP 	BJW_slider: markerPos = np.float64(3.007226738934056)
3.5742 	EXP 	BJW_slider: markerPos = np.float64(3.007226738934056)
3.5815 	EXP 	BJW_slider: markerPos = np.float64(3.007226738934056)
3.5912 	EXP 	BJW_slider: markerPos = np.float64(3.007226738934056)
3.5983 	EXP 	BJW_slider: markerPos = np.float64(3.007226738934056)
3.6082 	EXP 	BJW_slider: markerPos = np.float64(3.007226738934056)
3.6154 	EXP 	BJW_slider: markerPos = np.float64(3.007226738934056)
3.6254 	EXP 	BJW_slider: markerPos = np.float64(3.007226738934056)
3.6258 	DATA 	Mouse:  Left button up, pos=(857,101)
3.6329 	EXP 	BJW_slider: markerPos = 3.0
3.6332 	EXP 	New trial (rep=0, index=9): <Trial 9 (9 in rep 0) data={'Text': 'Я уверен, что справедливость всегда побеждает несправедливость.', 'thisN': 9, 'thisTrialN': 9, 'thisRepN': 0}>
3.6426 	EXP 	BJW_slider: autoDraw = False
3.6426 	EXP 	BJW_text: autoDraw = False
3.6426 	EXP 	BJW_slider: markerPos = None
3.6426 	EXP 	BJW_slider: markerPos = 3
3.6426 	EXP 	BJW_text: height = np.float64(0.030000000000000002)
3.6426 	EXP 	BJW_text: height = np.float64(0.030000000000000002)
3.6426 	EXP 	BJW_text: height = np.float64(0.030000000000000002)
3.6426 	EXP 	BJW_text: text = 'Я уверен, что справедливость всегда побеждает несправедливость.'
3.6426 	EXP 	BJW_slider: autoDraw = True
3.6426 	EXP 	BJW_text: autoDraw = True
3.6918 	DATA 	Mouse: Left button down, pos=(857,101)
3.6990 	EXP 	BJW_slider: markerPos = np.float64(3.007226738934056)
3.7077 	EXP 	BJW_slider: markerPos = np.float64(3.007226738934056)
3.7148 	EXP 	BJW_slider: markerPos = np.float64(3.007226738934056)
3.7249 	EXP 	BJW_slider: markerPos = np.float64(3.007226738934056)
3.7322 	EXP 	BJW_slider: markerPos = np.float64(3.007226738934056)
3.7408 	EXP 	BJW_slider: markerPos = np.float64(3.007226738934056)
3.7480 	EXP 	BJW_slider: markerPos = np.float64(3.007226738934056)
3.7583 	EXP 	BJW_slider: markerPos = np.float64(3.007226738934056)
3.7586 	DATA 	Mouse:  Left button up, pos=(857,101)
3.7655 	EXP 	BJW_slider: markerPos = 3.0
3.7659 	EXP 	New trial (rep=0, index=10): <Trial 10 (10 in rep 0) data={'Text': 'Я убежден, что, если человек пережил несправедливость, в\xa0будущем это возместится.', 'thisN': 10, 'thisTrialN': 10, 'thisRepN': 0}>
3.7761 	EXP 	BJW_slider: autoDraw = False
3.7761 	EXP 	BJW_text: autoDraw = False
3.7761 	EXP 	BJW_slider: markerPos = None
3.7761 	EXP 	BJW_slider: markerPos = 3
3.7761 	EXP 	BJW_text: height = np.float64(0.030000000000000002)
3.7761 	EXP 	BJW_text: height = np.float64(0.030000000000000002)
3.7761 	EXP 	BJW_text: height = np.float64(0.030000000000000002)
3.7761 	EXP 	BJW_text: text = 'Я убежден, что, если человек пережил несправедливость, в\xa0будущем это возместится.'
3.7761 	EXP 	BJW_slider: autoDraw = True
3.7761 	EXP 	BJW_text: autoDraw = True
3.8326 	DATA 	Mouse: Left button down, pos=(857,101)
3.8409 	EXP 	BJW_slider: markerPos = np.float64(3.007226738934056)
3.8481 	EXP 	BJW_slider: markerPos = np.float64(3.007226738934056)
3.8577 	EXP 	BJW_slider: markerPos = np.float64(3.007226738934056)
3.8648 	EXP 	BJW_slider: markerPos = np.float64(3.007226738934056)
3.8749 	EXP 	BJW_slider: markerPos = np.float64(3.007226738934056)
3.8822 	EXP 	BJW_slider: markerPos = np.float64(3.007226738934056)
3.8908 	EXP 	BJW_slider: markerPos = np.float64(3.007226738934056)
3.8943 	DATA 	Mouse:  Left button up, pos=(857,101)
3.8985 	EXP 	BJW_slider: markerPos = np.float64(3.007226738934056)
3.9083 	EXP 	BJW_slider: markerPos = 3.0
3.9087 	EXP 	New trial (rep=0, index=11): <Trial 11 (11 in rep 0) data={'Text': 'Я твердо уверен, что несправедливость в\xa0самых разных жизненных ситуациях (в семье, учебе и\xa0т. д.) – скорее исключение, чем правило.', 'thisN': 11, 'thisTrialN': 11, 'thisRepN': 0}>
3.9191 	EXP 	BJW_slider: autoDraw = False
3.9191 	EXP 	BJW_text: autoDraw = False
3.9191 	EXP 	BJW_slider: markerPos = None
3.9191 	EXP 	BJW_slider: markerPos = 3
3.9191 	EXP 	BJW_text: height = np.float64(0.030000000000000002)
3.9191 	EXP 	BJW_text: height = np.float64(0.030000000000000002)
3.9191 	EXP 	BJW_text: height = np.float64(0.030000000000000002)
3.9191 	EXP 	BJW_text: text = 'Я твердо уверен, что несправедливость в\xa0самых разных жизненных ситуациях (в семье, учебе и\xa0т. д.) – скорее исключение, чем правило.'
3.9191 	EXP 	BJW_slider: autoDraw = True
3.9191 	EXP 	BJW_text: autoDraw = True
3.9797 	DATA 	Mouse: Left button down, pos=(857,101)
4.0083 	EXP 	BJW_slider: markerPos = np.float64(3.007226738934056)
4.0257 	EXP 	BJW_slider: markerPos = np.float64(3.007226738934056)
4.0347 	EXP 	BJW_slider: markerPos = np.float64(3.007226738934056)
4.0395 	DATA 	Mouse:  Left button up, pos=(857,101)
4.0447 	EXP 	BJW_slider: markerPos = np.float64(3.007226738934056)
4.0592 	EXP 	BJW_slider: markerPos = 3.0
4.0596 	EXP 	New trial (rep=0, index=12): <Trial 12 (12 in rep 0) data={'Text': 'Я думаю, что все, кто принимает важные решения, стремятся быть справедливыми.', 'thisN': 12, 'thisTrialN': 12, 'thisRepN': 0}>
4.0714 	EXP 	BJW_slider: autoDraw = False
4.0714 	EXP 	BJW_text: autoDraw = False
4.0714 	EXP 	BJW_slider: markerPos = None
4.0714 	EXP 	BJW_slider: markerPos = 3
4.0714 	EXP 	BJW_text: height = np.float64(0.030000000000000002)
4.0714 	EXP 	BJW_text: height = np.float64(0.030000000000000002)
4.0714 	EXP 	BJW_text: height = np.float64(0.030000000000000002)
4.0714 	EXP 	BJW_text: text = 'Я думаю, что все, кто принимает важные решения, стремятся быть справедливыми.'
4.0714 	EXP 	BJW_slider: autoDraw = True
4.0714 	EXP 	BJW_text: autoDraw = True
4.1256 	DATA 	Mouse: Left button down, pos=(857,101)
4.1431 	EXP 	BJW_slider: markerPos = np.float64(3.007226738934056)
4.1527 	EXP 	BJW_slider: markerPos = np.float64(3.007226738934056)
4.1623 	EXP 	BJW_slider: markerPos = np.float64(3.007226738934056)
4.1764 	EXP 	BJW_slider: markerPos = np.float64(3.007226738934056)
4.1811 	DATA 	Mouse:  Left button up, pos=(857,101)
4.1868 	EXP 	BJW_slider: markerPos = np.float64(3.007226738934056)
4.1959 	EXP 	BJW_slider: markerPos = 3.0
4.2098 	EXP 	BJW_slider: autoDraw = False
4.2098 	EXP 	BJW_text: autoDraw = False
4.2098 	EXP 	text_instr: autoDraw = True
4.2773 	DATA 	Mouse: Left button down, pos=(857,101)
4.3277 	DATA 	Mouse:  Left button up, pos=(857,101)
4.4123 	DATA 	Mouse: Left button down, pos=(857,101)
4.4797 	DATA 	Mouse:  Left button up, pos=(857,101)
5.5131 	EXP 	Device response: <KeyPress from None: t=5.502275374950841, value=space, duration=None>
5.5200 	DATA 	Keypress: space
5.5285 	INFO 	Keyboard events cleared
5.5282 	EXP 	text_instr: autoDraw = False
5.5282 	EXP 	text_3: autoDraw = True
7.8717 	EXP 	Device response: <KeyPress from None: t=7.86468416597927, value=space, duration=None>
7.8835 	EXP 	Imported trening2.xlsx as conditions, 7 conditions, 12 params
7.8841 	EXP 	New trial (rep=0, index=0): <Trial 0 (0 in rep 0) data={'w1': 0.22, 'w2': 0.21, 'corr_answ': 'left', 'op1': 0.17, 'op2': 0.8, 'xPos1': -0.18, 'yPos1': -0.22, 'xPos2': 0.18, 'yPos2': 0.18, 'or1': 45, 'or2': 5, 'time': 1.0, 'thisN': 0, 'thisTrialN': 0, 'thisRepN': 0}>
7.8908 	DATA 	Keypress: space
7.9005 	EXP 	text_3: autoDraw = False
7.9005 	EXP 	pol_1: ori = np.float64(45.0)
7.9005 	EXP 	pol_2: ori = np.float64(5.0)
7.9005 	EXP 	pol_1: autoDraw = True
7.9005 	EXP 	pol_2: autoDraw = True
7.9005 	EXP 	text_tren: autoDraw = True
7.9687 	EXP 	Device response: <KeyPress from None: t=5.502275374950841, value=space, duration=2.4620529580279253>
10.1533 	EXP 	Device response: <KeyPress from None: t=10.148511790961493, value=right, duration=None>
10.1914 	DATA 	Keypress: right
10.1974 	EXP 	pol_1: autoDraw = False
10.1974 	EXP 	pol_2: autoDraw = False
10.1974 	EXP 	text_tren: autoDraw = False
10.1974 	EXP 	text_fb_tren: height = np.float64(0.030000000000000002)
10.1974 	EXP 	text_fb_tren: height = np.float64(0.030000000000000002)
10.1974 	EXP 	text_fb_tren: height = np.float64(0.030000000000000002)
10.1974 	EXP 	text_fb_tren: text = 'Увы('
10.1974 	EXP 	text_fb_tren: autoDraw = True
10.2638 	EXP 	Device response: <KeyPress from None: t=10.148511790961493, value=right, duration=0.11196045903488994>
10.6613 	EXP 	New trial (rep=0, index=1): <Trial 1 (1 in rep 0) data={'w1': 0.16, 'w2': 0.15, 'corr_answ': 'left', 'op1': 0.17, 'op2': 0.7, 'xPos1': -0.3, 'yPos1': -0.22, 'xPos2': 0.3, 'yPos2': 0.18, 'or1': 6, 'or2': 47, 'time': 1.0, 'thisN': 1, 'thisTrialN': 1, 'thisRepN': 0}>
10.6758 	EXP 	text_fb_tren: autoDraw = False
10.6758 	EXP 	pol_1: ori = np.float64(6.0)
10.6758 	EXP 	pol_2: ori = np.float64(47.0)
10.6758 	EXP 	pol_1: autoDraw = True
10.6758 	EXP 	pol_2: autoDraw = True
10.6758 	EXP 	text_tren: autoDraw = True
10.9287 	EXP 	Device response: <KeyPress from None: t=10.90862024994567, value=right, duration=None>
10.9318 	DATA 	Keypress: right
10.9440 	EXP 	pol_1: autoDraw = False
10.9440 	EXP 	pol_2: autoDraw = False
10.9440 	EXP 	text_tren: autoDraw = False
10.9440 	EXP 	text_fb_tren: text = 'Увы('
10.9440 	EXP 	text_fb_tren: autoDraw = True
10.9518 	EXP 	Device response: <KeyPress from None: t=10.90862024994567, value=right, duration=0.0406006250414066>
11.4280 	EXP 	New trial (rep=0, index=2): <Trial 2 (2 in rep 0) data={'w1': 0.21, 'w2': 0.22, 'corr_answ': 'right', 'op1': 0.54, 'op2': 0.22, 'xPos1': -0.2, 'yPos1': 0.21, 'xPos2': 0.2, 'yPos2': 0.18, 'or1': 37, 'or2': 7, 'time': 1.5, 'thisN': 2, 'thisTrialN': 2, 'thisRepN': 0}>
11.4376 	EXP 	text_fb_tren: autoDraw = False
11.4376 	EXP 	text_fb_tren: autoDraw = False
11.4376 	EXP 	pol_1: ori = np.float64(37.0)
11.4376 	EXP 	pol_2: ori = np.float64(7.0)
11.4376 	EXP 	pol_1: autoDraw = True
11.4376 	EXP 	pol_2: autoDraw = True
11.4376 	EXP 	text_tren: autoDraw = True
11.5435 	EXP 	Device response: <KeyPress from None: t=11.539322374970652, value=right, duration=None>
11.5487 	DATA 	Keypress: right
11.5551 	EXP 	pol_1: autoDraw = False
11.5551 	EXP 	pol_2: autoDraw = False
11.5551 	EXP 	text_tren: autoDraw = False
11.5551 	EXP 	text_fb_tren: height = np.float64(0.030000000000000002)
11.5551 	EXP 	text_fb_tren: height = np.float64(0.030000000000000002)
11.5551 	EXP 	text_fb_tren: height = np.float64(0.030000000000000002)
11.5551 	EXP 	text_fb_tren: text = 'Верно!'
11.5551 	EXP 	text_fb_tren: autoDraw = True
11.6461 	EXP 	Device response: <KeyPress from None: t=11.539322374970652, value=right, duration=0.10449187498306856>
12.0444 	EXP 	New trial (rep=0, index=3): <Trial 3 (3 in rep 0) data={'w1': 0.24, 'w2': 0.25, 'corr_answ': 'right', 'op1': 0.13, 'op2': 0.85, 'xPos1': -0.3, 'yPos1': -0.2, 'xPos2': 0.3, 'yPos2': 0.2, 'or1': 0, 'or2': 45, 'time': 1.5, 'thisN': 3, 'thisTrialN': 3, 'thisRepN': 0}>
12.0537 	EXP 	text_fb_tren: autoDraw = False
12.0537 	EXP 	text_fb_tren: autoDraw = False
12.0537 	EXP 	pol_1: ori = np.float64(0.0)
12.0537 	EXP 	pol_2: ori = np.float64(45.0)
12.0537 	EXP 	pol_1: autoDraw = True
12.0537 	EXP 	pol_2: autoDraw = True
12.0537 	EXP 	text_tren: autoDraw = True
12.1687 	EXP 	Device response: <KeyPress from None: t=12.161072582995985, value=right, duration=None>
12.1713 	DATA 	Keypress: right
12.1782 	EXP 	pol_1: autoDraw = False
12.1782 	EXP 	pol_2: autoDraw = False
12.1782 	EXP 	text_tren: autoDraw = False
12.1782 	EXP 	text_fb_tren: text = 'Верно!'
12.1782 	EXP 	text_fb_tren: autoDraw = True
12.2782 	EXP 	Device response: <KeyPress from None: t=12.161072582995985, value=right, duration=0.10861758299870417>
12.6693 	EXP 	New trial (rep=0, index=4): <Trial 4 (4 in rep 0) data={'w1': 0.28, 'w2': 0.27, 'corr_answ': 'left', 'op1': 0.13, 'op2': 0.85, 'xPos1': -0.18, 'yPos1': -0.22, 'xPos2': 0.18, 'yPos2': 0.18, 'or1': 5, 'or2': 45, 'time': 1.5, 'thisN': 4, 'thisTrialN': 4, 'thisRepN': 0}>
12.6931 	EXP 	text_fb_tren: autoDraw = False
12.6931 	EXP 	text_fb_tren: autoDraw = False
12.6931 	EXP 	pol_1: ori = np.float64(5.0)
12.6931 	EXP 	pol_2: ori = np.float64(45.0)
12.6931 	EXP 	pol_1: autoDraw = True
12.6931 	EXP 	pol_2: autoDraw = True
12.6931 	EXP 	text_tren: autoDraw = True
12.7881 	EXP 	Device response: <KeyPress from None: t=12.779869291000068, value=right, duration=None>
12.7930 	DATA 	Keypress: right
12.7992 	EXP 	pol_1: autoDraw = False
12.7992 	EXP 	pol_2: autoDraw = False
12.7992 	EXP 	text_tren: autoDraw = False
12.7992 	EXP 	text_fb_tren: height = np.float64(0.030000000000000002)
12.7992 	EXP 	text_fb_tren: height = np.float64(0.030000000000000002)
12.7992 	EXP 	text_fb_tren: height = np.float64(0.030000000000000002)
12.7992 	EXP 	text_fb_tren: text = 'Увы('
12.7992 	EXP 	text_fb_tren: autoDraw = True
12.8771 	EXP 	Device response: <KeyPress from None: t=12.779869291000068, value=right, duration=0.09618091699667275>
13.2853 	EXP 	New trial (rep=0, index=5): <Trial 5 (5 in rep 0) data={'w1': 0.17, 'w2': 0.16, 'corr_answ': 'left', 'op1': 0.3, 'op2': 0.18, 'xPos1': -0.3, 'yPos1': -0.2, 'xPos2': 0.3, 'yPos2': 0.2, 'or1': 5, 'or2': 45, 'time': 1.0, 'thisN': 5, 'thisTrialN': 5, 'thisRepN': 0}>
13.3100 	EXP 	text_fb_tren: autoDraw = False
13.3100 	EXP 	text_fb_tren: autoDraw = False
13.3100 	EXP 	pol_1: ori = np.float64(5.0)
13.3100 	EXP 	pol_2: ori = np.float64(45.0)
13.3100 	EXP 	pol_1: autoDraw = True
13.3100 	EXP 	pol_2: autoDraw = True
13.3100 	EXP 	text_tren: autoDraw = True
13.3942 	EXP 	Device response: <KeyPress from None: t=13.387882790993899, value=right, duration=None>
13.3967 	DATA 	Keypress: right
13.4030 	EXP 	pol_1: autoDraw = False
13.4030 	EXP 	pol_2: autoDraw = False
13.4030 	EXP 	text_tren: autoDraw = False
13.4030 	EXP 	text_fb_tren: text = 'Увы('
13.4030 	EXP 	text_fb_tren: autoDraw = True
13.5110 	EXP 	Device response: <KeyPress from None: t=13.387882790993899, value=right, duration=0.11588916700566188>
13.8939 	EXP 	New trial (rep=0, index=6): <Trial 6 (6 in rep 0) data={'w1': 0.22, 'w2': 0.23, 'corr_answ': 'right', 'op1': 0.15, 'op2': 0.5, 'xPos1': -0.2, 'yPos1': 0.15, 'xPos2': 0.2, 'yPos2': -0.18, 'or1': 45, 'or2': 3, 'time': 1.5, 'thisN': 6, 'thisTrialN': 6, 'thisRepN': 0}>
13.9047 	EXP 	text_fb_tren: autoDraw = False
13.9047 	EXP 	text_fb_tren: autoDraw = False
13.9047 	EXP 	pol_1: ori = np.float64(45.0)
13.9047 	EXP 	pol_2: ori = np.float64(3.0)
13.9047 	EXP 	pol_1: autoDraw = True
13.9047 	EXP 	pol_2: autoDraw = True
13.9047 	EXP 	text_tren: autoDraw = True
14.0016 	EXP 	Device response: <KeyPress from None: t=13.999046457989607, value=right, duration=None>
14.0082 	DATA 	Keypress: right
14.0130 	EXP 	pol_1: autoDraw = False
14.0130 	EXP 	pol_2: autoDraw = False
14.0130 	EXP 	text_tren: autoDraw = False
14.0130 	EXP 	text_fb_tren: height = np.float64(0.030000000000000002)
14.0130 	EXP 	text_fb_tren: height = np.float64(0.030000000000000002)
14.0130 	EXP 	text_fb_tren: height = np.float64(0.030000000000000002)
14.0130 	EXP 	text_fb_tren: text = 'Верно!'
14.0130 	EXP 	text_fb_tren: autoDraw = True
14.1180 	EXP 	Device response: <KeyPress from None: t=13.999046457989607, value=right, duration=0.11499945796094835>
14.5126 	EXP 	text_fb_tren: autoDraw = False
14.5126 	EXP 	text_fb_tren: autoDraw = False
14.5126 	EXP 	text_4: autoDraw = True
14.6602 	EXP 	Device response: <KeyPress from None: t=14.653150332975201, value=right, duration=None>
14.6619 	DATA 	Keypress: right
14.7775 	EXP 	Device response: <KeyPress from None: t=14.653150332975201, value=right, duration=0.11719195800833404>
15.2864 	EXP 	Device response: <KeyPress from None: t=15.281221915967762, value=right, duration=None>
15.2912 	DATA 	Keypress: right
15.3953 	EXP 	Device response: <KeyPress from None: t=15.281221915967762, value=right, duration=0.10829779203049839>
16.8029 	EXP 	Device response: <KeyPress from None: t=16.79543791594915, value=space, duration=None>
16.8203 	EXP 	Imported tab_task_4.xlsx as conditions, 40 conditions, 12 params
16.8209 	EXP 	New trial (rep=0, index=0): <Trial 0 (0 in rep 0) data={'w1': 0.15, 'w2': 0.16, 'corr_answ': 'right', 'op1': 0.48, 'op2': 0.15, 'xPos1': -0.2, 'yPos1': 0.21, 'xPos2': 0.2, 'yPos2': 0.18, 'or1': 9, 'or2': 25, 'time': 0.7, 'thisN': 0, 'thisTrialN': 0, 'thisRepN': 0}>
16.8248 	DATA 	Keypress: space
16.8325 	EXP 	text_4: autoDraw = False
16.8325 	EXP 	sq_1: ori = np.float64(9.0)
16.8325 	EXP 	sq_2: ori = np.float64(25.0)
16.8325 	EXP 	sq_1: autoDraw = True
16.8325 	EXP 	sq_2: autoDraw = True
16.8325 	EXP 	text: autoDraw = True
16.8775 	EXP 	Device response: <KeyPress from None: t=7.86468416597927, value=space, duration=9.007543999992777>
17.5283 	EXP 	sq_1: autoDraw = False
17.5283 	EXP 	sq_2: autoDraw = False
17.5283 	EXP 	text: autoDraw = False
17.5283 	EXP 	sq_1: autoDraw = False
17.5283 	EXP 	sq_2: autoDraw = False
17.5283 	EXP 	text: autoDraw = False
17.5283 	EXP 	text_fb_task: height = np.float64(0.05)
17.5283 	EXP 	text_fb_task: height = np.float64(0.05)
17.5283 	EXP 	text_fb_task: height = np.float64(0.05)
17.5283 	EXP 	text_fb_task: text = 'Не успели'
17.5283 	EXP 	text_fb_task: autoDraw = True
18.4150 	INFO 	saved data to /Users/arinasevruk/Desktop/Exp/MyExp/data/_4_calibr_sum_2025-12-30_18h47.28.543.psydat
18.4166 	INFO 	saved data to '/Users/arinasevruk/Desktop/Exp/MyExp/data/_4_calibr_sum_2025-12-30_18h47.28.543.csv'
