9.8655 	WARNING 	Font Manager failed to load file /System/Library/PrivateFrameworks/FontServices.framework/Resources/Reserved/PingFangUI.ttc
9.9292 	WARNING 	Font Manager failed to load file /System/Library/PrivateFrameworks/FontServices.framework/Resources/Reserved/PingFangUI.ttc
18.2460 	INFO 	Loaded monitor calibration from ['2025_10_28 18:09']
18.3585 	INFO 	Using renderer 'Apple M4' for graphics
18.3585 	INFO 	OpenGL version supported by driver is 2..
18.3795 	EXP 	Created window1 = Window(allowGUI=True, allowStencil=False, autoLog=True, backendConf=UNKNOWN, backgroundFit=<method-wrapper '__getattribute__' of attributeSetter object at 0x159731720>, backgroundImage=<method-wrapper '__getattribute__' of attributeSetter object at 0x1597316c0>, bitsMode=UNKNOWN, blendMode='avg', bpc=(8, 8, 8), color=array([-0.2314, -0.2314, -0.2314]), colorSpace='rgb', depthBits=8, fullscr=True, gamma=None, gammaErrorPolicy='raise', infoMsg=UNKNOWN, lms=UNKNOWN, monitor=<psychopy.monitors.calibTools.Monitor object at 0x15bb693c0>, multiSample=False, name='window1', numSamples=2, pos=[np.float64(0.0), np.float64(0.0)], screen=0, size=array([3420, 2214]), stencilBits=0, stereo=False, title='PsychoPy', units='height', useFBO=True, useRetina=True, viewOri=0.0, viewPos=None, viewScale=None, waitBlanking=True, winType='pyglet')
18.3795 	EXP 	window1: backgroundImage = ''
18.3795 	EXP 	window1: backgroundFit = 'none'
18.6404 	EXP 	window1: Attempting to measure frame rate of screen (0) ...
18.6404 	EXP 	window1: recordFrameIntervals = False
18.8075 	EXP 	window1: recordFrameIntervals = True
19.2919 	WARNING 	t of last frame was 24.56ms (=1/40)
19.3418 	WARNING 	t of last frame was 23.99ms (=1/41)
19.4417 	WARNING 	t of last frame was 24.50ms (=1/40)
19.5404 	EXP 	Screen (0) actual frame rate measured at 121.53Hz
19.5404 	EXP 	window1: recordFrameIntervals = False
21.7429 	INFO 	keyboard.Keyboard is using iohub backend.
21.7429 	INFO 	keyboard.Keyboard is using iohub backend.
21.7429 	INFO 	keyboard.Keyboard is using iohub backend.
21.7429 	INFO 	keyboard.Keyboard is using iohub backend.
21.7429 	INFO 	keyboard.Keyboard is using iohub backend.
21.7429 	INFO 	keyboard.Keyboard is using iohub backend.
21.7430 	INFO 	keyboard.Keyboard is using iohub backend.
21.7430 	INFO 	keyboard.Keyboard is using iohub backend.
21.7430 	INFO 	keyboard.Keyboard is using iohub backend.
21.7430 	INFO 	keyboard.Keyboard is using iohub backend.
21.7430 	INFO 	keyboard.Keyboard is using iohub backend.
21.7430 	EXP 	4_calibr_sum: status = STARTED
21.7720 	EXP 	Created main_instr_text = TextStim(__class__=<class 'psychopy.visual.text.TextStim'>, alignHoriz=method-wrapper(...), alignText='center', alignVert=method-wrapper(...), anchorHoriz='center', anchorVert='center', antialias=True, autoDraw=False, autoLog=True, bold=False, color=array([1., 1., 1.]), colorSpace='rgb', contrast=1.0, depth=0.0, draggable=False, flipHoriz=False, flipVert=False, font='Arial', fontFiles=[], height=np.float64(0.04), italic=False, languageStyle='LTR', name='main_instr_text', opacity=1, ori=0.0, pos=array([0., 0.]), rgb=UNKNOWN, text=str(...), units='height', win=Window(...), wrapWidth=1)
21.7792 	EXP 	Created BJW_inst_text = TextStim(__class__=<class 'psychopy.visual.text.TextStim'>, alignHoriz=method-wrapper(...), alignText='center', alignVert=method-wrapper(...), anchorHoriz='center', anchorVert='center', antialias=True, autoDraw=False, autoLog=True, bold=False, color=array([1., 1., 1.]), colorSpace='rgb', contrast=1.0, depth=0.0, draggable=False, flipHoriz=False, flipVert=False, font='Arial', fontFiles=[], height=np.float64(0.04), italic=False, languageStyle='LTR', name='BJW_inst_text', opacity=1, ori=0.0, pos=array([0., 0.]), rgb=UNKNOWN, text=str(...), units='height', win=Window(...), wrapWidth=1)
21.8439 	EXP 	Created BJW_slider = Slider(__class__=<class 'psychopy.visual.slider.Slider'>, autoDraw=False, autoLog=True, borderColor=None, color=None, colorSpace='rgb', depth=0, fillColor=None, flip=True, font='Open Sans', granularity=1.0, labelColor=None, labelHeight=np.float64(0.02), labelWrapWidth=None, labels=list(...), lineColor=None, markerColor=None, name='BJW_slider', opacity=None, ori=0.0, pos=array([ 0. , -0.4]), readOnly=False, self=UNKNOWN, size=array([1. , 0.1]), startValue=3, style='rating', styleTweaks=[], ticks=array([1, 2, 3, 4, 5]), units='height', win=Window(...))
21.8444 	EXP 	Created BJW_text = TextStim(__class__=<class 'psychopy.visual.text.TextStim'>, alignHoriz=method-wrapper(...), alignText='center', alignVert=method-wrapper(...), anchorHoriz='center', anchorVert='center', antialias=True, autoDraw=False, autoLog=True, bold=False, color=array([1., 1., 1.]), colorSpace='rgb', contrast=1.0, depth=-1.0, draggable=False, flipHoriz=False, flipVert=False, font='Arial', fontFiles=[], height=0.03, italic=False, languageStyle='LTR', name='BJW_text', opacity=1, ori=0.0, pos=array([0. , 0.2]), rgb=UNKNOWN, text='', units='height', win=Window(...), wrapWidth=1)
21.8484 	EXP 	Created text_instr = TextStim(__class__=<class 'psychopy.visual.text.TextStim'>, alignHoriz=method-wrapper(...), alignText='center', alignVert=method-wrapper(...), anchorHoriz='center', anchorVert='center', antialias=True, autoDraw=False, autoLog=True, bold=False, color=array([1., 1., 1.]), colorSpace='rgb', contrast=1.0, depth=0.0, draggable=False, flipHoriz=False, flipVert=False, font='Arial', fontFiles=[], height=np.float64(0.04), italic=False, languageStyle='LTR', name='text_instr', opacity=1, ori=0.0, pos=array([0., 0.]), rgb=UNKNOWN, text=str(...), units='height', win=Window(...), wrapWidth=1)
21.8523 	EXP 	Created text_3 = TextStim(__class__=<class 'psychopy.visual.text.TextStim'>, alignHoriz=method-wrapper(...), alignText='center', alignVert=method-wrapper(...), anchorHoriz='center', anchorVert='center', antialias=True, autoDraw=False, autoLog=True, bold=False, color=array([1., 1., 1.]), colorSpace='rgb', contrast=1.0, depth=0.0, draggable=False, flipHoriz=False, flipVert=False, font='Arial', fontFiles=[], height=np.float64(0.04), italic=False, languageStyle='LTR', name='text_3', opacity=1, ori=0.0, pos=array([0., 0.]), rgb=UNKNOWN, text=str(...), units='height', win=Window(...), wrapWidth=1)
21.8528 	EXP 	Created pol_1 = Rect(__class__=<class 'psychopy.visual.rect.Rect'>, anchor=('center', 'center'), autoDraw=False, autoLog=True, closeShape=True, color=method-wrapper(...), colorSpace='rgb', contrast=None, depth=-1.0, draggable=False, fillColor=array([1, 1, 1]), fillColorSpace='rgb', fillRGB=array([1, 1, 1]), interpolate=True, lineColor=array([1., 1., 1.]), lineColorSpace='rgb', lineRGB=array([1, 1, 1]), lineWidth=1.0, name='pol_1', opacity=1.0, ori=1.0, pos=array([0., 0.]), size=array([1., 1.]), units='height', vertices=ndarray(...), win=Window(...))
21.8534 	EXP 	Created pol_2 = Rect(__class__=<class 'psychopy.visual.rect.Rect'>, anchor=('center', 'center'), autoDraw=False, autoLog=True, closeShape=True, color=method-wrapper(...), colorSpace='rgb', contrast=None, depth=-2.0, draggable=False, fillColor=array([1, 1, 1]), fillColorSpace='rgb', fillRGB=array([1, 1, 1]), interpolate=True, lineColor=array([1., 1., 1.]), lineColorSpace='rgb', lineRGB=array([1, 1, 1]), lineWidth=1.0, name='pol_2', opacity=1.0, ori=1.0, pos=array([0., 0.]), size=array([1., 1.]), units='height', vertices=ndarray(...), win=Window(...))
21.8575 	EXP 	Created text_tren = TextStim(__class__=<class 'psychopy.visual.text.TextStim'>, alignHoriz=method-wrapper(...), alignText='center', alignVert=method-wrapper(...), anchorHoriz='center', anchorVert='center', antialias=True, autoDraw=False, autoLog=True, bold=False, color=array([1., 1., 1.]), colorSpace='rgb', contrast=1.0, depth=-4.0, draggable=False, flipHoriz=False, flipVert=False, font='Arial', fontFiles=[], height=np.float64(0.030000000000000002), italic=False, languageStyle='LTR', name='text_tren', opacity=1, ori=0.0, pos=array([0.  , 0.35]), rgb=UNKNOWN, text=str(...), units='height', win=Window(...), wrapWidth=1)
21.8578 	EXP 	Created text_fb_tren = TextStim(__class__=<class 'psychopy.visual.text.TextStim'>, alignHoriz=method-wrapper(...), alignText='center', alignVert=method-wrapper(...), anchorHoriz='center', anchorVert='center', antialias=True, autoDraw=False, autoLog=True, bold=False, color=array([1., 1., 1.]), colorSpace='rgb', contrast=1.0, depth=-1.0, draggable=False, flipHoriz=False, flipVert=False, font='Arial', fontFiles=[], height=0.03, italic=False, languageStyle='LTR', name='text_fb_tren', opacity=1, ori=0.0, pos=array([0., 0.]), rgb=UNKNOWN, text='', units='height', win=Window(...), wrapWidth=1)
21.8601 	EXP 	Created text_4 = TextStim(__class__=<class 'psychopy.visual.text.TextStim'>, alignHoriz=method-wrapper(...), alignText='center', alignVert=method-wrapper(...), anchorHoriz='center', anchorVert='center', antialias=True, autoDraw=False, autoLog=True, bold=False, color=array([1., 1., 1.]), colorSpace='rgb', contrast=1.0, depth=0.0, draggable=False, flipHoriz=False, flipVert=False, font='Arial', fontFiles=[], height=np.float64(0.04), italic=False, languageStyle='LTR', name='text_4', opacity=1, ori=0.0, pos=array([0., 0.]), rgb=UNKNOWN, text=str(...), units='height', win=Window(...), wrapWidth=1)
21.8606 	EXP 	Created sq_1 = Rect(__class__=<class 'psychopy.visual.rect.Rect'>, anchor=('center', 'center'), autoDraw=False, autoLog=True, closeShape=True, color=method-wrapper(...), colorSpace='rgb', contrast=None, depth=0.0, draggable=False, fillColor=array([1., 1., 1.]), fillColorSpace='rgb', fillRGB=array([1., 1., 1.]), interpolate=True, lineColor=array([1., 1., 1.]), lineColorSpace='rgb', lineRGB=array([1, 1, 1]), lineWidth=1.0, name='sq_1', opacity=1.0, ori=1.0, pos=array([0., 0.]), size=array([1., 1.]), units='height', vertices=ndarray(...), win=Window(...))
21.8612 	EXP 	Created sq_2 = Rect(__class__=<class 'psychopy.visual.rect.Rect'>, anchor=('center', 'center'), autoDraw=False, autoLog=True, closeShape=True, color=method-wrapper(...), colorSpace='rgb', contrast=None, depth=-1.0, draggable=False, fillColor=array([1, 1, 1]), fillColorSpace='rgb', fillRGB=array([1, 1, 1]), interpolate=True, lineColor=array([1., 1., 1.]), lineColorSpace='rgb', lineRGB=array([1, 1, 1]), lineWidth=1.0, name='sq_2', opacity=1.0, ori=1.0, pos=array([0., 0.]), size=array([1., 1.]), units='height', vertices=ndarray(...), win=Window(...))
21.8629 	EXP 	Created text = TextStim(__class__=<class 'psychopy.visual.text.TextStim'>, alignHoriz=method-wrapper(...), alignText='center', alignVert=method-wrapper(...), anchorHoriz='center', anchorVert='center', antialias=True, autoDraw=False, autoLog=True, bold=False, color=array([1., 1., 1.]), colorSpace='rgb', contrast=1.0, depth=-3.0, draggable=False, flipHoriz=False, flipVert=False, font='Arial', fontFiles=[], height=np.float64(0.030000000000000002), italic=False, languageStyle='LTR', name='text', opacity=1, ori=0.0, pos=array([0.  , 0.35]), rgb=UNKNOWN, text=str(...), units='height', win=Window(...), wrapWidth=1)
21.8633 	EXP 	Created text_fb_task = TextStim(__class__=<class 'psychopy.visual.text.TextStim'>, alignHoriz=method-wrapper(...), alignText='center', alignVert=method-wrapper(...), anchorHoriz='center', anchorVert='center', antialias=True, autoDraw=False, autoLog=True, bold=False, color=array([1., 1., 1.]), colorSpace='rgb', contrast=1.0, depth=-1.0, draggable=False, flipHoriz=False, flipVert=False, font='Arial', fontFiles=[], height=0.05, italic=False, languageStyle='LTR', name='text_fb_task', opacity=1, ori=0.0, pos=array([0., 0.]), rgb=UNKNOWN, text='', units='height', win=Window(...), wrapWidth=1)
21.8959 	EXP 	Created sl_h = Slider(__class__=<class 'psychopy.visual.slider.Slider'>, autoDraw=False, autoLog=True, borderColor=None, color=None, colorSpace='rgb', depth=0, fillColor=None, flip=True, font='Open Sans', granularity=0.0, labelColor=None, labelHeight=np.float64(0.030000000000000002), labelWrapWidth=None, labels=['совсем нет', 'очень'], lineColor=None, markerColor=None, name='sl_h', opacity=None, ori=0.0, pos=array([ 0. , -0.4]), readOnly=False, self=UNKNOWN, size=array([1. , 0.1]), startValue=5, style='rating', styleTweaks=[], ticks=array([1, 2, 3, 4, 5, 6, 7, 8, 9]), units='height', win=Window(...))
21.8962 	EXP 	Created text_sl = TextStim(__class__=<class 'psychopy.visual.text.TextStim'>, alignHoriz=method-wrapper(...), alignText='center', alignVert=method-wrapper(...), anchorHoriz='center', anchorVert='center', antialias=True, autoDraw=False, autoLog=True, bold=False, color=array([1., 1., 1.]), colorSpace='rgb', contrast=1.0, depth=-1.0, draggable=False, flipHoriz=False, flipVert=False, font='Arial', fontFiles=[], height=0.03, italic=False, languageStyle='LTR', name='text_sl', opacity=1, ori=0.0, pos=array([0. , 0.2]), rgb=UNKNOWN, text='', units='height', win=Window(...), wrapWidth=1)
21.8965 	EXP 	Created text_5 = TextStim(__class__=<class 'psychopy.visual.text.TextStim'>, alignHoriz=method-wrapper(...), alignText='center', alignVert=method-wrapper(...), anchorHoriz='center', anchorVert='center', antialias=True, autoDraw=False, autoLog=True, bold=False, color=array([1., 1., 1.]), colorSpace='rgb', contrast=1.0, depth=-1.0, draggable=False, flipHoriz=False, flipVert=False, font='Arial', fontFiles=[], height=0.05, italic=False, languageStyle='LTR', name='text_5', opacity=1, ori=0.0, pos=array([0., 0.]), rgb=UNKNOWN, text='', units='height', win=Window(...), wrapWidth=1)
21.9036 	EXP 	Created text_6 = TextStim(__class__=<class 'psychopy.visual.text.TextStim'>, alignHoriz=method-wrapper(...), alignText='center', alignVert=method-wrapper(...), anchorHoriz='center', anchorVert='center', antialias=True, autoDraw=False, autoLog=True, bold=False, color=array([1., 1., 1.]), colorSpace='rgb', contrast=1.0, depth=-1.0, draggable=False, flipHoriz=False, flipVert=False, font='Arial', fontFiles=[], height=np.float64(0.05), italic=False, languageStyle='LTR', name='text_6', opacity=1, ori=0.0, pos=array([0. , 0.2]), rgb=UNKNOWN, text=str(...), units='height', win=Window(...), wrapWidth=1)
21.9063 	EXP 	Created text_th = TextStim(__class__=<class 'psychopy.visual.text.TextStim'>, alignHoriz=method-wrapper(...), alignText='center', alignVert=method-wrapper(...), anchorHoriz='center', anchorVert='center', antialias=True, autoDraw=False, autoLog=True, bold=False, color=array([1., 1., 1.]), colorSpace='rgb', contrast=1.0, depth=0.0, draggable=False, flipHoriz=False, flipVert=False, font='Arial', fontFiles=[], height=np.float64(0.04), italic=False, languageStyle='LTR', name='text_th', opacity=1, ori=0.0, pos=array([0., 0.]), rgb=UNKNOWN, text='Спасибо за участие!\n', units='height', win=Window(...), wrapWidth=1)
0.0200 	EXP 	BJW_slider: autoLog = True
0.0200 	EXP 	BJW_slider: styleTweaks = []
0.0200 	EXP 	BJW_slider: styleTweaks = []
0.0200 	EXP 	BJW_slider: styleTweaks = []
0.0200 	EXP 	BJW_slider: styleTweaks = []
0.0200 	EXP 	BJW_slider: contrast = 1.0
0.0200 	EXP 	BJW_slider: markerPos = 3
0.0200 	EXP 	BJW_slider: autoLog = True
0.0200 	EXP 	sl_h: autoLog = True
0.0200 	EXP 	sl_h: styleTweaks = []
0.0200 	EXP 	sl_h: styleTweaks = []
0.0200 	EXP 	sl_h: styleTweaks = []
0.0200 	EXP 	sl_h: styleTweaks = []
0.0200 	EXP 	sl_h: contrast = 1.0
0.0200 	EXP 	sl_h: markerPos = 5
0.0200 	EXP 	sl_h: autoLog = True
0.0273 	INFO 	Keyboard events cleared
0.0271 	EXP 	main_instr_text: autoDraw = True
1.3608 	EXP 	Device response: <KeyPress from None: t=1.3286206249613315, value=space, duration=None>
1.3720 	DATA 	Keypress: space
1.3808 	INFO 	Keyboard events cleared
1.3804 	EXP 	main_instr_text: autoDraw = False
1.3804 	EXP 	BJW_inst_text: autoDraw = True
1.3903 	EXP 	Device response: <KeyPress from None: t=1.3286206249613315, value=space, duration=0.06047283404041082>
1.7874 	EXP 	Device response: <KeyPress from None: t=1.7785673339967616, value=space, duration=None>
1.7959 	EXP 	Imported BJW.xlsx as conditions, 13 conditions, 1 params
1.7966 	EXP 	New trial (rep=0, index=0): <Trial 0 (0 in rep 0) data={'Text': 'Я считаю, что, по большому счету, заслуживаю того, что происходит со мной.', 'thisN': 0, 'thisTrialN': 0, 'thisRepN': 0}>
1.8138 	DATA 	Keypress: space
1.8399 	EXP 	BJW_inst_text: autoDraw = False
1.8399 	EXP 	BJW_slider: markerPos = None
1.8399 	EXP 	BJW_slider: markerPos = 3
1.8399 	EXP 	BJW_text: height = np.float64(0.030000000000000002)
1.8399 	EXP 	BJW_text: height = np.float64(0.030000000000000002)
1.8399 	EXP 	BJW_text: height = np.float64(0.030000000000000002)
1.8399 	EXP 	BJW_text: text = 'Я считаю, что, по большому счету, заслуживаю того, что происходит со мной.'
1.8399 	EXP 	BJW_slider: autoDraw = True
1.8399 	EXP 	BJW_text: autoDraw = True
1.8510 	EXP 	Device response: <KeyPress from None: t=1.7785673339967616, value=space, duration=0.06790762499440461>
3.4872 	DATA 	Mouse: Left button down, pos=(868,112)
3.5001 	EXP 	BJW_slider: markerPos = np.float64(3.046973803071364)
3.5076 	EXP 	BJW_slider: markerPos = np.float64(3.046973803071364)
3.5163 	EXP 	BJW_slider: markerPos = np.float64(3.046973803071364)
3.5235 	EXP 	BJW_slider: markerPos = np.float64(3.046973803071364)
3.5338 	EXP 	BJW_slider: markerPos = np.float64(3.046973803071364)
3.5411 	EXP 	BJW_slider: markerPos = np.float64(3.046973803071364)
3.5415 	DATA 	Mouse:  Left button up, pos=(868,112)
3.5496 	EXP 	BJW_slider: markerPos = 3.0
3.5500 	EXP 	New trial (rep=0, index=1): <Trial 1 (1 in rep 0) data={'Text': 'Как правило, жизнь ко\xa0мне справедлива.', 'thisN': 1, 'thisTrialN': 1, 'thisRepN': 0}>
3.5594 	EXP 	BJW_slider: autoDraw = False
3.5594 	EXP 	BJW_text: autoDraw = False
3.5594 	EXP 	BJW_slider: markerPos = None
3.5594 	EXP 	BJW_slider: markerPos = 3
3.5594 	EXP 	BJW_text: height = np.float64(0.030000000000000002)
3.5594 	EXP 	BJW_text: height = np.float64(0.030000000000000002)
3.5594 	EXP 	BJW_text: height = np.float64(0.030000000000000002)
3.5594 	EXP 	BJW_text: text = 'Как правило, жизнь ко\xa0мне справедлива.'
3.5594 	EXP 	BJW_slider: autoDraw = True
3.5594 	EXP 	BJW_text: autoDraw = True
3.6006 	DATA 	Mouse: Left button down, pos=(868,112)
3.6080 	EXP 	BJW_slider: markerPos = np.float64(3.046973803071364)
3.6170 	EXP 	BJW_slider: markerPos = np.float64(3.046973803071364)
3.6243 	EXP 	BJW_slider: markerPos = np.float64(3.046973803071364)
3.6329 	EXP 	BJW_slider: markerPos = np.float64(3.046973803071364)
3.6398 	EXP 	BJW_slider: markerPos = np.float64(3.046973803071364)
3.6504 	EXP 	BJW_slider: markerPos = np.float64(3.046973803071364)
3.6577 	EXP 	BJW_slider: markerPos = np.float64(3.046973803071364)
3.6664 	EXP 	BJW_slider: markerPos = np.float64(3.046973803071364)
3.6698 	DATA 	Mouse:  Left button up, pos=(868,112)
3.6742 	EXP 	BJW_slider: markerPos = np.float64(3.046973803071364)
3.6843 	EXP 	BJW_slider: markerPos = 3.0
3.6846 	EXP 	New trial (rep=0, index=2): <Trial 2 (2 in rep 0) data={'Text': 'Я верю, что обычно получаю то, что заслуживаю.', 'thisN': 2, 'thisTrialN': 2, 'thisRepN': 0}>
3.6939 	EXP 	BJW_slider: autoDraw = False
3.6939 	EXP 	BJW_text: autoDraw = False
3.6939 	EXP 	BJW_slider: markerPos = None
3.6939 	EXP 	BJW_slider: markerPos = 3
3.6939 	EXP 	BJW_text: height = np.float64(0.030000000000000002)
3.6939 	EXP 	BJW_text: height = np.float64(0.030000000000000002)
3.6939 	EXP 	BJW_text: height = np.float64(0.030000000000000002)
3.6939 	EXP 	BJW_text: text = 'Я верю, что обычно получаю то, что заслуживаю.'
3.6939 	EXP 	BJW_slider: autoDraw = True
3.6939 	EXP 	BJW_text: autoDraw = True
3.7372 	DATA 	Mouse: Left button down, pos=(868,112)
3.7498 	EXP 	BJW_slider: markerPos = np.float64(3.046973803071364)
3.7571 	EXP 	BJW_slider: markerPos = np.float64(3.046973803071364)
3.7671 	EXP 	BJW_slider: markerPos = np.float64(3.046973803071364)
3.7742 	EXP 	BJW_slider: markerPos = np.float64(3.046973803071364)
3.7829 	EXP 	BJW_slider: markerPos = np.float64(3.046973803071364)
3.7902 	EXP 	BJW_slider: markerPos = np.float64(3.046973803071364)
3.7906 	DATA 	Mouse:  Left button up, pos=(868,112)
3.8001 	EXP 	BJW_slider: markerPos = 3.0
3.8005 	EXP 	New trial (rep=0, index=3): <Trial 3 (3 in rep 0) data={'Text': 'В моей жизни в\xa0общем и\xa0целом всё происходит справедливо.', 'thisN': 3, 'thisTrialN': 3, 'thisRepN': 0}>
3.8100 	EXP 	BJW_slider: autoDraw = False
3.8100 	EXP 	BJW_text: autoDraw = False
3.8100 	EXP 	BJW_slider: markerPos = None
3.8100 	EXP 	BJW_slider: markerPos = 3
3.8100 	EXP 	BJW_text: height = np.float64(0.030000000000000002)
3.8100 	EXP 	BJW_text: height = np.float64(0.030000000000000002)
3.8100 	EXP 	BJW_text: height = np.float64(0.030000000000000002)
3.8100 	EXP 	BJW_text: text = 'В моей жизни в\xa0общем и\xa0целом всё происходит справедливо.'
3.8100 	EXP 	BJW_slider: autoDraw = True
3.8100 	EXP 	BJW_text: autoDraw = True
3.8674 	DATA 	Mouse: Left button down, pos=(868,112)
3.8747 	EXP 	BJW_slider: markerPos = np.float64(3.046973803071364)
3.8831 	EXP 	BJW_slider: markerPos = np.float64(3.046973803071364)
3.8904 	EXP 	BJW_slider: markerPos = np.float64(3.046973803071364)
3.9005 	EXP 	BJW_slider: markerPos = np.float64(3.046973803071364)
3.9077 	EXP 	BJW_slider: markerPos = np.float64(3.046973803071364)
3.9164 	EXP 	BJW_slider: markerPos = np.float64(3.046973803071364)
3.9168 	DATA 	Mouse:  Left button up, pos=(868,112)
3.9238 	EXP 	BJW_slider: markerPos = 3.0
3.9242 	EXP 	New trial (rep=0, index=4): <Trial 4 (4 in rep 0) data={'Text': 'В моей жизни несправедливость – скорее исключение, чем правило.', 'thisN': 4, 'thisTrialN': 4, 'thisRepN': 0}>
3.9341 	EXP 	BJW_slider: autoDraw = False
3.9341 	EXP 	BJW_text: autoDraw = False
3.9341 	EXP 	BJW_slider: markerPos = None
3.9341 	EXP 	BJW_slider: markerPos = 3
3.9341 	EXP 	BJW_text: height = np.float64(0.030000000000000002)
3.9341 	EXP 	BJW_text: height = np.float64(0.030000000000000002)
3.9341 	EXP 	BJW_text: height = np.float64(0.030000000000000002)
3.9341 	EXP 	BJW_text: text = 'В моей жизни несправедливость – скорее исключение, чем правило.'
3.9341 	EXP 	BJW_slider: autoDraw = True
3.9341 	EXP 	BJW_text: autoDraw = True
3.9844 	DATA 	Mouse: Left button down, pos=(868,112)
3.9915 	EXP 	BJW_slider: markerPos = np.float64(3.046973803071364)
3.9996 	EXP 	BJW_slider: markerPos = np.float64(3.046973803071364)
4.0069 	EXP 	BJW_slider: markerPos = np.float64(3.046973803071364)
4.0170 	EXP 	BJW_slider: markerPos = np.float64(3.046973803071364)
4.0242 	EXP 	BJW_slider: markerPos = np.float64(3.046973803071364)
4.0331 	EXP 	BJW_slider: markerPos = np.float64(3.046973803071364)
4.0403 	EXP 	BJW_slider: markerPos = np.float64(3.046973803071364)
4.0436 	DATA 	Mouse:  Left button up, pos=(868,112)
4.0504 	EXP 	BJW_slider: markerPos = np.float64(3.046973803071364)
4.0576 	EXP 	BJW_slider: markerPos = 3.0
4.0579 	EXP 	New trial (rep=0, index=5): <Trial 5 (5 in rep 0) data={'Text': 'Я считаю, что в\xa0целом в\xa0моей жизни всё справедливо.', 'thisN': 5, 'thisTrialN': 5, 'thisRepN': 0}>
4.0672 	EXP 	BJW_slider: autoDraw = False
4.0672 	EXP 	BJW_text: autoDraw = False
4.0672 	EXP 	BJW_slider: markerPos = None
4.0672 	EXP 	BJW_slider: markerPos = 3
4.0672 	EXP 	BJW_text: height = np.float64(0.030000000000000002)
4.0672 	EXP 	BJW_text: height = np.float64(0.030000000000000002)
4.0672 	EXP 	BJW_text: height = np.float64(0.030000000000000002)
4.0672 	EXP 	BJW_text: text = 'Я считаю, что в\xa0целом в\xa0моей жизни всё справедливо.'
4.0672 	EXP 	BJW_slider: autoDraw = True
4.0672 	EXP 	BJW_text: autoDraw = True
4.1101 	DATA 	Mouse: Left button down, pos=(868,112)
4.1241 	EXP 	BJW_slider: markerPos = np.float64(3.046973803071364)
4.1341 	EXP 	BJW_slider: markerPos = np.float64(3.046973803071364)
4.1412 	EXP 	BJW_slider: markerPos = np.float64(3.046973803071364)
4.1497 	EXP 	BJW_slider: markerPos = np.float64(3.046973803071364)
4.1567 	EXP 	BJW_slider: markerPos = np.float64(3.046973803071364)
4.1671 	EXP 	BJW_slider: markerPos = np.float64(3.046973803071364)
4.1705 	DATA 	Mouse:  Left button up, pos=(868,112)
4.1748 	EXP 	BJW_slider: markerPos = np.float64(3.046973803071364)
4.1829 	EXP 	BJW_slider: markerPos = 3.0
4.1833 	EXP 	New trial (rep=0, index=6): <Trial 6 (6 in rep 0) data={'Text': 'Я думаю, что важные решения, которые касаются меня, обычно справедливы.', 'thisN': 6, 'thisTrialN': 6, 'thisRepN': 0}>
4.1923 	EXP 	BJW_slider: autoDraw = False
4.1923 	EXP 	BJW_text: autoDraw = False
4.1923 	EXP 	BJW_slider: markerPos = None
4.1923 	EXP 	BJW_slider: markerPos = 3
4.1923 	EXP 	BJW_text: height = np.float64(0.030000000000000002)
4.1923 	EXP 	BJW_text: height = np.float64(0.030000000000000002)
4.1923 	EXP 	BJW_text: height = np.float64(0.030000000000000002)
4.1923 	EXP 	BJW_text: text = 'Я думаю, что важные решения, которые касаются меня, обычно справедливы.'
4.1923 	EXP 	BJW_slider: autoDraw = True
4.1923 	EXP 	BJW_text: autoDraw = True
4.2368 	DATA 	Mouse: Left button down, pos=(868,112)
4.2496 	EXP 	BJW_slider: markerPos = np.float64(3.046973803071364)
4.2569 	EXP 	BJW_slider: markerPos = np.float64(3.046973803071364)
4.2673 	EXP 	BJW_slider: markerPos = np.float64(3.046973803071364)
4.2745 	EXP 	BJW_slider: markerPos = np.float64(3.046973803071364)
4.2829 	EXP 	BJW_slider: markerPos = np.float64(3.046973803071364)
4.2902 	EXP 	BJW_slider: markerPos = np.float64(3.046973803071364)
4.3004 	EXP 	BJW_slider: markerPos = np.float64(3.046973803071364)
4.3037 	DATA 	Mouse:  Left button up, pos=(868,112)
4.3079 	EXP 	BJW_slider: markerPos = np.float64(3.046973803071364)
4.3173 	EXP 	BJW_slider: markerPos = 3.0
4.3177 	EXP 	New trial (rep=0, index=7): <Trial 7 (7 in rep 0) data={'Text': 'Я считаю, что в\xa0целом мир справедлив.', 'thisN': 7, 'thisTrialN': 7, 'thisRepN': 0}>
4.3260 	EXP 	BJW_slider: autoDraw = False
4.3260 	EXP 	BJW_text: autoDraw = False
4.3260 	EXP 	BJW_slider: markerPos = None
4.3260 	EXP 	BJW_slider: markerPos = 3
4.3260 	EXP 	BJW_text: height = np.float64(0.030000000000000002)
4.3260 	EXP 	BJW_text: height = np.float64(0.030000000000000002)
4.3260 	EXP 	BJW_text: height = np.float64(0.030000000000000002)
4.3260 	EXP 	BJW_text: text = 'Я считаю, что в\xa0целом мир справедлив.'
4.3260 	EXP 	BJW_slider: autoDraw = True
4.3260 	EXP 	BJW_text: autoDraw = True
4.3842 	DATA 	Mouse: Left button down, pos=(868,112)
4.3916 	EXP 	BJW_slider: markerPos = np.float64(3.046973803071364)
4.3995 	EXP 	BJW_slider: markerPos = np.float64(3.046973803071364)
4.4068 	EXP 	BJW_slider: markerPos = np.float64(3.046973803071364)
4.4171 	EXP 	BJW_slider: markerPos = np.float64(3.046973803071364)
4.4243 	EXP 	BJW_slider: markerPos = np.float64(3.046973803071364)
4.4329 	EXP 	BJW_slider: markerPos = np.float64(3.046973803071364)
4.4402 	EXP 	BJW_slider: markerPos = np.float64(3.046973803071364)
4.4405 	DATA 	Mouse:  Left button up, pos=(868,112)
4.4505 	EXP 	BJW_slider: markerPos = 3.0
4.4508 	EXP 	New trial (rep=0, index=8): <Trial 8 (8 in rep 0) data={'Text': 'Я считаю, что, по\xa0большому счету, люди получают то, что заслуживают.', 'thisN': 8, 'thisTrialN': 8, 'thisRepN': 0}>
4.4597 	EXP 	BJW_slider: autoDraw = False
4.4597 	EXP 	BJW_text: autoDraw = False
4.4597 	EXP 	BJW_slider: markerPos = None
4.4597 	EXP 	BJW_slider: markerPos = 3
4.4597 	EXP 	BJW_text: height = np.float64(0.030000000000000002)
4.4597 	EXP 	BJW_text: height = np.float64(0.030000000000000002)
4.4597 	EXP 	BJW_text: height = np.float64(0.030000000000000002)
4.4597 	EXP 	BJW_text: text = 'Я считаю, что, по\xa0большому счету, люди получают то, что заслуживают.'
4.4597 	EXP 	BJW_slider: autoDraw = True
4.4597 	EXP 	BJW_text: autoDraw = True
4.5244 	DATA 	Mouse: Left button down, pos=(868,112)
4.5329 	EXP 	BJW_slider: markerPos = np.float64(3.046973803071364)
4.5400 	EXP 	BJW_slider: markerPos = np.float64(3.046973803071364)
4.5502 	EXP 	BJW_slider: markerPos = np.float64(3.046973803071364)
4.5575 	EXP 	BJW_slider: markerPos = np.float64(3.046973803071364)
4.5662 	EXP 	BJW_slider: markerPos = np.float64(3.046973803071364)
4.5733 	EXP 	BJW_slider: markerPos = np.float64(3.046973803071364)
4.5839 	EXP 	BJW_slider: markerPos = np.float64(3.046973803071364)
4.5910 	EXP 	BJW_slider: markerPos = np.float64(3.046973803071364)
4.5914 	DATA 	Mouse:  Left button up, pos=(868,112)
4.5997 	EXP 	BJW_slider: markerPos = 3.0
4.6000 	EXP 	New trial (rep=0, index=9): <Trial 9 (9 in rep 0) data={'Text': 'Я уверен, что справедливость всегда побеждает несправедливость.', 'thisN': 9, 'thisTrialN': 9, 'thisRepN': 0}>
4.6089 	EXP 	BJW_slider: autoDraw = False
4.6089 	EXP 	BJW_text: autoDraw = False
4.6089 	EXP 	BJW_slider: markerPos = None
4.6089 	EXP 	BJW_slider: markerPos = 3
4.6089 	EXP 	BJW_text: height = np.float64(0.030000000000000002)
4.6089 	EXP 	BJW_text: height = np.float64(0.030000000000000002)
4.6089 	EXP 	BJW_text: height = np.float64(0.030000000000000002)
4.6089 	EXP 	BJW_text: text = 'Я уверен, что справедливость всегда побеждает несправедливость.'
4.6089 	EXP 	BJW_slider: autoDraw = True
4.6089 	EXP 	BJW_text: autoDraw = True
4.6572 	DATA 	Mouse: Left button down, pos=(868,112)
4.6667 	EXP 	BJW_slider: markerPos = np.float64(3.046973803071364)
4.6741 	EXP 	BJW_slider: markerPos = np.float64(3.046973803071364)
4.6829 	EXP 	BJW_slider: markerPos = np.float64(3.046973803071364)
4.6901 	EXP 	BJW_slider: markerPos = np.float64(3.046973803071364)
4.7004 	EXP 	BJW_slider: markerPos = np.float64(3.046973803071364)
4.7078 	EXP 	BJW_slider: markerPos = np.float64(3.046973803071364)
4.7163 	EXP 	BJW_slider: markerPos = np.float64(3.046973803071364)
4.7197 	DATA 	Mouse:  Left button up, pos=(868,112)
4.7235 	EXP 	BJW_slider: markerPos = np.float64(3.046973803071364)
4.7337 	EXP 	BJW_slider: markerPos = 3.0
4.7340 	EXP 	New trial (rep=0, index=10): <Trial 10 (10 in rep 0) data={'Text': 'Я убежден, что, если человек пережил несправедливость, в\xa0будущем это возместится.', 'thisN': 10, 'thisTrialN': 10, 'thisRepN': 0}>
4.7436 	EXP 	BJW_slider: autoDraw = False
4.7436 	EXP 	BJW_text: autoDraw = False
4.7436 	EXP 	BJW_slider: markerPos = None
4.7436 	EXP 	BJW_slider: markerPos = 3
4.7436 	EXP 	BJW_text: height = np.float64(0.030000000000000002)
4.7436 	EXP 	BJW_text: height = np.float64(0.030000000000000002)
4.7436 	EXP 	BJW_text: height = np.float64(0.030000000000000002)
4.7436 	EXP 	BJW_text: text = 'Я убежден, что, если человек пережил несправедливость, в\xa0будущем это возместится.'
4.7436 	EXP 	BJW_slider: autoDraw = True
4.7436 	EXP 	BJW_text: autoDraw = True
4.7938 	DATA 	Mouse: Left button down, pos=(868,112)
4.8078 	EXP 	BJW_slider: markerPos = np.float64(3.046973803071364)
4.8164 	EXP 	BJW_slider: markerPos = np.float64(3.046973803071364)
4.8240 	EXP 	BJW_slider: markerPos = np.float64(3.046973803071364)
4.8342 	EXP 	BJW_slider: markerPos = np.float64(3.046973803071364)
4.8413 	EXP 	BJW_slider: markerPos = np.float64(3.046973803071364)
4.8495 	EXP 	BJW_slider: markerPos = np.float64(3.046973803071364)
4.8569 	EXP 	BJW_slider: markerPos = np.float64(3.046973803071364)
4.8673 	EXP 	BJW_slider: markerPos = np.float64(3.046973803071364)
4.8745 	EXP 	BJW_slider: markerPos = np.float64(3.046973803071364)
4.8749 	DATA 	Mouse:  Left button up, pos=(868,112)
4.8829 	EXP 	BJW_slider: markerPos = 3.0
4.8834 	EXP 	New trial (rep=0, index=11): <Trial 11 (11 in rep 0) data={'Text': 'Я твердо уверен, что несправедливость в\xa0самых разных жизненных ситуациях (в семье, учебе и\xa0т. д.) – скорее исключение, чем правило.', 'thisN': 11, 'thisTrialN': 11, 'thisRepN': 0}>
4.8940 	EXP 	BJW_slider: autoDraw = False
4.8940 	EXP 	BJW_text: autoDraw = False
4.8940 	EXP 	BJW_slider: markerPos = None
4.8940 	EXP 	BJW_slider: markerPos = 3
4.8940 	EXP 	BJW_text: height = np.float64(0.030000000000000002)
4.8940 	EXP 	BJW_text: height = np.float64(0.030000000000000002)
4.8940 	EXP 	BJW_text: height = np.float64(0.030000000000000002)
4.8940 	EXP 	BJW_text: text = 'Я твердо уверен, что несправедливость в\xa0самых разных жизненных ситуациях (в семье, учебе и\xa0т. д.) – скорее исключение, чем правило.'
4.8940 	EXP 	BJW_slider: autoDraw = True
4.8940 	EXP 	BJW_text: autoDraw = True
4.9435 	DATA 	Mouse: Left button down, pos=(868,112)
4.9577 	EXP 	BJW_slider: markerPos = np.float64(3.046973803071364)
4.9664 	EXP 	BJW_slider: markerPos = np.float64(3.046973803071364)
4.9739 	EXP 	BJW_slider: markerPos = np.float64(3.046973803071364)
4.9840 	EXP 	BJW_slider: markerPos = np.float64(3.046973803071364)
4.9914 	EXP 	BJW_slider: markerPos = np.float64(3.046973803071364)
4.9997 	EXP 	BJW_slider: markerPos = np.float64(3.046973803071364)
5.0071 	EXP 	BJW_slider: markerPos = np.float64(3.046973803071364)
5.0166 	EXP 	BJW_slider: markerPos = np.float64(3.046973803071364)
5.0199 	DATA 	Mouse:  Left button up, pos=(868,112)
5.0241 	EXP 	BJW_slider: markerPos = np.float64(3.046973803071364)
5.0336 	EXP 	BJW_slider: markerPos = 3.0
5.0340 	EXP 	New trial (rep=0, index=12): <Trial 12 (12 in rep 0) data={'Text': 'Я думаю, что все, кто принимает важные решения, стремятся быть справедливыми.', 'thisN': 12, 'thisTrialN': 12, 'thisRepN': 0}>
5.0428 	EXP 	BJW_slider: autoDraw = False
5.0428 	EXP 	BJW_text: autoDraw = False
5.0428 	EXP 	BJW_slider: markerPos = None
5.0428 	EXP 	BJW_slider: markerPos = 3
5.0428 	EXP 	BJW_text: height = np.float64(0.030000000000000002)
5.0428 	EXP 	BJW_text: height = np.float64(0.030000000000000002)
5.0428 	EXP 	BJW_text: height = np.float64(0.030000000000000002)
5.0428 	EXP 	BJW_text: text = 'Я думаю, что все, кто принимает важные решения, стремятся быть справедливыми.'
5.0428 	EXP 	BJW_slider: autoDraw = True
5.0428 	EXP 	BJW_text: autoDraw = True
5.0870 	DATA 	Mouse: Left button down, pos=(868,112)
5.1007 	EXP 	BJW_slider: markerPos = np.float64(3.046973803071364)
5.1078 	EXP 	BJW_slider: markerPos = np.float64(3.046973803071364)
5.1172 	EXP 	BJW_slider: markerPos = np.float64(3.046973803071364)
5.1244 	EXP 	BJW_slider: markerPos = np.float64(3.046973803071364)
5.1329 	EXP 	BJW_slider: markerPos = np.float64(3.046973803071364)
5.1401 	EXP 	BJW_slider: markerPos = np.float64(3.046973803071364)
5.1506 	EXP 	BJW_slider: markerPos = np.float64(3.046973803071364)
5.1540 	DATA 	Mouse:  Left button up, pos=(868,112)
5.1582 	EXP 	BJW_slider: markerPos = np.float64(3.046973803071364)
5.1663 	EXP 	BJW_slider: markerPos = 3.0
5.1711 	EXP 	BJW_slider: autoDraw = False
5.1711 	EXP 	BJW_text: autoDraw = False
5.1711 	EXP 	text_instr: autoDraw = True
5.2351 	DATA 	Mouse: Left button down, pos=(868,112)
5.2903 	DATA 	Mouse:  Left button up, pos=(868,112)
5.3629 	DATA 	Mouse: Left button down, pos=(868,112)
5.4362 	DATA 	Mouse:  Left button up, pos=(868,112)
6.2414 	EXP 	Device response: <KeyPress from None: t=6.230890417005867, value=space, duration=None>
6.2481 	DATA 	Keypress: space
6.2566 	INFO 	Keyboard events cleared
6.2560 	EXP 	text_instr: autoDraw = False
6.2560 	EXP 	text_3: autoDraw = True
6.2786 	EXP 	Device response: <KeyPress from None: t=6.230890417005867, value=space, duration=0.042437124997377396>
6.6712 	EXP 	Device response: <KeyPress from None: t=6.662421333952807, value=space, duration=None>
6.6803 	EXP 	Imported trening2.xlsx as conditions, 7 conditions, 12 params
6.6808 	EXP 	New trial (rep=0, index=0): <Trial 0 (0 in rep 0) data={'w1': 0.28, 'w2': 0.27, 'corr_answ': 'left', 'op1': 0.13, 'op2': 0.85, 'xPos1': -0.18, 'yPos1': -0.22, 'xPos2': 0.18, 'yPos2': 0.18, 'or1': 5, 'or2': 45, 'time': 1.5, 'thisN': 0, 'thisTrialN': 0, 'thisRepN': 0}>
6.6866 	DATA 	Keypress: space
6.6958 	EXP 	text_3: autoDraw = False
6.6958 	EXP 	pol_1: ori = np.float64(5.0)
6.6958 	EXP 	pol_2: ori = np.float64(45.0)
6.6958 	EXP 	pol_1: autoDraw = True
6.6958 	EXP 	pol_2: autoDraw = True
6.6958 	EXP 	text_tren: autoDraw = True
6.7357 	EXP 	Device response: <KeyPress from None: t=6.662421333952807, value=space, duration=0.06509633304085582>
8.2132 	EXP 	Device response: <KeyPress from None: t=8.20932504197117, value=right, duration=None>
8.2510 	DATA 	Keypress: right
8.2571 	EXP 	pol_1: autoDraw = False
8.2571 	EXP 	pol_2: autoDraw = False
8.2571 	EXP 	text_tren: autoDraw = False
8.2571 	EXP 	text_fb_tren: height = np.float64(0.030000000000000002)
8.2571 	EXP 	text_fb_tren: height = np.float64(0.030000000000000002)
8.2571 	EXP 	text_fb_tren: height = np.float64(0.030000000000000002)
8.2571 	EXP 	text_fb_tren: text = 'Увы('
8.2571 	EXP 	text_fb_tren: autoDraw = True
8.2753 	EXP 	Device response: <KeyPress from None: t=8.20932504197117, value=right, duration=0.06379566702526063>
8.7206 	EXP 	New trial (rep=0, index=1): <Trial 1 (1 in rep 0) data={'w1': 0.22, 'w2': 0.21, 'corr_answ': 'left', 'op1': 0.17, 'op2': 0.8, 'xPos1': -0.18, 'yPos1': -0.22, 'xPos2': 0.18, 'yPos2': 0.18, 'or1': 45, 'or2': 5, 'time': 1.0, 'thisN': 1, 'thisTrialN': 1, 'thisRepN': 0}>
8.7341 	EXP 	text_fb_tren: autoDraw = False
8.7341 	EXP 	pol_1: ori = np.float64(45.0)
8.7341 	EXP 	pol_2: ori = np.float64(5.0)
8.7341 	EXP 	pol_1: autoDraw = True
8.7341 	EXP 	pol_2: autoDraw = True
8.7341 	EXP 	text_tren: autoDraw = True
9.9782 	EXP 	Device response: <KeyPress from None: t=9.976189999957569, value=right, duration=None>
9.9802 	DATA 	Keypress: right
10.0191 	EXP 	pol_1: autoDraw = False
10.0191 	EXP 	pol_2: autoDraw = False
10.0191 	EXP 	text_tren: autoDraw = False
10.0191 	EXP 	text_fb_tren: text = 'Увы('
10.0191 	EXP 	text_fb_tren: autoDraw = True
10.0608 	EXP 	Device response: <KeyPress from None: t=9.976189999957569, value=right, duration=0.07778770901495591>
10.5079 	EXP 	New trial (rep=0, index=2): <Trial 2 (2 in rep 0) data={'w1': 0.24, 'w2': 0.25, 'corr_answ': 'right', 'op1': 0.13, 'op2': 0.85, 'xPos1': -0.3, 'yPos1': -0.2, 'xPos2': 0.3, 'yPos2': 0.2, 'or1': 0, 'or2': 45, 'time': 1.5, 'thisN': 2, 'thisTrialN': 2, 'thisRepN': 0}>
10.5185 	EXP 	text_fb_tren: autoDraw = False
10.5185 	EXP 	pol_1: ori = np.float64(0.0)
10.5185 	EXP 	pol_2: ori = np.float64(45.0)
10.5185 	EXP 	pol_1: autoDraw = True
10.5185 	EXP 	pol_2: autoDraw = True
10.5185 	EXP 	text_tren: autoDraw = True
11.2864 	EXP 	Device response: <KeyPress from None: t=11.273107499990147, value=right, duration=None>
11.2917 	DATA 	Keypress: right
11.2982 	EXP 	pol_1: autoDraw = False
11.2982 	EXP 	pol_2: autoDraw = False
11.2982 	EXP 	text_tren: autoDraw = False
11.2982 	EXP 	text_fb_tren: height = np.float64(0.030000000000000002)
11.2982 	EXP 	text_fb_tren: height = np.float64(0.030000000000000002)
11.2982 	EXP 	text_fb_tren: height = np.float64(0.030000000000000002)
11.2982 	EXP 	text_fb_tren: text = 'Верно!'
11.2982 	EXP 	text_fb_tren: autoDraw = True
11.3806 	EXP 	Device response: <KeyPress from None: t=11.273107499990147, value=right, duration=0.10001566697610542>
11.7848 	EXP 	New trial (rep=0, index=3): <Trial 3 (3 in rep 0) data={'w1': 0.16, 'w2': 0.15, 'corr_answ': 'left', 'op1': 0.17, 'op2': 0.7, 'xPos1': -0.3, 'yPos1': -0.22, 'xPos2': 0.3, 'yPos2': 0.18, 'or1': 6, 'or2': 47, 'time': 1.0, 'thisN': 3, 'thisTrialN': 3, 'thisRepN': 0}>
11.7956 	EXP 	text_fb_tren: autoDraw = False
11.7956 	EXP 	text_fb_tren: autoDraw = False
11.7956 	EXP 	pol_1: ori = np.float64(6.0)
11.7956 	EXP 	pol_2: ori = np.float64(47.0)
11.7956 	EXP 	pol_1: autoDraw = True
11.7956 	EXP 	pol_2: autoDraw = True
11.7956 	EXP 	text_tren: autoDraw = True
12.2293 	EXP 	Device response: <KeyPress from None: t=12.22635154199088, value=right, duration=None>
12.2343 	DATA 	Keypress: right
12.2408 	EXP 	pol_1: autoDraw = False
12.2408 	EXP 	pol_2: autoDraw = False
12.2408 	EXP 	text_tren: autoDraw = False
12.2408 	EXP 	text_fb_tren: height = np.float64(0.030000000000000002)
12.2408 	EXP 	text_fb_tren: height = np.float64(0.030000000000000002)
12.2408 	EXP 	text_fb_tren: height = np.float64(0.030000000000000002)
12.2408 	EXP 	text_fb_tren: text = 'Увы('
12.2408 	EXP 	text_fb_tren: autoDraw = True
12.3540 	EXP 	Device response: <KeyPress from None: t=12.22635154199088, value=right, duration=0.10502770799212158>
12.7272 	EXP 	New trial (rep=0, index=4): <Trial 4 (4 in rep 0) data={'w1': 0.21, 'w2': 0.22, 'corr_answ': 'right', 'op1': 0.54, 'op2': 0.22, 'xPos1': -0.2, 'yPos1': 0.21, 'xPos2': 0.2, 'yPos2': 0.18, 'or1': 37, 'or2': 7, 'time': 1.5, 'thisN': 4, 'thisTrialN': 4, 'thisRepN': 0}>
12.7390 	EXP 	text_fb_tren: autoDraw = False
12.7390 	EXP 	text_fb_tren: autoDraw = False
12.7390 	EXP 	pol_1: ori = np.float64(37.0)
12.7390 	EXP 	pol_2: ori = np.float64(7.0)
12.7390 	EXP 	pol_1: autoDraw = True
12.7390 	EXP 	pol_2: autoDraw = True
12.7390 	EXP 	text_tren: autoDraw = True
13.2449 	EXP 	Device response: <KeyPress from None: t=13.238032249966636, value=right, duration=None>
13.2508 	DATA 	Keypress: right
13.2568 	EXP 	pol_1: autoDraw = False
13.2568 	EXP 	pol_2: autoDraw = False
13.2568 	EXP 	text_tren: autoDraw = False
13.2568 	EXP 	text_fb_tren: height = np.float64(0.030000000000000002)
13.2568 	EXP 	text_fb_tren: height = np.float64(0.030000000000000002)
13.2568 	EXP 	text_fb_tren: height = np.float64(0.030000000000000002)
13.2568 	EXP 	text_fb_tren: text = 'Верно!'
13.2568 	EXP 	text_fb_tren: autoDraw = True
13.3427 	EXP 	Device response: <KeyPress from None: t=13.238032249966636, value=right, duration=0.1015880840132013>
13.7431 	EXP 	New trial (rep=0, index=5): <Trial 5 (5 in rep 0) data={'w1': 0.22, 'w2': 0.23, 'corr_answ': 'right', 'op1': 0.15, 'op2': 0.5, 'xPos1': -0.2, 'yPos1': 0.15, 'xPos2': 0.2, 'yPos2': -0.18, 'or1': 45, 'or2': 3, 'time': 1.5, 'thisN': 5, 'thisTrialN': 5, 'thisRepN': 0}>
13.7527 	EXP 	text_fb_tren: autoDraw = False
13.7527 	EXP 	text_fb_tren: autoDraw = False
13.7527 	EXP 	pol_1: ori = np.float64(45.0)
13.7527 	EXP 	pol_2: ori = np.float64(3.0)
13.7527 	EXP 	pol_1: autoDraw = True
13.7527 	EXP 	pol_2: autoDraw = True
13.7527 	EXP 	text_tren: autoDraw = True
14.7382 	EXP 	Device response: <KeyPress from None: t=14.723419291956816, value=right, duration=None>
14.7432 	DATA 	Keypress: right
14.7497 	EXP 	pol_1: autoDraw = False
14.7497 	EXP 	pol_2: autoDraw = False
14.7497 	EXP 	text_tren: autoDraw = False
14.7497 	EXP 	text_fb_tren: text = 'Верно!'
14.7497 	EXP 	text_fb_tren: autoDraw = True
14.8607 	EXP 	Device response: <KeyPress from None: t=14.723419291956816, value=right, duration=0.13252137502422556>
15.2361 	EXP 	New trial (rep=0, index=6): <Trial 6 (6 in rep 0) data={'w1': 0.17, 'w2': 0.16, 'corr_answ': 'left', 'op1': 0.3, 'op2': 0.18, 'xPos1': -0.3, 'yPos1': -0.2, 'xPos2': 0.3, 'yPos2': 0.2, 'or1': 5, 'or2': 45, 'time': 1.0, 'thisN': 6, 'thisTrialN': 6, 'thisRepN': 0}>
15.2449 	EXP 	text_fb_tren: autoDraw = False
15.2449 	EXP 	text_fb_tren: autoDraw = False
15.2449 	EXP 	pol_1: ori = np.float64(5.0)
15.2449 	EXP 	pol_2: ori = np.float64(45.0)
15.2449 	EXP 	pol_1: autoDraw = True
15.2449 	EXP 	pol_2: autoDraw = True
15.2449 	EXP 	text_tren: autoDraw = True
15.8392 	EXP 	Device response: <KeyPress from None: t=15.834042041969951, value=right, duration=None>
15.8432 	DATA 	Keypress: right
15.8521 	EXP 	pol_1: autoDraw = False
15.8521 	EXP 	pol_2: autoDraw = False
15.8521 	EXP 	text_tren: autoDraw = False
15.8521 	EXP 	text_fb_tren: height = np.float64(0.030000000000000002)
15.8521 	EXP 	text_fb_tren: height = np.float64(0.030000000000000002)
15.8521 	EXP 	text_fb_tren: height = np.float64(0.030000000000000002)
15.8521 	EXP 	text_fb_tren: text = 'Увы('
15.8521 	EXP 	text_fb_tren: autoDraw = True
15.9273 	EXP 	Device response: <KeyPress from None: t=15.834042041969951, value=right, duration=0.08983820799039677>
16.3449 	EXP 	text_fb_tren: autoDraw = False
16.3449 	EXP 	text_fb_tren: autoDraw = False
16.3449 	EXP 	text_4: autoDraw = True
17.0874 	EXP 	Device response: <KeyPress from None: t=17.08630699996138, value=right, duration=None>
17.0963 	DATA 	Keypress: right
17.2025 	EXP 	Device response: <KeyPress from None: t=17.08630699996138, value=right, duration=0.10700483398977667>
18.4553 	EXP 	Device response: <KeyPress from None: t=18.453073458978906, value=right, duration=None>
18.4638 	DATA 	Keypress: right
18.5546 	EXP 	Device response: <KeyPress from None: t=18.453073458978906, value=right, duration=0.08927549998043105>
19.6382 	EXP 	Device response: <KeyPress from None: t=19.634425208962057, value=space, duration=None>
19.6553 	EXP 	Imported tab_task_4.xlsx as conditions, 40 conditions, 12 params
19.6559 	EXP 	New trial (rep=0, index=0): <Trial 0 (0 in rep 0) data={'w1': 0.13, 'w2': 0.14, 'corr_answ': 'right', 'op1': 0.46, 'op2': 0.25, 'xPos1': -0.2, 'yPos1': 0.2, 'xPos2': 0.2, 'yPos2': -0.2, 'or1': 10, 'or2': 25, 'time': 1.0, 'thisN': 0, 'thisTrialN': 0, 'thisRepN': 0}>
19.6597 	DATA 	Keypress: space
19.6673 	EXP 	text_4: autoDraw = False
19.6673 	EXP 	sq_1: ori = np.float64(10.0)
19.6673 	EXP 	sq_2: ori = np.float64(25.0)
19.6673 	EXP 	sq_1: autoDraw = True
19.6673 	EXP 	sq_2: autoDraw = True
19.6673 	EXP 	text: autoDraw = True
19.7064 	EXP 	Device response: <KeyPress from None: t=19.634425208962057, value=space, duration=0.06715462502324954>
20.5533 	EXP 	Device response: <KeyPress from None: t=20.547522499982733, value=right, duration=None>
20.5597 	DATA 	Keypress: right
20.5662 	EXP 	sq_1: autoDraw = False
20.5662 	EXP 	sq_2: autoDraw = False
20.5662 	EXP 	text: autoDraw = False
20.5662 	EXP 	text_fb_task: height = np.float64(0.05)
20.5662 	EXP 	text_fb_task: height = np.float64(0.05)
20.5662 	EXP 	text_fb_task: height = np.float64(0.05)
20.5662 	EXP 	text_fb_task: text = 'Верно!'
20.5662 	EXP 	text_fb_task: autoDraw = True
20.6448 	EXP 	Device response: <KeyPress from None: t=20.547522499982733, value=right, duration=0.09585641697049141>
20.8526 	EXP 	New trial (rep=0, index=1): <Trial 1 (1 in rep 0) data={'w1': 0.14, 'w2': 0.13, 'corr_answ': 'left', 'op1': 0.15, 'op2': 0.5, 'xPos1': -0.3, 'yPos1': 0.21, 'xPos2': 0.3, 'yPos2': 0.18, 'or1': 45, 'or2': 5, 'time': 0.5, 'thisN': 1, 'thisTrialN': 1, 'thisRepN': 0}>
20.8627 	EXP 	text_fb_task: autoDraw = False
20.8627 	EXP 	text_fb_task: autoDraw = False
20.8627 	EXP 	sq_1: ori = np.float64(45.0)
20.8627 	EXP 	sq_2: ori = np.float64(5.0)
20.8627 	EXP 	sq_1: autoDraw = True
20.8627 	EXP 	sq_2: autoDraw = True
20.8627 	EXP 	text: autoDraw = True
21.3611 	EXP 	sq_1: autoDraw = False
21.3611 	EXP 	sq_2: autoDraw = False
21.3611 	EXP 	text: autoDraw = False
21.3611 	EXP 	sq_1: autoDraw = False
21.3611 	EXP 	sq_2: autoDraw = False
21.3611 	EXP 	text: autoDraw = False
21.3611 	EXP 	text_fb_task: height = np.float64(0.05)
21.3611 	EXP 	text_fb_task: height = np.float64(0.05)
21.3611 	EXP 	text_fb_task: height = np.float64(0.05)
21.3611 	EXP 	text_fb_task: text = 'Не успели'
21.3611 	EXP 	text_fb_task: autoDraw = True
21.6456 	EXP 	New trial (rep=0, index=2): <Trial 2 (2 in rep 0) data={'w1': 0.18, 'w2': 0.17, 'corr_answ': 'left', 'op1': 0.4, 'op2': 0.19, 'xPos1': -0.3, 'yPos1': 0.2, 'xPos2': 0.3, 'yPos2': -0.2, 'or1': 45, 'or2': 5, 'time': 0.7, 'thisN': 2, 'thisTrialN': 2, 'thisRepN': 0}>
21.6566 	EXP 	text_fb_task: autoDraw = False
21.6566 	EXP 	text_fb_task: autoDraw = False
21.6566 	EXP 	sq_1: ori = np.float64(45.0)
21.6566 	EXP 	sq_2: ori = np.float64(5.0)
21.6566 	EXP 	sq_1: autoDraw = True
21.6566 	EXP 	sq_2: autoDraw = True
21.6566 	EXP 	text: autoDraw = True
22.3527 	EXP 	sq_1: autoDraw = False
22.3527 	EXP 	sq_2: autoDraw = False
22.3527 	EXP 	text: autoDraw = False
22.3527 	EXP 	sq_1: autoDraw = False
22.3527 	EXP 	sq_2: autoDraw = False
22.3527 	EXP 	text: autoDraw = False
22.3527 	EXP 	text_fb_task: text = 'Не успели'
22.3527 	EXP 	text_fb_task: autoDraw = True
22.6359 	EXP 	New trial (rep=0, index=3): <Trial 3 (3 in rep 0) data={'w1': 0.16, 'w2': 0.15, 'corr_answ': 'left', 'op1': 0.17, 'op2': 0.7, 'xPos1': -0.3, 'yPos1': -0.22, 'xPos2': 0.3, 'yPos2': 0.18, 'or1': 6, 'or2': 47, 'time': 1.5, 'thisN': 3, 'thisTrialN': 3, 'thisRepN': 0}>
22.6431 	EXP 	text_fb_task: autoDraw = False
22.6431 	EXP 	text_fb_task: autoDraw = False
22.6431 	EXP 	sq_1: ori = np.float64(6.0)
22.6431 	EXP 	sq_2: ori = np.float64(47.0)
22.6431 	EXP 	sq_1: autoDraw = True
22.6431 	EXP 	sq_2: autoDraw = True
22.6431 	EXP 	text: autoDraw = True
24.1348 	EXP 	sq_1: autoDraw = False
24.1348 	EXP 	sq_2: autoDraw = False
24.1348 	EXP 	text: autoDraw = False
24.1348 	EXP 	sq_1: autoDraw = False
24.1348 	EXP 	sq_2: autoDraw = False
24.1348 	EXP 	text: autoDraw = False
24.1348 	EXP 	text_fb_task: text = 'Не успели'
24.1348 	EXP 	text_fb_task: autoDraw = True
24.3527 	EXP 	Device response: <KeyPress from None: t=24.34265945898369, value=right, duration=None>
24.3548 	DATA 	Keypress: right
24.4210 	EXP 	New trial (rep=0, index=4): <Trial 4 (4 in rep 0) data={'w1': 0.15, 'w2': 0.14, 'corr_answ': 'left', 'op1': 0.8, 'op2': 0.16, 'xPos1': -0.3, 'yPos1': 0.15, 'xPos2': 0.3, 'yPos2': -0.18, 'or1': 30, 'or2': 15, 'time': 0.5, 'thisN': 4, 'thisTrialN': 4, 'thisRepN': 0}>
24.4289 	EXP 	text_fb_task: autoDraw = False
24.4289 	EXP 	text_fb_task: autoDraw = False
24.4289 	EXP 	sq_1: ori = np.float64(30.0)
24.4289 	EXP 	sq_2: ori = np.float64(15.0)
24.4289 	EXP 	sq_1: autoDraw = True
24.4289 	EXP 	sq_2: autoDraw = True
24.4289 	EXP 	text: autoDraw = True
24.4335 	EXP 	Device response: <KeyPress from None: t=24.34265945898369, value=right, duration=0.08900716598145664>
24.4394 	EXP 	sq_1: autoDraw = False
24.4394 	EXP 	sq_2: autoDraw = False
24.4394 	EXP 	text: autoDraw = False
24.4394 	EXP 	text_fb_task: height = np.float64(0.05)
24.4394 	EXP 	text_fb_task: height = np.float64(0.05)
24.4394 	EXP 	text_fb_task: height = np.float64(0.05)
24.4394 	EXP 	text_fb_task: text = 'Увы('
24.4394 	EXP 	text_fb_task: autoDraw = True
24.7283 	EXP 	New trial (rep=0, index=5): <Trial 5 (5 in rep 0) data={'w1': 0.19, 'w2': 0.2, 'corr_answ': 'right', 'op1': 0.52, 'op2': 0.2, 'xPos1': -0.2, 'yPos1': 0.2, 'xPos2': 0.2, 'yPos2': -0.2, 'or1': 36, 'or2': 10, 'time': 1.5, 'thisN': 5, 'thisTrialN': 5, 'thisRepN': 0}>
24.7520 	EXP 	text_fb_task: autoDraw = False
24.7520 	EXP 	text_fb_task: autoDraw = False
24.7520 	EXP 	sq_1: ori = np.float64(36.0)
24.7520 	EXP 	sq_2: ori = np.float64(10.0)
24.7520 	EXP 	sq_1: autoDraw = True
24.7520 	EXP 	sq_2: autoDraw = True
24.7520 	EXP 	text: autoDraw = True
25.9379 	EXP 	Device response: <KeyPress from None: t=25.935660041985102, value=right, duration=None>
25.9425 	DATA 	Keypress: right
25.9487 	EXP 	sq_1: autoDraw = False
25.9487 	EXP 	sq_2: autoDraw = False
25.9487 	EXP 	text: autoDraw = False
25.9487 	EXP 	text_fb_task: height = np.float64(0.05)
25.9487 	EXP 	text_fb_task: height = np.float64(0.05)
25.9487 	EXP 	text_fb_task: height = np.float64(0.05)
25.9487 	EXP 	text_fb_task: text = 'Верно!'
25.9487 	EXP 	text_fb_task: autoDraw = True
26.0370 	EXP 	Device response: <KeyPress from None: t=25.935660041985102, value=right, duration=0.09338599996408448>
26.2359 	EXP 	New trial (rep=0, index=6): <Trial 6 (6 in rep 0) data={'w1': 0.2, 'w2': 0.21, 'corr_answ': 'left', 'op1': 0.15, 'op2': 0.6, 'xPos1': -0.3, 'yPos1': 0.21, 'xPos2': 0.3, 'yPos2': 0.18, 'or1': 6, 'or2': 47, 'time': 1.5, 'thisN': 6, 'thisTrialN': 6, 'thisRepN': 0}>
26.2452 	EXP 	text_fb_task: autoDraw = False
26.2452 	EXP 	text_fb_task: autoDraw = False
26.2452 	EXP 	sq_1: ori = np.float64(6.0)
26.2452 	EXP 	sq_2: ori = np.float64(47.0)
26.2452 	EXP 	sq_1: autoDraw = True
26.2452 	EXP 	sq_2: autoDraw = True
26.2452 	EXP 	text: autoDraw = True
27.7391 	EXP 	sq_1: autoDraw = False
27.7391 	EXP 	sq_2: autoDraw = False
27.7391 	EXP 	text: autoDraw = False
27.7391 	EXP 	sq_1: autoDraw = False
27.7391 	EXP 	sq_2: autoDraw = False
27.7391 	EXP 	text: autoDraw = False
27.7391 	EXP 	text_fb_task: height = np.float64(0.05)
27.7391 	EXP 	text_fb_task: height = np.float64(0.05)
27.7391 	EXP 	text_fb_task: height = np.float64(0.05)
27.7391 	EXP 	text_fb_task: text = 'Не успели'
27.7391 	EXP 	text_fb_task: autoDraw = True
28.0279 	EXP 	New trial (rep=0, index=7): <Trial 7 (7 in rep 0) data={'w1': 0.17, 'w2': 0.18, 'corr_answ': 'right', 'op1': 0.5, 'op2': 0.2, 'xPos1': -0.2, 'yPos1': -0.22, 'xPos2': 0.2, 'yPos2': 0.18, 'or1': 7, 'or2': 45, 'time': 0.5, 'thisN': 7, 'thisTrialN': 7, 'thisRepN': 0}>
28.0520 	EXP 	text_fb_task: autoDraw = False
28.0520 	EXP 	text_fb_task: autoDraw = False
28.0520 	EXP 	sq_1: ori = np.float64(7.0)
28.0520 	EXP 	sq_2: ori = np.float64(45.0)
28.0520 	EXP 	sq_1: autoDraw = True
28.0520 	EXP 	sq_2: autoDraw = True
28.0520 	EXP 	text: autoDraw = True
28.4420 	EXP 	Device response: <KeyPress from None: t=28.43628520896891, value=right, duration=None>
28.4470 	DATA 	Keypress: right
28.4674 	EXP 	sq_1: autoDraw = False
28.4674 	EXP 	sq_2: autoDraw = False
28.4674 	EXP 	text: autoDraw = False
28.4674 	EXP 	text_fb_task: height = np.float64(0.05)
28.4674 	EXP 	text_fb_task: height = np.float64(0.05)
28.4674 	EXP 	text_fb_task: height = np.float64(0.05)
28.4674 	EXP 	text_fb_task: text = 'Верно!'
28.4674 	EXP 	text_fb_task: autoDraw = True
28.5457 	EXP 	Device response: <KeyPress from None: t=28.43628520896891, value=right, duration=0.10454433300765231>
28.7440 	EXP 	New trial (rep=0, index=8): <Trial 8 (8 in rep 0) data={'w1': 0.14, 'w2': 0.13, 'corr_answ': 'left', 'op1': 0.15, 'op2': 0.5, 'xPos1': -0.3, 'yPos1': 0.21, 'xPos2': 0.3, 'yPos2': 0.18, 'or1': 45, 'or2': 5, 'time': 0.7, 'thisN': 8, 'thisTrialN': 8, 'thisRepN': 0}>
28.7538 	EXP 	text_fb_task: autoDraw = False
28.7538 	EXP 	sq_1: ori = np.float64(45.0)
28.7538 	EXP 	sq_2: ori = np.float64(5.0)
28.7538 	EXP 	sq_1: autoDraw = True
28.7538 	EXP 	sq_2: autoDraw = True
28.7538 	EXP 	text: autoDraw = True
29.4521 	EXP 	sq_1: autoDraw = False
29.4521 	EXP 	sq_2: autoDraw = False
29.4521 	EXP 	text: autoDraw = False
29.4521 	EXP 	sq_1: autoDraw = False
29.4521 	EXP 	sq_2: autoDraw = False
29.4521 	EXP 	text: autoDraw = False
29.4521 	EXP 	text_fb_task: height = np.float64(0.05)
29.4521 	EXP 	text_fb_task: height = np.float64(0.05)
29.4521 	EXP 	text_fb_task: height = np.float64(0.05)
29.4521 	EXP 	text_fb_task: text = 'Не успели'
29.4521 	EXP 	text_fb_task: autoDraw = True
29.7360 	EXP 	New trial (rep=0, index=9): <Trial 9 (9 in rep 0) data={'w1': 0.21, 'w2': 0.22, 'corr_answ': 'right', 'op1': 0.54, 'op2': 0.22, 'xPos1': -0.2, 'yPos1': 0.21, 'xPos2': 0.2, 'yPos2': 0.18, 'or1': 37, 'or2': 7, 'time': 1.5, 'thisN': 9, 'thisTrialN': 9, 'thisRepN': 0}>
29.7440 	EXP 	text_fb_task: autoDraw = False
29.7440 	EXP 	text_fb_task: autoDraw = False
29.7440 	EXP 	sq_1: ori = np.float64(37.0)
29.7440 	EXP 	sq_2: ori = np.float64(7.0)
29.7440 	EXP 	sq_1: autoDraw = True
29.7440 	EXP 	sq_2: autoDraw = True
29.7440 	EXP 	text: autoDraw = True
31.2359 	EXP 	sq_1: autoDraw = False
31.2359 	EXP 	sq_2: autoDraw = False
31.2359 	EXP 	text: autoDraw = False
31.2359 	EXP 	sq_1: autoDraw = False
31.2359 	EXP 	sq_2: autoDraw = False
31.2359 	EXP 	text: autoDraw = False
31.2359 	EXP 	text_fb_task: text = 'Не успели'
31.2359 	EXP 	text_fb_task: autoDraw = True
31.5195 	EXP 	New trial (rep=0, index=10): <Trial 10 (10 in rep 0) data={'w1': 0.24, 'w2': 0.23, 'corr_answ': 'left', 'op1': 0.7, 'op2': 0.16, 'xPos1': -0.18, 'yPos1': 0.2, 'xPos2': 0.18, 'yPos2': -0.2, 'or1': 6, 'or2': 47, 'time': 1.5, 'thisN': 10, 'thisTrialN': 10, 'thisRepN': 0}>
31.5288 	EXP 	text_fb_task: autoDraw = False
31.5288 	EXP 	text_fb_task: autoDraw = False
31.5288 	EXP 	sq_1: ori = np.float64(6.0)
31.5288 	EXP 	sq_2: ori = np.float64(47.0)
31.5288 	EXP 	sq_1: autoDraw = True
31.5288 	EXP 	sq_2: autoDraw = True
31.5288 	EXP 	text: autoDraw = True
31.5379 	EXP 	Device response: <KeyPress from None: t=31.53576899995096, value=right, duration=None>
31.5420 	DATA 	Keypress: right
31.5482 	EXP 	sq_1: autoDraw = False
31.5482 	EXP 	sq_2: autoDraw = False
31.5482 	EXP 	text: autoDraw = False
31.5482 	EXP 	text_fb_task: height = np.float64(0.05)
31.5482 	EXP 	text_fb_task: height = np.float64(0.05)
31.5482 	EXP 	text_fb_task: height = np.float64(0.05)
31.5482 	EXP 	text_fb_task: text = 'Увы('
31.5482 	EXP 	text_fb_task: autoDraw = True
31.6548 	EXP 	Device response: <KeyPress from None: t=31.53576899995096, value=right, duration=0.11268012505024672>
31.8367 	EXP 	New trial (rep=0, index=11): <Trial 11 (11 in rep 0) data={'w1': 0.16, 'w2': 0.17, 'corr_answ': 'right', 'op1': 0.49, 'op2': 0.78, 'xPos1': -0.2, 'yPos1': 0.15, 'xPos2': 0.2, 'yPos2': -0.18, 'or1': 30, 'or2': 5, 'time': 0.7, 'thisN': 11, 'thisTrialN': 11, 'thisRepN': 0}>
31.8461 	EXP 	text_fb_task: autoDraw = False
31.8461 	EXP 	text_fb_task: autoDraw = False
31.8461 	EXP 	sq_1: ori = np.float64(30.0)
31.8461 	EXP 	sq_2: ori = np.float64(5.0)
31.8461 	EXP 	sq_1: autoDraw = True
31.8461 	EXP 	sq_2: autoDraw = True
31.8461 	EXP 	text: autoDraw = True
32.5442 	EXP 	sq_1: autoDraw = False
32.5442 	EXP 	sq_2: autoDraw = False
32.5442 	EXP 	text: autoDraw = False
32.5442 	EXP 	sq_1: autoDraw = False
32.5442 	EXP 	sq_2: autoDraw = False
32.5442 	EXP 	text: autoDraw = False
32.5442 	EXP 	text_fb_task: height = np.float64(0.05)
32.5442 	EXP 	text_fb_task: height = np.float64(0.05)
32.5442 	EXP 	text_fb_task: height = np.float64(0.05)
32.5442 	EXP 	text_fb_task: text = 'Не успели'
32.5442 	EXP 	text_fb_task: autoDraw = True
32.8284 	EXP 	New trial (rep=0, index=12): <Trial 12 (12 in rep 0) data={'w1': 0.25, 'w2': 0.26, 'corr_answ': 'right', 'op1': 0.54, 'op2': 0.22, 'xPos1': -0.3, 'yPos1': 0.2, 'xPos2': 0.3, 'yPos2': -0.2, 'or1': 37, 'or2': 7, 'time': 1.5, 'thisN': 12, 'thisTrialN': 12, 'thisRepN': 0}>
32.8402 	EXP 	text_fb_task: autoDraw = False
32.8402 	EXP 	text_fb_task: autoDraw = False
32.8402 	EXP 	sq_1: ori = np.float64(37.0)
32.8402 	EXP 	sq_2: ori = np.float64(7.0)
32.8402 	EXP 	sq_1: autoDraw = True
32.8402 	EXP 	sq_2: autoDraw = True
32.8402 	EXP 	text: autoDraw = True
34.2058 	EXP 	Device response: <KeyPress from None: t=34.19718391698552, value=right, duration=None>
34.2101 	DATA 	Keypress: right
34.2178 	EXP 	sq_1: autoDraw = False
34.2178 	EXP 	sq_2: autoDraw = False
34.2178 	EXP 	text: autoDraw = False
34.2178 	EXP 	text_fb_task: height = np.float64(0.05)
34.2178 	EXP 	text_fb_task: height = np.float64(0.05)
34.2178 	EXP 	text_fb_task: height = np.float64(0.05)
34.2178 	EXP 	text_fb_task: text = 'Верно!'
34.2178 	EXP 	text_fb_task: autoDraw = True
34.2762 	EXP 	Device response: <KeyPress from None: t=34.19718391698552, value=right, duration=0.07663229200989008>
34.5029 	EXP 	New trial (rep=0, index=13): <Trial 13 (13 in rep 0) data={'w1': 0.26, 'w2': 0.27, 'corr_answ': 'right', 'op1': 0.15, 'op2': 0.5, 'xPos1': -0.3, 'yPos1': -0.2, 'xPos2': 0.3, 'yPos2': 0.2, 'or1': 5, 'or2': 45, 'time': 1.0, 'thisN': 13, 'thisTrialN': 13, 'thisRepN': 0}>
34.5119 	EXP 	text_fb_task: autoDraw = False
34.5119 	EXP 	text_fb_task: autoDraw = False
34.5119 	EXP 	sq_1: ori = np.float64(5.0)
34.5119 	EXP 	sq_2: ori = np.float64(45.0)
34.5119 	EXP 	sq_1: autoDraw = True
34.5119 	EXP 	sq_2: autoDraw = True
34.5119 	EXP 	text: autoDraw = True
34.7871 	EXP 	Device response: <KeyPress from None: t=34.76419416698627, value=right, duration=None>
34.7911 	DATA 	Keypress: right
34.8023 	EXP 	sq_1: autoDraw = False
34.8023 	EXP 	sq_2: autoDraw = False
34.8023 	EXP 	text: autoDraw = False
34.8023 	EXP 	text_fb_task: text = 'Верно!'
34.8023 	EXP 	text_fb_task: autoDraw = True
34.8436 	EXP 	Device response: <KeyPress from None: t=34.76419416698627, value=right, duration=0.07720458297990263>
35.0874 	EXP 	New trial (rep=0, index=14): <Trial 14 (14 in rep 0) data={'w1': 0.27, 'w2': 0.26, 'corr_answ': 'left', 'op1': 0.52, 'op2': 0.2, 'xPos1': -0.18, 'yPos1': 0.15, 'xPos2': 0.18, 'yPos2': -0.18, 'or1': 20, 'or2': 4, 'time': 1.5, 'thisN': 14, 'thisTrialN': 14, 'thisRepN': 0}>
35.0966 	EXP 	text_fb_task: autoDraw = False
35.0966 	EXP 	text_fb_task: autoDraw = False
35.0966 	EXP 	sq_1: ori = np.float64(20.0)
35.0966 	EXP 	sq_2: ori = np.float64(4.0)
35.0966 	EXP 	sq_1: autoDraw = True
35.0966 	EXP 	sq_2: autoDraw = True
35.0966 	EXP 	text: autoDraw = True
35.3891 	EXP 	Device response: <KeyPress from None: t=35.380228416994214, value=right, duration=None>
35.3930 	DATA 	Keypress: right
35.4016 	EXP 	sq_1: autoDraw = False
35.4016 	EXP 	sq_2: autoDraw = False
35.4016 	EXP 	text: autoDraw = False
35.4016 	EXP 	text_fb_task: height = np.float64(0.05)
35.4016 	EXP 	text_fb_task: height = np.float64(0.05)
35.4016 	EXP 	text_fb_task: height = np.float64(0.05)
35.4016 	EXP 	text_fb_task: text = 'Увы('
35.4016 	EXP 	text_fb_task: autoDraw = True
35.4424 	EXP 	Device response: <KeyPress from None: t=35.380228416994214, value=right, duration=0.05714579200139269>
35.6858 	EXP 	New trial (rep=0, index=15): <Trial 15 (15 in rep 0) data={'w1': 0.15, 'w2': 0.16, 'corr_answ': 'right', 'op1': 0.48, 'op2': 0.15, 'xPos1': -0.2, 'yPos1': 0.21, 'xPos2': 0.2, 'yPos2': 0.18, 'or1': 9, 'or2': 25, 'time': 0.7, 'thisN': 15, 'thisTrialN': 15, 'thisRepN': 0}>
35.6955 	EXP 	text_fb_task: autoDraw = False
35.6955 	EXP 	text_fb_task: autoDraw = False
35.6955 	EXP 	sq_1: ori = np.float64(9.0)
35.6955 	EXP 	sq_2: ori = np.float64(25.0)
35.6955 	EXP 	sq_1: autoDraw = True
35.6955 	EXP 	sq_2: autoDraw = True
35.6955 	EXP 	text: autoDraw = True
36.0139 	EXP 	Device response: <KeyPress from None: t=36.011844208987895, value=right, duration=None>
36.0183 	DATA 	Keypress: right
36.0245 	EXP 	sq_1: autoDraw = False
36.0245 	EXP 	sq_2: autoDraw = False
36.0245 	EXP 	text: autoDraw = False
36.0245 	EXP 	text_fb_task: height = np.float64(0.05)
36.0245 	EXP 	text_fb_task: height = np.float64(0.05)
36.0245 	EXP 	text_fb_task: height = np.float64(0.05)
36.0245 	EXP 	text_fb_task: text = 'Верно!'
36.0245 	EXP 	text_fb_task: autoDraw = True
36.0955 	EXP 	Device response: <KeyPress from None: t=36.011844208987895, value=right, duration=0.08015737496316433>
36.3104 	EXP 	New trial (rep=0, index=16): <Trial 16 (16 in rep 0) data={'w1': 0.14, 'w2': 0.15, 'corr_answ': 'right', 'op1': 0.47, 'op2': 0.75, 'xPos1': -0.2, 'yPos1': -0.2, 'xPos2': 0.2, 'yPos2': 0.2, 'or1': 35, 'or2': 8, 'time': 1.0, 'thisN': 16, 'thisTrialN': 16, 'thisRepN': 0}>
36.3348 	EXP 	text_fb_task: autoDraw = False
36.3348 	EXP 	text_fb_task: autoDraw = False
36.3348 	EXP 	sq_1: ori = np.float64(35.0)
36.3348 	EXP 	sq_2: ori = np.float64(8.0)
36.3348 	EXP 	sq_1: autoDraw = True
36.3348 	EXP 	sq_2: autoDraw = True
36.3348 	EXP 	text: autoDraw = True
36.6685 	EXP 	Device response: <KeyPress from None: t=36.65920929197455, value=right, duration=None>
36.6730 	DATA 	Keypress: right
36.6791 	EXP 	sq_1: autoDraw = False
36.6791 	EXP 	sq_2: autoDraw = False
36.6791 	EXP 	text: autoDraw = False
36.6791 	EXP 	text_fb_task: text = 'Верно!'
36.6791 	EXP 	text_fb_task: autoDraw = True
36.7705 	EXP 	Device response: <KeyPress from None: t=36.65920929197455, value=right, duration=0.10890808299882337>
36.9690 	EXP 	New trial (rep=0, index=17): <Trial 17 (17 in rep 0) data={'w1': 0.21, 'w2': 0.2, 'corr_answ': 'left', 'op1': 0.16, 'op2': 0.7, 'xPos1': -0.18, 'yPos1': 0.15, 'xPos2': 0.18, 'yPos2': -0.18, 'or1': 5, 'or2': 45, 'time': 1.0, 'thisN': 17, 'thisTrialN': 17, 'thisRepN': 0}>
36.9775 	EXP 	text_fb_task: autoDraw = False
36.9775 	EXP 	text_fb_task: autoDraw = False
36.9775 	EXP 	sq_1: ori = np.float64(5.0)
36.9775 	EXP 	sq_2: ori = np.float64(45.0)
36.9775 	EXP 	sq_1: autoDraw = True
36.9775 	EXP 	sq_2: autoDraw = True
36.9775 	EXP 	text: autoDraw = True
37.4208 	EXP 	Device response: <KeyPress from None: t=37.41106949996902, value=right, duration=None>
37.4257 	DATA 	Keypress: right
37.4321 	EXP 	sq_1: autoDraw = False
37.4321 	EXP 	sq_2: autoDraw = False
37.4321 	EXP 	text: autoDraw = False
37.4321 	EXP 	text_fb_task: height = np.float64(0.05)
37.4321 	EXP 	text_fb_task: height = np.float64(0.05)
37.4321 	EXP 	text_fb_task: height = np.float64(0.05)
37.4321 	EXP 	text_fb_task: text = 'Увы('
37.4321 	EXP 	text_fb_task: autoDraw = True
37.4706 	EXP 	Device response: <KeyPress from None: t=37.41106949996902, value=right, duration=0.05753458401886746>
37.7201 	EXP 	New trial (rep=0, index=18): <Trial 18 (18 in rep 0) data={'w1': 0.15, 'w2': 0.14, 'corr_answ': 'left', 'op1': 0.8, 'op2': 0.16, 'xPos1': -0.3, 'yPos1': 0.15, 'xPos2': 0.3, 'yPos2': -0.18, 'or1': 30, 'or2': 15, 'time': 1.0, 'thisN': 18, 'thisTrialN': 18, 'thisRepN': 0}>
37.7295 	EXP 	text_fb_task: autoDraw = False
37.7295 	EXP 	text_fb_task: autoDraw = False
37.7295 	EXP 	sq_1: ori = np.float64(30.0)
37.7295 	EXP 	sq_2: ori = np.float64(15.0)
37.7295 	EXP 	sq_1: autoDraw = True
37.7295 	EXP 	sq_2: autoDraw = True
37.7295 	EXP 	text: autoDraw = True
38.1188 	EXP 	Device response: <KeyPress from None: t=38.11165470897686, value=right, duration=None>
38.1211 	DATA 	Keypress: right
38.1274 	EXP 	sq_1: autoDraw = False
38.1274 	EXP 	sq_2: autoDraw = False
38.1274 	EXP 	text: autoDraw = False
38.1274 	EXP 	text_fb_task: text = 'Увы('
38.1274 	EXP 	text_fb_task: autoDraw = True
38.1786 	EXP 	Device response: <KeyPress from None: t=38.11165470897686, value=right, duration=0.0636053750058636>
38.4110 	EXP 	New trial (rep=0, index=19): <Trial 19 (19 in rep 0) data={'w1': 0.22, 'w2': 0.21, 'corr_answ': 'left', 'op1': 0.17, 'op2': 0.8, 'xPos1': -0.18, 'yPos1': -0.22, 'xPos2': 0.18, 'yPos2': 0.18, 'or1': 45, 'or2': 5, 'time': 1.0, 'thisN': 19, 'thisTrialN': 19, 'thisRepN': 0}>
38.4214 	EXP 	text_fb_task: autoDraw = False
38.4214 	EXP 	text_fb_task: autoDraw = False
38.4214 	EXP 	sq_1: ori = np.float64(45.0)
38.4214 	EXP 	sq_2: ori = np.float64(5.0)
38.4214 	EXP 	sq_1: autoDraw = True
38.4214 	EXP 	sq_2: autoDraw = True
38.4214 	EXP 	text: autoDraw = True
38.8191 	EXP 	Device response: <KeyPress from None: t=38.814736792002805, value=right, duration=None>
38.8212 	DATA 	Keypress: right
38.8269 	EXP 	sq_1: autoDraw = False
38.8269 	EXP 	sq_2: autoDraw = False
38.8269 	EXP 	text: autoDraw = False
38.8269 	EXP 	text_fb_task: text = 'Увы('
38.8269 	EXP 	text_fb_task: autoDraw = True
38.8872 	EXP 	Device response: <KeyPress from None: t=38.814736792002805, value=right, duration=0.06486624997342005>
39.1104 	EXP 	New trial (rep=0, index=20): <Trial 20 (20 in rep 0) data={'w1': 0.14, 'w2': 0.15, 'corr_answ': 'right', 'op1': 0.47, 'op2': 0.75, 'xPos1': -0.2, 'yPos1': -0.2, 'xPos2': 0.2, 'yPos2': 0.2, 'or1': 35, 'or2': 8, 'time': 0.5, 'thisN': 20, 'thisTrialN': 20, 'thisRepN': 0}>
39.1199 	EXP 	text_fb_task: autoDraw = False
39.1199 	EXP 	text_fb_task: autoDraw = False
39.1199 	EXP 	sq_1: ori = np.float64(35.0)
39.1199 	EXP 	sq_2: ori = np.float64(8.0)
39.1199 	EXP 	sq_1: autoDraw = True
39.1199 	EXP 	sq_2: autoDraw = True
39.1199 	EXP 	text: autoDraw = True
39.6033 	EXP 	Device response: <KeyPress from None: t=39.59787091700127, value=right, duration=None>
39.6083 	DATA 	Keypress: right
39.6149 	EXP 	sq_1: autoDraw = False
39.6149 	EXP 	sq_2: autoDraw = False
39.6149 	EXP 	text: autoDraw = False
39.6149 	EXP 	text_fb_task: height = np.float64(0.05)
39.6149 	EXP 	text_fb_task: height = np.float64(0.05)
39.6149 	EXP 	text_fb_task: height = np.float64(0.05)
39.6149 	EXP 	text_fb_task: text = 'Верно!'
39.6149 	EXP 	text_fb_task: autoDraw = True
39.6872 	EXP 	Device response: <KeyPress from None: t=39.59787091700127, value=right, duration=0.07997412496479228>
39.9032 	EXP 	New trial (rep=0, index=21): <Trial 21 (21 in rep 0) data={'w1': 0.25, 'w2': 0.24, 'corr_answ': 'left', 'op1': 0.8, 'op2': 0.17, 'xPos1': -0.18, 'yPos1': -0.2, 'xPos2': 0.18, 'yPos2': 0.2, 'or1': 25, 'or2': 4, 'time': 1.5, 'thisN': 21, 'thisTrialN': 21, 'thisRepN': 0}>
39.9119 	EXP 	text_fb_task: autoDraw = False
39.9119 	EXP 	text_fb_task: autoDraw = False
39.9119 	EXP 	sq_1: ori = np.float64(25.0)
39.9119 	EXP 	sq_2: ori = np.float64(4.0)
39.9119 	EXP 	sq_1: autoDraw = True
39.9119 	EXP 	sq_2: autoDraw = True
39.9119 	EXP 	text: autoDraw = True
40.9284 	EXP 	Device response: <KeyPress from None: t=40.922484416980296, value=right, duration=None>
40.9338 	DATA 	Keypress: right
40.9398 	EXP 	sq_1: autoDraw = False
40.9398 	EXP 	sq_2: autoDraw = False
40.9398 	EXP 	text: autoDraw = False
40.9398 	EXP 	text_fb_task: height = np.float64(0.05)
40.9398 	EXP 	text_fb_task: height = np.float64(0.05)
40.9398 	EXP 	text_fb_task: height = np.float64(0.05)
40.9398 	EXP 	text_fb_task: text = 'Увы('
40.9398 	EXP 	text_fb_task: autoDraw = True
41.0115 	EXP 	Device response: <KeyPress from None: t=40.922484416980296, value=right, duration=0.08779770799446851>
41.2263 	EXP 	New trial (rep=0, index=22): <Trial 22 (22 in rep 0) data={'w1': 0.18, 'w2': 0.19, 'corr_answ': 'right', 'op1': 0.51, 'op2': 0.8, 'xPos1': -0.2, 'yPos1': -0.2, 'xPos2': 0.2, 'yPos2': 0.2, 'or1': 45, 'or2': 3, 'time': 0.5, 'thisN': 22, 'thisTrialN': 22, 'thisRepN': 0}>
41.2357 	EXP 	text_fb_task: autoDraw = False
41.2357 	EXP 	text_fb_task: autoDraw = False
41.2357 	EXP 	sq_1: ori = np.float64(45.0)
41.2357 	EXP 	sq_2: ori = np.float64(3.0)
41.2357 	EXP 	sq_1: autoDraw = True
41.2357 	EXP 	sq_2: autoDraw = True
41.2357 	EXP 	text: autoDraw = True
41.7284 	EXP 	sq_1: autoDraw = False
41.7284 	EXP 	sq_2: autoDraw = False
41.7284 	EXP 	text: autoDraw = False
41.7284 	EXP 	sq_1: autoDraw = False
41.7284 	EXP 	sq_2: autoDraw = False
41.7284 	EXP 	text: autoDraw = False
41.7284 	EXP 	text_fb_task: height = np.float64(0.05)
41.7284 	EXP 	text_fb_task: height = np.float64(0.05)
41.7284 	EXP 	text_fb_task: height = np.float64(0.05)
41.7284 	EXP 	text_fb_task: text = 'Не успели'
41.7284 	EXP 	text_fb_task: autoDraw = True
41.7455 	EXP 	Device response: <KeyPress from None: t=41.74030479195062, value=right, duration=None>
41.7470 	DATA 	Keypress: right
41.8526 	EXP 	Device response: <KeyPress from None: t=41.74030479195062, value=right, duration=0.104395458009094>
42.0185 	EXP 	New trial (rep=0, index=23): <Trial 23 (23 in rep 0) data={'w1': 0.28, 'w2': 0.27, 'corr_answ': 'left', 'op1': 0.13, 'op2': 0.85, 'xPos1': -0.18, 'yPos1': -0.22, 'xPos2': 0.18, 'yPos2': 0.18, 'or1': 5, 'or2': 45, 'time': 1.5, 'thisN': 23, 'thisTrialN': 23, 'thisRepN': 0}>
42.0297 	EXP 	text_fb_task: autoDraw = False
42.0297 	EXP 	text_fb_task: autoDraw = False
42.0297 	EXP 	sq_1: ori = np.float64(5.0)
42.0297 	EXP 	sq_2: ori = np.float64(45.0)
42.0297 	EXP 	sq_1: autoDraw = True
42.0297 	EXP 	sq_2: autoDraw = True
42.0297 	EXP 	text: autoDraw = True
43.5352 	EXP 	sq_1: autoDraw = False
43.5352 	EXP 	sq_2: autoDraw = False
43.5352 	EXP 	text: autoDraw = False
43.5352 	EXP 	sq_1: autoDraw = False
43.5352 	EXP 	sq_2: autoDraw = False
43.5352 	EXP 	text: autoDraw = False
43.5352 	EXP 	text_fb_task: text = 'Не успели'
43.5352 	EXP 	text_fb_task: autoDraw = True
43.8188 	EXP 	New trial (rep=0, index=24): <Trial 24 (24 in rep 0) data={'w1': 0.23, 'w2': 0.22, 'corr_answ': 'left', 'op1': 0.6, 'op2': 0.15, 'xPos1': -0.18, 'yPos1': -0.2, 'xPos2': 0.18, 'yPos2': 0.2, 'or1': 30, 'or2': 15, 'time': 1.5, 'thisN': 24, 'thisTrialN': 24, 'thisRepN': 0}>
43.8283 	EXP 	text_fb_task: autoDraw = False
43.8283 	EXP 	sq_1: ori = np.float64(30.0)
43.8283 	EXP 	sq_2: ori = np.float64(15.0)
43.8283 	EXP 	sq_1: autoDraw = True
43.8283 	EXP 	sq_2: autoDraw = True
43.8283 	EXP 	text: autoDraw = True
43.9455 	EXP 	Device response: <KeyPress from None: t=43.93909583397908, value=right, duration=None>
43.9505 	DATA 	Keypress: right
43.9566 	EXP 	sq_1: autoDraw = False
43.9566 	EXP 	sq_2: autoDraw = False
43.9566 	EXP 	text: autoDraw = False
43.9566 	EXP 	text_fb_task: height = np.float64(0.05)
43.9566 	EXP 	text_fb_task: height = np.float64(0.05)
43.9566 	EXP 	text_fb_task: height = np.float64(0.05)
43.9566 	EXP 	text_fb_task: text = 'Увы('
43.9566 	EXP 	text_fb_task: autoDraw = True
43.9696 	EXP 	Device response: <KeyPress from None: t=43.93909583397908, value=right, duration=0.028720457979943603>
44.2420 	EXP 	New trial (rep=0, index=25): <Trial 25 (25 in rep 0) data={'w1': 0.26, 'w2': 0.25, 'corr_answ': 'left', 'op1': 0.25, 'op2': 0.25, 'xPos1': -0.18, 'yPos1': 0.21, 'xPos2': 0.18, 'yPos2': 0.18, 'or1': 3, 'or2': 45, 'time': 1.5, 'thisN': 25, 'thisTrialN': 25, 'thisRepN': 0}>
44.2517 	EXP 	text_fb_task: autoDraw = False
44.2517 	EXP 	text_fb_task: autoDraw = False
44.2517 	EXP 	sq_1: ori = np.float64(3.0)
44.2517 	EXP 	sq_2: ori = np.float64(45.0)
44.2517 	EXP 	sq_1: autoDraw = True
44.2517 	EXP 	sq_2: autoDraw = True
44.2517 	EXP 	text: autoDraw = True
44.8036 	EXP 	Device response: <KeyPress from None: t=44.79545120894909, value=right, duration=None>
44.8063 	DATA 	Keypress: right
44.8187 	EXP 	sq_1: autoDraw = False
44.8187 	EXP 	sq_2: autoDraw = False
44.8187 	EXP 	text: autoDraw = False
44.8187 	EXP 	text_fb_task: text = 'Увы('
44.8187 	EXP 	text_fb_task: autoDraw = True
44.8703 	EXP 	Device response: <KeyPress from None: t=44.79545120894909, value=right, duration=0.07263125001918525>
45.1026 	EXP 	New trial (rep=0, index=26): <Trial 26 (26 in rep 0) data={'w1': 0.17, 'w2': 0.18, 'corr_answ': 'left', 'op1': 0.3, 'op2': 0.18, 'xPos1': -0.3, 'yPos1': -0.2, 'xPos2': 0.3, 'yPos2': 0.2, 'or1': 5, 'or2': 45, 'time': 1.5, 'thisN': 26, 'thisTrialN': 26, 'thisRepN': 0}>
45.1116 	EXP 	text_fb_task: autoDraw = False
45.1116 	EXP 	text_fb_task: autoDraw = False
45.1116 	EXP 	sq_1: ori = np.float64(5.0)
45.1116 	EXP 	sq_2: ori = np.float64(45.0)
45.1116 	EXP 	sq_1: autoDraw = True
45.1116 	EXP 	sq_2: autoDraw = True
45.1116 	EXP 	text: autoDraw = True
46.6111 	EXP 	sq_1: autoDraw = False
46.6111 	EXP 	sq_2: autoDraw = False
46.6111 	EXP 	text: autoDraw = False
46.6111 	EXP 	sq_1: autoDraw = False
46.6111 	EXP 	sq_2: autoDraw = False
46.6111 	EXP 	text: autoDraw = False
46.6111 	EXP 	text_fb_task: height = np.float64(0.05)
46.6111 	EXP 	text_fb_task: height = np.float64(0.05)
46.6111 	EXP 	text_fb_task: height = np.float64(0.05)
46.6111 	EXP 	text_fb_task: text = 'Не успели'
46.6111 	EXP 	text_fb_task: autoDraw = True
46.9030 	EXP 	New trial (rep=0, index=27): <Trial 27 (27 in rep 0) data={'w1': 0.15, 'w2': 0.16, 'corr_answ': 'right', 'op1': 0.48, 'op2': 0.15, 'xPos1': -0.2, 'yPos1': 0.21, 'xPos2': 0.2, 'yPos2': 0.18, 'or1': 9, 'or2': 25, 'time': 1.0, 'thisN': 27, 'thisTrialN': 27, 'thisRepN': 0}>
46.9128 	EXP 	text_fb_task: autoDraw = False
46.9128 	EXP 	sq_1: ori = np.float64(9.0)
46.9128 	EXP 	sq_2: ori = np.float64(25.0)
46.9128 	EXP 	sq_1: autoDraw = True
46.9128 	EXP 	sq_2: autoDraw = True
46.9128 	EXP 	text: autoDraw = True
47.9089 	EXP 	sq_1: autoDraw = False
47.9089 	EXP 	sq_2: autoDraw = False
47.9089 	EXP 	text: autoDraw = False
47.9089 	EXP 	sq_1: autoDraw = False
47.9089 	EXP 	sq_2: autoDraw = False
47.9089 	EXP 	text: autoDraw = False
47.9089 	EXP 	text_fb_task: text = 'Не успели'
47.9089 	EXP 	text_fb_task: autoDraw = True
48.2027 	EXP 	New trial (rep=0, index=28): <Trial 28 (28 in rep 0) data={'w1': 0.12, 'w2': 0.13, 'corr_answ': 'right', 'op1': 0.45, 'op2': 0.85, 'xPos1': -0.2, 'yPos1': 0.0, 'xPos2': 0.2, 'yPos2': 0.2, 'or1': 5, 'or2': 10, 'time': 1.5, 'thisN': 28, 'thisTrialN': 28, 'thisRepN': 0}>
48.2104 	EXP 	text_fb_task: autoDraw = False
48.2104 	EXP 	text_fb_task: autoDraw = False
48.2104 	EXP 	sq_1: ori = np.float64(5.0)
48.2104 	EXP 	sq_2: ori = np.float64(10.0)
48.2104 	EXP 	sq_1: autoDraw = True
48.2104 	EXP 	sq_2: autoDraw = True
48.2104 	EXP 	text: autoDraw = True
49.7056 	EXP 	sq_1: autoDraw = False
49.7056 	EXP 	sq_2: autoDraw = False
49.7056 	EXP 	text: autoDraw = False
49.7056 	EXP 	sq_1: autoDraw = False
49.7056 	EXP 	sq_2: autoDraw = False
49.7056 	EXP 	text: autoDraw = False
49.7056 	EXP 	text_fb_task: text = 'Не успели'
49.7056 	EXP 	text_fb_task: autoDraw = True
49.9925 	EXP 	New trial (rep=0, index=29): <Trial 29 (29 in rep 0) data={'w1': 0.2, 'w2': 0.21, 'corr_answ': 'right', 'op1': 0.13, 'op2': 0.85, 'xPos1': -0.2, 'yPos1': -0.2, 'xPos2': 0.2, 'yPos2': 0.2, 'or1': 0, 'or2': 45, 'time': 1.0, 'thisN': 29, 'thisTrialN': 29, 'thisRepN': 0}>
50.0027 	EXP 	text_fb_task: autoDraw = False
50.0027 	EXP 	text_fb_task: autoDraw = False
50.0027 	EXP 	sq_1: ori = np.float64(0.0)
50.0027 	EXP 	sq_2: ori = np.float64(45.0)
50.0027 	EXP 	sq_1: autoDraw = True
50.0027 	EXP 	sq_2: autoDraw = True
50.0027 	EXP 	text: autoDraw = True
50.9954 	EXP 	sq_1: autoDraw = False
50.9954 	EXP 	sq_2: autoDraw = False
50.9954 	EXP 	text: autoDraw = False
50.9954 	EXP 	sq_1: autoDraw = False
50.9954 	EXP 	sq_2: autoDraw = False
50.9954 	EXP 	text: autoDraw = False
50.9954 	EXP 	text_fb_task: text = 'Не успели'
50.9954 	EXP 	text_fb_task: autoDraw = True
51.2865 	EXP 	New trial (rep=0, index=30): <Trial 30 (30 in rep 0) data={'w1': 0.12, 'w2': 0.13, 'corr_answ': 'right', 'op1': 0.45, 'op2': 0.85, 'xPos1': -0.2, 'yPos1': 0.0, 'xPos2': 0.2, 'yPos2': 0.2, 'or1': 5, 'or2': 10, 'time': 1.0, 'thisN': 30, 'thisTrialN': 30, 'thisRepN': 0}>
51.2973 	EXP 	text_fb_task: autoDraw = False
51.2973 	EXP 	text_fb_task: autoDraw = False
51.2973 	EXP 	sq_1: ori = np.float64(5.0)
51.2973 	EXP 	sq_2: ori = np.float64(10.0)
51.2973 	EXP 	sq_1: autoDraw = True
51.2973 	EXP 	sq_2: autoDraw = True
51.2973 	EXP 	text: autoDraw = True
52.2914 	EXP 	sq_1: autoDraw = False
52.2914 	EXP 	sq_2: autoDraw = False
52.2914 	EXP 	text: autoDraw = False
52.2914 	EXP 	sq_1: autoDraw = False
52.2914 	EXP 	sq_2: autoDraw = False
52.2914 	EXP 	text: autoDraw = False
52.2914 	EXP 	text_fb_task: text = 'Не успели'
52.2914 	EXP 	text_fb_task: autoDraw = True
52.5746 	EXP 	New trial (rep=0, index=31): <Trial 31 (31 in rep 0) data={'w1': 0.19, 'w2': 0.2, 'corr_answ': 'left', 'op1': 0.5, 'op2': 0.2, 'xPos1': -0.3, 'yPos1': -0.2, 'xPos2': 0.3, 'yPos2': 0.2, 'or1': 30, 'or2': 15, 'time': 1.5, 'thisN': 31, 'thisTrialN': 31, 'thisRepN': 0}>
52.5848 	EXP 	text_fb_task: autoDraw = False
52.5848 	EXP 	text_fb_task: autoDraw = False
52.5848 	EXP 	sq_1: ori = np.float64(30.0)
52.5848 	EXP 	sq_2: ori = np.float64(15.0)
52.5848 	EXP 	sq_1: autoDraw = True
52.5848 	EXP 	sq_2: autoDraw = True
52.5848 	EXP 	text: autoDraw = True
54.0770 	EXP 	sq_1: autoDraw = False
54.0770 	EXP 	sq_2: autoDraw = False
54.0770 	EXP 	text: autoDraw = False
54.0770 	EXP 	sq_1: autoDraw = False
54.0770 	EXP 	sq_2: autoDraw = False
54.0770 	EXP 	text: autoDraw = False
54.0770 	EXP 	text_fb_task: text = 'Не успели'
54.0770 	EXP 	text_fb_task: autoDraw = True
54.3692 	EXP 	New trial (rep=0, index=32): <Trial 32 (32 in rep 0) data={'w1': 0.13, 'w2': 0.14, 'corr_answ': 'right', 'op1': 0.46, 'op2': 0.25, 'xPos1': -0.2, 'yPos1': 0.2, 'xPos2': 0.2, 'yPos2': -0.2, 'or1': 10, 'or2': 25, 'time': 1.0, 'thisN': 32, 'thisTrialN': 32, 'thisRepN': 0}>
54.3778 	EXP 	text_fb_task: autoDraw = False
54.3778 	EXP 	text_fb_task: autoDraw = False
54.3778 	EXP 	sq_1: ori = np.float64(10.0)
54.3778 	EXP 	sq_2: ori = np.float64(25.0)
54.3778 	EXP 	sq_1: autoDraw = True
54.3778 	EXP 	sq_2: autoDraw = True
54.3778 	EXP 	text: autoDraw = True
55.3694 	EXP 	sq_1: autoDraw = False
55.3694 	EXP 	sq_2: autoDraw = False
55.3694 	EXP 	text: autoDraw = False
55.3694 	EXP 	sq_1: autoDraw = False
55.3694 	EXP 	sq_2: autoDraw = False
55.3694 	EXP 	text: autoDraw = False
55.3694 	EXP 	text_fb_task: text = 'Не успели'
55.3694 	EXP 	text_fb_task: autoDraw = True
55.6523 	EXP 	New trial (rep=0, index=33): <Trial 33 (33 in rep 0) data={'w1': 0.24, 'w2': 0.25, 'corr_answ': 'right', 'op1': 0.13, 'op2': 0.85, 'xPos1': -0.3, 'yPos1': -0.2, 'xPos2': 0.3, 'yPos2': 0.2, 'or1': 0, 'or2': 45, 'time': 1.5, 'thisN': 33, 'thisTrialN': 33, 'thisRepN': 0}>
55.6617 	EXP 	text_fb_task: autoDraw = False
55.6617 	EXP 	text_fb_task: autoDraw = False
55.6617 	EXP 	sq_1: ori = np.float64(0.0)
55.6617 	EXP 	sq_2: ori = np.float64(45.0)
55.6617 	EXP 	sq_1: autoDraw = True
55.6617 	EXP 	sq_2: autoDraw = True
55.6617 	EXP 	text: autoDraw = True
57.1534 	EXP 	sq_1: autoDraw = False
57.1534 	EXP 	sq_2: autoDraw = False
57.1534 	EXP 	text: autoDraw = False
57.1534 	EXP 	sq_1: autoDraw = False
57.1534 	EXP 	sq_2: autoDraw = False
57.1534 	EXP 	text: autoDraw = False
57.1534 	EXP 	text_fb_task: text = 'Не успели'
57.1534 	EXP 	text_fb_task: autoDraw = True
57.4431 	EXP 	New trial (rep=0, index=34): <Trial 34 (34 in rep 0) data={'w1': 0.23, 'w2': 0.17, 'corr_answ': 'right', 'op1': 0.52, 'op2': 0.2, 'xPos1': -0.3, 'yPos1': -0.22, 'xPos2': 0.3, 'yPos2': 0.18, 'or1': 36, 'or2': 10, 'time': 1.5, 'thisN': 34, 'thisTrialN': 34, 'thisRepN': 0}>
57.4549 	EXP 	text_fb_task: autoDraw = False
57.4549 	EXP 	text_fb_task: autoDraw = False
57.4549 	EXP 	sq_1: ori = np.float64(36.0)
57.4549 	EXP 	sq_2: ori = np.float64(10.0)
57.4549 	EXP 	sq_1: autoDraw = True
57.4549 	EXP 	sq_2: autoDraw = True
57.4549 	EXP 	text: autoDraw = True
58.6873 	EXP 	Device response: <KeyPress from None: t=58.68447658396326, value=right, duration=None>
58.6929 	DATA 	Keypress: right
58.6997 	EXP 	sq_1: autoDraw = False
58.6997 	EXP 	sq_2: autoDraw = False
58.6997 	EXP 	text: autoDraw = False
58.6997 	EXP 	text_fb_task: height = np.float64(0.05)
58.6997 	EXP 	text_fb_task: height = np.float64(0.05)
58.6997 	EXP 	text_fb_task: height = np.float64(0.05)
58.6997 	EXP 	text_fb_task: text = 'Верно!'
58.6997 	EXP 	text_fb_task: autoDraw = True
58.7716 	EXP 	Device response: <KeyPress from None: t=58.68447658396326, value=right, duration=0.0848366660065949>
58.9854 	EXP 	New trial (rep=0, index=35): <Trial 35 (35 in rep 0) data={'w1': 0.17, 'w2': 0.16, 'corr_answ': 'left', 'op1': 0.3, 'op2': 0.18, 'xPos1': -0.3, 'yPos1': -0.2, 'xPos2': 0.3, 'yPos2': 0.2, 'or1': 5, 'or2': 45, 'time': 1.5, 'thisN': 35, 'thisTrialN': 35, 'thisRepN': 0}>
58.9943 	EXP 	text_fb_task: autoDraw = False
58.9943 	EXP 	text_fb_task: autoDraw = False
58.9943 	EXP 	sq_1: ori = np.float64(5.0)
58.9943 	EXP 	sq_2: ori = np.float64(45.0)
58.9943 	EXP 	sq_1: autoDraw = True
58.9943 	EXP 	sq_2: autoDraw = True
58.9943 	EXP 	text: autoDraw = True
60.4900 	EXP 	sq_1: autoDraw = False
60.4900 	EXP 	sq_2: autoDraw = False
60.4900 	EXP 	text: autoDraw = False
60.4900 	EXP 	sq_1: autoDraw = False
60.4900 	EXP 	sq_2: autoDraw = False
60.4900 	EXP 	text: autoDraw = False
60.4900 	EXP 	text_fb_task: height = np.float64(0.05)
60.4900 	EXP 	text_fb_task: height = np.float64(0.05)
60.4900 	EXP 	text_fb_task: height = np.float64(0.05)
60.4900 	EXP 	text_fb_task: text = 'Не успели'
60.4900 	EXP 	text_fb_task: autoDraw = True
60.7762 	EXP 	New trial (rep=0, index=36): <Trial 36 (36 in rep 0) data={'w1': 0.18, 'w2': 0.19, 'corr_answ': 'left', 'op1': 0.4, 'op2': 0.19, 'xPos1': -0.3, 'yPos1': 0.2, 'xPos2': 0.3, 'yPos2': -0.2, 'or1': 45, 'or2': 5, 'time': 1.5, 'thisN': 36, 'thisTrialN': 36, 'thisRepN': 0}>
60.7860 	EXP 	text_fb_task: autoDraw = False
60.7860 	EXP 	text_fb_task: autoDraw = False
60.7860 	EXP 	sq_1: ori = np.float64(45.0)
60.7860 	EXP 	sq_2: ori = np.float64(5.0)
60.7860 	EXP 	sq_1: autoDraw = True
60.7860 	EXP 	sq_2: autoDraw = True
60.7860 	EXP 	text: autoDraw = True
62.2614 	EXP 	Device response: <KeyPress from None: t=62.2542140839505, value=right, duration=None>
62.2667 	DATA 	Keypress: right
62.2724 	EXP 	sq_1: autoDraw = False
62.2724 	EXP 	sq_2: autoDraw = False
62.2724 	EXP 	text: autoDraw = False
62.2724 	EXP 	text_fb_task: height = np.float64(0.05)
62.2724 	EXP 	text_fb_task: height = np.float64(0.05)
62.2724 	EXP 	text_fb_task: height = np.float64(0.05)
62.2724 	EXP 	text_fb_task: text = 'Увы('
62.2724 	EXP 	text_fb_task: autoDraw = True
62.3367 	EXP 	Device response: <KeyPress from None: t=62.2542140839505, value=right, duration=0.07645908300764859>
62.5606 	EXP 	New trial (rep=0, index=37): <Trial 37 (37 in rep 0) data={'w1': 0.16, 'w2': 0.17, 'corr_answ': 'right', 'op1': 0.49, 'op2': 0.78, 'xPos1': -0.2, 'yPos1': 0.15, 'xPos2': 0.2, 'yPos2': -0.18, 'or1': 30, 'or2': 5, 'time': 1.0, 'thisN': 37, 'thisTrialN': 37, 'thisRepN': 0}>
62.5704 	EXP 	text_fb_task: autoDraw = False
62.5704 	EXP 	text_fb_task: autoDraw = False
62.5704 	EXP 	sq_1: ori = np.float64(30.0)
62.5704 	EXP 	sq_2: ori = np.float64(5.0)
62.5704 	EXP 	sq_1: autoDraw = True
62.5704 	EXP 	sq_2: autoDraw = True
62.5704 	EXP 	text: autoDraw = True
62.9135 	EXP 	Device response: <KeyPress from None: t=62.906647166993935, value=right, duration=None>
62.9185 	DATA 	Keypress: right
62.9251 	EXP 	sq_1: autoDraw = False
62.9251 	EXP 	sq_2: autoDraw = False
62.9251 	EXP 	text: autoDraw = False
62.9251 	EXP 	text_fb_task: height = np.float64(0.05)
62.9251 	EXP 	text_fb_task: height = np.float64(0.05)
62.9251 	EXP 	text_fb_task: height = np.float64(0.05)
62.9251 	EXP 	text_fb_task: text = 'Верно!'
62.9251 	EXP 	text_fb_task: autoDraw = True
63.0104 	EXP 	Device response: <KeyPress from None: t=62.906647166993935, value=right, duration=0.0959071249817498>
63.2091 	EXP 	New trial (rep=0, index=38): <Trial 38 (38 in rep 0) data={'w1': 0.16, 'w2': 0.15, 'corr_answ': 'left', 'op1': 0.17, 'op2': 0.7, 'xPos1': -0.3, 'yPos1': -0.22, 'xPos2': 0.3, 'yPos2': 0.18, 'or1': 6, 'or2': 47, 'time': 1.5, 'thisN': 38, 'thisTrialN': 38, 'thisRepN': 0}>
63.2194 	EXP 	text_fb_task: autoDraw = False
63.2194 	EXP 	text_fb_task: autoDraw = False
63.2194 	EXP 	sq_1: ori = np.float64(6.0)
63.2194 	EXP 	sq_2: ori = np.float64(47.0)
63.2194 	EXP 	sq_1: autoDraw = True
63.2194 	EXP 	sq_2: autoDraw = True
63.2194 	EXP 	text: autoDraw = True
64.7188 	EXP 	sq_1: autoDraw = False
64.7188 	EXP 	sq_2: autoDraw = False
64.7188 	EXP 	text: autoDraw = False
64.7188 	EXP 	sq_1: autoDraw = False
64.7188 	EXP 	sq_2: autoDraw = False
64.7188 	EXP 	text: autoDraw = False
64.7188 	EXP 	text_fb_task: height = np.float64(0.05)
64.7188 	EXP 	text_fb_task: height = np.float64(0.05)
64.7188 	EXP 	text_fb_task: height = np.float64(0.05)
64.7188 	EXP 	text_fb_task: text = 'Не успели'
64.7188 	EXP 	text_fb_task: autoDraw = True
65.0189 	EXP 	New trial (rep=0, index=39): <Trial 39 (39 in rep 0) data={'w1': 0.22, 'w2': 0.23, 'corr_answ': 'right', 'op1': 0.15, 'op2': 0.5, 'xPos1': -0.2, 'yPos1': 0.15, 'xPos2': 0.2, 'yPos2': -0.18, 'or1': 45, 'or2': 3, 'time': 1.5, 'thisN': 39, 'thisTrialN': 39, 'thisRepN': 0}>
65.0357 	EXP 	text_fb_task: autoDraw = False
65.0357 	EXP 	sq_1: ori = np.float64(45.0)
65.0357 	EXP 	sq_2: ori = np.float64(3.0)
65.0357 	EXP 	sq_1: autoDraw = True
65.0357 	EXP 	sq_2: autoDraw = True
65.0357 	EXP 	text: autoDraw = True
66.1557 	EXP 	Device response: <KeyPress from None: t=66.1531442090054, value=right, duration=None>
66.1599 	DATA 	Keypress: right
66.1682 	EXP 	sq_1: autoDraw = False
66.1682 	EXP 	sq_2: autoDraw = False
66.1682 	EXP 	text: autoDraw = False
66.1682 	EXP 	text_fb_task: height = np.float64(0.05)
66.1682 	EXP 	text_fb_task: height = np.float64(0.05)
66.1682 	EXP 	text_fb_task: height = np.float64(0.05)
66.1682 	EXP 	text_fb_task: text = 'Верно!'
66.1682 	EXP 	text_fb_task: autoDraw = True
66.2361 	EXP 	Device response: <KeyPress from None: t=66.1531442090054, value=right, duration=0.08112949994392693>
66.4595 	EXP 	Imported tabl_sl.xlsx as conditions, 5 conditions, 1 params
66.4598 	EXP 	New trial (rep=0, index=0): <Trial 0 (0 in rep 0) data={'q_sl': 'Это было сложно?', 'thisN': 0, 'thisTrialN': 0, 'thisRepN': 0}>
66.4761 	EXP 	text_fb_task: autoDraw = False
66.4761 	EXP 	text_fb_task: autoDraw = False
66.4761 	EXP 	sl_h: markerPos = None
66.4761 	EXP 	sl_h: markerPos = 5
66.4761 	EXP 	text_sl: height = np.float64(0.030000000000000002)
66.4761 	EXP 	text_sl: height = np.float64(0.030000000000000002)
66.4761 	EXP 	text_sl: height = np.float64(0.030000000000000002)
66.4761 	EXP 	text_sl: text = 'Это было сложно?'
66.4761 	EXP 	sl_h: autoDraw = True
66.4761 	EXP 	text_sl: autoDraw = True
68.2191 	DATA 	Mouse: Left button down, pos=(978,75)
68.2352 	EXP 	sl_h: markerPos = np.float64(5.888888888888889)
68.2447 	EXP 	sl_h: markerPos = np.float64(5.888888888888889)
68.2547 	EXP 	sl_h: markerPos = np.float64(5.888888888888889)
68.2552 	DATA 	Mouse:  Left button up, pos=(978,75)
68.2686 	EXP 	sl_h: markerPos = np.float64(5.888888888888889)
68.2693 	EXP 	New trial (rep=0, index=1): <Trial 1 (1 in rep 0) data={'q_sl': 'Вы могли контролировать ситуацию?', 'thisN': 1, 'thisTrialN': 1, 'thisRepN': 0}>
68.2807 	EXP 	sl_h: autoDraw = False
68.2807 	EXP 	text_sl: autoDraw = False
68.2807 	EXP 	sl_h: markerPos = None
68.2807 	EXP 	sl_h: markerPos = 5
68.2807 	EXP 	text_sl: height = np.float64(0.030000000000000002)
68.2807 	EXP 	text_sl: height = np.float64(0.030000000000000002)
68.2807 	EXP 	text_sl: height = np.float64(0.030000000000000002)
68.2807 	EXP 	text_sl: text = 'Вы могли контролировать ситуацию?'
68.2807 	EXP 	sl_h: autoDraw = True
68.2807 	EXP 	text_sl: autoDraw = True
68.6077 	DATA 	Mouse: Left button down, pos=(995,100)
68.6166 	EXP 	sl_h: markerPos = np.float64(6.011743450767841)
68.6248 	EXP 	sl_h: markerPos = np.float64(6.011743450767841)
68.6328 	EXP 	sl_h: markerPos = np.float64(6.011743450767841)
68.6410 	EXP 	sl_h: markerPos = np.float64(6.011743450767841)
68.6494 	EXP 	sl_h: markerPos = np.float64(6.011743450767841)
68.6580 	EXP 	sl_h: markerPos = np.float64(6.011743450767841)
68.6662 	EXP 	sl_h: markerPos = np.float64(6.011743450767841)
68.6742 	EXP 	sl_h: markerPos = np.float64(6.011743450767841)
68.6827 	EXP 	sl_h: markerPos = np.float64(6.011743450767841)
68.6862 	DATA 	Mouse:  Left button up, pos=(995,100)
68.6911 	EXP 	sl_h: markerPos = np.float64(6.011743450767841)
68.7010 	EXP 	sl_h: markerPos = np.float64(6.011743450767841)
68.7016 	EXP 	New trial (rep=0, index=2): <Trial 2 (2 in rep 0) data={'q_sl': 'Насколько результат зависел от Вас?', 'thisN': 2, 'thisTrialN': 2, 'thisRepN': 0}>
68.7111 	EXP 	sl_h: autoDraw = False
68.7111 	EXP 	text_sl: autoDraw = False
68.7111 	EXP 	sl_h: markerPos = None
68.7111 	EXP 	sl_h: markerPos = 5
68.7111 	EXP 	text_sl: height = np.float64(0.030000000000000002)
68.7111 	EXP 	text_sl: height = np.float64(0.030000000000000002)
68.7111 	EXP 	text_sl: height = np.float64(0.030000000000000002)
68.7111 	EXP 	text_sl: text = 'Насколько результат зависел от Вас?'
68.7111 	EXP 	sl_h: autoDraw = True
68.7111 	EXP 	text_sl: autoDraw = True
68.8845 	DATA 	Mouse: Left button down, pos=(995,100)
68.8930 	EXP 	sl_h: markerPos = np.float64(6.011743450767841)
68.9016 	EXP 	sl_h: markerPos = np.float64(6.011743450767841)
68.9099 	EXP 	sl_h: markerPos = np.float64(6.011743450767841)
68.9188 	EXP 	sl_h: markerPos = np.float64(6.011743450767841)
68.9272 	EXP 	sl_h: markerPos = np.float64(6.011743450767841)
68.9357 	EXP 	sl_h: markerPos = np.float64(6.011743450767841)
68.9390 	DATA 	Mouse:  Left button up, pos=(995,100)
68.9451 	EXP 	sl_h: markerPos = np.float64(6.011743450767841)
68.9538 	EXP 	sl_h: markerPos = np.float64(6.011743450767841)
68.9544 	EXP 	New trial (rep=0, index=3): <Trial 3 (3 in rep 0) data={'q_sl': 'Насколько успешно получалось сравнивать квадраты?', 'thisN': 3, 'thisTrialN': 3, 'thisRepN': 0}>
68.9674 	EXP 	sl_h: autoDraw = False
68.9674 	EXP 	text_sl: autoDraw = False
68.9674 	EXP 	sl_h: markerPos = None
68.9674 	EXP 	sl_h: markerPos = 5
68.9674 	EXP 	text_sl: height = np.float64(0.030000000000000002)
68.9674 	EXP 	text_sl: height = np.float64(0.030000000000000002)
68.9674 	EXP 	text_sl: height = np.float64(0.030000000000000002)
68.9674 	EXP 	text_sl: text = 'Насколько успешно получалось сравнивать квадраты?'
68.9674 	EXP 	sl_h: autoDraw = True
68.9674 	EXP 	text_sl: autoDraw = True
69.0355 	DATA 	Mouse: Left button down, pos=(995,100)
69.0508 	EXP 	sl_h: markerPos = np.float64(6.011743450767841)
69.0581 	EXP 	sl_h: markerPos = np.float64(6.011743450767841)
69.0674 	EXP 	sl_h: markerPos = np.float64(6.011743450767841)
69.0744 	EXP 	sl_h: markerPos = np.float64(6.011743450767841)
69.0839 	EXP 	sl_h: markerPos = np.float64(6.011743450767841)
69.0902 	EXP 	sl_h: markerPos = np.float64(6.011743450767841)
69.1006 	EXP 	sl_h: markerPos = np.float64(6.011743450767841)
69.1011 	DATA 	Mouse:  Left button up, pos=(995,100)
69.1081 	EXP 	sl_h: markerPos = np.float64(6.011743450767841)
69.1085 	EXP 	New trial (rep=0, index=4): <Trial 4 (4 in rep 0) data={'q_sl': 'Вы довольны результатом?', 'thisN': 4, 'thisTrialN': 4, 'thisRepN': 0}>
69.1175 	EXP 	sl_h: autoDraw = False
69.1175 	EXP 	text_sl: autoDraw = False
69.1175 	EXP 	sl_h: markerPos = None
69.1175 	EXP 	sl_h: markerPos = 5
69.1175 	EXP 	text_sl: height = np.float64(0.030000000000000002)
69.1175 	EXP 	text_sl: height = np.float64(0.030000000000000002)
69.1175 	EXP 	text_sl: height = np.float64(0.030000000000000002)
69.1175 	EXP 	text_sl: text = 'Вы довольны результатом?'
69.1175 	EXP 	sl_h: autoDraw = True
69.1175 	EXP 	text_sl: autoDraw = True
69.1697 	DATA 	Mouse: Left button down, pos=(995,100)
69.1842 	EXP 	sl_h: markerPos = np.float64(6.011743450767841)
69.1914 	EXP 	sl_h: markerPos = np.float64(6.011743450767841)
69.1997 	EXP 	sl_h: markerPos = np.float64(6.011743450767841)
69.2068 	EXP 	sl_h: markerPos = np.float64(6.011743450767841)
69.2175 	EXP 	sl_h: markerPos = np.float64(6.011743450767841)
69.2244 	EXP 	sl_h: markerPos = np.float64(6.011743450767841)
69.2329 	EXP 	sl_h: markerPos = np.float64(6.011743450767841)
69.2400 	EXP 	sl_h: markerPos = np.float64(6.011743450767841)
69.2505 	EXP 	sl_h: markerPos = np.float64(6.011743450767841)
69.2510 	DATA 	Mouse:  Left button up, pos=(995,100)
69.2579 	EXP 	sl_h: markerPos = np.float64(6.011743450767841)
69.2669 	INFO 	Keyboard events cleared
69.2668 	EXP 	sl_h: autoDraw = False
69.2668 	EXP 	text_sl: autoDraw = False
69.2668 	EXP 	text_5: height = np.float64(0.05)
69.2668 	EXP 	text_5: height = np.float64(0.05)
69.2668 	EXP 	text_5: height = np.float64(0.05)
69.2668 	EXP 	text_5: text = 'Всего правильных ответов:11'
69.2668 	EXP 	text_5: autoDraw = True
69.3183 	DATA 	Mouse: Left button down, pos=(995,100)
69.3953 	DATA 	Mouse:  Left button up, pos=(995,100)
69.4951 	DATA 	Mouse: Left button down, pos=(995,100)
69.5095 	DATA 	Mouse:  Left button up, pos=(995,100)
70.5616 	INFO 	Keyboard events cleared
70.5618 	INFO 	Keyboard events cleared
70.5610 	EXP 	text_5: autoDraw = False
70.5610 	EXP 	text_5: autoDraw = False
70.5610 	EXP 	text_6: autoDraw = True
72.3190 	EXP 	Device response: <KeyPress from None: t=72.31004295899766, value=space, duration=None>
72.3237 	DATA 	Keypress: space
72.4088 	EXP 	Device response: <KeyPress from None: t=72.31004295899766, value=space, duration=0.09374891599873081>
75.5272 	EXP 	Device response: <KeyPress from None: t=75.52402074995916, value=6, duration=None>
75.5300 	DATA 	Keypress: 6
75.5936 	EXP 	Device response: <KeyPress from None: t=75.52402074995916, value=6, duration=0.06434995902236551>
75.6942 	EXP 	Device response: <KeyPress from None: t=75.68881049996708, value=6, duration=None>
75.6967 	DATA 	Keypress: 6
75.7690 	EXP 	Device response: <KeyPress from None: t=75.68881049996708, value=6, duration=0.07290954201016575>
76.1230 	EXP 	Device response: <KeyPress from None: t=76.11939033400267, value=6, duration=None>
76.1275 	DATA 	Keypress: 6
76.2141 	EXP 	Device response: <KeyPress from None: t=76.11939033400267, value=6, duration=0.09301087498897687>
76.3114 	EXP 	Device response: <KeyPress from None: t=76.30377058399608, value=6, duration=None>
76.3134 	DATA 	Keypress: 6
76.3933 	EXP 	Device response: <KeyPress from None: t=76.30377058399608, value=6, duration=0.0850666249752976>
76.6185 	EXP 	Device response: <KeyPress from None: t=76.6122197919758, value=5, duration=None>
76.6202 	DATA 	Keypress: 5
76.6694 	EXP 	Device response: <KeyPress from None: t=76.6122197919758, value=5, duration=0.05257279198849574>
76.7707 	EXP 	Device response: <KeyPress from None: t=76.76295133394888, value=5, duration=None>
76.7733 	DATA 	Keypress: 5
76.8265 	EXP 	Device response: <KeyPress from None: t=76.76295133394888, value=5, duration=0.05958395800553262>
76.8861 	EXP 	Device response: <KeyPress from None: t=76.88482237496646, value=5, duration=None>
76.8882 	DATA 	Keypress: 5
76.9590 	EXP 	Device response: <KeyPress from None: t=76.88482237496646, value=5, duration=0.06734170898562297>
79.7042 	EXP 	Device response: <KeyPress from None: t=79.68409912497737, value=6, duration=None>
79.7084 	DATA 	Keypress: 6
79.7943 	EXP 	Device response: <KeyPress from None: t=79.68409912497737, value=6, duration=0.10895954200532287>
79.8618 	EXP 	Device response: <KeyPress from None: t=79.85706579196267, value=6, duration=None>
79.8672 	DATA 	Keypress: 6
79.9117 	EXP 	Device response: <KeyPress from None: t=79.90784199995687, value=7, duration=None>
79.9140 	DATA 	Keypress: 7
79.9606 	EXP 	Device response: <KeyPress from None: t=79.85706579196267, value=6, duration=0.09930000000167638>
80.0533 	EXP 	Device response: <KeyPress from None: t=79.90784199995687, value=7, duration=0.14234437502454966>
80.7440 	EXP 	Device response: <KeyPress from None: t=80.73772008396918, value=space, duration=None>
80.7459 	DATA 	Keypress: space
80.8536 	EXP 	Device response: <KeyPress from None: t=80.73772008396918, value=space, duration=0.09718375001102686>
81.0945 	EXP 	Device response: <KeyPress from None: t=81.0865512919845, value=space, duration=None>
81.0970 	DATA 	Keypress: space
81.1872 	EXP 	Device response: <KeyPress from None: t=81.0865512919845, value=space, duration=0.09857770800590515>
81.3362 	EXP 	Device response: <KeyPress from None: t=81.32504833396524, value=space, duration=None>
81.3391 	DATA 	Keypress: space
81.4031 	EXP 	Device response: <KeyPress from None: t=81.32504833396524, value=space, duration=0.06885479099582881>
81.5196 	EXP 	Device response: <KeyPress from None: t=81.50818574998993, value=space, duration=None>
81.5220 	DATA 	Keypress: space
81.6027 	EXP 	Device response: <KeyPress from None: t=81.50818574998993, value=space, duration=0.08827149996068329>
81.7435 	EXP 	Device response: <KeyPress from None: t=81.73791983397678, value=space, duration=None>
81.7456 	DATA 	Keypress: space
81.8108 	EXP 	Device response: <KeyPress from None: t=81.73791983397678, value=space, duration=0.06804874999215826>
81.9883 	EXP 	Device response: <KeyPress from None: t=81.98328049998963, value=space, duration=None>
81.9903 	DATA 	Keypress: space
82.0534 	EXP 	Device response: <KeyPress from None: t=81.98328049998963, value=space, duration=0.06701762496959418>
82.4601 	DATA 	Mouse: Left button down, pos=(799,512)
82.5049 	DATA 	Mouse:  Left button up, pos=(799,512)
82.7379 	EXP 	Device response: <KeyPress from None: t=82.72883566695964, value=space, duration=None>
82.7402 	DATA 	Keypress: space
82.8542 	EXP 	Device response: <KeyPress from None: t=82.72883566695964, value=space, duration=0.1163347500259988>
82.9528 	EXP 	Device response: <KeyPress from None: t=82.9478866669815, value=space, duration=None>
82.9544 	DATA 	Keypress: space
83.0366 	EXP 	Device response: <KeyPress from None: t=82.9478866669815, value=space, duration=0.08093133301008493>
83.6541 	EXP 	Device response: <KeyPress from None: t=83.65107270900626, value=escape, duration=None>
83.6591 	DATA 	Keypress: escape
83.7441 	EXP 	Device response: <KeyPress from None: t=83.65107270900626, value=escape, duration=0.0883974579628557>
83.7449 	EXP 	4_calibr_sum: status = STOPPED
83.7523 	EXP 	text_6: autoDraw = False
83.7523 	EXP 	4_calibr_sum: status = STOPPED
83.7738 	INFO 	saved data to '/Users/arinasevruk/Desktop/Exp/MyExp/data/_4_calibr_sum_2025-12-30_18h39.08.098.csv'
83.7752 	INFO 	saved data to /Users/arinasevruk/Desktop/Exp/MyExp/data/_4_calibr_sum_2025-12-30_18h39.08.098.psydat
