9.8811 	WARNING 	Font Manager failed to load file /System/Library/PrivateFrameworks/FontServices.framework/Resources/Reserved/PingFangUI.ttc
9.9511 	WARNING 	Font Manager failed to load file /System/Library/PrivateFrameworks/FontServices.framework/Resources/Reserved/PingFangUI.ttc
11.2252 	INFO 	Loaded monitor calibration from ['2025_10_28 18:09']
11.3337 	INFO 	Using renderer 'Apple M4' for graphics
11.3337 	INFO 	OpenGL version supported by driver is 2..
11.3549 	EXP 	Created window1 = Window(allowGUI=True, allowStencil=False, autoLog=True, backendConf=UNKNOWN, backgroundFit=<method-wrapper '__getattribute__' of attributeSetter object at 0x157656590>, backgroundImage=<method-wrapper '__getattribute__' of attributeSetter object at 0x157656530>, bitsMode=UNKNOWN, blendMode='avg', bpc=(8, 8, 8), color=array([-0.2314, -0.2314, -0.2314]), colorSpace='rgb', depthBits=8, fullscr=True, gamma=None, gammaErrorPolicy='raise', infoMsg=UNKNOWN, lms=UNKNOWN, monitor=<psychopy.monitors.calibTools.Monitor object at 0x15904d060>, multiSample=False, name='window1', numSamples=2, pos=[np.float64(0.0), np.float64(0.0)], screen=0, size=array([3420, 2214]), stencilBits=0, stereo=False, title='PsychoPy', units='height', useFBO=True, useRetina=True, viewOri=0.0, viewPos=None, viewScale=None, waitBlanking=True, winType='pyglet')
11.3549 	EXP 	window1: backgroundImage = ''
11.3549 	EXP 	window1: backgroundFit = 'none'
11.6195 	EXP 	window1: Attempting to measure frame rate of screen (0) ...
11.6195 	EXP 	window1: recordFrameIntervals = False
11.7685 	EXP 	window1: recordFrameIntervals = True
11.9720 	EXP 	Screen (0) actual frame rate measured at 119.03Hz
11.9720 	EXP 	window1: recordFrameIntervals = False
14.2154 	INFO 	keyboard.Keyboard is using iohub backend.
14.2155 	INFO 	keyboard.Keyboard is using iohub backend.
14.2155 	INFO 	keyboard.Keyboard is using iohub backend.
14.2155 	INFO 	keyboard.Keyboard is using iohub backend.
14.2155 	INFO 	keyboard.Keyboard is using iohub backend.
14.2155 	INFO 	keyboard.Keyboard is using iohub backend.
14.2155 	INFO 	keyboard.Keyboard is using iohub backend.
14.2155 	INFO 	keyboard.Keyboard is using iohub backend.
14.2155 	INFO 	keyboard.Keyboard is using iohub backend.
14.2155 	INFO 	keyboard.Keyboard is using iohub backend.
14.2156 	EXP 	4_calibr_sum: status = STARTED
14.2446 	EXP 	Created main_instr_text = TextStim(__class__=<class 'psychopy.visual.text.TextStim'>, alignHoriz=method-wrapper(...), alignText='center', alignVert=method-wrapper(...), anchorHoriz='center', anchorVert='center', antialias=True, autoDraw=False, autoLog=True, bold=False, color=array([1., 1., 1.]), colorSpace='rgb', contrast=1.0, depth=0.0, draggable=False, flipHoriz=False, flipVert=False, font='Arial', fontFiles=[], height=np.float64(0.04), italic=False, languageStyle='LTR', name='main_instr_text', opacity=1, ori=0.0, pos=array([0., 0.]), rgb=UNKNOWN, text=str(...), units='height', win=Window(...), wrapWidth=1)
14.2517 	EXP 	Created BJW_inst_text = TextStim(__class__=<class 'psychopy.visual.text.TextStim'>, alignHoriz=method-wrapper(...), alignText='center', alignVert=method-wrapper(...), anchorHoriz='center', anchorVert='center', antialias=True, autoDraw=False, autoLog=True, bold=False, color=array([1., 1., 1.]), colorSpace='rgb', contrast=1.0, depth=0.0, draggable=False, flipHoriz=False, flipVert=False, font='Arial', fontFiles=[], height=np.float64(0.04), italic=False, languageStyle='LTR', name='BJW_inst_text', opacity=1, ori=0.0, pos=array([0., 0.]), rgb=UNKNOWN, text=str(...), units='height', win=Window(...), wrapWidth=1)
14.3166 	EXP 	Created BJW_slider = Slider(__class__=<class 'psychopy.visual.slider.Slider'>, autoDraw=False, autoLog=True, borderColor=None, color=None, colorSpace='rgb', depth=0, fillColor=None, flip=True, font='Open Sans', granularity=1.0, labelColor=None, labelHeight=np.float64(0.02), labelWrapWidth=None, labels=list(...), lineColor=None, markerColor=None, name='BJW_slider', opacity=None, ori=0.0, pos=array([ 0. , -0.4]), readOnly=False, self=UNKNOWN, size=array([1. , 0.1]), startValue=3, style='rating', styleTweaks=[], ticks=array([1, 2, 3, 4, 5]), units='height', win=Window(...))
14.3171 	EXP 	Created BJW_text = TextStim(__class__=<class 'psychopy.visual.text.TextStim'>, alignHoriz=method-wrapper(...), alignText='center', alignVert=method-wrapper(...), anchorHoriz='center', anchorVert='center', antialias=True, autoDraw=False, autoLog=True, bold=False, color=array([1., 1., 1.]), colorSpace='rgb', contrast=1.0, depth=-1.0, draggable=False, flipHoriz=False, flipVert=False, font='Arial', fontFiles=[], height=0.03, italic=False, languageStyle='LTR', name='BJW_text', opacity=1, ori=0.0, pos=array([0. , 0.2]), rgb=UNKNOWN, text='', units='height', win=Window(...), wrapWidth=1)
14.3211 	EXP 	Created text_instr = TextStim(__class__=<class 'psychopy.visual.text.TextStim'>, alignHoriz=method-wrapper(...), alignText='center', alignVert=method-wrapper(...), anchorHoriz='center', anchorVert='center', antialias=True, autoDraw=False, autoLog=True, bold=False, color=array([1., 1., 1.]), colorSpace='rgb', contrast=1.0, depth=0.0, draggable=False, flipHoriz=False, flipVert=False, font='Arial', fontFiles=[], height=np.float64(0.04), italic=False, languageStyle='LTR', name='text_instr', opacity=1, ori=0.0, pos=array([0., 0.]), rgb=UNKNOWN, text=str(...), units='height', win=Window(...), wrapWidth=1)
14.3254 	EXP 	Created text_3 = TextStim(__class__=<class 'psychopy.visual.text.TextStim'>, alignHoriz=method-wrapper(...), alignText='center', alignVert=method-wrapper(...), anchorHoriz='center', anchorVert='center', antialias=True, autoDraw=False, autoLog=True, bold=False, color=array([1., 1., 1.]), colorSpace='rgb', contrast=1.0, depth=0.0, draggable=False, flipHoriz=False, flipVert=False, font='Arial', fontFiles=[], height=np.float64(0.04), italic=False, languageStyle='LTR', name='text_3', opacity=1, ori=0.0, pos=array([0., 0.]), rgb=UNKNOWN, text=str(...), units='height', win=Window(...), wrapWidth=1)
14.3259 	EXP 	Created pol_1 = Rect(__class__=<class 'psychopy.visual.rect.Rect'>, anchor=('center', 'center'), autoDraw=False, autoLog=True, closeShape=True, color=method-wrapper(...), colorSpace='rgb', contrast=None, depth=-1.0, draggable=False, fillColor=array([1, 1, 1]), fillColorSpace='rgb', fillRGB=array([1, 1, 1]), interpolate=True, lineColor=array([1., 1., 1.]), lineColorSpace='rgb', lineRGB=array([1, 1, 1]), lineWidth=1.0, name='pol_1', opacity=1.0, ori=1.0, pos=array([0., 0.]), size=array([1., 1.]), units='height', vertices=ndarray(...), win=Window(...))
14.3265 	EXP 	Created pol_2 = Rect(__class__=<class 'psychopy.visual.rect.Rect'>, anchor=('center', 'center'), autoDraw=False, autoLog=True, closeShape=True, color=method-wrapper(...), colorSpace='rgb', contrast=None, depth=-2.0, draggable=False, fillColor=array([1, 1, 1]), fillColorSpace='rgb', fillRGB=array([1, 1, 1]), interpolate=True, lineColor=array([1., 1., 1.]), lineColorSpace='rgb', lineRGB=array([1, 1, 1]), lineWidth=1.0, name='pol_2', opacity=1.0, ori=1.0, pos=array([0., 0.]), size=array([1., 1.]), units='height', vertices=ndarray(...), win=Window(...))
14.3308 	EXP 	Created text_tren = TextStim(__class__=<class 'psychopy.visual.text.TextStim'>, alignHoriz=method-wrapper(...), alignText='center', alignVert=method-wrapper(...), anchorHoriz='center', anchorVert='center', antialias=True, autoDraw=False, autoLog=True, bold=False, color=array([1., 1., 1.]), colorSpace='rgb', contrast=1.0, depth=-4.0, draggable=False, flipHoriz=False, flipVert=False, font='Arial', fontFiles=[], height=np.float64(0.030000000000000002), italic=False, languageStyle='LTR', name='text_tren', opacity=1, ori=0.0, pos=array([0.  , 0.35]), rgb=UNKNOWN, text=str(...), units='height', win=Window(...), wrapWidth=1)
14.3311 	EXP 	Created text_fb_tren = TextStim(__class__=<class 'psychopy.visual.text.TextStim'>, alignHoriz=method-wrapper(...), alignText='center', alignVert=method-wrapper(...), anchorHoriz='center', anchorVert='center', antialias=True, autoDraw=False, autoLog=True, bold=False, color=array([1., 1., 1.]), colorSpace='rgb', contrast=1.0, depth=-1.0, draggable=False, flipHoriz=False, flipVert=False, font='Arial', fontFiles=[], height=0.03, italic=False, languageStyle='LTR', name='text_fb_tren', opacity=1, ori=0.0, pos=array([0., 0.]), rgb=UNKNOWN, text='', units='height', win=Window(...), wrapWidth=1)
14.3334 	EXP 	Created text_4 = TextStim(__class__=<class 'psychopy.visual.text.TextStim'>, alignHoriz=method-wrapper(...), alignText='center', alignVert=method-wrapper(...), anchorHoriz='center', anchorVert='center', antialias=True, autoDraw=False, autoLog=True, bold=False, color=array([1., 1., 1.]), colorSpace='rgb', contrast=1.0, depth=0.0, draggable=False, flipHoriz=False, flipVert=False, font='Arial', fontFiles=[], height=np.float64(0.04), italic=False, languageStyle='LTR', name='text_4', opacity=1, ori=0.0, pos=array([0., 0.]), rgb=UNKNOWN, text=str(...), units='height', win=Window(...), wrapWidth=1)
14.3339 	EXP 	Created sq_1 = Rect(__class__=<class 'psychopy.visual.rect.Rect'>, anchor=('center', 'center'), autoDraw=False, autoLog=True, closeShape=True, color=method-wrapper(...), colorSpace='rgb', contrast=None, depth=0.0, draggable=False, fillColor=array([1., 1., 1.]), fillColorSpace='rgb', fillRGB=array([1., 1., 1.]), interpolate=True, lineColor=array([1., 1., 1.]), lineColorSpace='rgb', lineRGB=array([1, 1, 1]), lineWidth=1.0, name='sq_1', opacity=1.0, ori=1.0, pos=array([0., 0.]), size=array([1., 1.]), units='height', vertices=ndarray(...), win=Window(...))
14.3345 	EXP 	Created sq_2 = Rect(__class__=<class 'psychopy.visual.rect.Rect'>, anchor=('center', 'center'), autoDraw=False, autoLog=True, closeShape=True, color=method-wrapper(...), colorSpace='rgb', contrast=None, depth=-1.0, draggable=False, fillColor=array([1, 1, 1]), fillColorSpace='rgb', fillRGB=array([1, 1, 1]), interpolate=True, lineColor=array([1., 1., 1.]), lineColorSpace='rgb', lineRGB=array([1, 1, 1]), lineWidth=1.0, name='sq_2', opacity=1.0, ori=1.0, pos=array([0., 0.]), size=array([1., 1.]), units='height', vertices=ndarray(...), win=Window(...))
14.3362 	EXP 	Created text = TextStim(__class__=<class 'psychopy.visual.text.TextStim'>, alignHoriz=method-wrapper(...), alignText='center', alignVert=method-wrapper(...), anchorHoriz='center', anchorVert='center', antialias=True, autoDraw=False, autoLog=True, bold=False, color=array([1., 1., 1.]), colorSpace='rgb', contrast=1.0, depth=-3.0, draggable=False, flipHoriz=False, flipVert=False, font='Arial', fontFiles=[], height=np.float64(0.030000000000000002), italic=False, languageStyle='LTR', name='text', opacity=1, ori=0.0, pos=array([0.  , 0.35]), rgb=UNKNOWN, text=str(...), units='height', win=Window(...), wrapWidth=1)
14.3366 	EXP 	Created text_fb_task = TextStim(__class__=<class 'psychopy.visual.text.TextStim'>, alignHoriz=method-wrapper(...), alignText='center', alignVert=method-wrapper(...), anchorHoriz='center', anchorVert='center', antialias=True, autoDraw=False, autoLog=True, bold=False, color=array([1., 1., 1.]), colorSpace='rgb', contrast=1.0, depth=-1.0, draggable=False, flipHoriz=False, flipVert=False, font='Arial', fontFiles=[], height=0.05, italic=False, languageStyle='LTR', name='text_fb_task', opacity=1, ori=0.0, pos=array([0., 0.]), rgb=UNKNOWN, text='', units='height', win=Window(...), wrapWidth=1)
14.3693 	EXP 	Created sl_h = Slider(__class__=<class 'psychopy.visual.slider.Slider'>, autoDraw=False, autoLog=True, borderColor=None, color=None, colorSpace='rgb', depth=0, fillColor=None, flip=True, font='Open Sans', granularity=0.0, labelColor=None, labelHeight=np.float64(0.030000000000000002), labelWrapWidth=None, labels=['совсем нет', 'очень'], lineColor=None, markerColor=None, name='sl_h', opacity=None, ori=0.0, pos=array([ 0. , -0.4]), readOnly=False, self=UNKNOWN, size=array([1. , 0.1]), startValue=5, style='rating', styleTweaks=[], ticks=array([1, 2, 3, 4, 5, 6, 7, 8, 9]), units='height', win=Window(...))
14.3697 	EXP 	Created text_sl = TextStim(__class__=<class 'psychopy.visual.text.TextStim'>, alignHoriz=method-wrapper(...), alignText='center', alignVert=method-wrapper(...), anchorHoriz='center', anchorVert='center', antialias=True, autoDraw=False, autoLog=True, bold=False, color=array([1., 1., 1.]), colorSpace='rgb', contrast=1.0, depth=-1.0, draggable=False, flipHoriz=False, flipVert=False, font='Arial', fontFiles=[], height=0.03, italic=False, languageStyle='LTR', name='text_sl', opacity=1, ori=0.0, pos=array([0. , 0.2]), rgb=UNKNOWN, text='', units='height', win=Window(...), wrapWidth=1)
14.3700 	EXP 	Created text_5 = TextStim(__class__=<class 'psychopy.visual.text.TextStim'>, alignHoriz=method-wrapper(...), alignText='center', alignVert=method-wrapper(...), anchorHoriz='center', anchorVert='center', antialias=True, autoDraw=False, autoLog=True, bold=False, color=array([1., 1., 1.]), colorSpace='rgb', contrast=1.0, depth=-1.0, draggable=False, flipHoriz=False, flipVert=False, font='Arial', fontFiles=[], height=0.05, italic=False, languageStyle='LTR', name='text_5', opacity=1, ori=0.0, pos=array([0., 0.]), rgb=UNKNOWN, text='', units='height', win=Window(...), wrapWidth=1)
14.3773 	EXP 	Created text_6 = TextStim(__class__=<class 'psychopy.visual.text.TextStim'>, alignHoriz=method-wrapper(...), alignText='center', alignVert=method-wrapper(...), anchorHoriz='center', anchorVert='center', antialias=True, autoDraw=False, autoLog=True, bold=False, color=array([1., 1., 1.]), colorSpace='rgb', contrast=1.0, depth=-1.0, draggable=False, flipHoriz=False, flipVert=False, font='Arial', fontFiles=[], height=np.float64(0.05), italic=False, languageStyle='LTR', name='text_6', opacity=1, ori=0.0, pos=array([0. , 0.2]), rgb=UNKNOWN, text=str(...), units='height', win=Window(...), wrapWidth=1)
14.3799 	EXP 	Created text_th = TextStim(__class__=<class 'psychopy.visual.text.TextStim'>, alignHoriz=method-wrapper(...), alignText='center', alignVert=method-wrapper(...), anchorHoriz='center', anchorVert='center', antialias=True, autoDraw=False, autoLog=True, bold=False, color=array([1., 1., 1.]), colorSpace='rgb', contrast=1.0, depth=0.0, draggable=False, flipHoriz=False, flipVert=False, font='Arial', fontFiles=[], height=np.float64(0.04), italic=False, languageStyle='LTR', name='text_th', opacity=1, ori=0.0, pos=array([0., 0.]), rgb=UNKNOWN, text='Спасибо за участие!\n', units='height', win=Window(...), wrapWidth=1)
0.0155 	EXP 	BJW_slider: autoLog = True
0.0155 	EXP 	BJW_slider: styleTweaks = []
0.0155 	EXP 	BJW_slider: styleTweaks = []
0.0155 	EXP 	BJW_slider: styleTweaks = []
0.0155 	EXP 	BJW_slider: styleTweaks = []
0.0155 	EXP 	BJW_slider: contrast = 1.0
0.0155 	EXP 	BJW_slider: markerPos = 3
0.0155 	EXP 	BJW_slider: autoLog = True
0.0155 	EXP 	sl_h: autoLog = True
0.0155 	EXP 	sl_h: styleTweaks = []
0.0155 	EXP 	sl_h: styleTweaks = []
0.0155 	EXP 	sl_h: styleTweaks = []
0.0155 	EXP 	sl_h: styleTweaks = []
0.0155 	EXP 	sl_h: contrast = 1.0
0.0155 	EXP 	sl_h: markerPos = 5
0.0155 	EXP 	sl_h: autoLog = True
0.0306 	INFO 	Keyboard events cleared
0.0304 	EXP 	main_instr_text: autoDraw = True
1.2967 	EXP 	Device response: <KeyPress from None: t=1.2664702080073766, value=space, duration=None>
1.3075 	DATA 	Keypress: space
1.3146 	INFO 	Keyboard events cleared
1.3144 	EXP 	main_instr_text: autoDraw = False
1.3144 	EXP 	BJW_inst_text: autoDraw = True
1.3205 	EXP 	Device response: <KeyPress from None: t=1.2664702080073766, value=space, duration=0.051480708993040025>
1.6526 	EXP 	Device response: <KeyPress from None: t=1.650102625018917, value=space, duration=None>
1.6616 	EXP 	Imported BJW.xlsx as conditions, 13 conditions, 1 params
1.6624 	EXP 	New trial (rep=0, index=0): <Trial 0 (0 in rep 0) data={'Text': 'Я считаю, что, по большому счету, заслуживаю того, что происходит со мной.', 'thisN': 0, 'thisTrialN': 0, 'thisRepN': 0}>
1.6788 	DATA 	Keypress: space
1.7024 	EXP 	BJW_inst_text: autoDraw = False
1.7024 	EXP 	BJW_slider: markerPos = None
1.7024 	EXP 	BJW_slider: markerPos = 3
1.7024 	EXP 	BJW_text: height = np.float64(0.030000000000000002)
1.7024 	EXP 	BJW_text: height = np.float64(0.030000000000000002)
1.7024 	EXP 	BJW_text: height = np.float64(0.030000000000000002)
1.7024 	EXP 	BJW_text: text = 'Я считаю, что, по большому счету, заслуживаю того, что происходит со мной.'
1.7024 	EXP 	BJW_slider: autoDraw = True
1.7024 	EXP 	BJW_text: autoDraw = True
1.7518 	EXP 	Device response: <KeyPress from None: t=1.650102625018917, value=space, duration=0.07933812495321035>
3.2833 	DATA 	Mouse: Left button down, pos=(884,52)
3.2910 	EXP 	BJW_slider: markerPos = np.float64(3.104787714543812)
3.2989 	EXP 	BJW_slider: markerPos = np.float64(3.104787714543812)
3.3064 	EXP 	BJW_slider: markerPos = np.float64(3.104787714543812)
3.3165 	EXP 	BJW_slider: markerPos = np.float64(3.104787714543812)
3.3237 	EXP 	BJW_slider: markerPos = np.float64(3.104787714543812)
3.3331 	EXP 	BJW_slider: markerPos = np.float64(3.104787714543812)
3.3366 	DATA 	Mouse:  Left button up, pos=(884,52)
3.3412 	EXP 	BJW_slider: markerPos = np.float64(3.104787714543812)
3.3488 	EXP 	BJW_slider: markerPos = 3.0
3.3492 	EXP 	New trial (rep=0, index=1): <Trial 1 (1 in rep 0) data={'Text': 'Как правило, жизнь ко\xa0мне справедлива.', 'thisN': 1, 'thisTrialN': 1, 'thisRepN': 0}>
3.3586 	EXP 	BJW_slider: autoDraw = False
3.3586 	EXP 	BJW_text: autoDraw = False
3.3586 	EXP 	BJW_slider: markerPos = None
3.3586 	EXP 	BJW_slider: markerPos = 3
3.3586 	EXP 	BJW_text: height = np.float64(0.030000000000000002)
3.3586 	EXP 	BJW_text: height = np.float64(0.030000000000000002)
3.3586 	EXP 	BJW_text: height = np.float64(0.030000000000000002)
3.3586 	EXP 	BJW_text: text = 'Как правило, жизнь ко\xa0мне справедлива.'
3.3586 	EXP 	BJW_slider: autoDraw = True
3.3586 	EXP 	BJW_text: autoDraw = True
3.4238 	DATA 	Mouse: Left button down, pos=(884,53)
3.4322 	EXP 	BJW_slider: markerPos = np.float64(3.104787714543812)
3.4394 	EXP 	BJW_slider: markerPos = np.float64(3.104787714543812)
3.4498 	EXP 	BJW_slider: markerPos = np.float64(3.104787714543812)
3.4502 	DATA 	Mouse:  Left button up, pos=(884,53)
3.4569 	EXP 	BJW_slider: markerPos = 3.0
3.4574 	EXP 	New trial (rep=0, index=2): <Trial 2 (2 in rep 0) data={'Text': 'Я верю, что обычно получаю то, что заслуживаю.', 'thisN': 2, 'thisTrialN': 2, 'thisRepN': 0}>
3.4668 	EXP 	BJW_slider: autoDraw = False
3.4668 	EXP 	BJW_text: autoDraw = False
3.4668 	EXP 	BJW_slider: markerPos = None
3.4668 	EXP 	BJW_slider: markerPos = 3
3.4668 	EXP 	BJW_text: height = np.float64(0.030000000000000002)
3.4668 	EXP 	BJW_text: height = np.float64(0.030000000000000002)
3.4668 	EXP 	BJW_text: height = np.float64(0.030000000000000002)
3.4668 	EXP 	BJW_text: text = 'Я верю, что обычно получаю то, что заслуживаю.'
3.4668 	EXP 	BJW_slider: autoDraw = True
3.4668 	EXP 	BJW_text: autoDraw = True
3.5858 	DATA 	Mouse: Left button down, pos=(868,118)
3.5997 	EXP 	BJW_slider: markerPos = np.float64(3.046973803071364)
3.6071 	EXP 	BJW_slider: markerPos = np.float64(3.046973803071364)
3.6160 	EXP 	BJW_slider: markerPos = np.float64(3.046973803071364)
3.6231 	EXP 	BJW_slider: markerPos = np.float64(3.046973803071364)
3.6329 	EXP 	BJW_slider: markerPos = np.float64(3.046973803071364)
3.6402 	EXP 	BJW_slider: markerPos = np.float64(3.046973803071364)
3.6491 	EXP 	BJW_slider: markerPos = np.float64(3.046973803071364)
3.6524 	DATA 	Mouse:  Left button up, pos=(868,118)
3.6565 	EXP 	BJW_slider: markerPos = np.float64(3.046973803071364)
3.6662 	EXP 	BJW_slider: markerPos = 3.0
3.6666 	EXP 	New trial (rep=0, index=3): <Trial 3 (3 in rep 0) data={'Text': 'В моей жизни в\xa0общем и\xa0целом всё происходит справедливо.', 'thisN': 3, 'thisTrialN': 3, 'thisRepN': 0}>
3.6763 	EXP 	BJW_slider: autoDraw = False
3.6763 	EXP 	BJW_text: autoDraw = False
3.6763 	EXP 	BJW_slider: markerPos = None
3.6763 	EXP 	BJW_slider: markerPos = 3
3.6763 	EXP 	BJW_text: height = np.float64(0.030000000000000002)
3.6763 	EXP 	BJW_text: height = np.float64(0.030000000000000002)
3.6763 	EXP 	BJW_text: height = np.float64(0.030000000000000002)
3.6763 	EXP 	BJW_text: text = 'В моей жизни в\xa0общем и\xa0целом всё происходит справедливо.'
3.6763 	EXP 	BJW_slider: autoDraw = True
3.6763 	EXP 	BJW_text: autoDraw = True
3.7332 	DATA 	Mouse: Left button down, pos=(868,118)
3.7407 	EXP 	BJW_slider: markerPos = np.float64(3.046973803071364)
3.7496 	EXP 	BJW_slider: markerPos = np.float64(3.046973803071364)
3.7569 	EXP 	BJW_slider: markerPos = np.float64(3.046973803071364)
3.7656 	EXP 	BJW_slider: markerPos = np.float64(3.046973803071364)
3.7727 	EXP 	BJW_slider: markerPos = np.float64(3.046973803071364)
3.7827 	EXP 	BJW_slider: markerPos = np.float64(3.046973803071364)
3.7860 	DATA 	Mouse:  Left button up, pos=(868,118)
3.7902 	EXP 	BJW_slider: markerPos = np.float64(3.046973803071364)
3.7997 	EXP 	BJW_slider: markerPos = 3.0
3.8000 	EXP 	New trial (rep=0, index=4): <Trial 4 (4 in rep 0) data={'Text': 'В моей жизни несправедливость – скорее исключение, чем правило.', 'thisN': 4, 'thisTrialN': 4, 'thisRepN': 0}>
3.8092 	EXP 	BJW_slider: autoDraw = False
3.8092 	EXP 	BJW_text: autoDraw = False
3.8092 	EXP 	BJW_slider: markerPos = None
3.8092 	EXP 	BJW_slider: markerPos = 3
3.8092 	EXP 	BJW_text: height = np.float64(0.030000000000000002)
3.8092 	EXP 	BJW_text: height = np.float64(0.030000000000000002)
3.8092 	EXP 	BJW_text: height = np.float64(0.030000000000000002)
3.8092 	EXP 	BJW_text: text = 'В моей жизни несправедливость – скорее исключение, чем правило.'
3.8092 	EXP 	BJW_slider: autoDraw = True
3.8092 	EXP 	BJW_text: autoDraw = True
3.8601 	DATA 	Mouse: Left button down, pos=(868,118)
3.8735 	EXP 	BJW_slider: markerPos = np.float64(3.046973803071364)
3.8821 	EXP 	BJW_slider: markerPos = np.float64(3.046973803071364)
3.8894 	EXP 	BJW_slider: markerPos = np.float64(3.046973803071364)
3.8998 	EXP 	BJW_slider: markerPos = np.float64(3.046973803071364)
3.9071 	EXP 	BJW_slider: markerPos = np.float64(3.046973803071364)
3.9105 	DATA 	Mouse:  Left button up, pos=(868,118)
3.9157 	EXP 	BJW_slider: markerPos = np.float64(3.046973803071364)
3.9229 	EXP 	BJW_slider: markerPos = 3.0
3.9233 	EXP 	New trial (rep=0, index=5): <Trial 5 (5 in rep 0) data={'Text': 'Я считаю, что в\xa0целом в\xa0моей жизни всё справедливо.', 'thisN': 5, 'thisTrialN': 5, 'thisRepN': 0}>
3.9328 	EXP 	BJW_slider: autoDraw = False
3.9328 	EXP 	BJW_text: autoDraw = False
3.9328 	EXP 	BJW_slider: markerPos = None
3.9328 	EXP 	BJW_slider: markerPos = 3
3.9328 	EXP 	BJW_text: height = np.float64(0.030000000000000002)
3.9328 	EXP 	BJW_text: height = np.float64(0.030000000000000002)
3.9328 	EXP 	BJW_text: height = np.float64(0.030000000000000002)
3.9328 	EXP 	BJW_text: text = 'Я считаю, что в\xa0целом в\xa0моей жизни всё справедливо.'
3.9328 	EXP 	BJW_slider: autoDraw = True
3.9328 	EXP 	BJW_text: autoDraw = True
4.0003 	DATA 	Mouse: Left button down, pos=(868,118)
4.0076 	EXP 	BJW_slider: markerPos = np.float64(3.046973803071364)
4.0156 	EXP 	BJW_slider: markerPos = np.float64(3.046973803071364)
4.0230 	EXP 	BJW_slider: markerPos = np.float64(3.046973803071364)
4.0265 	DATA 	Mouse:  Left button up, pos=(868,118)
4.0331 	EXP 	BJW_slider: markerPos = np.float64(3.046973803071364)
4.0403 	EXP 	BJW_slider: markerPos = 3.0
4.0406 	EXP 	New trial (rep=0, index=6): <Trial 6 (6 in rep 0) data={'Text': 'Я думаю, что важные решения, которые касаются меня, обычно справедливы.', 'thisN': 6, 'thisTrialN': 6, 'thisRepN': 0}>
4.0505 	EXP 	BJW_slider: autoDraw = False
4.0505 	EXP 	BJW_text: autoDraw = False
4.0505 	EXP 	BJW_slider: markerPos = None
4.0505 	EXP 	BJW_slider: markerPos = 3
4.0505 	EXP 	BJW_text: height = np.float64(0.030000000000000002)
4.0505 	EXP 	BJW_text: height = np.float64(0.030000000000000002)
4.0505 	EXP 	BJW_text: height = np.float64(0.030000000000000002)
4.0505 	EXP 	BJW_text: text = 'Я думаю, что важные решения, которые касаются меня, обычно справедливы.'
4.0505 	EXP 	BJW_slider: autoDraw = True
4.0505 	EXP 	BJW_text: autoDraw = True
4.1166 	DATA 	Mouse: Left button down, pos=(868,118)
4.1239 	EXP 	BJW_slider: markerPos = np.float64(3.046973803071364)
4.1323 	EXP 	BJW_slider: markerPos = np.float64(3.046973803071364)
4.1398 	EXP 	BJW_slider: markerPos = np.float64(3.046973803071364)
4.1498 	EXP 	BJW_slider: markerPos = np.float64(3.046973803071364)
4.1570 	EXP 	BJW_slider: markerPos = np.float64(3.046973803071364)
4.1604 	DATA 	Mouse:  Left button up, pos=(868,118)
4.1655 	EXP 	BJW_slider: markerPos = np.float64(3.046973803071364)
4.1728 	EXP 	BJW_slider: markerPos = 3.0
4.1731 	EXP 	New trial (rep=0, index=7): <Trial 7 (7 in rep 0) data={'Text': 'Я считаю, что в\xa0целом мир справедлив.', 'thisN': 7, 'thisTrialN': 7, 'thisRepN': 0}>
4.1822 	EXP 	BJW_slider: autoDraw = False
4.1822 	EXP 	BJW_text: autoDraw = False
4.1822 	EXP 	BJW_slider: markerPos = None
4.1822 	EXP 	BJW_slider: markerPos = 3
4.1822 	EXP 	BJW_text: height = np.float64(0.030000000000000002)
4.1822 	EXP 	BJW_text: height = np.float64(0.030000000000000002)
4.1822 	EXP 	BJW_text: height = np.float64(0.030000000000000002)
4.1822 	EXP 	BJW_text: text = 'Я считаю, что в\xa0целом мир справедлив.'
4.1822 	EXP 	BJW_slider: autoDraw = True
4.1822 	EXP 	BJW_text: autoDraw = True
4.2430 	DATA 	Mouse: Left button down, pos=(868,118)
4.2560 	EXP 	BJW_slider: markerPos = np.float64(3.046973803071364)
4.2664 	EXP 	BJW_slider: markerPos = np.float64(3.046973803071364)
4.2737 	EXP 	BJW_slider: markerPos = np.float64(3.046973803071364)
4.2823 	EXP 	BJW_slider: markerPos = np.float64(3.046973803071364)
4.2896 	EXP 	BJW_slider: markerPos = np.float64(3.046973803071364)
4.2929 	DATA 	Mouse:  Left button up, pos=(868,118)
4.2996 	EXP 	BJW_slider: markerPos = np.float64(3.046973803071364)
4.3067 	EXP 	BJW_slider: markerPos = 3.0
4.3071 	EXP 	New trial (rep=0, index=8): <Trial 8 (8 in rep 0) data={'Text': 'Я считаю, что, по\xa0большому счету, люди получают то, что заслуживают.', 'thisN': 8, 'thisTrialN': 8, 'thisRepN': 0}>
4.3168 	EXP 	BJW_slider: autoDraw = False
4.3168 	EXP 	BJW_text: autoDraw = False
4.3168 	EXP 	BJW_slider: markerPos = None
4.3168 	EXP 	BJW_slider: markerPos = 3
4.3168 	EXP 	BJW_text: height = np.float64(0.030000000000000002)
4.3168 	EXP 	BJW_text: height = np.float64(0.030000000000000002)
4.3168 	EXP 	BJW_text: height = np.float64(0.030000000000000002)
4.3168 	EXP 	BJW_text: text = 'Я считаю, что, по\xa0большому счету, люди получают то, что заслуживают.'
4.3168 	EXP 	BJW_slider: autoDraw = True
4.3168 	EXP 	BJW_text: autoDraw = True
4.3834 	DATA 	Mouse: Left button down, pos=(868,118)
4.3905 	EXP 	BJW_slider: markerPos = np.float64(3.046973803071364)
4.3998 	EXP 	BJW_slider: markerPos = np.float64(3.046973803071364)
4.4071 	EXP 	BJW_slider: markerPos = np.float64(3.046973803071364)
4.4154 	EXP 	BJW_slider: markerPos = np.float64(3.046973803071364)
4.4226 	EXP 	BJW_slider: markerPos = np.float64(3.046973803071364)
4.4329 	EXP 	BJW_slider: markerPos = np.float64(3.046973803071364)
4.4333 	DATA 	Mouse:  Left button up, pos=(868,118)
4.4403 	EXP 	BJW_slider: markerPos = 3.0
4.4407 	EXP 	New trial (rep=0, index=9): <Trial 9 (9 in rep 0) data={'Text': 'Я уверен, что справедливость всегда побеждает несправедливость.', 'thisN': 9, 'thisTrialN': 9, 'thisRepN': 0}>
4.4503 	EXP 	BJW_slider: autoDraw = False
4.4503 	EXP 	BJW_text: autoDraw = False
4.4503 	EXP 	BJW_slider: markerPos = None
4.4503 	EXP 	BJW_slider: markerPos = 3
4.4503 	EXP 	BJW_text: height = np.float64(0.030000000000000002)
4.4503 	EXP 	BJW_text: height = np.float64(0.030000000000000002)
4.4503 	EXP 	BJW_text: height = np.float64(0.030000000000000002)
4.4503 	EXP 	BJW_text: text = 'Я уверен, что справедливость всегда побеждает несправедливость.'
4.4503 	EXP 	BJW_slider: autoDraw = True
4.4503 	EXP 	BJW_text: autoDraw = True
4.5167 	DATA 	Mouse: Left button down, pos=(868,118)
4.5241 	EXP 	BJW_slider: markerPos = np.float64(3.046973803071364)
4.5330 	EXP 	BJW_slider: markerPos = np.float64(3.046973803071364)
4.5404 	EXP 	BJW_slider: markerPos = np.float64(3.046973803071364)
4.5490 	EXP 	BJW_slider: markerPos = np.float64(3.046973803071364)
4.5563 	EXP 	BJW_slider: markerPos = np.float64(3.046973803071364)
4.5662 	EXP 	BJW_slider: markerPos = np.float64(3.046973803071364)
4.5666 	DATA 	Mouse:  Left button up, pos=(868,118)
4.5738 	EXP 	BJW_slider: markerPos = 3.0
4.5741 	EXP 	New trial (rep=0, index=10): <Trial 10 (10 in rep 0) data={'Text': 'Я убежден, что, если человек пережил несправедливость, в\xa0будущем это возместится.', 'thisN': 10, 'thisTrialN': 10, 'thisRepN': 0}>
4.5840 	EXP 	BJW_slider: autoDraw = False
4.5840 	EXP 	BJW_text: autoDraw = False
4.5840 	EXP 	BJW_slider: markerPos = None
4.5840 	EXP 	BJW_slider: markerPos = 3
4.5840 	EXP 	BJW_text: height = np.float64(0.030000000000000002)
4.5840 	EXP 	BJW_text: height = np.float64(0.030000000000000002)
4.5840 	EXP 	BJW_text: height = np.float64(0.030000000000000002)
4.5840 	EXP 	BJW_text: text = 'Я убежден, что, если человек пережил несправедливость, в\xa0будущем это возместится.'
4.5840 	EXP 	BJW_slider: autoDraw = True
4.5840 	EXP 	BJW_text: autoDraw = True
4.6530 	DATA 	Mouse: Left button down, pos=(868,118)
4.6655 	EXP 	BJW_slider: markerPos = np.float64(3.046973803071364)
4.6729 	EXP 	BJW_slider: markerPos = np.float64(3.046973803071364)
4.6822 	EXP 	BJW_slider: markerPos = np.float64(3.046973803071364)
4.6896 	EXP 	BJW_slider: markerPos = np.float64(3.046973803071364)
4.6997 	EXP 	BJW_slider: markerPos = np.float64(3.046973803071364)
4.7070 	EXP 	BJW_slider: markerPos = np.float64(3.046973803071364)
4.7073 	DATA 	Mouse:  Left button up, pos=(868,118)
4.7155 	EXP 	BJW_slider: markerPos = 3.0
4.7159 	EXP 	New trial (rep=0, index=11): <Trial 11 (11 in rep 0) data={'Text': 'Я твердо уверен, что несправедливость в\xa0самых разных жизненных ситуациях (в семье, учебе и\xa0т. д.) – скорее исключение, чем правило.', 'thisN': 11, 'thisTrialN': 11, 'thisRepN': 0}>
4.7261 	EXP 	BJW_slider: autoDraw = False
4.7261 	EXP 	BJW_text: autoDraw = False
4.7261 	EXP 	BJW_slider: markerPos = None
4.7261 	EXP 	BJW_slider: markerPos = 3
4.7261 	EXP 	BJW_text: height = np.float64(0.030000000000000002)
4.7261 	EXP 	BJW_text: height = np.float64(0.030000000000000002)
4.7261 	EXP 	BJW_text: height = np.float64(0.030000000000000002)
4.7261 	EXP 	BJW_text: text = 'Я твердо уверен, что несправедливость в\xa0самых разных жизненных ситуациях (в семье, учебе и\xa0т. д.) – скорее исключение, чем правило.'
4.7261 	EXP 	BJW_slider: autoDraw = True
4.7261 	EXP 	BJW_text: autoDraw = True
4.8066 	DATA 	Mouse: Left button down, pos=(868,118)
4.8165 	EXP 	BJW_slider: markerPos = np.float64(3.046973803071364)
4.8238 	EXP 	BJW_slider: markerPos = np.float64(3.046973803071364)
4.8331 	EXP 	BJW_slider: markerPos = np.float64(3.046973803071364)
4.8404 	EXP 	BJW_slider: markerPos = np.float64(3.046973803071364)
4.8490 	EXP 	BJW_slider: markerPos = np.float64(3.046973803071364)
4.8562 	EXP 	BJW_slider: markerPos = np.float64(3.046973803071364)
4.8663 	EXP 	BJW_slider: markerPos = np.float64(3.046973803071364)
4.8735 	EXP 	BJW_slider: markerPos = np.float64(3.046973803071364)
4.8824 	EXP 	BJW_slider: markerPos = np.float64(3.046973803071364)
4.8857 	DATA 	Mouse:  Left button up, pos=(868,118)
4.8898 	EXP 	BJW_slider: markerPos = np.float64(3.046973803071364)
4.8998 	EXP 	BJW_slider: markerPos = 3.0
4.9001 	EXP 	New trial (rep=0, index=12): <Trial 12 (12 in rep 0) data={'Text': 'Я думаю, что все, кто принимает важные решения, стремятся быть справедливыми.', 'thisN': 12, 'thisTrialN': 12, 'thisRepN': 0}>
4.9090 	EXP 	BJW_slider: autoDraw = False
4.9090 	EXP 	BJW_text: autoDraw = False
4.9090 	EXP 	BJW_slider: markerPos = None
4.9090 	EXP 	BJW_slider: markerPos = 3
4.9090 	EXP 	BJW_text: height = np.float64(0.030000000000000002)
4.9090 	EXP 	BJW_text: height = np.float64(0.030000000000000002)
4.9090 	EXP 	BJW_text: height = np.float64(0.030000000000000002)
4.9090 	EXP 	BJW_text: text = 'Я думаю, что все, кто принимает важные решения, стремятся быть справедливыми.'
4.9090 	EXP 	BJW_slider: autoDraw = True
4.9090 	EXP 	BJW_text: autoDraw = True
4.9573 	DATA 	Mouse: Left button down, pos=(868,118)
4.9662 	EXP 	BJW_slider: markerPos = np.float64(3.046973803071364)
4.9733 	EXP 	BJW_slider: markerPos = np.float64(3.046973803071364)
4.9821 	EXP 	BJW_slider: markerPos = np.float64(3.046973803071364)
4.9893 	EXP 	BJW_slider: markerPos = np.float64(3.046973803071364)
4.9999 	EXP 	BJW_slider: markerPos = np.float64(3.046973803071364)
5.0071 	EXP 	BJW_slider: markerPos = np.float64(3.046973803071364)
5.0157 	EXP 	BJW_slider: markerPos = np.float64(3.046973803071364)
5.0228 	EXP 	BJW_slider: markerPos = np.float64(3.046973803071364)
5.0331 	EXP 	BJW_slider: markerPos = np.float64(3.046973803071364)
5.0363 	DATA 	Mouse:  Left button up, pos=(868,118)
5.0405 	EXP 	BJW_slider: markerPos = np.float64(3.046973803071364)
5.0487 	EXP 	BJW_slider: markerPos = 3.0
5.0535 	EXP 	BJW_slider: autoDraw = False
5.0535 	EXP 	BJW_text: autoDraw = False
5.0535 	EXP 	text_instr: autoDraw = True
5.1010 	DATA 	Mouse: Left button down, pos=(868,118)
5.1692 	DATA 	Mouse:  Left button up, pos=(868,118)
5.2381 	DATA 	Mouse: Left button down, pos=(868,118)
5.3047 	DATA 	Mouse:  Left button up, pos=(868,118)
6.2643 	EXP 	Device response: <KeyPress from None: t=6.2549417080008425, value=space, duration=None>
6.2712 	DATA 	Keypress: space
6.2789 	INFO 	Keyboard events cleared
6.2785 	EXP 	text_instr: autoDraw = False
6.2785 	EXP 	text_3: autoDraw = True
6.3106 	EXP 	Device response: <KeyPress from None: t=6.2549417080008425, value=space, duration=0.05088762502418831>
7.6290 	EXP 	Device response: <KeyPress from None: t=7.620275542023592, value=space, duration=None>
7.6377 	EXP 	Imported trening2.xlsx as conditions, 7 conditions, 12 params
7.6381 	EXP 	New trial (rep=0, index=0): <Trial 0 (0 in rep 0) data={'w1': 0.22, 'w2': 0.21, 'corr_answ': 'left', 'op1': 0.17, 'op2': 0.8, 'xPos1': -0.18, 'yPos1': -0.22, 'xPos2': 0.18, 'yPos2': 0.18, 'or1': 45, 'or2': 5, 'time': 1.0, 'thisN': 0, 'thisTrialN': 0, 'thisRepN': 0}>
7.6440 	DATA 	Keypress: space
7.6561 	EXP 	text_3: autoDraw = False
7.6561 	EXP 	pol_1: ori = np.float64(45.0)
7.6561 	EXP 	pol_2: ori = np.float64(5.0)
7.6561 	EXP 	pol_1: autoDraw = True
7.6561 	EXP 	pol_2: autoDraw = True
7.6561 	EXP 	text_tren: autoDraw = True
7.6755 	EXP 	Device response: <KeyPress from None: t=7.620275542023592, value=space, duration=0.05296520795673132>
8.1857 	EXP 	Device response: <KeyPress from None: t=8.18017200002214, value=right, duration=None>
8.2223 	DATA 	Keypress: right
8.2277 	EXP 	pol_1: autoDraw = False
8.2277 	EXP 	pol_2: autoDraw = False
8.2277 	EXP 	text_tren: autoDraw = False
8.2277 	EXP 	text_fb_tren: height = np.float64(0.030000000000000002)
8.2277 	EXP 	text_fb_tren: height = np.float64(0.030000000000000002)
8.2277 	EXP 	text_fb_tren: height = np.float64(0.030000000000000002)
8.2277 	EXP 	text_fb_tren: text = 'Увы('
8.2277 	EXP 	text_fb_tren: autoDraw = True
8.2732 	EXP 	Device response: <KeyPress from None: t=8.18017200002214, value=right, duration=0.09212512499652803>
8.6933 	EXP 	New trial (rep=0, index=1): <Trial 1 (1 in rep 0) data={'w1': 0.21, 'w2': 0.22, 'corr_answ': 'right', 'op1': 0.54, 'op2': 0.22, 'xPos1': -0.2, 'yPos1': 0.21, 'xPos2': 0.2, 'yPos2': 0.18, 'or1': 37, 'or2': 7, 'time': 1.5, 'thisN': 1, 'thisTrialN': 1, 'thisRepN': 0}>
8.7040 	EXP 	text_fb_tren: autoDraw = False
8.7040 	EXP 	pol_1: ori = np.float64(37.0)
8.7040 	EXP 	pol_2: ori = np.float64(7.0)
8.7040 	EXP 	pol_1: autoDraw = True
8.7040 	EXP 	pol_2: autoDraw = True
8.7040 	EXP 	text_tren: autoDraw = True
8.8527 	EXP 	Device response: <KeyPress from None: t=8.847939333005343, value=right, duration=None>
8.8580 	DATA 	Keypress: right
8.8645 	EXP 	pol_1: autoDraw = False
8.8645 	EXP 	pol_2: autoDraw = False
8.8645 	EXP 	text_tren: autoDraw = False
8.8645 	EXP 	text_fb_tren: height = np.float64(0.030000000000000002)
8.8645 	EXP 	text_fb_tren: height = np.float64(0.030000000000000002)
8.8645 	EXP 	text_fb_tren: height = np.float64(0.030000000000000002)
8.8645 	EXP 	text_fb_tren: text = 'Верно!'
8.8645 	EXP 	text_fb_tren: autoDraw = True
8.9237 	EXP 	Device response: <KeyPress from None: t=8.847939333005343, value=right, duration=0.07195149996550754>
9.3527 	EXP 	New trial (rep=0, index=2): <Trial 2 (2 in rep 0) data={'w1': 0.24, 'w2': 0.25, 'corr_answ': 'right', 'op1': 0.13, 'op2': 0.85, 'xPos1': -0.3, 'yPos1': -0.2, 'xPos2': 0.3, 'yPos2': 0.2, 'or1': 0, 'or2': 45, 'time': 1.5, 'thisN': 2, 'thisTrialN': 2, 'thisRepN': 0}>
9.3627 	EXP 	text_fb_tren: autoDraw = False
9.3627 	EXP 	text_fb_tren: autoDraw = False
9.3627 	EXP 	pol_1: ori = np.float64(0.0)
9.3627 	EXP 	pol_2: ori = np.float64(45.0)
9.3627 	EXP 	pol_1: autoDraw = True
9.3627 	EXP 	pol_2: autoDraw = True
9.3627 	EXP 	text_tren: autoDraw = True
9.6371 	EXP 	Device response: <KeyPress from None: t=9.633647457987536, value=right, duration=None>
9.6395 	DATA 	Keypress: right
9.6515 	EXP 	pol_1: autoDraw = False
9.6515 	EXP 	pol_2: autoDraw = False
9.6515 	EXP 	text_tren: autoDraw = False
9.6515 	EXP 	text_fb_tren: text = 'Верно!'
9.6515 	EXP 	text_fb_tren: autoDraw = True
9.7273 	EXP 	Device response: <KeyPress from None: t=9.633647457987536, value=right, duration=0.09152104199165478>
10.1364 	EXP 	New trial (rep=0, index=3): <Trial 3 (3 in rep 0) data={'w1': 0.22, 'w2': 0.23, 'corr_answ': 'right', 'op1': 0.15, 'op2': 0.5, 'xPos1': -0.2, 'yPos1': 0.15, 'xPos2': 0.2, 'yPos2': -0.18, 'or1': 45, 'or2': 3, 'time': 1.5, 'thisN': 3, 'thisTrialN': 3, 'thisRepN': 0}>
10.1460 	EXP 	text_fb_tren: autoDraw = False
10.1460 	EXP 	text_fb_tren: autoDraw = False
10.1460 	EXP 	pol_1: ori = np.float64(45.0)
10.1460 	EXP 	pol_2: ori = np.float64(3.0)
10.1460 	EXP 	pol_1: autoDraw = True
10.1460 	EXP 	pol_2: autoDraw = True
10.1460 	EXP 	text_tren: autoDraw = True
10.2354 	EXP 	Device response: <KeyPress from None: t=10.23420674999943, value=right, duration=None>
10.2379 	DATA 	Keypress: right
10.2441 	EXP 	pol_1: autoDraw = False
10.2441 	EXP 	pol_2: autoDraw = False
10.2441 	EXP 	text_tren: autoDraw = False
10.2441 	EXP 	text_fb_tren: text = 'Верно!'
10.2441 	EXP 	text_fb_tren: autoDraw = True
10.3360 	EXP 	Device response: <KeyPress from None: t=10.23420674999943, value=right, duration=0.0958106669713743>
10.7280 	EXP 	New trial (rep=0, index=4): <Trial 4 (4 in rep 0) data={'w1': 0.16, 'w2': 0.15, 'corr_answ': 'left', 'op1': 0.17, 'op2': 0.7, 'xPos1': -0.3, 'yPos1': -0.22, 'xPos2': 0.3, 'yPos2': 0.18, 'or1': 6, 'or2': 47, 'time': 1.0, 'thisN': 4, 'thisTrialN': 4, 'thisRepN': 0}>
10.7374 	EXP 	text_fb_tren: autoDraw = False
10.7374 	EXP 	text_fb_tren: autoDraw = False
10.7374 	EXP 	pol_1: ori = np.float64(6.0)
10.7374 	EXP 	pol_2: ori = np.float64(47.0)
10.7374 	EXP 	pol_1: autoDraw = True
10.7374 	EXP 	pol_2: autoDraw = True
10.7374 	EXP 	text_tren: autoDraw = True
12.6700 	EXP 	Device response: <KeyPress from None: t=12.65225979196839, value=right, duration=None>
12.6756 	DATA 	Keypress: right
12.6848 	EXP 	pol_1: autoDraw = False
12.6848 	EXP 	pol_2: autoDraw = False
12.6848 	EXP 	text_tren: autoDraw = False
12.6848 	EXP 	text_fb_tren: height = np.float64(0.030000000000000002)
12.6848 	EXP 	text_fb_tren: height = np.float64(0.030000000000000002)
12.6848 	EXP 	text_fb_tren: height = np.float64(0.030000000000000002)
12.6848 	EXP 	text_fb_tren: text = 'Увы('
12.6848 	EXP 	text_fb_tren: autoDraw = True
12.7347 	EXP 	Device response: <KeyPress from None: t=12.65225979196839, value=right, duration=0.07589033304248005>
13.1690 	EXP 	New trial (rep=0, index=5): <Trial 5 (5 in rep 0) data={'w1': 0.28, 'w2': 0.27, 'corr_answ': 'left', 'op1': 0.13, 'op2': 0.85, 'xPos1': -0.18, 'yPos1': -0.22, 'xPos2': 0.18, 'yPos2': 0.18, 'or1': 5, 'or2': 45, 'time': 1.5, 'thisN': 5, 'thisTrialN': 5, 'thisRepN': 0}>
13.1774 	EXP 	text_fb_tren: autoDraw = False
13.1774 	EXP 	text_fb_tren: autoDraw = False
13.1774 	EXP 	pol_1: ori = np.float64(5.0)
13.1774 	EXP 	pol_2: ori = np.float64(45.0)
13.1774 	EXP 	pol_1: autoDraw = True
13.1774 	EXP 	pol_2: autoDraw = True
13.1774 	EXP 	text_tren: autoDraw = True
13.3865 	EXP 	Device response: <KeyPress from None: t=13.377236542000901, value=right, duration=None>
13.3886 	DATA 	Keypress: right
13.3949 	EXP 	pol_1: autoDraw = False
13.3949 	EXP 	pol_2: autoDraw = False
13.3949 	EXP 	text_tren: autoDraw = False
13.3949 	EXP 	text_fb_tren: text = 'Увы('
13.3949 	EXP 	text_fb_tren: autoDraw = True
13.4773 	EXP 	Device response: <KeyPress from None: t=13.377236542000901, value=right, duration=0.09207962499931455>
13.8857 	EXP 	New trial (rep=0, index=6): <Trial 6 (6 in rep 0) data={'w1': 0.17, 'w2': 0.16, 'corr_answ': 'left', 'op1': 0.3, 'op2': 0.18, 'xPos1': -0.3, 'yPos1': -0.2, 'xPos2': 0.3, 'yPos2': 0.2, 'or1': 5, 'or2': 45, 'time': 1.0, 'thisN': 6, 'thisTrialN': 6, 'thisRepN': 0}>
13.8939 	EXP 	text_fb_tren: autoDraw = False
13.8939 	EXP 	text_fb_tren: autoDraw = False
13.8939 	EXP 	pol_1: ori = np.float64(5.0)
13.8939 	EXP 	pol_2: ori = np.float64(45.0)
13.8939 	EXP 	pol_1: autoDraw = True
13.8939 	EXP 	pol_2: autoDraw = True
13.8939 	EXP 	text_tren: autoDraw = True
15.5358 	EXP 	Device response: <KeyPress from None: t=15.527836541994475, value=right, duration=None>
15.5383 	DATA 	Keypress: right
15.5447 	EXP 	pol_1: autoDraw = False
15.5447 	EXP 	pol_2: autoDraw = False
15.5447 	EXP 	text_tren: autoDraw = False
15.5447 	EXP 	text_fb_tren: text = 'Увы('
15.5447 	EXP 	text_fb_tren: autoDraw = True
15.6260 	EXP 	Device response: <KeyPress from None: t=15.527836541994475, value=right, duration=0.09212754102190956>
16.0428 	EXP 	text_fb_tren: autoDraw = False
16.0428 	EXP 	text_fb_tren: autoDraw = False
16.0428 	EXP 	text_4: autoDraw = True
16.3440 	EXP 	Device response: <KeyPress from None: t=16.337367874977645, value=right, duration=None>
16.3460 	DATA 	Keypress: right
16.4458 	EXP 	Device response: <KeyPress from None: t=16.337367874977645, value=right, duration=0.10420641704695299>
19.1864 	EXP 	Device response: <KeyPress from None: t=19.183409916993696, value=right, duration=None>
19.1884 	DATA 	Keypress: right
19.2789 	EXP 	Device response: <KeyPress from None: t=19.183409916993696, value=right, duration=0.08671483298530802>
19.8031 	EXP 	Device response: <KeyPress from None: t=19.801086999999825, value=right, duration=None>
19.8135 	DATA 	Keypress: right
19.9037 	EXP 	Device response: <KeyPress from None: t=19.801086999999825, value=right, duration=0.08463316701818258>
20.5533 	EXP 	Device response: <KeyPress from None: t=20.533320375019684, value=right, duration=None>
20.5577 	DATA 	Keypress: right
20.6305 	EXP 	Device response: <KeyPress from None: t=20.533320375019684, value=right, duration=0.09518699999898672>
21.5017 	EXP 	Device response: <KeyPress from None: t=21.500248124997597, value=space, duration=None>
21.5238 	EXP 	Imported tab_task_4.xlsx as conditions, 40 conditions, 12 params
21.5246 	EXP 	New trial (rep=0, index=0): <Trial 0 (0 in rep 0) data={'w1': 0.19, 'w2': 0.2, 'corr_answ': 'right', 'op1': 0.52, 'op2': 0.2, 'xPos1': -0.2, 'yPos1': 0.2, 'xPos2': 0.2, 'yPos2': -0.2, 'or1': 36, 'or2': 10, 'time': 1.5, 'thisN': 0, 'thisTrialN': 0, 'thisRepN': 0}>
21.5292 	DATA 	Keypress: space
21.5375 	EXP 	text_4: autoDraw = False
21.5375 	EXP 	sq_1: ori = np.float64(36.0)
21.5375 	EXP 	sq_2: ori = np.float64(10.0)
21.5375 	EXP 	sq_1: autoDraw = True
21.5375 	EXP 	sq_2: autoDraw = True
21.5375 	EXP 	text: autoDraw = True
21.5737 	EXP 	Device response: <KeyPress from None: t=21.500248124997597, value=space, duration=0.06875299999956042>
22.0519 	EXP 	Device response: <KeyPress from None: t=22.050412916985806, value=right, duration=None>
22.0615 	DATA 	Keypress: right
22.0678 	EXP 	sq_1: autoDraw = False
22.0678 	EXP 	sq_2: autoDraw = False
22.0678 	EXP 	text: autoDraw = False
22.0678 	EXP 	text_fb_task: height = np.float64(0.05)
22.0678 	EXP 	text_fb_task: height = np.float64(0.05)
22.0678 	EXP 	text_fb_task: height = np.float64(0.05)
22.0678 	EXP 	text_fb_task: text = 'Верно!'
22.0678 	EXP 	text_fb_task: autoDraw = True
22.1531 	EXP 	Device response: <KeyPress from None: t=22.050412916985806, value=right, duration=0.10069270798703656>
22.3517 	EXP 	New trial (rep=0, index=1): <Trial 1 (1 in rep 0) data={'w1': 0.19, 'w2': 0.2, 'corr_answ': 'left', 'op1': 0.5, 'op2': 0.2, 'xPos1': -0.3, 'yPos1': -0.2, 'xPos2': 0.3, 'yPos2': 0.2, 'or1': 30, 'or2': 15, 'time': 1.5, 'thisN': 1, 'thisTrialN': 1, 'thisRepN': 0}>
22.3594 	EXP 	text_fb_task: autoDraw = False
22.3594 	EXP 	text_fb_task: autoDraw = False
22.3594 	EXP 	sq_1: ori = np.float64(30.0)
22.3594 	EXP 	sq_2: ori = np.float64(15.0)
22.3594 	EXP 	sq_1: autoDraw = True
22.3594 	EXP 	sq_2: autoDraw = True
22.3594 	EXP 	text: autoDraw = True
23.1769 	EXP 	Device response: <KeyPress from None: t=23.175219791999552, value=right, duration=None>
23.1830 	DATA 	Keypress: right
23.1890 	EXP 	sq_1: autoDraw = False
23.1890 	EXP 	sq_2: autoDraw = False
23.1890 	EXP 	text: autoDraw = False
23.1890 	EXP 	text_fb_task: height = np.float64(0.05)
23.1890 	EXP 	text_fb_task: height = np.float64(0.05)
23.1890 	EXP 	text_fb_task: height = np.float64(0.05)
23.1890 	EXP 	text_fb_task: text = 'Увы('
23.1890 	EXP 	text_fb_task: autoDraw = True
23.2612 	EXP 	Device response: <KeyPress from None: t=23.175219791999552, value=right, duration=0.08392616600031033>
23.4764 	EXP 	New trial (rep=0, index=2): <Trial 2 (2 in rep 0) data={'w1': 0.15, 'w2': 0.14, 'corr_answ': 'left', 'op1': 0.8, 'op2': 0.16, 'xPos1': -0.3, 'yPos1': 0.15, 'xPos2': 0.3, 'yPos2': -0.18, 'or1': 30, 'or2': 15, 'time': 0.5, 'thisN': 2, 'thisTrialN': 2, 'thisRepN': 0}>
23.4862 	EXP 	text_fb_task: autoDraw = False
23.4862 	EXP 	text_fb_task: autoDraw = False
23.4862 	EXP 	sq_1: ori = np.float64(30.0)
23.4862 	EXP 	sq_2: ori = np.float64(15.0)
23.4862 	EXP 	sq_1: autoDraw = True
23.4862 	EXP 	sq_2: autoDraw = True
23.4862 	EXP 	text: autoDraw = True
23.9834 	EXP 	sq_1: autoDraw = False
23.9834 	EXP 	sq_2: autoDraw = False
23.9834 	EXP 	text: autoDraw = False
23.9834 	EXP 	sq_1: autoDraw = False
23.9834 	EXP 	sq_2: autoDraw = False
23.9834 	EXP 	text: autoDraw = False
23.9834 	EXP 	text_fb_task: height = np.float64(0.05)
23.9834 	EXP 	text_fb_task: height = np.float64(0.05)
23.9834 	EXP 	text_fb_task: height = np.float64(0.05)
23.9834 	EXP 	text_fb_task: text = 'Не успели'
23.9834 	EXP 	text_fb_task: autoDraw = True
24.2689 	EXP 	New trial (rep=0, index=3): <Trial 3 (3 in rep 0) data={'w1': 0.21, 'w2': 0.22, 'corr_answ': 'right', 'op1': 0.54, 'op2': 0.22, 'xPos1': -0.2, 'yPos1': 0.21, 'xPos2': 0.2, 'yPos2': 0.18, 'or1': 37, 'or2': 7, 'time': 1.5, 'thisN': 3, 'thisTrialN': 3, 'thisRepN': 0}>
24.2782 	EXP 	text_fb_task: autoDraw = False
24.2782 	EXP 	text_fb_task: autoDraw = False
24.2782 	EXP 	sq_1: ori = np.float64(37.0)
24.2782 	EXP 	sq_2: ori = np.float64(7.0)
24.2782 	EXP 	sq_1: autoDraw = True
24.2782 	EXP 	sq_2: autoDraw = True
24.2782 	EXP 	text: autoDraw = True
24.5217 	EXP 	Device response: <KeyPress from None: t=24.51787429198157, value=right, duration=None>
24.5257 	DATA 	Keypress: right
24.5342 	EXP 	sq_1: autoDraw = False
24.5342 	EXP 	sq_2: autoDraw = False
24.5342 	EXP 	text: autoDraw = False
24.5342 	EXP 	text_fb_task: height = np.float64(0.05)
24.5342 	EXP 	text_fb_task: height = np.float64(0.05)
24.5342 	EXP 	text_fb_task: height = np.float64(0.05)
24.5342 	EXP 	text_fb_task: text = 'Верно!'
24.5342 	EXP 	text_fb_task: autoDraw = True
24.6425 	EXP 	Device response: <KeyPress from None: t=24.51787429198157, value=right, duration=0.11636149999685585>
24.8182 	EXP 	New trial (rep=0, index=4): <Trial 4 (4 in rep 0) data={'w1': 0.24, 'w2': 0.23, 'corr_answ': 'left', 'op1': 0.7, 'op2': 0.16, 'xPos1': -0.18, 'yPos1': 0.2, 'xPos2': 0.18, 'yPos2': -0.2, 'or1': 6, 'or2': 47, 'time': 1.5, 'thisN': 4, 'thisTrialN': 4, 'thisRepN': 0}>
24.8273 	EXP 	text_fb_task: autoDraw = False
24.8273 	EXP 	text_fb_task: autoDraw = False
24.8273 	EXP 	sq_1: ori = np.float64(6.0)
24.8273 	EXP 	sq_2: ori = np.float64(47.0)
24.8273 	EXP 	sq_1: autoDraw = True
24.8273 	EXP 	sq_2: autoDraw = True
24.8273 	EXP 	text: autoDraw = True
25.5608 	EXP 	Device response: <KeyPress from None: t=25.553832791978493, value=right, duration=None>
25.5666 	DATA 	Keypress: right
25.5724 	EXP 	sq_1: autoDraw = False
25.5724 	EXP 	sq_2: autoDraw = False
25.5724 	EXP 	text: autoDraw = False
25.5724 	EXP 	text_fb_task: height = np.float64(0.05)
25.5724 	EXP 	text_fb_task: height = np.float64(0.05)
25.5724 	EXP 	text_fb_task: height = np.float64(0.05)
25.5724 	EXP 	text_fb_task: text = 'Увы('
25.5724 	EXP 	text_fb_task: autoDraw = True
25.6705 	EXP 	Device response: <KeyPress from None: t=25.553832791978493, value=right, duration=0.10746454104082659>
25.8615 	EXP 	New trial (rep=0, index=5): <Trial 5 (5 in rep 0) data={'w1': 0.18, 'w2': 0.17, 'corr_answ': 'left', 'op1': 0.4, 'op2': 0.19, 'xPos1': -0.3, 'yPos1': 0.2, 'xPos2': 0.3, 'yPos2': -0.2, 'or1': 45, 'or2': 5, 'time': 0.7, 'thisN': 5, 'thisTrialN': 5, 'thisRepN': 0}>
25.8719 	EXP 	text_fb_task: autoDraw = False
25.8719 	EXP 	sq_1: ori = np.float64(45.0)
25.8719 	EXP 	sq_2: ori = np.float64(5.0)
25.8719 	EXP 	sq_1: autoDraw = True
25.8719 	EXP 	sq_2: autoDraw = True
25.8719 	EXP 	text: autoDraw = True
26.2689 	EXP 	Device response: <KeyPress from None: t=26.265827124996576, value=right, duration=None>
26.2715 	DATA 	Keypress: right
26.2780 	EXP 	sq_1: autoDraw = False
26.2780 	EXP 	sq_2: autoDraw = False
26.2780 	EXP 	text: autoDraw = False
26.2780 	EXP 	text_fb_task: text = 'Увы('
26.2780 	EXP 	text_fb_task: autoDraw = True
26.3691 	EXP 	Device response: <KeyPress from None: t=26.265827124996576, value=right, duration=0.10126366699114442>
26.5694 	EXP 	New trial (rep=0, index=6): <Trial 6 (6 in rep 0) data={'w1': 0.26, 'w2': 0.25, 'corr_answ': 'left', 'op1': 0.25, 'op2': 0.25, 'xPos1': -0.18, 'yPos1': 0.21, 'xPos2': 0.18, 'yPos2': 0.18, 'or1': 3, 'or2': 45, 'time': 1.5, 'thisN': 6, 'thisTrialN': 6, 'thisRepN': 0}>
26.5780 	EXP 	text_fb_task: autoDraw = False
26.5780 	EXP 	text_fb_task: autoDraw = False
26.5780 	EXP 	sq_1: ori = np.float64(3.0)
26.5780 	EXP 	sq_2: ori = np.float64(45.0)
26.5780 	EXP 	sq_1: autoDraw = True
26.5780 	EXP 	sq_2: autoDraw = True
26.5780 	EXP 	text: autoDraw = True
27.6211 	EXP 	Device response: <KeyPress from None: t=27.616978292004205, value=right, duration=None>
27.6244 	DATA 	Keypress: right
27.6308 	EXP 	sq_1: autoDraw = False
27.6308 	EXP 	sq_2: autoDraw = False
27.6308 	EXP 	text: autoDraw = False
27.6308 	EXP 	text_fb_task: text = 'Увы('
27.6308 	EXP 	text_fb_task: autoDraw = True
27.7103 	EXP 	Device response: <KeyPress from None: t=27.616978292004205, value=right, duration=0.08445170801132917>
27.9195 	EXP 	New trial (rep=0, index=7): <Trial 7 (7 in rep 0) data={'w1': 0.13, 'w2': 0.14, 'corr_answ': 'right', 'op1': 0.46, 'op2': 0.25, 'xPos1': -0.2, 'yPos1': 0.2, 'xPos2': 0.2, 'yPos2': -0.2, 'or1': 10, 'or2': 25, 'time': 1.0, 'thisN': 7, 'thisTrialN': 7, 'thisRepN': 0}>
27.9299 	EXP 	text_fb_task: autoDraw = False
27.9299 	EXP 	text_fb_task: autoDraw = False
27.9299 	EXP 	sq_1: ori = np.float64(10.0)
27.9299 	EXP 	sq_2: ori = np.float64(25.0)
27.9299 	EXP 	sq_1: autoDraw = True
27.9299 	EXP 	sq_2: autoDraw = True
27.9299 	EXP 	text: autoDraw = True
28.5948 	EXP 	Device response: <KeyPress from None: t=28.58930562500609, value=right, duration=None>
28.6001 	DATA 	Keypress: right
28.6060 	EXP 	sq_1: autoDraw = False
28.6060 	EXP 	sq_2: autoDraw = False
28.6060 	EXP 	text: autoDraw = False
28.6060 	EXP 	text_fb_task: height = np.float64(0.05)
28.6060 	EXP 	text_fb_task: height = np.float64(0.05)
28.6060 	EXP 	text_fb_task: height = np.float64(0.05)
28.6060 	EXP 	text_fb_task: text = 'Верно!'
28.6060 	EXP 	text_fb_task: autoDraw = True
28.6872 	EXP 	Device response: <KeyPress from None: t=28.58930562500609, value=right, duration=0.09573250001994893>
28.8932 	EXP 	New trial (rep=0, index=8): <Trial 8 (8 in rep 0) data={'w1': 0.15, 'w2': 0.16, 'corr_answ': 'right', 'op1': 0.48, 'op2': 0.15, 'xPos1': -0.2, 'yPos1': 0.21, 'xPos2': 0.2, 'yPos2': 0.18, 'or1': 9, 'or2': 25, 'time': 0.7, 'thisN': 8, 'thisTrialN': 8, 'thisRepN': 0}>
28.9179 	EXP 	text_fb_task: autoDraw = False
28.9179 	EXP 	text_fb_task: autoDraw = False
28.9179 	EXP 	sq_1: ori = np.float64(9.0)
28.9179 	EXP 	sq_2: ori = np.float64(25.0)
28.9179 	EXP 	sq_1: autoDraw = True
28.9179 	EXP 	sq_2: autoDraw = True
28.9179 	EXP 	text: autoDraw = True
29.6157 	EXP 	sq_1: autoDraw = False
29.6157 	EXP 	sq_2: autoDraw = False
29.6157 	EXP 	text: autoDraw = False
29.6157 	EXP 	sq_1: autoDraw = False
29.6157 	EXP 	sq_2: autoDraw = False
29.6157 	EXP 	text: autoDraw = False
29.6157 	EXP 	text_fb_task: height = np.float64(0.05)
29.6157 	EXP 	text_fb_task: height = np.float64(0.05)
29.6157 	EXP 	text_fb_task: height = np.float64(0.05)
29.6157 	EXP 	text_fb_task: text = 'Не успели'
29.6157 	EXP 	text_fb_task: autoDraw = True
29.9033 	EXP 	New trial (rep=0, index=9): <Trial 9 (9 in rep 0) data={'w1': 0.22, 'w2': 0.21, 'corr_answ': 'left', 'op1': 0.17, 'op2': 0.8, 'xPos1': -0.18, 'yPos1': -0.22, 'xPos2': 0.18, 'yPos2': 0.18, 'or1': 45, 'or2': 5, 'time': 1.0, 'thisN': 9, 'thisTrialN': 9, 'thisRepN': 0}>
29.9166 	EXP 	text_fb_task: autoDraw = False
29.9166 	EXP 	text_fb_task: autoDraw = False
29.9166 	EXP 	sq_1: ori = np.float64(45.0)
29.9166 	EXP 	sq_2: ori = np.float64(5.0)
29.9166 	EXP 	sq_1: autoDraw = True
29.9166 	EXP 	sq_2: autoDraw = True
29.9166 	EXP 	text: autoDraw = True
30.2601 	EXP 	Device response: <KeyPress from None: t=30.25893954199273, value=right, duration=None>
30.2635 	DATA 	Keypress: right
30.2706 	EXP 	sq_1: autoDraw = False
30.2706 	EXP 	sq_2: autoDraw = False
30.2706 	EXP 	text: autoDraw = False
30.2706 	EXP 	text_fb_task: height = np.float64(0.05)
30.2706 	EXP 	text_fb_task: height = np.float64(0.05)
30.2706 	EXP 	text_fb_task: height = np.float64(0.05)
30.2706 	EXP 	text_fb_task: text = 'Увы('
30.2706 	EXP 	text_fb_task: autoDraw = True
30.3769 	EXP 	Device response: <KeyPress from None: t=30.25893954199273, value=right, duration=0.11226445803185925>
30.5599 	EXP 	New trial (rep=0, index=10): <Trial 10 (10 in rep 0) data={'w1': 0.16, 'w2': 0.15, 'corr_answ': 'left', 'op1': 0.17, 'op2': 0.7, 'xPos1': -0.3, 'yPos1': -0.22, 'xPos2': 0.3, 'yPos2': 0.18, 'or1': 6, 'or2': 47, 'time': 1.5, 'thisN': 10, 'thisTrialN': 10, 'thisRepN': 0}>
30.5695 	EXP 	text_fb_task: autoDraw = False
30.5695 	EXP 	text_fb_task: autoDraw = False
30.5695 	EXP 	sq_1: ori = np.float64(6.0)
30.5695 	EXP 	sq_2: ori = np.float64(47.0)
30.5695 	EXP 	sq_1: autoDraw = True
30.5695 	EXP 	sq_2: autoDraw = True
30.5695 	EXP 	text: autoDraw = True
32.0689 	EXP 	sq_1: autoDraw = False
32.0689 	EXP 	sq_2: autoDraw = False
32.0689 	EXP 	text: autoDraw = False
32.0689 	EXP 	sq_1: autoDraw = False
32.0689 	EXP 	sq_2: autoDraw = False
32.0689 	EXP 	text: autoDraw = False
32.0689 	EXP 	text_fb_task: height = np.float64(0.05)
32.0689 	EXP 	text_fb_task: height = np.float64(0.05)
32.0689 	EXP 	text_fb_task: height = np.float64(0.05)
32.0689 	EXP 	text_fb_task: text = 'Не успели'
32.0689 	EXP 	text_fb_task: autoDraw = True
32.2125 	EXP 	Device response: <KeyPress from None: t=32.20719733298756, value=right, duration=None>
32.2165 	DATA 	Keypress: right
32.2854 	EXP 	Device response: <KeyPress from None: t=32.20719733298756, value=right, duration=0.07191108400002122>
32.3597 	EXP 	New trial (rep=0, index=11): <Trial 11 (11 in rep 0) data={'w1': 0.26, 'w2': 0.27, 'corr_answ': 'right', 'op1': 0.15, 'op2': 0.5, 'xPos1': -0.3, 'yPos1': -0.2, 'xPos2': 0.3, 'yPos2': 0.2, 'or1': 5, 'or2': 45, 'time': 1.0, 'thisN': 11, 'thisTrialN': 11, 'thisRepN': 0}>
32.3694 	EXP 	text_fb_task: autoDraw = False
32.3694 	EXP 	text_fb_task: autoDraw = False
32.3694 	EXP 	sq_1: ori = np.float64(5.0)
32.3694 	EXP 	sq_2: ori = np.float64(45.0)
32.3694 	EXP 	sq_1: autoDraw = True
32.3694 	EXP 	sq_2: autoDraw = True
32.3694 	EXP 	text: autoDraw = True
33.3673 	EXP 	sq_1: autoDraw = False
33.3673 	EXP 	sq_2: autoDraw = False
33.3673 	EXP 	text: autoDraw = False
33.3673 	EXP 	sq_1: autoDraw = False
33.3673 	EXP 	sq_2: autoDraw = False
33.3673 	EXP 	text: autoDraw = False
33.3673 	EXP 	text_fb_task: text = 'Не успели'
33.3673 	EXP 	text_fb_task: autoDraw = True
33.6523 	EXP 	New trial (rep=0, index=12): <Trial 12 (12 in rep 0) data={'w1': 0.25, 'w2': 0.26, 'corr_answ': 'right', 'op1': 0.54, 'op2': 0.22, 'xPos1': -0.3, 'yPos1': 0.2, 'xPos2': 0.3, 'yPos2': -0.2, 'or1': 37, 'or2': 7, 'time': 1.5, 'thisN': 12, 'thisTrialN': 12, 'thisRepN': 0}>
33.6624 	EXP 	text_fb_task: autoDraw = False
33.6624 	EXP 	text_fb_task: autoDraw = False
33.6624 	EXP 	sq_1: ori = np.float64(37.0)
33.6624 	EXP 	sq_2: ori = np.float64(7.0)
33.6624 	EXP 	sq_1: autoDraw = True
33.6624 	EXP 	sq_2: autoDraw = True
33.6624 	EXP 	text: autoDraw = True
35.1853 	EXP 	sq_1: autoDraw = False
35.1853 	EXP 	sq_2: autoDraw = False
35.1853 	EXP 	text: autoDraw = False
35.1853 	EXP 	sq_1: autoDraw = False
35.1853 	EXP 	sq_2: autoDraw = False
35.1853 	EXP 	text: autoDraw = False
35.1853 	EXP 	text_fb_task: text = 'Не успели'
35.1853 	EXP 	text_fb_task: autoDraw = True
35.4761 	EXP 	New trial (rep=0, index=13): <Trial 13 (13 in rep 0) data={'w1': 0.27, 'w2': 0.26, 'corr_answ': 'left', 'op1': 0.52, 'op2': 0.2, 'xPos1': -0.18, 'yPos1': 0.15, 'xPos2': 0.18, 'yPos2': -0.18, 'or1': 20, 'or2': 4, 'time': 1.5, 'thisN': 13, 'thisTrialN': 13, 'thisRepN': 0}>
35.4862 	EXP 	text_fb_task: autoDraw = False
35.4862 	EXP 	sq_1: ori = np.float64(20.0)
35.4862 	EXP 	sq_2: ori = np.float64(4.0)
35.4862 	EXP 	sq_1: autoDraw = True
35.4862 	EXP 	sq_2: autoDraw = True
35.4862 	EXP 	text: autoDraw = True
36.9853 	EXP 	sq_1: autoDraw = False
36.9853 	EXP 	sq_2: autoDraw = False
36.9853 	EXP 	text: autoDraw = False
36.9853 	EXP 	sq_1: autoDraw = False
36.9853 	EXP 	sq_2: autoDraw = False
36.9853 	EXP 	text: autoDraw = False
36.9853 	EXP 	text_fb_task: text = 'Не успели'
36.9853 	EXP 	text_fb_task: autoDraw = True
37.0362 	EXP 	Device response: <KeyPress from None: t=37.02697420801269, value=right, duration=None>
37.0380 	DATA 	Keypress: right
37.1030 	EXP 	Device response: <KeyPress from None: t=37.02697420801269, value=right, duration=0.06982008396880701>
37.2703 	EXP 	New trial (rep=0, index=14): <Trial 14 (14 in rep 0) data={'w1': 0.14, 'w2': 0.13, 'corr_answ': 'left', 'op1': 0.15, 'op2': 0.5, 'xPos1': -0.3, 'yPos1': 0.21, 'xPos2': 0.3, 'yPos2': 0.18, 'or1': 45, 'or2': 5, 'time': 0.5, 'thisN': 14, 'thisTrialN': 14, 'thisRepN': 0}>
37.2833 	EXP 	text_fb_task: autoDraw = False
37.2833 	EXP 	text_fb_task: autoDraw = False
37.2833 	EXP 	sq_1: ori = np.float64(45.0)
37.2833 	EXP 	sq_2: ori = np.float64(5.0)
37.2833 	EXP 	sq_1: autoDraw = True
37.2833 	EXP 	sq_2: autoDraw = True
37.2833 	EXP 	text: autoDraw = True
37.8019 	EXP 	sq_1: autoDraw = False
37.8019 	EXP 	sq_2: autoDraw = False
37.8019 	EXP 	text: autoDraw = False
37.8019 	EXP 	sq_1: autoDraw = False
37.8019 	EXP 	sq_2: autoDraw = False
37.8019 	EXP 	text: autoDraw = False
37.8019 	EXP 	text_fb_task: text = 'Не успели'
37.8019 	EXP 	text_fb_task: autoDraw = True
38.0847 	EXP 	New trial (rep=0, index=15): <Trial 15 (15 in rep 0) data={'w1': 0.12, 'w2': 0.13, 'corr_answ': 'right', 'op1': 0.45, 'op2': 0.85, 'xPos1': -0.2, 'yPos1': 0.0, 'xPos2': 0.2, 'yPos2': 0.2, 'or1': 5, 'or2': 10, 'time': 1.5, 'thisN': 15, 'thisTrialN': 15, 'thisRepN': 0}>
38.0939 	EXP 	text_fb_task: autoDraw = False
38.0939 	EXP 	text_fb_task: autoDraw = False
38.0939 	EXP 	sq_1: ori = np.float64(5.0)
38.0939 	EXP 	sq_2: ori = np.float64(10.0)
38.0939 	EXP 	sq_1: autoDraw = True
38.0939 	EXP 	sq_2: autoDraw = True
38.0939 	EXP 	text: autoDraw = True
38.1468 	EXP 	Device response: <KeyPress from None: t=38.136887624976225, value=right, duration=None>
38.1515 	DATA 	Keypress: right
38.1579 	EXP 	sq_1: autoDraw = False
38.1579 	EXP 	sq_2: autoDraw = False
38.1579 	EXP 	text: autoDraw = False
38.1579 	EXP 	text_fb_task: height = np.float64(0.05)
38.1579 	EXP 	text_fb_task: height = np.float64(0.05)
38.1579 	EXP 	text_fb_task: height = np.float64(0.05)
38.1579 	EXP 	text_fb_task: text = 'Верно!'
38.1579 	EXP 	text_fb_task: autoDraw = True
38.2104 	EXP 	Device response: <KeyPress from None: t=38.136887624976225, value=right, duration=0.06698845804203302>
38.4417 	EXP 	New trial (rep=0, index=16): <Trial 16 (16 in rep 0) data={'w1': 0.22, 'w2': 0.23, 'corr_answ': 'right', 'op1': 0.15, 'op2': 0.5, 'xPos1': -0.2, 'yPos1': 0.15, 'xPos2': 0.2, 'yPos2': -0.18, 'or1': 45, 'or2': 3, 'time': 1.5, 'thisN': 16, 'thisTrialN': 16, 'thisRepN': 0}>
38.4517 	EXP 	text_fb_task: autoDraw = False
38.4517 	EXP 	text_fb_task: autoDraw = False
38.4517 	EXP 	sq_1: ori = np.float64(45.0)
38.4517 	EXP 	sq_2: ori = np.float64(3.0)
38.4517 	EXP 	sq_1: autoDraw = True
38.4517 	EXP 	sq_2: autoDraw = True
38.4517 	EXP 	text: autoDraw = True
38.9213 	EXP 	Device response: <KeyPress from None: t=38.918840042024385, value=right, duration=None>
38.9239 	DATA 	Keypress: right
38.9305 	EXP 	sq_1: autoDraw = False
38.9305 	EXP 	sq_2: autoDraw = False
38.9305 	EXP 	text: autoDraw = False
38.9305 	EXP 	text_fb_task: text = 'Верно!'
38.9305 	EXP 	text_fb_task: autoDraw = True
39.0030 	EXP 	Device response: <KeyPress from None: t=38.918840042024385, value=right, duration=0.08131683297688141>
39.2188 	EXP 	New trial (rep=0, index=17): <Trial 17 (17 in rep 0) data={'w1': 0.17, 'w2': 0.18, 'corr_answ': 'left', 'op1': 0.3, 'op2': 0.18, 'xPos1': -0.3, 'yPos1': -0.2, 'xPos2': 0.3, 'yPos2': 0.2, 'or1': 5, 'or2': 45, 'time': 1.5, 'thisN': 17, 'thisTrialN': 17, 'thisRepN': 0}>
39.2277 	EXP 	text_fb_task: autoDraw = False
39.2277 	EXP 	text_fb_task: autoDraw = False
39.2277 	EXP 	sq_1: ori = np.float64(5.0)
39.2277 	EXP 	sq_2: ori = np.float64(45.0)
39.2277 	EXP 	sq_1: autoDraw = True
39.2277 	EXP 	sq_2: autoDraw = True
39.2277 	EXP 	text: autoDraw = True
40.7287 	EXP 	sq_1: autoDraw = False
40.7287 	EXP 	sq_2: autoDraw = False
40.7287 	EXP 	text: autoDraw = False
40.7287 	EXP 	sq_1: autoDraw = False
40.7287 	EXP 	sq_2: autoDraw = False
40.7287 	EXP 	text: autoDraw = False
40.7287 	EXP 	text_fb_task: height = np.float64(0.05)
40.7287 	EXP 	text_fb_task: height = np.float64(0.05)
40.7287 	EXP 	text_fb_task: height = np.float64(0.05)
40.7287 	EXP 	text_fb_task: text = 'Не успели'
40.7287 	EXP 	text_fb_task: autoDraw = True
40.8538 	EXP 	Device response: <KeyPress from None: t=40.85135808301857, value=right, duration=None>
40.8558 	DATA 	Keypress: right
40.9520 	EXP 	Device response: <KeyPress from None: t=40.85135808301857, value=right, duration=0.09230658400338143>
41.0184 	EXP 	New trial (rep=0, index=18): <Trial 18 (18 in rep 0) data={'w1': 0.21, 'w2': 0.2, 'corr_answ': 'left', 'op1': 0.16, 'op2': 0.7, 'xPos1': -0.18, 'yPos1': 0.15, 'xPos2': 0.18, 'yPos2': -0.18, 'or1': 5, 'or2': 45, 'time': 1.0, 'thisN': 18, 'thisTrialN': 18, 'thisRepN': 0}>
41.0274 	EXP 	text_fb_task: autoDraw = False
41.0274 	EXP 	text_fb_task: autoDraw = False
41.0274 	EXP 	sq_1: ori = np.float64(5.0)
41.0274 	EXP 	sq_2: ori = np.float64(45.0)
41.0274 	EXP 	sq_1: autoDraw = True
41.0274 	EXP 	sq_2: autoDraw = True
41.0274 	EXP 	text: autoDraw = True
41.6036 	EXP 	Device response: <KeyPress from None: t=41.597406874992885, value=right, duration=None>
41.6102 	DATA 	Keypress: right
41.6160 	EXP 	sq_1: autoDraw = False
41.6160 	EXP 	sq_2: autoDraw = False
41.6160 	EXP 	text: autoDraw = False
41.6160 	EXP 	text_fb_task: height = np.float64(0.05)
41.6160 	EXP 	text_fb_task: height = np.float64(0.05)
41.6160 	EXP 	text_fb_task: height = np.float64(0.05)
41.6160 	EXP 	text_fb_task: text = 'Увы('
41.6160 	EXP 	text_fb_task: autoDraw = True
41.6914 	EXP 	Device response: <KeyPress from None: t=41.597406874992885, value=right, duration=0.08756454201648012>
41.9007 	EXP 	New trial (rep=0, index=19): <Trial 19 (19 in rep 0) data={'w1': 0.25, 'w2': 0.24, 'corr_answ': 'left', 'op1': 0.8, 'op2': 0.17, 'xPos1': -0.18, 'yPos1': -0.2, 'xPos2': 0.18, 'yPos2': 0.2, 'or1': 25, 'or2': 4, 'time': 1.5, 'thisN': 19, 'thisTrialN': 19, 'thisRepN': 0}>
41.9119 	EXP 	text_fb_task: autoDraw = False
41.9119 	EXP 	text_fb_task: autoDraw = False
41.9119 	EXP 	sq_1: ori = np.float64(25.0)
41.9119 	EXP 	sq_2: ori = np.float64(4.0)
41.9119 	EXP 	sq_1: autoDraw = True
41.9119 	EXP 	sq_2: autoDraw = True
41.9119 	EXP 	text: autoDraw = True
43.4129 	EXP 	sq_1: autoDraw = False
43.4129 	EXP 	sq_2: autoDraw = False
43.4129 	EXP 	text: autoDraw = False
43.4129 	EXP 	sq_1: autoDraw = False
43.4129 	EXP 	sq_2: autoDraw = False
43.4129 	EXP 	text: autoDraw = False
43.4129 	EXP 	text_fb_task: height = np.float64(0.05)
43.4129 	EXP 	text_fb_task: height = np.float64(0.05)
43.4129 	EXP 	text_fb_task: height = np.float64(0.05)
43.4129 	EXP 	text_fb_task: text = 'Не успели'
43.4129 	EXP 	text_fb_task: autoDraw = True
43.7013 	EXP 	New trial (rep=0, index=20): <Trial 20 (20 in rep 0) data={'w1': 0.18, 'w2': 0.19, 'corr_answ': 'right', 'op1': 0.51, 'op2': 0.8, 'xPos1': -0.2, 'yPos1': -0.2, 'xPos2': 0.2, 'yPos2': 0.2, 'or1': 45, 'or2': 3, 'time': 0.5, 'thisN': 20, 'thisTrialN': 20, 'thisRepN': 0}>
43.7094 	EXP 	text_fb_task: autoDraw = False
43.7094 	EXP 	text_fb_task: autoDraw = False
43.7094 	EXP 	sq_1: ori = np.float64(45.0)
43.7094 	EXP 	sq_2: ori = np.float64(3.0)
43.7094 	EXP 	sq_1: autoDraw = True
43.7094 	EXP 	sq_2: autoDraw = True
43.7094 	EXP 	text: autoDraw = True
44.2011 	EXP 	sq_1: autoDraw = False
44.2011 	EXP 	sq_2: autoDraw = False
44.2011 	EXP 	text: autoDraw = False
44.2011 	EXP 	sq_1: autoDraw = False
44.2011 	EXP 	sq_2: autoDraw = False
44.2011 	EXP 	text: autoDraw = False
44.2011 	EXP 	text_fb_task: text = 'Не успели'
44.2011 	EXP 	text_fb_task: autoDraw = True
44.4872 	EXP 	New trial (rep=0, index=21): <Trial 21 (21 in rep 0) data={'w1': 0.14, 'w2': 0.15, 'corr_answ': 'right', 'op1': 0.47, 'op2': 0.75, 'xPos1': -0.2, 'yPos1': -0.2, 'xPos2': 0.2, 'yPos2': 0.2, 'or1': 35, 'or2': 8, 'time': 0.5, 'thisN': 21, 'thisTrialN': 21, 'thisRepN': 0}>
44.4961 	EXP 	text_fb_task: autoDraw = False
44.4961 	EXP 	text_fb_task: autoDraw = False
44.4961 	EXP 	sq_1: ori = np.float64(35.0)
44.4961 	EXP 	sq_2: ori = np.float64(8.0)
44.4961 	EXP 	sq_1: autoDraw = True
44.4961 	EXP 	sq_2: autoDraw = True
44.4961 	EXP 	text: autoDraw = True
44.9931 	EXP 	sq_1: autoDraw = False
44.9931 	EXP 	sq_2: autoDraw = False
44.9931 	EXP 	text: autoDraw = False
44.9931 	EXP 	sq_1: autoDraw = False
44.9931 	EXP 	sq_2: autoDraw = False
44.9931 	EXP 	text: autoDraw = False
44.9931 	EXP 	text_fb_task: text = 'Не успели'
44.9931 	EXP 	text_fb_task: autoDraw = True
45.2776 	EXP 	New trial (rep=0, index=22): <Trial 22 (22 in rep 0) data={'w1': 0.15, 'w2': 0.14, 'corr_answ': 'left', 'op1': 0.8, 'op2': 0.16, 'xPos1': -0.3, 'yPos1': 0.15, 'xPos2': 0.3, 'yPos2': -0.18, 'or1': 30, 'or2': 15, 'time': 1.0, 'thisN': 22, 'thisTrialN': 22, 'thisRepN': 0}>
45.2871 	EXP 	text_fb_task: autoDraw = False
45.2871 	EXP 	text_fb_task: autoDraw = False
45.2871 	EXP 	sq_1: ori = np.float64(30.0)
45.2871 	EXP 	sq_2: ori = np.float64(15.0)
45.2871 	EXP 	sq_1: autoDraw = True
45.2871 	EXP 	sq_2: autoDraw = True
45.2871 	EXP 	text: autoDraw = True
46.2851 	EXP 	sq_1: autoDraw = False
46.2851 	EXP 	sq_2: autoDraw = False
46.2851 	EXP 	text: autoDraw = False
46.2851 	EXP 	sq_1: autoDraw = False
46.2851 	EXP 	sq_2: autoDraw = False
46.2851 	EXP 	text: autoDraw = False
46.2851 	EXP 	text_fb_task: text = 'Не успели'
46.2851 	EXP 	text_fb_task: autoDraw = True
46.5695 	EXP 	New trial (rep=0, index=23): <Trial 23 (23 in rep 0) data={'w1': 0.23, 'w2': 0.22, 'corr_answ': 'left', 'op1': 0.6, 'op2': 0.15, 'xPos1': -0.18, 'yPos1': -0.2, 'xPos2': 0.18, 'yPos2': 0.2, 'or1': 30, 'or2': 15, 'time': 1.5, 'thisN': 23, 'thisTrialN': 23, 'thisRepN': 0}>
46.5781 	EXP 	text_fb_task: autoDraw = False
46.5781 	EXP 	text_fb_task: autoDraw = False
46.5781 	EXP 	sq_1: ori = np.float64(30.0)
46.5781 	EXP 	sq_2: ori = np.float64(15.0)
46.5781 	EXP 	sq_1: autoDraw = True
46.5781 	EXP 	sq_2: autoDraw = True
46.5781 	EXP 	text: autoDraw = True
47.1534 	EXP 	Device response: <KeyPress from None: t=47.15119458298432, value=right, duration=None>
47.1554 	DATA 	Keypress: right
47.1710 	EXP 	sq_1: autoDraw = False
47.1710 	EXP 	sq_2: autoDraw = False
47.1710 	EXP 	text: autoDraw = False
47.1710 	EXP 	text_fb_task: height = np.float64(0.05)
47.1710 	EXP 	text_fb_task: height = np.float64(0.05)
47.1710 	EXP 	text_fb_task: height = np.float64(0.05)
47.1710 	EXP 	text_fb_task: text = 'Увы('
47.1710 	EXP 	text_fb_task: autoDraw = True
47.2079 	EXP 	Device response: <KeyPress from None: t=47.15119458298432, value=right, duration=0.051159834023565054>
47.4613 	EXP 	New trial (rep=0, index=24): <Trial 24 (24 in rep 0) data={'w1': 0.2, 'w2': 0.21, 'corr_answ': 'left', 'op1': 0.15, 'op2': 0.6, 'xPos1': -0.3, 'yPos1': 0.21, 'xPos2': 0.3, 'yPos2': 0.18, 'or1': 6, 'or2': 47, 'time': 1.5, 'thisN': 24, 'thisTrialN': 24, 'thisRepN': 0}>
47.4707 	EXP 	text_fb_task: autoDraw = False
47.4707 	EXP 	text_fb_task: autoDraw = False
47.4707 	EXP 	sq_1: ori = np.float64(6.0)
47.4707 	EXP 	sq_2: ori = np.float64(47.0)
47.4707 	EXP 	sq_1: autoDraw = True
47.4707 	EXP 	sq_2: autoDraw = True
47.4707 	EXP 	text: autoDraw = True
48.9700 	EXP 	sq_1: autoDraw = False
48.9700 	EXP 	sq_2: autoDraw = False
48.9700 	EXP 	text: autoDraw = False
48.9700 	EXP 	sq_1: autoDraw = False
48.9700 	EXP 	sq_2: autoDraw = False
48.9700 	EXP 	text: autoDraw = False
48.9700 	EXP 	text_fb_task: height = np.float64(0.05)
48.9700 	EXP 	text_fb_task: height = np.float64(0.05)
48.9700 	EXP 	text_fb_task: height = np.float64(0.05)
48.9700 	EXP 	text_fb_task: text = 'Не успели'
48.9700 	EXP 	text_fb_task: autoDraw = True
49.2598 	EXP 	New trial (rep=0, index=25): <Trial 25 (25 in rep 0) data={'w1': 0.16, 'w2': 0.15, 'corr_answ': 'left', 'op1': 0.17, 'op2': 0.7, 'xPos1': -0.3, 'yPos1': -0.22, 'xPos2': 0.3, 'yPos2': 0.18, 'or1': 6, 'or2': 47, 'time': 1.5, 'thisN': 25, 'thisTrialN': 25, 'thisRepN': 0}>
49.2698 	EXP 	text_fb_task: autoDraw = False
49.2698 	EXP 	text_fb_task: autoDraw = False
49.2698 	EXP 	sq_1: ori = np.float64(6.0)
49.2698 	EXP 	sq_2: ori = np.float64(47.0)
49.2698 	EXP 	sq_1: autoDraw = True
49.2698 	EXP 	sq_2: autoDraw = True
49.2698 	EXP 	text: autoDraw = True
50.6370 	EXP 	Device response: <KeyPress from None: t=50.633208582992665, value=right, duration=None>
50.6414 	DATA 	Keypress: right
50.6479 	EXP 	sq_1: autoDraw = False
50.6479 	EXP 	sq_2: autoDraw = False
50.6479 	EXP 	text: autoDraw = False
50.6479 	EXP 	text_fb_task: height = np.float64(0.05)
50.6479 	EXP 	text_fb_task: height = np.float64(0.05)
50.6479 	EXP 	text_fb_task: height = np.float64(0.05)
50.6479 	EXP 	text_fb_task: text = 'Увы('
50.6479 	EXP 	text_fb_task: autoDraw = True
50.7356 	EXP 	Device response: <KeyPress from None: t=50.633208582992665, value=right, duration=0.09352366701932624>
50.9357 	EXP 	New trial (rep=0, index=26): <Trial 26 (26 in rep 0) data={'w1': 0.14, 'w2': 0.13, 'corr_answ': 'left', 'op1': 0.15, 'op2': 0.5, 'xPos1': -0.3, 'yPos1': 0.21, 'xPos2': 0.3, 'yPos2': 0.18, 'or1': 45, 'or2': 5, 'time': 0.7, 'thisN': 26, 'thisTrialN': 26, 'thisRepN': 0}>
50.9445 	EXP 	text_fb_task: autoDraw = False
50.9445 	EXP 	text_fb_task: autoDraw = False
50.9445 	EXP 	sq_1: ori = np.float64(45.0)
50.9445 	EXP 	sq_2: ori = np.float64(5.0)
50.9445 	EXP 	sq_1: autoDraw = True
50.9445 	EXP 	sq_2: autoDraw = True
50.9445 	EXP 	text: autoDraw = True
51.6449 	EXP 	sq_1: autoDraw = False
51.6449 	EXP 	sq_2: autoDraw = False
51.6449 	EXP 	text: autoDraw = False
51.6449 	EXP 	sq_1: autoDraw = False
51.6449 	EXP 	sq_2: autoDraw = False
51.6449 	EXP 	text: autoDraw = False
51.6449 	EXP 	text_fb_task: height = np.float64(0.05)
51.6449 	EXP 	text_fb_task: height = np.float64(0.05)
51.6449 	EXP 	text_fb_task: height = np.float64(0.05)
51.6449 	EXP 	text_fb_task: text = 'Не успели'
51.6449 	EXP 	text_fb_task: autoDraw = True
51.9358 	EXP 	New trial (rep=0, index=27): <Trial 27 (27 in rep 0) data={'w1': 0.2, 'w2': 0.21, 'corr_answ': 'right', 'op1': 0.13, 'op2': 0.85, 'xPos1': -0.2, 'yPos1': -0.2, 'xPos2': 0.2, 'yPos2': 0.2, 'or1': 0, 'or2': 45, 'time': 1.0, 'thisN': 27, 'thisTrialN': 27, 'thisRepN': 0}>
51.9462 	EXP 	text_fb_task: autoDraw = False
51.9462 	EXP 	sq_1: ori = np.float64(0.0)
51.9462 	EXP 	sq_2: ori = np.float64(45.0)
51.9462 	EXP 	sq_1: autoDraw = True
51.9462 	EXP 	sq_2: autoDraw = True
51.9462 	EXP 	text: autoDraw = True
52.9427 	EXP 	sq_1: autoDraw = False
52.9427 	EXP 	sq_2: autoDraw = False
52.9427 	EXP 	text: autoDraw = False
52.9427 	EXP 	sq_1: autoDraw = False
52.9427 	EXP 	sq_2: autoDraw = False
52.9427 	EXP 	text: autoDraw = False
52.9427 	EXP 	text_fb_task: text = 'Не успели'
52.9427 	EXP 	text_fb_task: autoDraw = True
53.2275 	EXP 	New trial (rep=0, index=28): <Trial 28 (28 in rep 0) data={'w1': 0.16, 'w2': 0.17, 'corr_answ': 'right', 'op1': 0.49, 'op2': 0.78, 'xPos1': -0.2, 'yPos1': 0.15, 'xPos2': 0.2, 'yPos2': -0.18, 'or1': 30, 'or2': 5, 'time': 1.0, 'thisN': 28, 'thisTrialN': 28, 'thisRepN': 0}>
53.2374 	EXP 	text_fb_task: autoDraw = False
53.2374 	EXP 	text_fb_task: autoDraw = False
53.2374 	EXP 	sq_1: ori = np.float64(30.0)
53.2374 	EXP 	sq_2: ori = np.float64(5.0)
53.2374 	EXP 	sq_1: autoDraw = True
53.2374 	EXP 	sq_2: autoDraw = True
53.2374 	EXP 	text: autoDraw = True
54.2334 	EXP 	sq_1: autoDraw = False
54.2334 	EXP 	sq_2: autoDraw = False
54.2334 	EXP 	text: autoDraw = False
54.2334 	EXP 	sq_1: autoDraw = False
54.2334 	EXP 	sq_2: autoDraw = False
54.2334 	EXP 	text: autoDraw = False
54.2334 	EXP 	text_fb_task: text = 'Не успели'
54.2334 	EXP 	text_fb_task: autoDraw = True
54.5180 	EXP 	New trial (rep=0, index=29): <Trial 29 (29 in rep 0) data={'w1': 0.12, 'w2': 0.13, 'corr_answ': 'right', 'op1': 0.45, 'op2': 0.85, 'xPos1': -0.2, 'yPos1': 0.0, 'xPos2': 0.2, 'yPos2': 0.2, 'or1': 5, 'or2': 10, 'time': 1.0, 'thisN': 29, 'thisTrialN': 29, 'thisRepN': 0}>
54.5282 	EXP 	text_fb_task: autoDraw = False
54.5282 	EXP 	text_fb_task: autoDraw = False
54.5282 	EXP 	sq_1: ori = np.float64(5.0)
54.5282 	EXP 	sq_2: ori = np.float64(10.0)
54.5282 	EXP 	sq_1: autoDraw = True
54.5282 	EXP 	sq_2: autoDraw = True
54.5282 	EXP 	text: autoDraw = True
55.4863 	EXP 	Device response: <KeyPress from None: t=55.47612558299443, value=right, duration=None>
55.4921 	DATA 	Keypress: right
55.4979 	EXP 	sq_1: autoDraw = False
55.4979 	EXP 	sq_2: autoDraw = False
55.4979 	EXP 	text: autoDraw = False
55.4979 	EXP 	text_fb_task: height = np.float64(0.05)
55.4979 	EXP 	text_fb_task: height = np.float64(0.05)
55.4979 	EXP 	text_fb_task: height = np.float64(0.05)
55.4979 	EXP 	text_fb_task: text = 'Верно!'
55.4979 	EXP 	text_fb_task: autoDraw = True
55.5696 	EXP 	Device response: <KeyPress from None: t=55.47612558299443, value=right, duration=0.09102816699305549>
55.7860 	EXP 	New trial (rep=0, index=30): <Trial 30 (30 in rep 0) data={'w1': 0.23, 'w2': 0.17, 'corr_answ': 'right', 'op1': 0.52, 'op2': 0.2, 'xPos1': -0.3, 'yPos1': -0.22, 'xPos2': 0.3, 'yPos2': 0.18, 'or1': 36, 'or2': 10, 'time': 1.5, 'thisN': 30, 'thisTrialN': 30, 'thisRepN': 0}>
55.7950 	EXP 	text_fb_task: autoDraw = False
55.7950 	EXP 	text_fb_task: autoDraw = False
55.7950 	EXP 	sq_1: ori = np.float64(36.0)
55.7950 	EXP 	sq_2: ori = np.float64(10.0)
55.7950 	EXP 	sq_1: autoDraw = True
55.7950 	EXP 	sq_2: autoDraw = True
55.7950 	EXP 	text: autoDraw = True
57.3021 	EXP 	sq_1: autoDraw = False
57.3021 	EXP 	sq_2: autoDraw = False
57.3021 	EXP 	text: autoDraw = False
57.3021 	EXP 	sq_1: autoDraw = False
57.3021 	EXP 	sq_2: autoDraw = False
57.3021 	EXP 	text: autoDraw = False
57.3021 	EXP 	text_fb_task: height = np.float64(0.05)
57.3021 	EXP 	text_fb_task: height = np.float64(0.05)
57.3021 	EXP 	text_fb_task: height = np.float64(0.05)
57.3021 	EXP 	text_fb_task: text = 'Не успели'
57.3021 	EXP 	text_fb_task: autoDraw = True
57.5867 	EXP 	New trial (rep=0, index=31): <Trial 31 (31 in rep 0) data={'w1': 0.17, 'w2': 0.16, 'corr_answ': 'left', 'op1': 0.3, 'op2': 0.18, 'xPos1': -0.3, 'yPos1': -0.2, 'xPos2': 0.3, 'yPos2': 0.2, 'or1': 5, 'or2': 45, 'time': 1.5, 'thisN': 31, 'thisTrialN': 31, 'thisRepN': 0}>
57.5959 	EXP 	text_fb_task: autoDraw = False
57.5959 	EXP 	text_fb_task: autoDraw = False
57.5959 	EXP 	sq_1: ori = np.float64(5.0)
57.5959 	EXP 	sq_2: ori = np.float64(45.0)
57.5959 	EXP 	sq_1: autoDraw = True
57.5959 	EXP 	sq_2: autoDraw = True
57.5959 	EXP 	text: autoDraw = True
59.0904 	EXP 	sq_1: autoDraw = False
59.0904 	EXP 	sq_2: autoDraw = False
59.0904 	EXP 	text: autoDraw = False
59.0904 	EXP 	sq_1: autoDraw = False
59.0904 	EXP 	sq_2: autoDraw = False
59.0904 	EXP 	text: autoDraw = False
59.0904 	EXP 	text_fb_task: text = 'Не успели'
59.0904 	EXP 	text_fb_task: autoDraw = True
59.3789 	EXP 	New trial (rep=0, index=32): <Trial 32 (32 in rep 0) data={'w1': 0.13, 'w2': 0.14, 'corr_answ': 'right', 'op1': 0.46, 'op2': 0.25, 'xPos1': -0.2, 'yPos1': 0.2, 'xPos2': 0.2, 'yPos2': -0.2, 'or1': 10, 'or2': 25, 'time': 1.0, 'thisN': 32, 'thisTrialN': 32, 'thisRepN': 0}>
59.3918 	EXP 	text_fb_task: autoDraw = False
59.3918 	EXP 	text_fb_task: autoDraw = False
59.3918 	EXP 	sq_1: ori = np.float64(10.0)
59.3918 	EXP 	sq_2: ori = np.float64(25.0)
59.3918 	EXP 	sq_1: autoDraw = True
59.3918 	EXP 	sq_2: autoDraw = True
59.3918 	EXP 	text: autoDraw = True
60.0728 	EXP 	Device response: <KeyPress from None: t=60.07134604197927, value=right, duration=None>
60.0749 	DATA 	Keypress: right
60.0934 	EXP 	sq_1: autoDraw = False
60.0934 	EXP 	sq_2: autoDraw = False
60.0934 	EXP 	text: autoDraw = False
60.0934 	EXP 	text_fb_task: height = np.float64(0.05)
60.0934 	EXP 	text_fb_task: height = np.float64(0.05)
60.0934 	EXP 	text_fb_task: height = np.float64(0.05)
60.0934 	EXP 	text_fb_task: text = 'Верно!'
60.0934 	EXP 	text_fb_task: autoDraw = True
60.1610 	EXP 	Device response: <KeyPress from None: t=60.07134604197927, value=right, duration=0.0861832500086166>
60.3855 	EXP 	New trial (rep=0, index=33): <Trial 33 (33 in rep 0) data={'w1': 0.18, 'w2': 0.19, 'corr_answ': 'left', 'op1': 0.4, 'op2': 0.19, 'xPos1': -0.3, 'yPos1': 0.2, 'xPos2': 0.3, 'yPos2': -0.2, 'or1': 45, 'or2': 5, 'time': 1.5, 'thisN': 33, 'thisTrialN': 33, 'thisRepN': 0}>
60.3957 	EXP 	text_fb_task: autoDraw = False
60.3957 	EXP 	sq_1: ori = np.float64(45.0)
60.3957 	EXP 	sq_2: ori = np.float64(5.0)
60.3957 	EXP 	sq_1: autoDraw = True
60.3957 	EXP 	sq_2: autoDraw = True
60.3957 	EXP 	text: autoDraw = True
61.8947 	EXP 	sq_1: autoDraw = False
61.8947 	EXP 	sq_2: autoDraw = False
61.8947 	EXP 	text: autoDraw = False
61.8947 	EXP 	sq_1: autoDraw = False
61.8947 	EXP 	sq_2: autoDraw = False
61.8947 	EXP 	text: autoDraw = False
61.8947 	EXP 	text_fb_task: height = np.float64(0.05)
61.8947 	EXP 	text_fb_task: height = np.float64(0.05)
61.8947 	EXP 	text_fb_task: height = np.float64(0.05)
61.8947 	EXP 	text_fb_task: text = 'Не успели'
61.8947 	EXP 	text_fb_task: autoDraw = True
62.1844 	EXP 	New trial (rep=0, index=34): <Trial 34 (34 in rep 0) data={'w1': 0.15, 'w2': 0.16, 'corr_answ': 'right', 'op1': 0.48, 'op2': 0.15, 'xPos1': -0.2, 'yPos1': 0.21, 'xPos2': 0.2, 'yPos2': 0.18, 'or1': 9, 'or2': 25, 'time': 1.0, 'thisN': 34, 'thisTrialN': 34, 'thisRepN': 0}>
62.1935 	EXP 	text_fb_task: autoDraw = False
62.1935 	EXP 	text_fb_task: autoDraw = False
62.1935 	EXP 	sq_1: ori = np.float64(9.0)
62.1935 	EXP 	sq_2: ori = np.float64(25.0)
62.1935 	EXP 	sq_1: autoDraw = True
62.1935 	EXP 	sq_2: autoDraw = True
62.1935 	EXP 	text: autoDraw = True
63.1938 	EXP 	sq_1: autoDraw = False
63.1938 	EXP 	sq_2: autoDraw = False
63.1938 	EXP 	text: autoDraw = False
63.1938 	EXP 	sq_1: autoDraw = False
63.1938 	EXP 	sq_2: autoDraw = False
63.1938 	EXP 	text: autoDraw = False
63.1938 	EXP 	text_fb_task: text = 'Не успели'
63.1938 	EXP 	text_fb_task: autoDraw = True
63.4863 	EXP 	New trial (rep=0, index=35): <Trial 35 (35 in rep 0) data={'w1': 0.14, 'w2': 0.15, 'corr_answ': 'right', 'op1': 0.47, 'op2': 0.75, 'xPos1': -0.2, 'yPos1': -0.2, 'xPos2': 0.2, 'yPos2': 0.2, 'or1': 35, 'or2': 8, 'time': 1.0, 'thisN': 35, 'thisTrialN': 35, 'thisRepN': 0}>
63.4961 	EXP 	text_fb_task: autoDraw = False
63.4961 	EXP 	text_fb_task: autoDraw = False
63.4961 	EXP 	sq_1: ori = np.float64(35.0)
63.4961 	EXP 	sq_2: ori = np.float64(8.0)
63.4961 	EXP 	sq_1: autoDraw = True
63.4961 	EXP 	sq_2: autoDraw = True
63.4961 	EXP 	text: autoDraw = True
64.4932 	EXP 	sq_1: autoDraw = False
64.4932 	EXP 	sq_2: autoDraw = False
64.4932 	EXP 	text: autoDraw = False
64.4932 	EXP 	sq_1: autoDraw = False
64.4932 	EXP 	sq_2: autoDraw = False
64.4932 	EXP 	text: autoDraw = False
64.4932 	EXP 	text_fb_task: text = 'Не успели'
64.4932 	EXP 	text_fb_task: autoDraw = True
64.7864 	EXP 	New trial (rep=0, index=36): <Trial 36 (36 in rep 0) data={'w1': 0.17, 'w2': 0.18, 'corr_answ': 'right', 'op1': 0.5, 'op2': 0.2, 'xPos1': -0.2, 'yPos1': -0.22, 'xPos2': 0.2, 'yPos2': 0.18, 'or1': 7, 'or2': 45, 'time': 0.5, 'thisN': 36, 'thisTrialN': 36, 'thisRepN': 0}>
64.8012 	EXP 	text_fb_task: autoDraw = False
64.8012 	EXP 	text_fb_task: autoDraw = False
64.8012 	EXP 	sq_1: ori = np.float64(7.0)
64.8012 	EXP 	sq_2: ori = np.float64(45.0)
64.8012 	EXP 	sq_1: autoDraw = True
64.8012 	EXP 	sq_2: autoDraw = True
64.8012 	EXP 	text: autoDraw = True
65.2936 	EXP 	sq_1: autoDraw = False
65.2936 	EXP 	sq_2: autoDraw = False
65.2936 	EXP 	text: autoDraw = False
65.2936 	EXP 	sq_1: autoDraw = False
65.2936 	EXP 	sq_2: autoDraw = False
65.2936 	EXP 	text: autoDraw = False
65.2936 	EXP 	text_fb_task: text = 'Не успели'
65.2936 	EXP 	text_fb_task: autoDraw = True
65.5771 	EXP 	New trial (rep=0, index=37): <Trial 37 (37 in rep 0) data={'w1': 0.24, 'w2': 0.25, 'corr_answ': 'right', 'op1': 0.13, 'op2': 0.85, 'xPos1': -0.3, 'yPos1': -0.2, 'xPos2': 0.3, 'yPos2': 0.2, 'or1': 0, 'or2': 45, 'time': 1.5, 'thisN': 37, 'thisTrialN': 37, 'thisRepN': 0}>
65.5871 	EXP 	text_fb_task: autoDraw = False
65.5871 	EXP 	text_fb_task: autoDraw = False
65.5871 	EXP 	sq_1: ori = np.float64(0.0)
65.5871 	EXP 	sq_2: ori = np.float64(45.0)
65.5871 	EXP 	sq_1: autoDraw = True
65.5871 	EXP 	sq_2: autoDraw = True
65.5871 	EXP 	text: autoDraw = True
67.0845 	EXP 	sq_1: autoDraw = False
67.0845 	EXP 	sq_2: autoDraw = False
67.0845 	EXP 	text: autoDraw = False
67.0845 	EXP 	sq_1: autoDraw = False
67.0845 	EXP 	sq_2: autoDraw = False
67.0845 	EXP 	text: autoDraw = False
67.0845 	EXP 	text_fb_task: text = 'Не успели'
67.0845 	EXP 	text_fb_task: autoDraw = True
67.3689 	EXP 	New trial (rep=0, index=38): <Trial 38 (38 in rep 0) data={'w1': 0.16, 'w2': 0.17, 'corr_answ': 'right', 'op1': 0.49, 'op2': 0.78, 'xPos1': -0.2, 'yPos1': 0.15, 'xPos2': 0.2, 'yPos2': -0.18, 'or1': 30, 'or2': 5, 'time': 0.7, 'thisN': 38, 'thisTrialN': 38, 'thisRepN': 0}>
67.3782 	EXP 	text_fb_task: autoDraw = False
67.3782 	EXP 	text_fb_task: autoDraw = False
67.3782 	EXP 	sq_1: ori = np.float64(30.0)
67.3782 	EXP 	sq_2: ori = np.float64(5.0)
67.3782 	EXP 	sq_1: autoDraw = True
67.3782 	EXP 	sq_2: autoDraw = True
67.3782 	EXP 	text: autoDraw = True
68.0683 	EXP 	sq_1: autoDraw = False
68.0683 	EXP 	sq_2: autoDraw = False
68.0683 	EXP 	text: autoDraw = False
68.0683 	EXP 	sq_1: autoDraw = False
68.0683 	EXP 	sq_2: autoDraw = False
68.0683 	EXP 	text: autoDraw = False
68.0683 	EXP 	text_fb_task: text = 'Не успели'
68.0683 	EXP 	text_fb_task: autoDraw = True
68.3519 	EXP 	New trial (rep=0, index=39): <Trial 39 (39 in rep 0) data={'w1': 0.28, 'w2': 0.27, 'corr_answ': 'left', 'op1': 0.13, 'op2': 0.85, 'xPos1': -0.18, 'yPos1': -0.22, 'xPos2': 0.18, 'yPos2': 0.18, 'or1': 5, 'or2': 45, 'time': 1.5, 'thisN': 39, 'thisTrialN': 39, 'thisRepN': 0}>
68.3619 	EXP 	text_fb_task: autoDraw = False
68.3619 	EXP 	text_fb_task: autoDraw = False
68.3619 	EXP 	sq_1: ori = np.float64(5.0)
68.3619 	EXP 	sq_2: ori = np.float64(45.0)
68.3619 	EXP 	sq_1: autoDraw = True
68.3619 	EXP 	sq_2: autoDraw = True
68.3619 	EXP 	text: autoDraw = True
68.4700 	EXP 	Device response: <KeyPress from None: t=68.46005479199812, value=right, duration=None>
68.4741 	DATA 	Keypress: right
68.4807 	EXP 	sq_1: autoDraw = False
68.4807 	EXP 	sq_2: autoDraw = False
68.4807 	EXP 	text: autoDraw = False
68.4807 	EXP 	text_fb_task: height = np.float64(0.05)
68.4807 	EXP 	text_fb_task: height = np.float64(0.05)
68.4807 	EXP 	text_fb_task: height = np.float64(0.05)
68.4807 	EXP 	text_fb_task: text = 'Увы('
68.4807 	EXP 	text_fb_task: autoDraw = True
68.4886 	EXP 	Device response: <KeyPress from None: t=68.46005479199812, value=right, duration=0.023029915988445282>
68.7745 	EXP 	Imported tabl_sl.xlsx as conditions, 5 conditions, 1 params
68.7748 	EXP 	New trial (rep=0, index=0): <Trial 0 (0 in rep 0) data={'q_sl': 'Это было сложно?', 'thisN': 0, 'thisTrialN': 0, 'thisRepN': 0}>
68.7929 	EXP 	text_fb_task: autoDraw = False
68.7929 	EXP 	text_fb_task: autoDraw = False
68.7929 	EXP 	sl_h: markerPos = None
68.7929 	EXP 	sl_h: markerPos = 5
68.7929 	EXP 	text_sl: height = np.float64(0.030000000000000002)
68.7929 	EXP 	text_sl: height = np.float64(0.030000000000000002)
68.7929 	EXP 	text_sl: height = np.float64(0.030000000000000002)
68.7929 	EXP 	text_sl: text = 'Это было сложно?'
68.7929 	EXP 	sl_h: autoDraw = True
68.7929 	EXP 	text_sl: autoDraw = True
75.6493 	DATA 	Mouse: Left button down, pos=(983,108)
75.6589 	EXP 	sl_h: markerPos = np.float64(5.925022583559169)
75.6677 	EXP 	sl_h: markerPos = np.float64(5.925022583559169)
75.6755 	EXP 	sl_h: markerPos = np.float64(5.925022583559169)
75.6834 	EXP 	sl_h: markerPos = np.float64(5.925022583559169)
75.6908 	EXP 	sl_h: markerPos = np.float64(5.925022583559169)
75.6933 	DATA 	Mouse:  Left button up, pos=(983,108)
75.6998 	EXP 	sl_h: markerPos = np.float64(5.925022583559169)
75.7065 	EXP 	sl_h: markerPos = np.float64(5.925022583559169)
75.7069 	EXP 	New trial (rep=0, index=1): <Trial 1 (1 in rep 0) data={'q_sl': 'Вы могли контролировать ситуацию?', 'thisN': 1, 'thisTrialN': 1, 'thisRepN': 0}>
75.7164 	EXP 	sl_h: autoDraw = False
75.7164 	EXP 	text_sl: autoDraw = False
75.7164 	EXP 	sl_h: markerPos = None
75.7164 	EXP 	sl_h: markerPos = 5
75.7164 	EXP 	text_sl: height = np.float64(0.030000000000000002)
75.7164 	EXP 	text_sl: height = np.float64(0.030000000000000002)
75.7164 	EXP 	text_sl: height = np.float64(0.030000000000000002)
75.7164 	EXP 	text_sl: text = 'Вы могли контролировать ситуацию?'
75.7164 	EXP 	sl_h: autoDraw = True
75.7164 	EXP 	text_sl: autoDraw = True
76.1009 	DATA 	Mouse: Left button down, pos=(989,108)
76.1090 	EXP 	sl_h: markerPos = np.float64(5.968383017163505)
76.1167 	EXP 	sl_h: markerPos = np.float64(5.968383017163505)
76.1235 	EXP 	sl_h: markerPos = np.float64(5.968383017163505)
76.1330 	EXP 	sl_h: markerPos = np.float64(5.968383017163505)
76.1393 	EXP 	sl_h: markerPos = np.float64(5.968383017163505)
76.1498 	EXP 	sl_h: markerPos = np.float64(5.968383017163505)
76.1563 	EXP 	sl_h: markerPos = np.float64(5.968383017163505)
76.1665 	EXP 	sl_h: markerPos = np.float64(5.968383017163505)
76.1732 	EXP 	sl_h: markerPos = np.float64(5.968383017163505)
76.1831 	EXP 	sl_h: markerPos = np.float64(5.968383017163505)
76.1835 	DATA 	Mouse:  Left button up, pos=(989,108)
76.1897 	EXP 	sl_h: markerPos = np.float64(5.968383017163505)
76.1901 	EXP 	New trial (rep=0, index=2): <Trial 2 (2 in rep 0) data={'q_sl': 'Насколько результат зависел от Вас?', 'thisN': 2, 'thisTrialN': 2, 'thisRepN': 0}>
76.1993 	EXP 	sl_h: autoDraw = False
76.1993 	EXP 	text_sl: autoDraw = False
76.1993 	EXP 	sl_h: markerPos = None
76.1993 	EXP 	sl_h: markerPos = 5
76.1993 	EXP 	text_sl: height = np.float64(0.030000000000000002)
76.1993 	EXP 	text_sl: height = np.float64(0.030000000000000002)
76.1993 	EXP 	text_sl: height = np.float64(0.030000000000000002)
76.1993 	EXP 	text_sl: text = 'Насколько результат зависел от Вас?'
76.1993 	EXP 	sl_h: autoDraw = True
76.1993 	EXP 	text_sl: autoDraw = True
76.5249 	DATA 	Mouse: Left button down, pos=(989,108)
76.5328 	EXP 	sl_h: markerPos = np.float64(5.968383017163505)
76.5402 	EXP 	sl_h: markerPos = np.float64(5.968383017163505)
76.5500 	EXP 	sl_h: markerPos = np.float64(5.968383017163505)
76.5571 	EXP 	sl_h: markerPos = np.float64(5.968383017163505)
76.5655 	EXP 	sl_h: markerPos = np.float64(5.968383017163505)
76.5722 	EXP 	sl_h: markerPos = np.float64(5.968383017163505)
76.5833 	EXP 	sl_h: markerPos = np.float64(5.968383017163505)
76.5901 	EXP 	sl_h: markerPos = np.float64(5.968383017163505)
76.5928 	DATA 	Mouse:  Left button up, pos=(989,108)
76.5989 	EXP 	sl_h: markerPos = np.float64(5.968383017163505)
76.6059 	EXP 	sl_h: markerPos = np.float64(5.968383017163505)
76.6064 	EXP 	New trial (rep=0, index=3): <Trial 3 (3 in rep 0) data={'q_sl': 'Насколько успешно получалось сравнивать квадраты?', 'thisN': 3, 'thisTrialN': 3, 'thisRepN': 0}>
76.6154 	EXP 	sl_h: autoDraw = False
76.6154 	EXP 	text_sl: autoDraw = False
76.6154 	EXP 	sl_h: markerPos = None
76.6154 	EXP 	sl_h: markerPos = 5
76.6154 	EXP 	text_sl: height = np.float64(0.030000000000000002)
76.6154 	EXP 	text_sl: height = np.float64(0.030000000000000002)
76.6154 	EXP 	text_sl: height = np.float64(0.030000000000000002)
76.6154 	EXP 	text_sl: text = 'Насколько успешно получалось сравнивать квадраты?'
76.6154 	EXP 	sl_h: autoDraw = True
76.6154 	EXP 	text_sl: autoDraw = True
76.8093 	DATA 	Mouse: Left button down, pos=(989,108)
76.8238 	EXP 	sl_h: markerPos = np.float64(5.968383017163505)
76.8320 	EXP 	sl_h: markerPos = np.float64(5.968383017163505)
76.8385 	EXP 	sl_h: markerPos = np.float64(5.968383017163505)
76.8494 	EXP 	sl_h: markerPos = np.float64(5.968383017163505)
76.8561 	EXP 	sl_h: markerPos = np.float64(5.968383017163505)
76.8666 	EXP 	sl_h: markerPos = np.float64(5.968383017163505)
76.8693 	DATA 	Mouse:  Left button up, pos=(989,108)
76.8740 	EXP 	sl_h: markerPos = np.float64(5.968383017163505)
76.8832 	EXP 	sl_h: markerPos = np.float64(5.968383017163505)
76.8836 	EXP 	New trial (rep=0, index=4): <Trial 4 (4 in rep 0) data={'q_sl': 'Вы довольны результатом?', 'thisN': 4, 'thisTrialN': 4, 'thisRepN': 0}>
76.8922 	EXP 	sl_h: autoDraw = False
76.8922 	EXP 	text_sl: autoDraw = False
76.8922 	EXP 	sl_h: markerPos = None
76.8922 	EXP 	sl_h: markerPos = 5
76.8922 	EXP 	text_sl: height = np.float64(0.030000000000000002)
76.8922 	EXP 	text_sl: height = np.float64(0.030000000000000002)
76.8922 	EXP 	text_sl: height = np.float64(0.030000000000000002)
76.8922 	EXP 	text_sl: text = 'Вы довольны результатом?'
76.8922 	EXP 	sl_h: autoDraw = True
76.8922 	EXP 	text_sl: autoDraw = True
76.9678 	DATA 	Mouse: Left button down, pos=(989,108)
76.9751 	EXP 	sl_h: markerPos = np.float64(5.968383017163505)
76.9841 	EXP 	sl_h: markerPos = np.float64(5.968383017163505)
76.9921 	EXP 	sl_h: markerPos = np.float64(5.968383017163505)
77.0002 	EXP 	sl_h: markerPos = np.float64(5.968383017163505)
77.0074 	EXP 	sl_h: markerPos = np.float64(5.968383017163505)
77.0168 	EXP 	sl_h: markerPos = np.float64(5.968383017163505)
77.0235 	EXP 	sl_h: markerPos = np.float64(5.968383017163505)
77.0261 	DATA 	Mouse:  Left button up, pos=(989,108)
77.0321 	EXP 	sl_h: markerPos = np.float64(5.968383017163505)
77.0388 	EXP 	sl_h: markerPos = np.float64(5.968383017163505)
77.0502 	INFO 	Keyboard events cleared
77.0501 	EXP 	sl_h: autoDraw = False
77.0501 	EXP 	text_sl: autoDraw = False
77.0501 	EXP 	text_5: height = np.float64(0.05)
77.0501 	EXP 	text_5: height = np.float64(0.05)
77.0501 	EXP 	text_5: height = np.float64(0.05)
77.0501 	EXP 	text_5: text = 'Всего правильных ответов:7'
77.0501 	EXP 	text_5: autoDraw = True
77.1054 	DATA 	Mouse: Left button down, pos=(989,108)
77.1799 	DATA 	Mouse:  Left button up, pos=(989,108)
77.2540 	DATA 	Mouse: Left button down, pos=(989,108)
77.3090 	DATA 	Mouse:  Left button up, pos=(989,108)
78.3688 	INFO 	Keyboard events cleared
78.3683 	EXP 	text_5: autoDraw = False
78.3683 	EXP 	text_6: autoDraw = True
82.5441 	EXP 	Device response: <KeyPress from None: t=82.53892870800337, value=6, duration=None>
82.5467 	DATA 	Keypress: 6
82.6114 	EXP 	Device response: <KeyPress from None: t=82.53892870800337, value=6, duration=0.06593637500191107>
82.8033 	EXP 	Device response: <KeyPress from None: t=82.80012224998791, value=6, duration=None>
82.8058 	DATA 	Keypress: 6
82.8931 	EXP 	Device response: <KeyPress from None: t=82.80012224998791, value=6, duration=0.08621704200049862>
83.1372 	EXP 	Device response: <KeyPress from None: t=83.1255170829827, value=7, duration=None>
83.1402 	DATA 	Keypress: 7
83.2106 	EXP 	Device response: <KeyPress from None: t=83.1255170829827, value=7, duration=0.08400741702644154>
83.8532 	EXP 	Device response: <KeyPress from None: t=83.8462046670029, value=space, duration=None>
83.8567 	DATA 	Keypress: space
83.9186 	EXP 	Device response: <KeyPress from None: t=83.8462046670029, value=space, duration=0.07080608297837898>
84.6191 	EXP 	Device response: <KeyPress from None: t=84.60690399998566, value=space, duration=None>
84.6216 	DATA 	Keypress: space
84.6771 	EXP 	Device response: <KeyPress from None: t=84.60690399998566, value=space, duration=0.06810437503736466>
87.0857 	EXP 	Device response: <KeyPress from None: t=87.07916241697967, value=7, duration=None>
87.0904 	DATA 	Keypress: 7
87.1615 	EXP 	Device response: <KeyPress from None: t=87.07916241697967, value=7, duration=0.08105233300011605>
87.2524 	EXP 	Device response: <KeyPress from None: t=87.24978179199388, value=7, duration=None>
87.2544 	DATA 	Keypress: 7
87.3030 	EXP 	Device response: <KeyPress from None: t=87.24978179199388, value=7, duration=0.05131783301476389>
87.3871 	EXP 	Device response: <KeyPress from None: t=87.3804001249955, value=7, duration=None>
87.3900 	DATA 	Keypress: 7
87.4360 	EXP 	Device response: <KeyPress from None: t=87.3804001249955, value=7, duration=0.05341412499547005>
87.5188 	EXP 	Device response: <KeyPress from None: t=87.51359695801511, value=7, duration=None>
87.5205 	DATA 	Keypress: 7
87.5916 	EXP 	Device response: <KeyPress from None: t=87.51359695801511, value=7, duration=0.07592445897171274>
88.2389 	EXP 	Device response: <KeyPress from None: t=88.23341787501704, value=5, duration=None>
88.2436 	DATA 	Keypress: 5
88.3039 	EXP 	Device response: <KeyPress from None: t=88.23341787501704, value=5, duration=0.06433158298023045>
88.4029 	EXP 	Device response: <KeyPress from None: t=88.40171420801198, value=6, duration=None>
88.4163 	DATA 	Keypress: 6
88.4677 	EXP 	Device response: <KeyPress from None: t=88.40171420801198, value=6, duration=0.05962245899718255>
88.5855 	EXP 	Device response: <KeyPress from None: t=88.58482695801649, value=7, duration=None>
88.5945 	DATA 	Keypress: 7
88.6251 	EXP 	Device response: <KeyPress from None: t=88.58482695801649, value=7, duration=0.03897937497822568>
89.2030 	EXP 	Device response: <KeyPress from None: t=89.1961838749703, value=return, duration=None>
89.2073 	DATA 	Keypress: return
89.2390 	EXP 	Device response: <KeyPress from None: t=89.1961838749703, value=return, duration=0.03270945802796632>
89.5781 	EXP 	Device response: <KeyPress from None: t=89.57362958299927, value=return, duration=None>
89.5801 	DATA 	Keypress: return
89.6277 	EXP 	Device response: <KeyPress from None: t=89.57362958299927, value=return, duration=0.047920792014338076>
90.0037 	EXP 	Device response: <KeyPress from None: t=89.99070520797977, value=space, duration=None>
90.0087 	DATA 	Keypress: space
90.0576 	EXP 	Device response: <KeyPress from None: t=89.99070520797977, value=space, duration=0.06339383398881182>
91.0128 	EXP 	Device response: <KeyPress from None: t=91.00598629197339, value=escape, duration=None>
91.0166 	DATA 	Keypress: escape
91.0766 	EXP 	Device response: <KeyPress from None: t=91.00598629197339, value=escape, duration=0.06836729100905359>
91.0771 	EXP 	4_calibr_sum: status = STOPPED
91.0847 	EXP 	text_6: autoDraw = False
91.0847 	EXP 	4_calibr_sum: status = STOPPED
91.1074 	INFO 	saved data to '/Users/arinasevruk/Desktop/Exp/MyExp/data/_4_calibr_sum_2025-12-30_18h44.09.571.csv'
91.1089 	INFO 	saved data to /Users/arinasevruk/Desktop/Exp/MyExp/data/_4_calibr_sum_2025-12-30_18h44.09.571.psydat
