9.9463 	WARNING 	Font Manager failed to load file /System/Library/PrivateFrameworks/FontServices.framework/Resources/Reserved/PingFangUI.ttc
10.0161 	WARNING 	Font Manager failed to load file /System/Library/PrivateFrameworks/FontServices.framework/Resources/Reserved/PingFangUI.ttc
11.7866 	INFO 	Loaded monitor calibration from ['2025_10_28 18:09']
11.8924 	INFO 	Using renderer 'Apple M4' for graphics
11.8924 	INFO 	OpenGL version supported by driver is 2..
11.9125 	EXP 	Created window1 = Window(allowGUI=True, allowStencil=True, autoLog=True, backendConf=UNKNOWN, backgroundFit=<method-wrapper '__getattribute__' of attributeSetter object at 0x158cacaf0>, backgroundImage=<method-wrapper '__getattribute__' of attributeSetter object at 0x158cacb50>, bitsMode=UNKNOWN, blendMode='avg', bpc=(8, 8, 8), color=array([-0.2314, -0.2314, -0.2314]), colorSpace='rgb', depthBits=8, fullscr=True, gamma=None, gammaErrorPolicy='raise', infoMsg=UNKNOWN, lms=UNKNOWN, monitor=<psychopy.monitors.calibTools.Monitor object at 0x15b0d0e50>, multiSample=False, name='window1', numSamples=2, pos=[np.float64(0.0), np.float64(0.0)], screen=0, size=array([3420, 2214]), stencilBits=8, stereo=False, title='PsychoPy', units='height', useFBO=True, useRetina=True, viewOri=0.0, viewPos=None, viewScale=None, waitBlanking=True, winType='pyglet')
11.9125 	EXP 	window1: backgroundImage = ''
11.9125 	EXP 	window1: backgroundFit = 'none'
12.1780 	EXP 	window1: Attempting to measure frame rate of screen (0) ...
12.1780 	EXP 	window1: recordFrameIntervals = False
12.3499 	EXP 	window1: recordFrameIntervals = True
12.5503 	EXP 	Screen (0) actual frame rate measured at 120.53Hz
12.5503 	EXP 	window1: recordFrameIntervals = False
14.7511 	INFO 	keyboard.Keyboard is using iohub backend.
14.7511 	INFO 	keyboard.Keyboard is using iohub backend.
14.7512 	INFO 	keyboard.Keyboard is using iohub backend.
14.7512 	INFO 	keyboard.Keyboard is using iohub backend.
14.7512 	INFO 	keyboard.Keyboard is using iohub backend.
14.7512 	INFO 	keyboard.Keyboard is using iohub backend.
14.7512 	INFO 	keyboard.Keyboard is using iohub backend.
14.7512 	INFO 	keyboard.Keyboard is using iohub backend.
14.7512 	INFO 	keyboard.Keyboard is using iohub backend.
14.7512 	INFO 	keyboard.Keyboard is using iohub backend.
14.7513 	EXP 	4_calibr_sum: status = STARTED
14.7805 	EXP 	Created main_instr_text = TextStim(__class__=<class 'psychopy.visual.text.TextStim'>, alignHoriz=method-wrapper(...), alignText='center', alignVert=method-wrapper(...), anchorHoriz='center', anchorVert='center', antialias=True, autoDraw=False, autoLog=True, bold=False, color=array([1., 1., 1.]), colorSpace='rgb', contrast=1.0, depth=0.0, draggable=False, flipHoriz=False, flipVert=False, font='Arial', fontFiles=[], height=np.float64(0.04), italic=False, languageStyle='LTR', name='main_instr_text', opacity=1, ori=0.0, pos=array([0., 0.]), rgb=UNKNOWN, text=str(...), units='height', win=Window(...), wrapWidth=1)
14.7876 	EXP 	Created BJW_inst_text = TextStim(__class__=<class 'psychopy.visual.text.TextStim'>, alignHoriz=method-wrapper(...), alignText='center', alignVert=method-wrapper(...), anchorHoriz='center', anchorVert='center', antialias=True, autoDraw=False, autoLog=True, bold=False, color=array([1., 1., 1.]), colorSpace='rgb', contrast=1.0, depth=0.0, draggable=False, flipHoriz=False, flipVert=False, font='Arial', fontFiles=[], height=np.float64(0.04), italic=False, languageStyle='LTR', name='BJW_inst_text', opacity=1, ori=0.0, pos=array([0., 0.]), rgb=UNKNOWN, text=str(...), units='height', win=Window(...), wrapWidth=1)
14.8520 	EXP 	Created BJW_slider = Slider(__class__=<class 'psychopy.visual.slider.Slider'>, autoDraw=False, autoLog=True, borderColor=None, color=None, colorSpace='rgb', depth=0, fillColor=None, flip=True, font='Open Sans', granularity=1.0, labelColor=None, labelHeight=np.float64(0.02), labelWrapWidth=None, labels=list(...), lineColor=None, markerColor=None, name='BJW_slider', opacity=None, ori=0.0, pos=array([ 0. , -0.4]), readOnly=False, self=UNKNOWN, size=array([1. , 0.1]), startValue=3, style='rating', styleTweaks=[], ticks=array([1, 2, 3, 4, 5]), units='height', win=Window(...))
14.8525 	EXP 	Created BJW_text = TextStim(__class__=<class 'psychopy.visual.text.TextStim'>, alignHoriz=method-wrapper(...), alignText='center', alignVert=method-wrapper(...), anchorHoriz='center', anchorVert='center', antialias=True, autoDraw=False, autoLog=True, bold=False, color=array([1., 1., 1.]), colorSpace='rgb', contrast=1.0, depth=-1.0, draggable=False, flipHoriz=False, flipVert=False, font='Arial', fontFiles=[], height=0.03, italic=False, languageStyle='LTR', name='BJW_text', opacity=1, ori=0.0, pos=array([0. , 0.2]), rgb=UNKNOWN, text='', units='height', win=Window(...), wrapWidth=1)
14.8565 	EXP 	Created text_instr = TextStim(__class__=<class 'psychopy.visual.text.TextStim'>, alignHoriz=method-wrapper(...), alignText='center', alignVert=method-wrapper(...), anchorHoriz='center', anchorVert='center', antialias=True, autoDraw=False, autoLog=True, bold=False, color=array([1., 1., 1.]), colorSpace='rgb', contrast=1.0, depth=0.0, draggable=False, flipHoriz=False, flipVert=False, font='Arial', fontFiles=[], height=np.float64(0.04), italic=False, languageStyle='LTR', name='text_instr', opacity=1, ori=0.0, pos=array([0., 0.]), rgb=UNKNOWN, text=str(...), units='height', win=Window(...), wrapWidth=1)
14.8608 	EXP 	Created text_3 = TextStim(__class__=<class 'psychopy.visual.text.TextStim'>, alignHoriz=method-wrapper(...), alignText='center', alignVert=method-wrapper(...), anchorHoriz='center', anchorVert='center', antialias=True, autoDraw=False, autoLog=True, bold=False, color=array([1., 1., 1.]), colorSpace='rgb', contrast=1.0, depth=0.0, draggable=False, flipHoriz=False, flipVert=False, font='Arial', fontFiles=[], height=np.float64(0.04), italic=False, languageStyle='LTR', name='text_3', opacity=1, ori=0.0, pos=array([0., 0.]), rgb=UNKNOWN, text=str(...), units='height', win=Window(...), wrapWidth=1)
14.8614 	EXP 	Created pol_1 = Rect(__class__=<class 'psychopy.visual.rect.Rect'>, anchor=('center', 'center'), autoDraw=False, autoLog=True, closeShape=True, color=method-wrapper(...), colorSpace='rgb', contrast=None, depth=-1.0, draggable=False, fillColor=array([1, 1, 1]), fillColorSpace='rgb', fillRGB=array([1, 1, 1]), interpolate=True, lineColor=array([1., 1., 1.]), lineColorSpace='rgb', lineRGB=array([1, 1, 1]), lineWidth=1.0, name='pol_1', opacity=1.0, ori=1.0, pos=array([0., 0.]), size=array([1., 1.]), units='height', vertices=ndarray(...), win=Window(...))
14.8619 	EXP 	Created pol_2 = Rect(__class__=<class 'psychopy.visual.rect.Rect'>, anchor=('center', 'center'), autoDraw=False, autoLog=True, closeShape=True, color=method-wrapper(...), colorSpace='rgb', contrast=None, depth=-2.0, draggable=False, fillColor=array([1, 1, 1]), fillColorSpace='rgb', fillRGB=array([1, 1, 1]), interpolate=True, lineColor=array([1., 1., 1.]), lineColorSpace='rgb', lineRGB=array([1, 1, 1]), lineWidth=1.0, name='pol_2', opacity=1.0, ori=1.0, pos=array([0., 0.]), size=array([1., 1.]), units='height', vertices=ndarray(...), win=Window(...))
14.8661 	EXP 	Created text_tren = TextStim(__class__=<class 'psychopy.visual.text.TextStim'>, alignHoriz=method-wrapper(...), alignText='center', alignVert=method-wrapper(...), anchorHoriz='center', anchorVert='center', antialias=True, autoDraw=False, autoLog=True, bold=False, color=array([1., 1., 1.]), colorSpace='rgb', contrast=1.0, depth=-4.0, draggable=False, flipHoriz=False, flipVert=False, font='Arial', fontFiles=[], height=np.float64(0.030000000000000002), italic=False, languageStyle='LTR', name='text_tren', opacity=1, ori=0.0, pos=array([0.  , 0.35]), rgb=UNKNOWN, text=str(...), units='height', win=Window(...), wrapWidth=1)
14.8664 	EXP 	Created text_fb_tren = TextStim(__class__=<class 'psychopy.visual.text.TextStim'>, alignHoriz=method-wrapper(...), alignText='center', alignVert=method-wrapper(...), anchorHoriz='center', anchorVert='center', antialias=True, autoDraw=False, autoLog=True, bold=False, color=array([1., 1., 1.]), colorSpace='rgb', contrast=1.0, depth=-1.0, draggable=False, flipHoriz=False, flipVert=False, font='Arial', fontFiles=[], height=0.03, italic=False, languageStyle='LTR', name='text_fb_tren', opacity=1, ori=0.0, pos=array([0., 0.]), rgb=UNKNOWN, text='', units='height', win=Window(...), wrapWidth=1)
14.8688 	EXP 	Created text_4 = TextStim(__class__=<class 'psychopy.visual.text.TextStim'>, alignHoriz=method-wrapper(...), alignText='center', alignVert=method-wrapper(...), anchorHoriz='center', anchorVert='center', antialias=True, autoDraw=False, autoLog=True, bold=False, color=array([1., 1., 1.]), colorSpace='rgb', contrast=1.0, depth=0.0, draggable=False, flipHoriz=False, flipVert=False, font='Arial', fontFiles=[], height=np.float64(0.04), italic=False, languageStyle='LTR', name='text_4', opacity=1, ori=0.0, pos=array([0., 0.]), rgb=UNKNOWN, text=str(...), units='height', win=Window(...), wrapWidth=1)
14.8693 	EXP 	Created sq_1 = Rect(__class__=<class 'psychopy.visual.rect.Rect'>, anchor=('center', 'center'), autoDraw=False, autoLog=True, closeShape=True, color=method-wrapper(...), colorSpace='rgb', contrast=None, depth=0.0, draggable=False, fillColor=array([1., 1., 1.]), fillColorSpace='rgb', fillRGB=array([1., 1., 1.]), interpolate=True, lineColor=array([1., 1., 1.]), lineColorSpace='rgb', lineRGB=array([1, 1, 1]), lineWidth=1.0, name='sq_1', opacity=1.0, ori=1.0, pos=array([0., 0.]), size=array([1., 1.]), units='height', vertices=ndarray(...), win=Window(...))
14.8699 	EXP 	Created sq_2 = Rect(__class__=<class 'psychopy.visual.rect.Rect'>, anchor=('center', 'center'), autoDraw=False, autoLog=True, closeShape=True, color=method-wrapper(...), colorSpace='rgb', contrast=None, depth=-1.0, draggable=False, fillColor=array([1, 1, 1]), fillColorSpace='rgb', fillRGB=array([1, 1, 1]), interpolate=True, lineColor=array([1., 1., 1.]), lineColorSpace='rgb', lineRGB=array([1, 1, 1]), lineWidth=1.0, name='sq_2', opacity=1.0, ori=1.0, pos=array([0., 0.]), size=array([1., 1.]), units='height', vertices=ndarray(...), win=Window(...))
14.8716 	EXP 	Created text = TextStim(__class__=<class 'psychopy.visual.text.TextStim'>, alignHoriz=method-wrapper(...), alignText='center', alignVert=method-wrapper(...), anchorHoriz='center', anchorVert='center', antialias=True, autoDraw=False, autoLog=True, bold=False, color=array([1., 1., 1.]), colorSpace='rgb', contrast=1.0, depth=-3.0, draggable=False, flipHoriz=False, flipVert=False, font='Arial', fontFiles=[], height=np.float64(0.030000000000000002), italic=False, languageStyle='LTR', name='text', opacity=1, ori=0.0, pos=array([0.  , 0.35]), rgb=UNKNOWN, text=str(...), units='height', win=Window(...), wrapWidth=1)
14.8720 	EXP 	Created text_fb_task = TextStim(__class__=<class 'psychopy.visual.text.TextStim'>, alignHoriz=method-wrapper(...), alignText='center', alignVert=method-wrapper(...), anchorHoriz='center', anchorVert='center', antialias=True, autoDraw=False, autoLog=True, bold=False, color=array([1., 1., 1.]), colorSpace='rgb', contrast=1.0, depth=-1.0, draggable=False, flipHoriz=False, flipVert=False, font='Arial', fontFiles=[], height=0.05, italic=False, languageStyle='LTR', name='text_fb_task', opacity=1, ori=0.0, pos=array([0., 0.]), rgb=UNKNOWN, text='', units='height', win=Window(...), wrapWidth=1)
14.9051 	EXP 	Created sl_h = Slider(__class__=<class 'psychopy.visual.slider.Slider'>, autoDraw=False, autoLog=True, borderColor=None, color=None, colorSpace='rgb', depth=0, fillColor=None, flip=True, font='Open Sans', granularity=0.0, labelColor=None, labelHeight=np.float64(0.030000000000000002), labelWrapWidth=None, labels=['совсем нет', 'очень'], lineColor=None, markerColor=None, name='sl_h', opacity=None, ori=0.0, pos=array([ 0. , -0.4]), readOnly=False, self=UNKNOWN, size=array([1. , 0.1]), startValue=5, style='rating', styleTweaks=[], ticks=array([1, 2, 3, 4, 5, 6, 7, 8, 9]), units='height', win=Window(...))
14.9054 	EXP 	Created text_sl = TextStim(__class__=<class 'psychopy.visual.text.TextStim'>, alignHoriz=method-wrapper(...), alignText='center', alignVert=method-wrapper(...), anchorHoriz='center', anchorVert='center', antialias=True, autoDraw=False, autoLog=True, bold=False, color=array([1., 1., 1.]), colorSpace='rgb', contrast=1.0, depth=-1.0, draggable=False, flipHoriz=False, flipVert=False, font='Arial', fontFiles=[], height=0.03, italic=False, languageStyle='LTR', name='text_sl', opacity=1, ori=0.0, pos=array([0. , 0.2]), rgb=UNKNOWN, text='', units='height', win=Window(...), wrapWidth=1)
14.9057 	EXP 	Created text_5 = TextStim(__class__=<class 'psychopy.visual.text.TextStim'>, alignHoriz=method-wrapper(...), alignText='center', alignVert=method-wrapper(...), anchorHoriz='center', anchorVert='center', antialias=True, autoDraw=False, autoLog=True, bold=False, color=array([1., 1., 1.]), colorSpace='rgb', contrast=1.0, depth=-1.0, draggable=False, flipHoriz=False, flipVert=False, font='Arial', fontFiles=[], height=0.05, italic=False, languageStyle='LTR', name='text_5', opacity=1, ori=0.0, pos=array([0., 0.]), rgb=UNKNOWN, text='', units='height', win=Window(...), wrapWidth=1)
14.9490 	EXP 	Created text_th = TextStim(__class__=<class 'psychopy.visual.text.TextStim'>, alignHoriz=method-wrapper(...), alignText='center', alignVert=method-wrapper(...), anchorHoriz='center', anchorVert='center', antialias=True, autoDraw=False, autoLog=True, bold=False, color=array([1., 1., 1.]), colorSpace='rgb', contrast=1.0, depth=0.0, draggable=False, flipHoriz=False, flipVert=False, font='Arial', fontFiles=[], height=np.float64(0.04), italic=False, languageStyle='LTR', name='text_th', opacity=1, ori=0.0, pos=array([0., 0.]), rgb=UNKNOWN, text='Спасибо за участие!\n', units='height', win=Window(...), wrapWidth=1)
0.0158 	EXP 	BJW_slider: autoLog = True
0.0158 	EXP 	BJW_slider: styleTweaks = []
0.0158 	EXP 	BJW_slider: styleTweaks = []
0.0158 	EXP 	BJW_slider: styleTweaks = []
0.0158 	EXP 	BJW_slider: styleTweaks = []
0.0158 	EXP 	BJW_slider: contrast = 1.0
0.0158 	EXP 	BJW_slider: markerPos = 3
0.0158 	EXP 	BJW_slider: autoLog = True
0.0158 	EXP 	sl_h: autoLog = True
0.0158 	EXP 	sl_h: styleTweaks = []
0.0158 	EXP 	sl_h: styleTweaks = []
0.0158 	EXP 	sl_h: styleTweaks = []
0.0158 	EXP 	sl_h: styleTweaks = []
0.0158 	EXP 	sl_h: contrast = 1.0
0.0158 	EXP 	sl_h: markerPos = 5
0.0158 	EXP 	sl_h: autoLog = True
0.0158 	EXP 	textbox: autoLog = True
0.0237 	INFO 	Keyboard events cleared
0.0234 	EXP 	main_instr_text: autoDraw = True
0.4758 	EXP 	Device response: <KeyPress from None: t=0.44392941700061783, value=space, duration=None>
0.4875 	DATA 	Keypress: space
0.4963 	INFO 	Keyboard events cleared
0.4960 	EXP 	main_instr_text: autoDraw = False
0.4960 	EXP 	BJW_inst_text: autoDraw = True
0.5264 	EXP 	Device response: <KeyPress from None: t=0.44392941700061783, value=space, duration=0.08144350000657141>
0.8525 	EXP 	Device response: <KeyPress from None: t=0.8419662499800324, value=space, duration=None>
0.8610 	EXP 	Imported BJW.xlsx as conditions, 13 conditions, 1 params
0.8617 	EXP 	New trial (rep=0, index=0): <Trial 0 (0 in rep 0) data={'Text': 'Я считаю, что, по большому счету, заслуживаю того, что происходит со мной.', 'thisN': 0, 'thisTrialN': 0, 'thisRepN': 0}>
0.8782 	DATA 	Keypress: space
0.9021 	EXP 	BJW_inst_text: autoDraw = False
0.9021 	EXP 	BJW_slider: markerPos = None
0.9021 	EXP 	BJW_slider: markerPos = 3
0.9021 	EXP 	BJW_text: height = np.float64(0.030000000000000002)
0.9021 	EXP 	BJW_text: height = np.float64(0.030000000000000002)
0.9021 	EXP 	BJW_text: height = np.float64(0.030000000000000002)
0.9021 	EXP 	BJW_text: text = 'Я считаю, что, по большому счету, заслуживаю того, что происходит со мной.'
0.9021 	EXP 	BJW_slider: autoDraw = True
0.9021 	EXP 	BJW_text: autoDraw = True
0.9286 	EXP 	Device response: <KeyPress from None: t=0.8419662499800324, value=space, duration=0.07688599999528378>
1.0713 	EXP 	Device response: <KeyPress from None: t=1.070599291997496, value=space, duration=None>
1.0769 	DATA 	Keypress: space
1.1762 	EXP 	Device response: <KeyPress from None: t=1.070599291997496, value=space, duration=0.10479599999962375>
2.7027 	DATA 	Mouse: Left button down, pos=(870,100)
2.7155 	EXP 	BJW_slider: markerPos = np.float64(3.05420054200542)
2.7229 	EXP 	BJW_slider: markerPos = np.float64(3.05420054200542)
2.7328 	EXP 	BJW_slider: markerPos = np.float64(3.05420054200542)
2.7403 	EXP 	BJW_slider: markerPos = np.float64(3.05420054200542)
2.7488 	EXP 	BJW_slider: markerPos = np.float64(3.05420054200542)
2.7562 	EXP 	BJW_slider: markerPos = np.float64(3.05420054200542)
2.7566 	DATA 	Mouse:  Left button up, pos=(870,100)
2.7664 	EXP 	BJW_slider: markerPos = 3.0
2.7668 	EXP 	New trial (rep=0, index=1): <Trial 1 (1 in rep 0) data={'Text': 'Как правило, жизнь ко\xa0мне справедлива.', 'thisN': 1, 'thisTrialN': 1, 'thisRepN': 0}>
2.7760 	EXP 	BJW_slider: autoDraw = False
2.7760 	EXP 	BJW_text: autoDraw = False
2.7760 	EXP 	BJW_slider: markerPos = None
2.7760 	EXP 	BJW_slider: markerPos = 3
2.7760 	EXP 	BJW_text: height = np.float64(0.030000000000000002)
2.7760 	EXP 	BJW_text: height = np.float64(0.030000000000000002)
2.7760 	EXP 	BJW_text: height = np.float64(0.030000000000000002)
2.7760 	EXP 	BJW_text: text = 'Как правило, жизнь ко\xa0мне справедлива.'
2.7760 	EXP 	BJW_slider: autoDraw = True
2.7760 	EXP 	BJW_text: autoDraw = True
2.8334 	DATA 	Mouse: Left button down, pos=(870,100)
2.8409 	EXP 	BJW_slider: markerPos = np.float64(3.05420054200542)
2.8490 	EXP 	BJW_slider: markerPos = np.float64(3.05420054200542)
2.8564 	EXP 	BJW_slider: markerPos = np.float64(3.05420054200542)
2.8663 	EXP 	BJW_slider: markerPos = np.float64(3.05420054200542)
2.8737 	EXP 	BJW_slider: markerPos = np.float64(3.05420054200542)
2.8822 	EXP 	BJW_slider: markerPos = np.float64(3.05420054200542)
2.8895 	EXP 	BJW_slider: markerPos = np.float64(3.05420054200542)
2.8998 	EXP 	BJW_slider: markerPos = np.float64(3.05420054200542)
2.9002 	DATA 	Mouse:  Left button up, pos=(870,100)
2.9074 	EXP 	BJW_slider: markerPos = 3.0
2.9077 	EXP 	New trial (rep=0, index=2): <Trial 2 (2 in rep 0) data={'Text': 'Я верю, что обычно получаю то, что заслуживаю.', 'thisN': 2, 'thisTrialN': 2, 'thisRepN': 0}>
2.9174 	EXP 	BJW_slider: autoDraw = False
2.9174 	EXP 	BJW_text: autoDraw = False
2.9174 	EXP 	BJW_slider: markerPos = None
2.9174 	EXP 	BJW_slider: markerPos = 3
2.9174 	EXP 	BJW_text: height = np.float64(0.030000000000000002)
2.9174 	EXP 	BJW_text: height = np.float64(0.030000000000000002)
2.9174 	EXP 	BJW_text: height = np.float64(0.030000000000000002)
2.9174 	EXP 	BJW_text: text = 'Я верю, что обычно получаю то, что заслуживаю.'
2.9174 	EXP 	BJW_slider: autoDraw = True
2.9174 	EXP 	BJW_text: autoDraw = True
2.9735 	DATA 	Mouse: Left button down, pos=(870,100)
2.9827 	EXP 	BJW_slider: markerPos = np.float64(3.05420054200542)
2.9901 	EXP 	BJW_slider: markerPos = np.float64(3.05420054200542)
2.9988 	EXP 	BJW_slider: markerPos = np.float64(3.05420054200542)
3.0061 	EXP 	BJW_slider: markerPos = np.float64(3.05420054200542)
3.0163 	EXP 	BJW_slider: markerPos = np.float64(3.05420054200542)
3.0236 	EXP 	BJW_slider: markerPos = np.float64(3.05420054200542)
3.0270 	DATA 	Mouse:  Left button up, pos=(870,100)
3.0326 	EXP 	BJW_slider: markerPos = np.float64(3.05420054200542)
3.0400 	EXP 	BJW_slider: markerPos = 3.0
3.0404 	EXP 	New trial (rep=0, index=3): <Trial 3 (3 in rep 0) data={'Text': 'В моей жизни в\xa0общем и\xa0целом всё происходит справедливо.', 'thisN': 3, 'thisTrialN': 3, 'thisRepN': 0}>
3.0506 	EXP 	BJW_slider: autoDraw = False
3.0506 	EXP 	BJW_text: autoDraw = False
3.0506 	EXP 	BJW_slider: markerPos = None
3.0506 	EXP 	BJW_slider: markerPos = 3
3.0506 	EXP 	BJW_text: height = np.float64(0.030000000000000002)
3.0506 	EXP 	BJW_text: height = np.float64(0.030000000000000002)
3.0506 	EXP 	BJW_text: height = np.float64(0.030000000000000002)
3.0506 	EXP 	BJW_text: text = 'В моей жизни в\xa0общем и\xa0целом всё происходит справедливо.'
3.0506 	EXP 	BJW_slider: autoDraw = True
3.0506 	EXP 	BJW_text: autoDraw = True
3.1095 	DATA 	Mouse: Left button down, pos=(870,100)
3.1237 	EXP 	BJW_slider: markerPos = np.float64(3.05420054200542)
3.1330 	EXP 	BJW_slider: markerPos = np.float64(3.05420054200542)
3.1402 	EXP 	BJW_slider: markerPos = np.float64(3.05420054200542)
3.1492 	EXP 	BJW_slider: markerPos = np.float64(3.05420054200542)
3.1566 	EXP 	BJW_slider: markerPos = np.float64(3.05420054200542)
3.1600 	DATA 	Mouse:  Left button up, pos=(870,100)
3.1654 	EXP 	BJW_slider: markerPos = np.float64(3.05420054200542)
3.1727 	EXP 	BJW_slider: markerPos = 3.0
3.1731 	EXP 	New trial (rep=0, index=4): <Trial 4 (4 in rep 0) data={'Text': 'В моей жизни несправедливость – скорее исключение, чем правило.', 'thisN': 4, 'thisTrialN': 4, 'thisRepN': 0}>
3.1831 	EXP 	BJW_slider: autoDraw = False
3.1831 	EXP 	BJW_text: autoDraw = False
3.1831 	EXP 	BJW_slider: markerPos = None
3.1831 	EXP 	BJW_slider: markerPos = 3
3.1831 	EXP 	BJW_text: height = np.float64(0.030000000000000002)
3.1831 	EXP 	BJW_text: height = np.float64(0.030000000000000002)
3.1831 	EXP 	BJW_text: height = np.float64(0.030000000000000002)
3.1831 	EXP 	BJW_text: text = 'В моей жизни несправедливость – скорее исключение, чем правило.'
3.1831 	EXP 	BJW_slider: autoDraw = True
3.1831 	EXP 	BJW_text: autoDraw = True
3.2335 	DATA 	Mouse: Left button down, pos=(870,100)
3.2410 	EXP 	BJW_slider: markerPos = np.float64(3.05420054200542)
3.2489 	EXP 	BJW_slider: markerPos = np.float64(3.05420054200542)
3.2562 	EXP 	BJW_slider: markerPos = np.float64(3.05420054200542)
3.2664 	EXP 	BJW_slider: markerPos = np.float64(3.05420054200542)
3.2738 	EXP 	BJW_slider: markerPos = np.float64(3.05420054200542)
3.2822 	EXP 	BJW_slider: markerPos = np.float64(3.05420054200542)
3.2896 	EXP 	BJW_slider: markerPos = np.float64(3.05420054200542)
3.2995 	EXP 	BJW_slider: markerPos = np.float64(3.05420054200542)
3.2999 	DATA 	Mouse:  Left button up, pos=(870,100)
3.3071 	EXP 	BJW_slider: markerPos = 3.0
3.3075 	EXP 	New trial (rep=0, index=5): <Trial 5 (5 in rep 0) data={'Text': 'Я считаю, что в\xa0целом в\xa0моей жизни всё справедливо.', 'thisN': 5, 'thisTrialN': 5, 'thisRepN': 0}>
3.3169 	EXP 	BJW_slider: autoDraw = False
3.3169 	EXP 	BJW_text: autoDraw = False
3.3169 	EXP 	BJW_slider: markerPos = None
3.3169 	EXP 	BJW_slider: markerPos = 3
3.3169 	EXP 	BJW_text: height = np.float64(0.030000000000000002)
3.3169 	EXP 	BJW_text: height = np.float64(0.030000000000000002)
3.3169 	EXP 	BJW_text: height = np.float64(0.030000000000000002)
3.3169 	EXP 	BJW_text: text = 'Я считаю, что в\xa0целом в\xa0моей жизни всё справедливо.'
3.3169 	EXP 	BJW_slider: autoDraw = True
3.3169 	EXP 	BJW_text: autoDraw = True
3.3693 	DATA 	Mouse: Left button down, pos=(870,100)
3.3822 	EXP 	BJW_slider: markerPos = np.float64(3.05420054200542)
3.3895 	EXP 	BJW_slider: markerPos = np.float64(3.05420054200542)
3.3996 	EXP 	BJW_slider: markerPos = np.float64(3.05420054200542)
3.4069 	EXP 	BJW_slider: markerPos = np.float64(3.05420054200542)
3.4155 	EXP 	BJW_slider: markerPos = np.float64(3.05420054200542)
3.4230 	EXP 	BJW_slider: markerPos = np.float64(3.05420054200542)
3.4233 	DATA 	Mouse:  Left button up, pos=(870,100)
3.4329 	EXP 	BJW_slider: markerPos = 3.0
3.4333 	EXP 	New trial (rep=0, index=6): <Trial 6 (6 in rep 0) data={'Text': 'Я думаю, что важные решения, которые касаются меня, обычно справедливы.', 'thisN': 6, 'thisTrialN': 6, 'thisRepN': 0}>
3.4427 	EXP 	BJW_slider: autoDraw = False
3.4427 	EXP 	BJW_text: autoDraw = False
3.4427 	EXP 	BJW_slider: markerPos = None
3.4427 	EXP 	BJW_slider: markerPos = 3
3.4427 	EXP 	BJW_text: height = np.float64(0.030000000000000002)
3.4427 	EXP 	BJW_text: height = np.float64(0.030000000000000002)
3.4427 	EXP 	BJW_text: height = np.float64(0.030000000000000002)
3.4427 	EXP 	BJW_text: text = 'Я думаю, что важные решения, которые касаются меня, обычно справедливы.'
3.4427 	EXP 	BJW_slider: autoDraw = True
3.4427 	EXP 	BJW_text: autoDraw = True
3.4907 	DATA 	Mouse: Left button down, pos=(870,100)
3.4996 	EXP 	BJW_slider: markerPos = np.float64(3.05420054200542)
3.5068 	EXP 	BJW_slider: markerPos = np.float64(3.05420054200542)
3.5154 	EXP 	BJW_slider: markerPos = np.float64(3.05420054200542)
3.5227 	EXP 	BJW_slider: markerPos = np.float64(3.05420054200542)
3.5331 	EXP 	BJW_slider: markerPos = np.float64(3.05420054200542)
3.5403 	EXP 	BJW_slider: markerPos = np.float64(3.05420054200542)
3.5488 	EXP 	BJW_slider: markerPos = np.float64(3.05420054200542)
3.5560 	EXP 	BJW_slider: markerPos = np.float64(3.05420054200542)
3.5663 	EXP 	BJW_slider: markerPos = np.float64(3.05420054200542)
3.5666 	DATA 	Mouse:  Left button up, pos=(870,100)
3.5738 	EXP 	BJW_slider: markerPos = 3.0
3.5742 	EXP 	New trial (rep=0, index=7): <Trial 7 (7 in rep 0) data={'Text': 'Я считаю, что в\xa0целом мир справедлив.', 'thisN': 7, 'thisTrialN': 7, 'thisRepN': 0}>
3.5836 	EXP 	BJW_slider: autoDraw = False
3.5836 	EXP 	BJW_text: autoDraw = False
3.5836 	EXP 	BJW_slider: markerPos = None
3.5836 	EXP 	BJW_slider: markerPos = 3
3.5836 	EXP 	BJW_text: height = np.float64(0.030000000000000002)
3.5836 	EXP 	BJW_text: height = np.float64(0.030000000000000002)
3.5836 	EXP 	BJW_text: height = np.float64(0.030000000000000002)
3.5836 	EXP 	BJW_text: text = 'Я считаю, что в\xa0целом мир справедлив.'
3.5836 	EXP 	BJW_slider: autoDraw = True
3.5836 	EXP 	BJW_text: autoDraw = True
3.6333 	DATA 	Mouse: Left button down, pos=(870,100)
3.6408 	EXP 	BJW_slider: markerPos = np.float64(3.05420054200542)
3.6488 	EXP 	BJW_slider: markerPos = np.float64(3.05420054200542)
3.6564 	EXP 	BJW_slider: markerPos = np.float64(3.05420054200542)
3.6664 	EXP 	BJW_slider: markerPos = np.float64(3.05420054200542)
3.6738 	EXP 	BJW_slider: markerPos = np.float64(3.05420054200542)
3.6821 	EXP 	BJW_slider: markerPos = np.float64(3.05420054200542)
3.6894 	EXP 	BJW_slider: markerPos = np.float64(3.05420054200542)
3.6997 	EXP 	BJW_slider: markerPos = np.float64(3.05420054200542)
3.7030 	DATA 	Mouse:  Left button up, pos=(870,100)
3.7072 	EXP 	BJW_slider: markerPos = np.float64(3.05420054200542)
3.7157 	EXP 	BJW_slider: markerPos = 3.0
3.7160 	EXP 	New trial (rep=0, index=8): <Trial 8 (8 in rep 0) data={'Text': 'Я считаю, что, по\xa0большому счету, люди получают то, что заслуживают.', 'thisN': 8, 'thisTrialN': 8, 'thisRepN': 0}>
3.7256 	EXP 	BJW_slider: autoDraw = False
3.7256 	EXP 	BJW_text: autoDraw = False
3.7256 	EXP 	BJW_slider: markerPos = None
3.7256 	EXP 	BJW_slider: markerPos = 3
3.7256 	EXP 	BJW_text: height = np.float64(0.030000000000000002)
3.7256 	EXP 	BJW_text: height = np.float64(0.030000000000000002)
3.7256 	EXP 	BJW_text: height = np.float64(0.030000000000000002)
3.7256 	EXP 	BJW_text: text = 'Я считаю, что, по\xa0большому счету, люди получают то, что заслуживают.'
3.7256 	EXP 	BJW_slider: autoDraw = True
3.7256 	EXP 	BJW_text: autoDraw = True
3.7535 	DATA 	Mouse: Left button down, pos=(870,100)
3.7675 	EXP 	BJW_slider: markerPos = np.float64(3.05420054200542)
3.7758 	EXP 	BJW_slider: markerPos = np.float64(3.05420054200542)
3.7993 	EXP 	BJW_slider: markerPos = np.float64(3.05420054200542)
3.8163 	EXP 	BJW_slider: markerPos = np.float64(3.05420054200542)
3.8246 	EXP 	BJW_slider: markerPos = np.float64(3.05420054200542)
3.8289 	DATA 	Mouse:  Left button up, pos=(870,100)
3.8338 	EXP 	BJW_slider: markerPos = np.float64(3.05420054200542)
3.8421 	EXP 	BJW_slider: markerPos = 3.0
3.8426 	EXP 	New trial (rep=0, index=9): <Trial 9 (9 in rep 0) data={'Text': 'Я уверен, что справедливость всегда побеждает несправедливость.', 'thisN': 9, 'thisTrialN': 9, 'thisRepN': 0}>
3.8532 	EXP 	BJW_slider: autoDraw = False
3.8532 	EXP 	BJW_text: autoDraw = False
3.8532 	EXP 	BJW_slider: markerPos = None
3.8532 	EXP 	BJW_slider: markerPos = 3
3.8532 	EXP 	BJW_text: height = np.float64(0.030000000000000002)
3.8532 	EXP 	BJW_text: height = np.float64(0.030000000000000002)
3.8532 	EXP 	BJW_text: height = np.float64(0.030000000000000002)
3.8532 	EXP 	BJW_text: text = 'Я уверен, что справедливость всегда побеждает несправедливость.'
3.8532 	EXP 	BJW_slider: autoDraw = True
3.8532 	EXP 	BJW_text: autoDraw = True
3.8761 	DATA 	Mouse: Left button down, pos=(870,100)
3.8859 	EXP 	BJW_slider: markerPos = np.float64(3.05420054200542)
3.9006 	EXP 	BJW_slider: markerPos = np.float64(3.05420054200542)
3.9099 	EXP 	BJW_slider: markerPos = np.float64(3.05420054200542)
3.9201 	EXP 	BJW_slider: markerPos = np.float64(3.05420054200542)
3.9341 	EXP 	BJW_slider: markerPos = np.float64(3.05420054200542)
3.9383 	DATA 	Mouse:  Left button up, pos=(870,100)
3.9440 	EXP 	BJW_slider: markerPos = np.float64(3.05420054200542)
3.9543 	EXP 	BJW_slider: markerPos = 3.0
3.9547 	EXP 	New trial (rep=0, index=10): <Trial 10 (10 in rep 0) data={'Text': 'Я убежден, что, если человек пережил несправедливость, в\xa0будущем это возместится.', 'thisN': 10, 'thisTrialN': 10, 'thisRepN': 0}>
3.9680 	EXP 	BJW_slider: autoDraw = False
3.9680 	EXP 	BJW_text: autoDraw = False
3.9680 	EXP 	BJW_slider: markerPos = None
3.9680 	EXP 	BJW_slider: markerPos = 3
3.9680 	EXP 	BJW_text: height = np.float64(0.030000000000000002)
3.9680 	EXP 	BJW_text: height = np.float64(0.030000000000000002)
3.9680 	EXP 	BJW_text: height = np.float64(0.030000000000000002)
3.9680 	EXP 	BJW_text: text = 'Я убежден, что, если человек пережил несправедливость, в\xa0будущем это возместится.'
3.9680 	EXP 	BJW_slider: autoDraw = True
3.9680 	EXP 	BJW_text: autoDraw = True
4.0010 	DATA 	Mouse: Left button down, pos=(870,100)
4.0166 	EXP 	BJW_slider: markerPos = np.float64(3.05420054200542)
4.0264 	EXP 	BJW_slider: markerPos = np.float64(3.05420054200542)
4.0365 	EXP 	BJW_slider: markerPos = np.float64(3.05420054200542)
4.0510 	EXP 	BJW_slider: markerPos = np.float64(3.05420054200542)
4.0599 	EXP 	BJW_slider: markerPos = np.float64(3.05420054200542)
4.0702 	EXP 	BJW_slider: markerPos = np.float64(3.05420054200542)
4.0742 	DATA 	Mouse:  Left button up, pos=(870,100)
4.0844 	EXP 	BJW_slider: markerPos = np.float64(3.05420054200542)
4.0931 	EXP 	BJW_slider: markerPos = 3.0
4.0937 	EXP 	New trial (rep=0, index=11): <Trial 11 (11 in rep 0) data={'Text': 'Я твердо уверен, что несправедливость в\xa0самых разных жизненных ситуациях (в семье, учебе и\xa0т. д.) – скорее исключение, чем правило.', 'thisN': 11, 'thisTrialN': 11, 'thisRepN': 0}>
4.1074 	EXP 	BJW_slider: autoDraw = False
4.1074 	EXP 	BJW_text: autoDraw = False
4.1074 	EXP 	BJW_slider: markerPos = None
4.1074 	EXP 	BJW_slider: markerPos = 3
4.1074 	EXP 	BJW_text: height = np.float64(0.030000000000000002)
4.1074 	EXP 	BJW_text: height = np.float64(0.030000000000000002)
4.1074 	EXP 	BJW_text: height = np.float64(0.030000000000000002)
4.1074 	EXP 	BJW_text: text = 'Я твердо уверен, что несправедливость в\xa0самых разных жизненных ситуациях (в семье, учебе и\xa0т. д.) – скорее исключение, чем правило.'
4.1074 	EXP 	BJW_slider: autoDraw = True
4.1074 	EXP 	BJW_text: autoDraw = True
4.1453 	DATA 	Mouse: Left button down, pos=(870,100)
4.1545 	EXP 	BJW_slider: markerPos = np.float64(3.05420054200542)
4.1671 	EXP 	BJW_slider: markerPos = np.float64(3.05420054200542)
4.1760 	EXP 	BJW_slider: markerPos = np.float64(3.05420054200542)
4.2002 	EXP 	BJW_slider: markerPos = np.float64(3.05420054200542)
4.2173 	EXP 	BJW_slider: markerPos = np.float64(3.05420054200542)
4.2280 	EXP 	BJW_slider: markerPos = np.float64(3.05420054200542)
4.2287 	DATA 	Mouse:  Left button up, pos=(870,100)
4.2384 	EXP 	BJW_slider: markerPos = 3.0
4.2392 	EXP 	New trial (rep=0, index=12): <Trial 12 (12 in rep 0) data={'Text': 'Я думаю, что все, кто принимает важные решения, стремятся быть справедливыми.', 'thisN': 12, 'thisTrialN': 12, 'thisRepN': 0}>
4.2524 	EXP 	BJW_slider: autoDraw = False
4.2524 	EXP 	BJW_text: autoDraw = False
4.2524 	EXP 	BJW_slider: markerPos = None
4.2524 	EXP 	BJW_slider: markerPos = 3
4.2524 	EXP 	BJW_text: height = np.float64(0.030000000000000002)
4.2524 	EXP 	BJW_text: height = np.float64(0.030000000000000002)
4.2524 	EXP 	BJW_text: height = np.float64(0.030000000000000002)
4.2524 	EXP 	BJW_text: text = 'Я думаю, что все, кто принимает важные решения, стремятся быть справедливыми.'
4.2524 	EXP 	BJW_slider: autoDraw = True
4.2524 	EXP 	BJW_text: autoDraw = True
4.3181 	DATA 	Mouse: Left button down, pos=(870,100)
4.3288 	EXP 	BJW_slider: markerPos = np.float64(3.05420054200542)
4.3385 	EXP 	BJW_slider: markerPos = np.float64(3.05420054200542)
4.3507 	EXP 	BJW_slider: markerPos = np.float64(3.05420054200542)
4.3599 	EXP 	BJW_slider: markerPos = np.float64(3.05420054200542)
4.3701 	EXP 	BJW_slider: markerPos = np.float64(3.05420054200542)
4.3842 	EXP 	BJW_slider: markerPos = np.float64(3.05420054200542)
4.3934 	EXP 	BJW_slider: markerPos = np.float64(3.05420054200542)
4.3937 	DATA 	Mouse:  Left button up, pos=(870,100)
4.4035 	EXP 	BJW_slider: markerPos = 3.0
4.4171 	EXP 	BJW_slider: autoDraw = False
4.4171 	EXP 	BJW_text: autoDraw = False
4.4171 	EXP 	text_instr: autoDraw = True
4.4741 	DATA 	Mouse: Left button down, pos=(870,100)
4.5590 	DATA 	Mouse:  Left button up, pos=(870,100)
4.6376 	DATA 	Mouse: Left button down, pos=(870,100)
4.6895 	DATA 	Mouse:  Left button up, pos=(870,100)
5.5194 	EXP 	Device response: <KeyPress from None: t=5.512666416994762, value=space, duration=None>
5.5248 	DATA 	Keypress: space
5.5323 	INFO 	Keyboard events cleared
5.5320 	EXP 	text_instr: autoDraw = False
5.5320 	EXP 	text_3: autoDraw = True
5.5398 	EXP 	Device response: <KeyPress from None: t=5.512666416994762, value=space, duration=0.025656333018559963>
5.6373 	EXP 	Device response: <KeyPress from None: t=5.630761125008576, value=space, duration=None>
5.6459 	EXP 	Imported trening2.xlsx as conditions, 7 conditions, 12 params
5.6463 	EXP 	New trial (rep=0, index=0): <Trial 0 (0 in rep 0) data={'w1': 0.22, 'w2': 0.23, 'corr_answ': 'right', 'op1': 0.15, 'op2': 0.5, 'xPos1': -0.2, 'yPos1': 0.15, 'xPos2': 0.2, 'yPos2': -0.18, 'or1': 45, 'or2': 3, 'time': 1.5, 'thisN': 0, 'thisTrialN': 0, 'thisRepN': 0}>
5.6533 	DATA 	Keypress: space
5.6623 	EXP 	text_3: autoDraw = False
5.6623 	EXP 	pol_1: ori = np.float64(45.0)
5.6623 	EXP 	pol_2: ori = np.float64(3.0)
5.6623 	EXP 	pol_1: autoDraw = True
5.6623 	EXP 	pol_2: autoDraw = True
5.6623 	EXP 	text_tren: autoDraw = True
5.7011 	EXP 	Device response: <KeyPress from None: t=5.630761125008576, value=space, duration=0.06020495900884271>
6.8541 	EXP 	Device response: <KeyPress from None: t=6.851594624982681, value=right, duration=None>
6.8930 	DATA 	Keypress: right
6.9003 	EXP 	pol_1: autoDraw = False
6.9003 	EXP 	pol_2: autoDraw = False
6.9003 	EXP 	text_tren: autoDraw = False
6.9003 	EXP 	text_fb_tren: height = np.float64(0.030000000000000002)
6.9003 	EXP 	text_fb_tren: height = np.float64(0.030000000000000002)
6.9003 	EXP 	text_fb_tren: height = np.float64(0.030000000000000002)
6.9003 	EXP 	text_fb_tren: text = 'Верно!'
6.9003 	EXP 	text_fb_tren: autoDraw = True
6.9522 	EXP 	Device response: <KeyPress from None: t=6.851594624982681, value=right, duration=0.09632700000656769>
7.2268 	EXP 	Device response: <KeyPress from None: t=7.218812334001996, value=right, duration=None>
7.2288 	DATA 	Keypress: right
7.2866 	EXP 	Device response: <KeyPress from None: t=7.218812334001996, value=right, duration=0.06150658300612122>
7.3585 	EXP 	New trial (rep=0, index=1): <Trial 1 (1 in rep 0) data={'w1': 0.24, 'w2': 0.25, 'corr_answ': 'right', 'op1': 0.13, 'op2': 0.85, 'xPos1': -0.3, 'yPos1': -0.2, 'xPos2': 0.3, 'yPos2': 0.2, 'or1': 0, 'or2': 45, 'time': 1.5, 'thisN': 1, 'thisTrialN': 1, 'thisRepN': 0}>
7.3687 	EXP 	text_fb_tren: autoDraw = False
7.3687 	EXP 	pol_1: ori = np.float64(0.0)
7.3687 	EXP 	pol_2: ori = np.float64(45.0)
7.3687 	EXP 	pol_1: autoDraw = True
7.3687 	EXP 	pol_2: autoDraw = True
7.3687 	EXP 	text_tren: autoDraw = True
7.6446 	EXP 	Device response: <KeyPress from None: t=7.641280583979096, value=right, duration=None>
7.6470 	DATA 	Keypress: right
7.6541 	EXP 	pol_1: autoDraw = False
7.6541 	EXP 	pol_2: autoDraw = False
7.6541 	EXP 	text_tren: autoDraw = False
7.6541 	EXP 	text_fb_tren: text = 'Верно!'
7.6541 	EXP 	text_fb_tren: autoDraw = True
7.7518 	EXP 	Device response: <KeyPress from None: t=7.641280583979096, value=right, duration=0.08718629099894315>
8.1435 	EXP 	New trial (rep=0, index=2): <Trial 2 (2 in rep 0) data={'w1': 0.21, 'w2': 0.22, 'corr_answ': 'right', 'op1': 0.54, 'op2': 0.22, 'xPos1': -0.2, 'yPos1': 0.21, 'xPos2': 0.2, 'yPos2': 0.18, 'or1': 37, 'or2': 7, 'time': 1.5, 'thisN': 2, 'thisTrialN': 2, 'thisRepN': 0}>
8.1516 	EXP 	text_fb_tren: autoDraw = False
8.1516 	EXP 	text_fb_tren: autoDraw = False
8.1516 	EXP 	pol_1: ori = np.float64(37.0)
8.1516 	EXP 	pol_2: ori = np.float64(7.0)
8.1516 	EXP 	pol_1: autoDraw = True
8.1516 	EXP 	pol_2: autoDraw = True
8.1516 	EXP 	text_tren: autoDraw = True
9.4528 	EXP 	Device response: <KeyPress from None: t=9.447056208970025, value=right, duration=None>
9.4555 	DATA 	Keypress: right
9.4620 	EXP 	pol_1: autoDraw = False
9.4620 	EXP 	pol_2: autoDraw = False
9.4620 	EXP 	text_tren: autoDraw = False
9.4620 	EXP 	text_fb_tren: text = 'Верно!'
9.4620 	EXP 	text_fb_tren: autoDraw = True
9.5189 	EXP 	Device response: <KeyPress from None: t=9.447056208970025, value=right, duration=0.069120500003919>
9.9527 	EXP 	New trial (rep=0, index=3): <Trial 3 (3 in rep 0) data={'w1': 0.22, 'w2': 0.21, 'corr_answ': 'left', 'op1': 0.17, 'op2': 0.8, 'xPos1': -0.18, 'yPos1': -0.22, 'xPos2': 0.18, 'yPos2': 0.18, 'or1': 45, 'or2': 5, 'time': 1.0, 'thisN': 3, 'thisTrialN': 3, 'thisRepN': 0}>
9.9621 	EXP 	text_fb_tren: autoDraw = False
9.9621 	EXP 	text_fb_tren: autoDraw = False
9.9621 	EXP 	pol_1: ori = np.float64(45.0)
9.9621 	EXP 	pol_2: ori = np.float64(5.0)
9.9621 	EXP 	pol_1: autoDraw = True
9.9621 	EXP 	pol_2: autoDraw = True
9.9621 	EXP 	text_tren: autoDraw = True
10.2046 	EXP 	Device response: <KeyPress from None: t=10.196299584000371, value=right, duration=None>
10.2101 	DATA 	Keypress: right
10.2173 	EXP 	pol_1: autoDraw = False
10.2173 	EXP 	pol_2: autoDraw = False
10.2173 	EXP 	text_tren: autoDraw = False
10.2173 	EXP 	text_fb_tren: height = np.float64(0.030000000000000002)
10.2173 	EXP 	text_fb_tren: height = np.float64(0.030000000000000002)
10.2173 	EXP 	text_fb_tren: height = np.float64(0.030000000000000002)
10.2173 	EXP 	text_fb_tren: text = 'Увы('
10.2173 	EXP 	text_fb_tren: autoDraw = True
10.3018 	EXP 	Device response: <KeyPress from None: t=10.196299584000371, value=right, duration=0.10412229096982628>
10.7044 	EXP 	New trial (rep=0, index=4): <Trial 4 (4 in rep 0) data={'w1': 0.16, 'w2': 0.15, 'corr_answ': 'left', 'op1': 0.17, 'op2': 0.7, 'xPos1': -0.3, 'yPos1': -0.22, 'xPos2': 0.3, 'yPos2': 0.18, 'or1': 6, 'or2': 47, 'time': 1.0, 'thisN': 4, 'thisTrialN': 4, 'thisRepN': 0}>
10.7185 	EXP 	text_fb_tren: autoDraw = False
10.7185 	EXP 	text_fb_tren: autoDraw = False
10.7185 	EXP 	pol_1: ori = np.float64(6.0)
10.7185 	EXP 	pol_2: ori = np.float64(47.0)
10.7185 	EXP 	pol_1: autoDraw = True
10.7185 	EXP 	pol_2: autoDraw = True
10.7185 	EXP 	text_tren: autoDraw = True
11.0369 	EXP 	Device response: <KeyPress from None: t=11.034357374999672, value=right, duration=None>
11.0394 	DATA 	Keypress: right
11.0456 	EXP 	pol_1: autoDraw = False
11.0456 	EXP 	pol_2: autoDraw = False
11.0456 	EXP 	text_tren: autoDraw = False
11.0456 	EXP 	text_fb_tren: text = 'Увы('
11.0456 	EXP 	text_fb_tren: autoDraw = True
11.1187 	EXP 	Device response: <KeyPress from None: t=11.034357374999672, value=right, duration=0.0830680420040153>
11.5357 	EXP 	New trial (rep=0, index=5): <Trial 5 (5 in rep 0) data={'w1': 0.17, 'w2': 0.16, 'corr_answ': 'left', 'op1': 0.3, 'op2': 0.18, 'xPos1': -0.3, 'yPos1': -0.2, 'xPos2': 0.3, 'yPos2': 0.2, 'or1': 5, 'or2': 45, 'time': 1.0, 'thisN': 5, 'thisTrialN': 5, 'thisRepN': 0}>
11.5458 	EXP 	text_fb_tren: autoDraw = False
11.5458 	EXP 	text_fb_tren: autoDraw = False
11.5458 	EXP 	pol_1: ori = np.float64(5.0)
11.5458 	EXP 	pol_2: ori = np.float64(45.0)
11.5458 	EXP 	pol_1: autoDraw = True
11.5458 	EXP 	pol_2: autoDraw = True
11.5458 	EXP 	text_tren: autoDraw = True
11.9604 	EXP 	Device response: <KeyPress from None: t=11.958578999969177, value=right, duration=None>
11.9679 	EXP 	pol_1: autoDraw = False
11.9679 	EXP 	pol_2: autoDraw = False
11.9679 	EXP 	text_tren: autoDraw = False
11.9679 	EXP 	text_fb_tren: text = 'Увы('
11.9679 	EXP 	text_fb_tren: autoDraw = True
11.9698 	DATA 	Keypress: right
12.0855 	EXP 	Device response: <KeyPress from None: t=11.958578999969177, value=right, duration=0.12485437502618879>
12.4682 	EXP 	New trial (rep=0, index=6): <Trial 6 (6 in rep 0) data={'w1': 0.28, 'w2': 0.27, 'corr_answ': 'left', 'op1': 0.13, 'op2': 0.85, 'xPos1': -0.18, 'yPos1': -0.22, 'xPos2': 0.18, 'yPos2': 0.18, 'or1': 5, 'or2': 45, 'time': 1.5, 'thisN': 6, 'thisTrialN': 6, 'thisRepN': 0}>
12.4848 	EXP 	text_fb_tren: autoDraw = False
12.4848 	EXP 	pol_1: ori = np.float64(5.0)
12.4848 	EXP 	pol_2: ori = np.float64(45.0)
12.4848 	EXP 	pol_1: autoDraw = True
12.4848 	EXP 	pol_2: autoDraw = True
12.4848 	EXP 	text_tren: autoDraw = True
12.8112 	EXP 	Device response: <KeyPress from None: t=12.810225541994441, value=right, duration=None>
12.8216 	DATA 	Keypress: right
12.8284 	EXP 	pol_1: autoDraw = False
12.8284 	EXP 	pol_2: autoDraw = False
12.8284 	EXP 	text_tren: autoDraw = False
12.8284 	EXP 	text_fb_tren: text = 'Увы('
12.8284 	EXP 	text_fb_tren: autoDraw = True
12.9032 	EXP 	Device response: <KeyPress from None: t=12.810225541994441, value=right, duration=0.0895594580215402>
13.3279 	EXP 	text_fb_tren: autoDraw = False
13.3279 	EXP 	text_fb_tren: autoDraw = False
13.3279 	EXP 	text_4: autoDraw = True
13.4204 	EXP 	Device response: <KeyPress from None: t=13.412097166990861, value=right, duration=None>
13.4243 	DATA 	Keypress: right
13.5049 	EXP 	Device response: <KeyPress from None: t=13.412097166990861, value=right, duration=0.08874104201095179>
13.9118 	EXP 	Device response: <KeyPress from None: t=13.907287542009726, value=right, duration=None>
13.9165 	DATA 	Keypress: right
13.9943 	EXP 	Device response: <KeyPress from None: t=13.907287542009726, value=right, duration=0.0811029999749735>
15.3969 	EXP 	Device response: <KeyPress from None: t=15.394881792017259, value=space, duration=None>
15.4205 	EXP 	Imported tab_task_4.xlsx as conditions, 40 conditions, 12 params
15.4214 	EXP 	New trial (rep=0, index=0): <Trial 0 (0 in rep 0) data={'w1': 0.14, 'w2': 0.15, 'corr_answ': 'right', 'op1': 0.47, 'op2': 0.75, 'xPos1': -0.2, 'yPos1': -0.2, 'xPos2': 0.2, 'yPos2': 0.2, 'or1': 35, 'or2': 8, 'time': 1.0, 'thisN': 0, 'thisTrialN': 0, 'thisRepN': 0}>
15.4266 	DATA 	Keypress: space
15.4349 	EXP 	text_4: autoDraw = False
15.4349 	EXP 	sq_1: ori = np.float64(35.0)
15.4349 	EXP 	sq_2: ori = np.float64(8.0)
15.4349 	EXP 	sq_1: autoDraw = True
15.4349 	EXP 	sq_2: autoDraw = True
15.4349 	EXP 	text: autoDraw = True
15.4420 	EXP 	Device response: <KeyPress from None: t=15.394881792017259, value=space, duration=0.04463945794850588>
16.3380 	EXP 	Device response: <KeyPress from None: t=16.335824458976276, value=right, duration=None>
16.3483 	DATA 	Keypress: right
16.3549 	EXP 	sq_1: autoDraw = False
16.3549 	EXP 	sq_2: autoDraw = False
16.3549 	EXP 	text: autoDraw = False
16.3549 	EXP 	text_fb_task: height = np.float64(0.05)
16.3549 	EXP 	text_fb_task: height = np.float64(0.05)
16.3549 	EXP 	text_fb_task: height = np.float64(0.05)
16.3549 	EXP 	text_fb_task: text = 'Верно!'
16.3549 	EXP 	text_fb_task: autoDraw = True
16.4287 	EXP 	Device response: <KeyPress from None: t=16.335824458976276, value=right, duration=0.08371016604360193>
16.6409 	EXP 	New trial (rep=0, index=1): <Trial 1 (1 in rep 0) data={'w1': 0.18, 'w2': 0.19, 'corr_answ': 'right', 'op1': 0.51, 'op2': 0.8, 'xPos1': -0.2, 'yPos1': -0.2, 'xPos2': 0.2, 'yPos2': 0.2, 'or1': 45, 'or2': 3, 'time': 0.5, 'thisN': 1, 'thisTrialN': 1, 'thisRepN': 0}>
16.6507 	EXP 	text_fb_task: autoDraw = False
16.6507 	EXP 	sq_1: ori = np.float64(45.0)
16.6507 	EXP 	sq_2: ori = np.float64(3.0)
16.6507 	EXP 	sq_1: autoDraw = True
16.6507 	EXP 	sq_2: autoDraw = True
16.6507 	EXP 	text: autoDraw = True
16.9030 	EXP 	Device response: <KeyPress from None: t=16.89608691696776, value=right, duration=None>
16.9052 	DATA 	Keypress: right
16.9119 	EXP 	sq_1: autoDraw = False
16.9119 	EXP 	sq_2: autoDraw = False
16.9119 	EXP 	text: autoDraw = False
16.9119 	EXP 	text_fb_task: text = 'Верно!'
16.9119 	EXP 	text_fb_task: autoDraw = True
16.9761 	EXP 	Device response: <KeyPress from None: t=16.89608691696776, value=right, duration=0.07250183302676305>
17.2008 	EXP 	New trial (rep=0, index=2): <Trial 2 (2 in rep 0) data={'w1': 0.13, 'w2': 0.14, 'corr_answ': 'right', 'op1': 0.46, 'op2': 0.25, 'xPos1': -0.2, 'yPos1': 0.2, 'xPos2': 0.2, 'yPos2': -0.2, 'or1': 10, 'or2': 25, 'time': 1.0, 'thisN': 2, 'thisTrialN': 2, 'thisRepN': 0}>
17.2125 	EXP 	text_fb_task: autoDraw = False
17.2125 	EXP 	text_fb_task: autoDraw = False
17.2125 	EXP 	sq_1: ori = np.float64(10.0)
17.2125 	EXP 	sq_2: ori = np.float64(25.0)
17.2125 	EXP 	sq_1: autoDraw = True
17.2125 	EXP 	sq_2: autoDraw = True
17.2125 	EXP 	text: autoDraw = True
17.4433 	EXP 	Device response: <KeyPress from None: t=17.43765745899873, value=right, duration=None>
17.4454 	DATA 	Keypress: right
17.4528 	EXP 	sq_1: autoDraw = False
17.4528 	EXP 	sq_2: autoDraw = False
17.4528 	EXP 	text: autoDraw = False
17.4528 	EXP 	text_fb_task: text = 'Верно!'
17.4528 	EXP 	text_fb_task: autoDraw = True
17.5445 	EXP 	Device response: <KeyPress from None: t=17.43765745899873, value=right, duration=0.09997387498151511>
17.7421 	EXP 	New trial (rep=0, index=3): <Trial 3 (3 in rep 0) data={'w1': 0.24, 'w2': 0.23, 'corr_answ': 'left', 'op1': 0.7, 'op2': 0.16, 'xPos1': -0.18, 'yPos1': 0.2, 'xPos2': 0.18, 'yPos2': -0.2, 'or1': 6, 'or2': 47, 'time': 1.5, 'thisN': 3, 'thisTrialN': 3, 'thisRepN': 0}>
17.7528 	EXP 	text_fb_task: autoDraw = False
17.7528 	EXP 	text_fb_task: autoDraw = False
17.7528 	EXP 	sq_1: ori = np.float64(6.0)
17.7528 	EXP 	sq_2: ori = np.float64(47.0)
17.7528 	EXP 	sq_1: autoDraw = True
17.7528 	EXP 	sq_2: autoDraw = True
17.7528 	EXP 	text: autoDraw = True
18.6600 	EXP 	Device response: <KeyPress from None: t=18.653875374991912, value=right, duration=None>
18.6637 	DATA 	Keypress: right
18.6702 	EXP 	sq_1: autoDraw = False
18.6702 	EXP 	sq_2: autoDraw = False
18.6702 	EXP 	text: autoDraw = False
18.6702 	EXP 	text_fb_task: height = np.float64(0.05)
18.6702 	EXP 	text_fb_task: height = np.float64(0.05)
18.6702 	EXP 	text_fb_task: height = np.float64(0.05)
18.6702 	EXP 	text_fb_task: text = 'Увы('
18.6702 	EXP 	text_fb_task: autoDraw = True
18.7698 	EXP 	Device response: <KeyPress from None: t=18.653875374991912, value=right, duration=0.10897891700733453>
18.9585 	EXP 	New trial (rep=0, index=4): <Trial 4 (4 in rep 0) data={'w1': 0.17, 'w2': 0.16, 'corr_answ': 'left', 'op1': 0.3, 'op2': 0.18, 'xPos1': -0.3, 'yPos1': -0.2, 'xPos2': 0.3, 'yPos2': 0.2, 'or1': 5, 'or2': 45, 'time': 1.5, 'thisN': 4, 'thisTrialN': 4, 'thisRepN': 0}>
18.9693 	EXP 	text_fb_task: autoDraw = False
18.9693 	EXP 	text_fb_task: autoDraw = False
18.9693 	EXP 	sq_1: ori = np.float64(5.0)
18.9693 	EXP 	sq_2: ori = np.float64(45.0)
18.9693 	EXP 	sq_1: autoDraw = True
18.9693 	EXP 	sq_2: autoDraw = True
18.9693 	EXP 	text: autoDraw = True
19.2770 	EXP 	Device response: <KeyPress from None: t=19.27280408400111, value=right, duration=None>
19.2795 	DATA 	Keypress: right
19.2867 	EXP 	sq_1: autoDraw = False
19.2867 	EXP 	sq_2: autoDraw = False
19.2867 	EXP 	text: autoDraw = False
19.2867 	EXP 	text_fb_task: text = 'Увы('
19.2867 	EXP 	text_fb_task: autoDraw = True
19.3861 	EXP 	Device response: <KeyPress from None: t=19.27280408400111, value=right, duration=0.10822237498359755>
19.5698 	EXP 	New trial (rep=0, index=5): <Trial 5 (5 in rep 0) data={'w1': 0.17, 'w2': 0.18, 'corr_answ': 'left', 'op1': 0.3, 'op2': 0.18, 'xPos1': -0.3, 'yPos1': -0.2, 'xPos2': 0.3, 'yPos2': 0.2, 'or1': 5, 'or2': 45, 'time': 1.5, 'thisN': 5, 'thisTrialN': 5, 'thisRepN': 0}>
19.5776 	EXP 	text_fb_task: autoDraw = False
19.5776 	EXP 	text_fb_task: autoDraw = False
19.5776 	EXP 	sq_1: ori = np.float64(5.0)
19.5776 	EXP 	sq_2: ori = np.float64(45.0)
19.5776 	EXP 	sq_1: autoDraw = True
19.5776 	EXP 	sq_2: autoDraw = True
19.5776 	EXP 	text: autoDraw = True
20.0192 	EXP 	Device response: <KeyPress from None: t=20.008767374965828, value=right, duration=None>
20.0216 	DATA 	Keypress: right
20.0282 	EXP 	sq_1: autoDraw = False
20.0282 	EXP 	sq_2: autoDraw = False
20.0282 	EXP 	text: autoDraw = False
20.0282 	EXP 	text_fb_task: text = 'Увы('
20.0282 	EXP 	text_fb_task: autoDraw = True
20.1193 	EXP 	Device response: <KeyPress from None: t=20.008767374965828, value=right, duration=0.10171029204502702>
20.3193 	EXP 	New trial (rep=0, index=6): <Trial 6 (6 in rep 0) data={'w1': 0.14, 'w2': 0.15, 'corr_answ': 'right', 'op1': 0.47, 'op2': 0.75, 'xPos1': -0.2, 'yPos1': -0.2, 'xPos2': 0.2, 'yPos2': 0.2, 'or1': 35, 'or2': 8, 'time': 0.5, 'thisN': 6, 'thisTrialN': 6, 'thisRepN': 0}>
20.3291 	EXP 	text_fb_task: autoDraw = False
20.3291 	EXP 	text_fb_task: autoDraw = False
20.3291 	EXP 	sq_1: ori = np.float64(35.0)
20.3291 	EXP 	sq_2: ori = np.float64(8.0)
20.3291 	EXP 	sq_1: autoDraw = True
20.3291 	EXP 	sq_2: autoDraw = True
20.3291 	EXP 	text: autoDraw = True
20.7524 	EXP 	Device response: <KeyPress from None: t=20.74492454197025, value=right, duration=None>
20.7568 	DATA 	Keypress: right
20.7638 	EXP 	sq_1: autoDraw = False
20.7638 	EXP 	sq_2: autoDraw = False
20.7638 	EXP 	text: autoDraw = False
20.7638 	EXP 	text_fb_task: height = np.float64(0.05)
20.7638 	EXP 	text_fb_task: height = np.float64(0.05)
20.7638 	EXP 	text_fb_task: height = np.float64(0.05)
20.7638 	EXP 	text_fb_task: text = 'Верно!'
20.7638 	EXP 	text_fb_task: autoDraw = True
20.8525 	EXP 	Device response: <KeyPress from None: t=20.74492454197025, value=right, duration=0.10550295800203457>
21.0521 	EXP 	New trial (rep=0, index=7): <Trial 7 (7 in rep 0) data={'w1': 0.19, 'w2': 0.2, 'corr_answ': 'right', 'op1': 0.52, 'op2': 0.2, 'xPos1': -0.2, 'yPos1': 0.2, 'xPos2': 0.2, 'yPos2': -0.2, 'or1': 36, 'or2': 10, 'time': 1.5, 'thisN': 7, 'thisTrialN': 7, 'thisRepN': 0}>
21.0629 	EXP 	text_fb_task: autoDraw = False
21.0629 	EXP 	text_fb_task: autoDraw = False
21.0629 	EXP 	sq_1: ori = np.float64(36.0)
21.0629 	EXP 	sq_2: ori = np.float64(10.0)
21.0629 	EXP 	sq_1: autoDraw = True
21.0629 	EXP 	sq_2: autoDraw = True
21.0629 	EXP 	text: autoDraw = True
21.5428 	EXP 	Device response: <KeyPress from None: t=21.538104166975245, value=right, duration=None>
21.5467 	DATA 	Keypress: right
21.5532 	EXP 	sq_1: autoDraw = False
21.5532 	EXP 	sq_2: autoDraw = False
21.5532 	EXP 	text: autoDraw = False
21.5532 	EXP 	text_fb_task: text = 'Верно!'
21.5532 	EXP 	text_fb_task: autoDraw = True
21.6418 	EXP 	Device response: <KeyPress from None: t=21.538104166975245, value=right, duration=0.09919274999992922>
21.8412 	EXP 	New trial (rep=0, index=8): <Trial 8 (8 in rep 0) data={'w1': 0.16, 'w2': 0.15, 'corr_answ': 'left', 'op1': 0.17, 'op2': 0.7, 'xPos1': -0.3, 'yPos1': -0.22, 'xPos2': 0.3, 'yPos2': 0.18, 'or1': 6, 'or2': 47, 'time': 1.5, 'thisN': 8, 'thisTrialN': 8, 'thisRepN': 0}>
21.8507 	EXP 	text_fb_task: autoDraw = False
21.8507 	EXP 	text_fb_task: autoDraw = False
21.8507 	EXP 	sq_1: ori = np.float64(6.0)
21.8507 	EXP 	sq_2: ori = np.float64(47.0)
21.8507 	EXP 	sq_1: autoDraw = True
21.8507 	EXP 	sq_2: autoDraw = True
21.8507 	EXP 	text: autoDraw = True
22.0375 	EXP 	Device response: <KeyPress from None: t=22.033840666990727, value=right, duration=None>
22.0418 	DATA 	Keypress: right
22.0479 	EXP 	sq_1: autoDraw = False
22.0479 	EXP 	sq_2: autoDraw = False
22.0479 	EXP 	text: autoDraw = False
22.0479 	EXP 	text_fb_task: height = np.float64(0.05)
22.0479 	EXP 	text_fb_task: height = np.float64(0.05)
22.0479 	EXP 	text_fb_task: height = np.float64(0.05)
22.0479 	EXP 	text_fb_task: text = 'Увы('
22.0479 	EXP 	text_fb_task: autoDraw = True
22.1523 	EXP 	Device response: <KeyPress from None: t=22.033840666990727, value=right, duration=0.09398429200518876>
22.3345 	EXP 	New trial (rep=0, index=9): <Trial 9 (9 in rep 0) data={'w1': 0.17, 'w2': 0.18, 'corr_answ': 'right', 'op1': 0.5, 'op2': 0.2, 'xPos1': -0.2, 'yPos1': -0.22, 'xPos2': 0.2, 'yPos2': 0.18, 'or1': 7, 'or2': 45, 'time': 0.5, 'thisN': 9, 'thisTrialN': 9, 'thisRepN': 0}>
22.3458 	EXP 	text_fb_task: autoDraw = False
22.3458 	EXP 	text_fb_task: autoDraw = False
22.3458 	EXP 	sq_1: ori = np.float64(7.0)
22.3458 	EXP 	sq_2: ori = np.float64(45.0)
22.3458 	EXP 	sq_1: autoDraw = True
22.3458 	EXP 	sq_2: autoDraw = True
22.3458 	EXP 	text: autoDraw = True
22.7209 	EXP 	Device response: <KeyPress from None: t=22.712810917000752, value=right, duration=None>
22.7252 	DATA 	Keypress: right
22.7321 	EXP 	sq_1: autoDraw = False
22.7321 	EXP 	sq_2: autoDraw = False
22.7321 	EXP 	text: autoDraw = False
22.7321 	EXP 	text_fb_task: height = np.float64(0.05)
22.7321 	EXP 	text_fb_task: height = np.float64(0.05)
22.7321 	EXP 	text_fb_task: height = np.float64(0.05)
22.7321 	EXP 	text_fb_task: text = 'Верно!'
22.7321 	EXP 	text_fb_task: autoDraw = True
22.8182 	EXP 	Device response: <KeyPress from None: t=22.712810917000752, value=right, duration=0.09575137501815334>
23.0172 	EXP 	New trial (rep=0, index=10): <Trial 10 (10 in rep 0) data={'w1': 0.13, 'w2': 0.14, 'corr_answ': 'right', 'op1': 0.46, 'op2': 0.25, 'xPos1': -0.2, 'yPos1': 0.2, 'xPos2': 0.2, 'yPos2': -0.2, 'or1': 10, 'or2': 25, 'time': 1.0, 'thisN': 10, 'thisTrialN': 10, 'thisRepN': 0}>
23.0274 	EXP 	text_fb_task: autoDraw = False
23.0274 	EXP 	text_fb_task: autoDraw = False
23.0274 	EXP 	sq_1: ori = np.float64(10.0)
23.0274 	EXP 	sq_2: ori = np.float64(25.0)
23.0274 	EXP 	sq_1: autoDraw = True
23.0274 	EXP 	sq_2: autoDraw = True
23.0274 	EXP 	text: autoDraw = True
23.3035 	EXP 	Device response: <KeyPress from None: t=23.30130808398826, value=right, duration=None>
23.3063 	DATA 	Keypress: right
23.3120 	EXP 	sq_1: autoDraw = False
23.3120 	EXP 	sq_2: autoDraw = False
23.3120 	EXP 	text: autoDraw = False
23.3120 	EXP 	text_fb_task: text = 'Верно!'
23.3120 	EXP 	text_fb_task: autoDraw = True
23.3926 	EXP 	Device response: <KeyPress from None: t=23.30130808398826, value=right, duration=0.0838602909934707>
23.6016 	EXP 	New trial (rep=0, index=11): <Trial 11 (11 in rep 0) data={'w1': 0.24, 'w2': 0.25, 'corr_answ': 'right', 'op1': 0.13, 'op2': 0.85, 'xPos1': -0.3, 'yPos1': -0.2, 'xPos2': 0.3, 'yPos2': 0.2, 'or1': 0, 'or2': 45, 'time': 1.5, 'thisN': 11, 'thisTrialN': 11, 'thisRepN': 0}>
23.6103 	EXP 	text_fb_task: autoDraw = False
23.6103 	EXP 	text_fb_task: autoDraw = False
23.6103 	EXP 	sq_1: ori = np.float64(0.0)
23.6103 	EXP 	sq_2: ori = np.float64(45.0)
23.6103 	EXP 	sq_1: autoDraw = True
23.6103 	EXP 	sq_2: autoDraw = True
23.6103 	EXP 	text: autoDraw = True
24.4603 	EXP 	Device response: <KeyPress from None: t=24.457057624997105, value=right, duration=None>
24.4628 	DATA 	Keypress: right
24.4700 	EXP 	sq_1: autoDraw = False
24.4700 	EXP 	sq_2: autoDraw = False
24.4700 	EXP 	text: autoDraw = False
24.4700 	EXP 	text_fb_task: text = 'Верно!'
24.4700 	EXP 	text_fb_task: autoDraw = True
24.5696 	EXP 	Device response: <KeyPress from None: t=24.457057624997105, value=right, duration=0.10443054197821766>
24.7604 	EXP 	New trial (rep=0, index=12): <Trial 12 (12 in rep 0) data={'w1': 0.21, 'w2': 0.2, 'corr_answ': 'left', 'op1': 0.16, 'op2': 0.7, 'xPos1': -0.18, 'yPos1': 0.15, 'xPos2': 0.18, 'yPos2': -0.18, 'or1': 5, 'or2': 45, 'time': 1.0, 'thisN': 12, 'thisTrialN': 12, 'thisRepN': 0}>
24.7705 	EXP 	text_fb_task: autoDraw = False
24.7705 	EXP 	text_fb_task: autoDraw = False
24.7705 	EXP 	sq_1: ori = np.float64(5.0)
24.7705 	EXP 	sq_2: ori = np.float64(45.0)
24.7705 	EXP 	sq_1: autoDraw = True
24.7705 	EXP 	sq_2: autoDraw = True
24.7705 	EXP 	text: autoDraw = True
25.6930 	EXP 	Device response: <KeyPress from None: t=25.689224041998386, value=right, duration=None>
25.6999 	DATA 	Keypress: right
25.7061 	EXP 	sq_1: autoDraw = False
25.7061 	EXP 	sq_2: autoDraw = False
25.7061 	EXP 	text: autoDraw = False
25.7061 	EXP 	text_fb_task: height = np.float64(0.05)
25.7061 	EXP 	text_fb_task: height = np.float64(0.05)
25.7061 	EXP 	text_fb_task: height = np.float64(0.05)
25.7061 	EXP 	text_fb_task: text = 'Увы('
25.7061 	EXP 	text_fb_task: autoDraw = True
25.7923 	EXP 	Device response: <KeyPress from None: t=25.689224041998386, value=right, duration=0.09575508302077651>
25.9917 	EXP 	New trial (rep=0, index=13): <Trial 13 (13 in rep 0) data={'w1': 0.2, 'w2': 0.21, 'corr_answ': 'left', 'op1': 0.15, 'op2': 0.6, 'xPos1': -0.3, 'yPos1': 0.21, 'xPos2': 0.3, 'yPos2': 0.18, 'or1': 6, 'or2': 47, 'time': 1.5, 'thisN': 13, 'thisTrialN': 13, 'thisRepN': 0}>
26.0014 	EXP 	text_fb_task: autoDraw = False
26.0014 	EXP 	text_fb_task: autoDraw = False
26.0014 	EXP 	sq_1: ori = np.float64(6.0)
26.0014 	EXP 	sq_2: ori = np.float64(47.0)
26.0014 	EXP 	sq_1: autoDraw = True
26.0014 	EXP 	sq_2: autoDraw = True
26.0014 	EXP 	text: autoDraw = True
26.2780 	EXP 	Device response: <KeyPress from None: t=26.27034845901653, value=right, duration=None>
26.2803 	DATA 	Keypress: right
26.2873 	EXP 	sq_1: autoDraw = False
26.2873 	EXP 	sq_2: autoDraw = False
26.2873 	EXP 	text: autoDraw = False
26.2873 	EXP 	text_fb_task: text = 'Увы('
26.2873 	EXP 	text_fb_task: autoDraw = True
26.3861 	EXP 	Device response: <KeyPress from None: t=26.27034845901653, value=right, duration=0.10403508297167718>
26.5763 	EXP 	New trial (rep=0, index=14): <Trial 14 (14 in rep 0) data={'w1': 0.12, 'w2': 0.13, 'corr_answ': 'right', 'op1': 0.45, 'op2': 0.85, 'xPos1': -0.2, 'yPos1': 0.0, 'xPos2': 0.2, 'yPos2': 0.2, 'or1': 5, 'or2': 10, 'time': 1.5, 'thisN': 14, 'thisTrialN': 14, 'thisRepN': 0}>
26.6013 	EXP 	text_fb_task: autoDraw = False
26.6013 	EXP 	text_fb_task: autoDraw = False
26.6013 	EXP 	sq_1: ori = np.float64(5.0)
26.6013 	EXP 	sq_2: ori = np.float64(10.0)
26.6013 	EXP 	sq_1: autoDraw = True
26.6013 	EXP 	sq_2: autoDraw = True
26.6013 	EXP 	text: autoDraw = True
26.9110 	EXP 	Device response: <KeyPress from None: t=26.90934733400354, value=right, duration=None>
26.9228 	DATA 	Keypress: right
26.9294 	EXP 	sq_1: autoDraw = False
26.9294 	EXP 	sq_2: autoDraw = False
26.9294 	EXP 	text: autoDraw = False
26.9294 	EXP 	text_fb_task: height = np.float64(0.05)
26.9294 	EXP 	text_fb_task: height = np.float64(0.05)
26.9294 	EXP 	text_fb_task: height = np.float64(0.05)
26.9294 	EXP 	text_fb_task: text = 'Верно!'
26.9294 	EXP 	text_fb_task: autoDraw = True
27.0099 	EXP 	Device response: <KeyPress from None: t=26.90934733400354, value=right, duration=0.09237983298953623>
27.2187 	EXP 	New trial (rep=0, index=15): <Trial 15 (15 in rep 0) data={'w1': 0.19, 'w2': 0.2, 'corr_answ': 'left', 'op1': 0.5, 'op2': 0.2, 'xPos1': -0.3, 'yPos1': -0.2, 'xPos2': 0.3, 'yPos2': 0.2, 'or1': 30, 'or2': 15, 'time': 1.5, 'thisN': 15, 'thisTrialN': 15, 'thisRepN': 0}>
27.2280 	EXP 	text_fb_task: autoDraw = False
27.2280 	EXP 	text_fb_task: autoDraw = False
27.2280 	EXP 	sq_1: ori = np.float64(30.0)
27.2280 	EXP 	sq_2: ori = np.float64(15.0)
27.2280 	EXP 	sq_1: autoDraw = True
27.2280 	EXP 	sq_2: autoDraw = True
27.2280 	EXP 	text: autoDraw = True
27.6858 	EXP 	Device response: <KeyPress from None: t=27.68412408401491, value=right, duration=None>
27.6903 	DATA 	Keypress: right
27.6971 	EXP 	sq_1: autoDraw = False
27.6971 	EXP 	sq_2: autoDraw = False
27.6971 	EXP 	text: autoDraw = False
27.6971 	EXP 	text_fb_task: height = np.float64(0.05)
27.6971 	EXP 	text_fb_task: height = np.float64(0.05)
27.6971 	EXP 	text_fb_task: height = np.float64(0.05)
27.6971 	EXP 	text_fb_task: text = 'Увы('
27.6971 	EXP 	text_fb_task: autoDraw = True
27.7677 	EXP 	Device response: <KeyPress from None: t=27.68412408401491, value=right, duration=0.07616270799189806>
27.9850 	EXP 	New trial (rep=0, index=16): <Trial 16 (16 in rep 0) data={'w1': 0.26, 'w2': 0.27, 'corr_answ': 'right', 'op1': 0.15, 'op2': 0.5, 'xPos1': -0.3, 'yPos1': -0.2, 'xPos2': 0.3, 'yPos2': 0.2, 'or1': 5, 'or2': 45, 'time': 1.0, 'thisN': 16, 'thisTrialN': 16, 'thisRepN': 0}>
27.9949 	EXP 	text_fb_task: autoDraw = False
27.9949 	EXP 	text_fb_task: autoDraw = False
27.9949 	EXP 	sq_1: ori = np.float64(5.0)
27.9949 	EXP 	sq_2: ori = np.float64(45.0)
27.9949 	EXP 	sq_1: autoDraw = True
27.9949 	EXP 	sq_2: autoDraw = True
27.9949 	EXP 	text: autoDraw = True
28.4300 	EXP 	Device response: <KeyPress from None: t=28.428901208972093, value=right, duration=None>
28.4390 	EXP 	sq_1: autoDraw = False
28.4390 	EXP 	sq_2: autoDraw = False
28.4390 	EXP 	text: autoDraw = False
28.4390 	EXP 	text_fb_task: height = np.float64(0.05)
28.4390 	EXP 	text_fb_task: height = np.float64(0.05)
28.4390 	EXP 	text_fb_task: height = np.float64(0.05)
28.4390 	EXP 	text_fb_task: text = 'Верно!'
28.4390 	EXP 	text_fb_task: autoDraw = True
28.4410 	DATA 	Keypress: right
28.5354 	EXP 	Device response: <KeyPress from None: t=28.428901208972093, value=right, duration=0.10523883299902081>
28.7265 	EXP 	New trial (rep=0, index=17): <Trial 17 (17 in rep 0) data={'w1': 0.15, 'w2': 0.14, 'corr_answ': 'left', 'op1': 0.8, 'op2': 0.16, 'xPos1': -0.3, 'yPos1': 0.15, 'xPos2': 0.3, 'yPos2': -0.18, 'or1': 30, 'or2': 15, 'time': 0.5, 'thisN': 17, 'thisTrialN': 17, 'thisRepN': 0}>
28.7364 	EXP 	text_fb_task: autoDraw = False
28.7364 	EXP 	text_fb_task: autoDraw = False
28.7364 	EXP 	sq_1: ori = np.float64(30.0)
28.7364 	EXP 	sq_2: ori = np.float64(15.0)
28.7364 	EXP 	sq_1: autoDraw = True
28.7364 	EXP 	sq_2: autoDraw = True
28.7364 	EXP 	text: autoDraw = True
29.0019 	EXP 	Device response: <KeyPress from None: t=28.998337249970064, value=right, duration=None>
29.0065 	DATA 	Keypress: right
29.0175 	EXP 	sq_1: autoDraw = False
29.0175 	EXP 	sq_2: autoDraw = False
29.0175 	EXP 	text: autoDraw = False
29.0175 	EXP 	text_fb_task: height = np.float64(0.05)
29.0175 	EXP 	text_fb_task: height = np.float64(0.05)
29.0175 	EXP 	text_fb_task: height = np.float64(0.05)
29.0175 	EXP 	text_fb_task: text = 'Увы('
29.0175 	EXP 	text_fb_task: autoDraw = True
29.0846 	EXP 	Device response: <KeyPress from None: t=28.998337249970064, value=right, duration=0.07695020904066041>
29.3032 	EXP 	New trial (rep=0, index=18): <Trial 18 (18 in rep 0) data={'w1': 0.15, 'w2': 0.16, 'corr_answ': 'right', 'op1': 0.48, 'op2': 0.15, 'xPos1': -0.2, 'yPos1': 0.21, 'xPos2': 0.2, 'yPos2': 0.18, 'or1': 9, 'or2': 25, 'time': 1.0, 'thisN': 18, 'thisTrialN': 18, 'thisRepN': 0}>
29.3128 	EXP 	text_fb_task: autoDraw = False
29.3128 	EXP 	text_fb_task: autoDraw = False
29.3128 	EXP 	sq_1: ori = np.float64(9.0)
29.3128 	EXP 	sq_2: ori = np.float64(25.0)
29.3128 	EXP 	sq_1: autoDraw = True
29.3128 	EXP 	sq_2: autoDraw = True
29.3128 	EXP 	text: autoDraw = True
30.3151 	EXP 	sq_1: autoDraw = False
30.3151 	EXP 	sq_2: autoDraw = False
30.3151 	EXP 	text: autoDraw = False
30.3151 	EXP 	sq_1: autoDraw = False
30.3151 	EXP 	sq_2: autoDraw = False
30.3151 	EXP 	text: autoDraw = False
30.3151 	EXP 	text_fb_task: height = np.float64(0.05)
30.3151 	EXP 	text_fb_task: height = np.float64(0.05)
30.3151 	EXP 	text_fb_task: height = np.float64(0.05)
30.3151 	EXP 	text_fb_task: text = 'Не успели'
30.3151 	EXP 	text_fb_task: autoDraw = True
30.4706 	EXP 	Device response: <KeyPress from None: t=30.45900991698727, value=right, duration=None>
30.4739 	DATA 	Keypress: right
30.5516 	EXP 	Device response: <KeyPress from None: t=30.45900991698727, value=right, duration=0.08482758299214765>
30.6026 	EXP 	New trial (rep=0, index=19): <Trial 19 (19 in rep 0) data={'w1': 0.26, 'w2': 0.25, 'corr_answ': 'left', 'op1': 0.25, 'op2': 0.25, 'xPos1': -0.18, 'yPos1': 0.21, 'xPos2': 0.18, 'yPos2': 0.18, 'or1': 3, 'or2': 45, 'time': 1.5, 'thisN': 19, 'thisTrialN': 19, 'thisRepN': 0}>
30.6121 	EXP 	text_fb_task: autoDraw = False
30.6121 	EXP 	text_fb_task: autoDraw = False
30.6121 	EXP 	sq_1: ori = np.float64(3.0)
30.6121 	EXP 	sq_2: ori = np.float64(45.0)
30.6121 	EXP 	sq_1: autoDraw = True
30.6121 	EXP 	sq_2: autoDraw = True
30.6121 	EXP 	text: autoDraw = True
31.2102 	EXP 	Device response: <KeyPress from None: t=31.20240362500772, value=right, duration=None>
31.2131 	DATA 	Keypress: right
31.2199 	EXP 	sq_1: autoDraw = False
31.2199 	EXP 	sq_2: autoDraw = False
31.2199 	EXP 	text: autoDraw = False
31.2199 	EXP 	text_fb_task: height = np.float64(0.05)
31.2199 	EXP 	text_fb_task: height = np.float64(0.05)
31.2199 	EXP 	text_fb_task: height = np.float64(0.05)
31.2199 	EXP 	text_fb_task: text = 'Увы('
31.2199 	EXP 	text_fb_task: autoDraw = True
31.3119 	EXP 	Device response: <KeyPress from None: t=31.20240362500772, value=right, duration=0.10512195900082588>
31.5105 	EXP 	New trial (rep=0, index=20): <Trial 20 (20 in rep 0) data={'w1': 0.15, 'w2': 0.14, 'corr_answ': 'left', 'op1': 0.8, 'op2': 0.16, 'xPos1': -0.3, 'yPos1': 0.15, 'xPos2': 0.3, 'yPos2': -0.18, 'or1': 30, 'or2': 15, 'time': 1.0, 'thisN': 20, 'thisTrialN': 20, 'thisRepN': 0}>
31.5201 	EXP 	text_fb_task: autoDraw = False
31.5201 	EXP 	text_fb_task: autoDraw = False
31.5201 	EXP 	sq_1: ori = np.float64(30.0)
31.5201 	EXP 	sq_2: ori = np.float64(15.0)
31.5201 	EXP 	sq_1: autoDraw = True
31.5201 	EXP 	sq_2: autoDraw = True
31.5201 	EXP 	text: autoDraw = True
32.5214 	EXP 	sq_1: autoDraw = False
32.5214 	EXP 	sq_2: autoDraw = False
32.5214 	EXP 	text: autoDraw = False
32.5214 	EXP 	sq_1: autoDraw = False
32.5214 	EXP 	sq_2: autoDraw = False
32.5214 	EXP 	text: autoDraw = False
32.5214 	EXP 	text_fb_task: height = np.float64(0.05)
32.5214 	EXP 	text_fb_task: height = np.float64(0.05)
32.5214 	EXP 	text_fb_task: height = np.float64(0.05)
32.5214 	EXP 	text_fb_task: text = 'Не успели'
32.5214 	EXP 	text_fb_task: autoDraw = True
32.8111 	EXP 	New trial (rep=0, index=21): <Trial 21 (21 in rep 0) data={'w1': 0.18, 'w2': 0.17, 'corr_answ': 'left', 'op1': 0.4, 'op2': 0.19, 'xPos1': -0.3, 'yPos1': 0.2, 'xPos2': 0.3, 'yPos2': -0.2, 'or1': 45, 'or2': 5, 'time': 0.7, 'thisN': 21, 'thisTrialN': 21, 'thisRepN': 0}>
32.8345 	EXP 	text_fb_task: autoDraw = False
32.8345 	EXP 	text_fb_task: autoDraw = False
32.8345 	EXP 	sq_1: ori = np.float64(45.0)
32.8345 	EXP 	sq_2: ori = np.float64(5.0)
32.8345 	EXP 	sq_1: autoDraw = True
32.8345 	EXP 	sq_2: autoDraw = True
32.8345 	EXP 	text: autoDraw = True
33.5239 	EXP 	sq_1: autoDraw = False
33.5239 	EXP 	sq_2: autoDraw = False
33.5239 	EXP 	text: autoDraw = False
33.5239 	EXP 	sq_1: autoDraw = False
33.5239 	EXP 	sq_2: autoDraw = False
33.5239 	EXP 	text: autoDraw = False
33.5239 	EXP 	text_fb_task: text = 'Не успели'
33.5239 	EXP 	text_fb_task: autoDraw = True
33.8191 	EXP 	New trial (rep=0, index=22): <Trial 22 (22 in rep 0) data={'w1': 0.15, 'w2': 0.16, 'corr_answ': 'right', 'op1': 0.48, 'op2': 0.15, 'xPos1': -0.2, 'yPos1': 0.21, 'xPos2': 0.2, 'yPos2': 0.18, 'or1': 9, 'or2': 25, 'time': 0.7, 'thisN': 22, 'thisTrialN': 22, 'thisRepN': 0}>
33.8219 	EXP 	Device response: <KeyPress from None: t=33.81684304197552, value=right, duration=None>
33.8258 	DATA 	Keypress: right
33.8335 	EXP 	text_fb_task: autoDraw = False
33.8335 	EXP 	sq_1: ori = np.float64(9.0)
33.8335 	EXP 	sq_2: ori = np.float64(25.0)
33.8335 	EXP 	sq_1: autoDraw = True
33.8335 	EXP 	sq_2: autoDraw = True
33.8335 	EXP 	text: autoDraw = True
33.8429 	EXP 	sq_1: autoDraw = False
33.8429 	EXP 	sq_2: autoDraw = False
33.8429 	EXP 	text: autoDraw = False
33.8429 	EXP 	text_fb_task: height = np.float64(0.05)
33.8429 	EXP 	text_fb_task: height = np.float64(0.05)
33.8429 	EXP 	text_fb_task: height = np.float64(0.05)
33.8429 	EXP 	text_fb_task: text = 'Верно!'
33.8429 	EXP 	text_fb_task: autoDraw = True
33.9091 	EXP 	Device response: <KeyPress from None: t=33.81684304197552, value=right, duration=0.08977829199284315>
34.1268 	EXP 	New trial (rep=0, index=23): <Trial 23 (23 in rep 0) data={'w1': 0.16, 'w2': 0.17, 'corr_answ': 'right', 'op1': 0.49, 'op2': 0.78, 'xPos1': -0.2, 'yPos1': 0.15, 'xPos2': 0.2, 'yPos2': -0.18, 'or1': 30, 'or2': 5, 'time': 0.7, 'thisN': 23, 'thisTrialN': 23, 'thisRepN': 0}>
34.1349 	EXP 	text_fb_task: autoDraw = False
34.1349 	EXP 	text_fb_task: autoDraw = False
34.1349 	EXP 	sq_1: ori = np.float64(30.0)
34.1349 	EXP 	sq_2: ori = np.float64(5.0)
34.1349 	EXP 	sq_1: autoDraw = True
34.1349 	EXP 	sq_2: autoDraw = True
34.1349 	EXP 	text: autoDraw = True
34.4874 	EXP 	Device response: <KeyPress from None: t=34.485259959008545, value=right, duration=None>
34.4904 	DATA 	Keypress: right
34.4972 	EXP 	sq_1: autoDraw = False
34.4972 	EXP 	sq_2: autoDraw = False
34.4972 	EXP 	text: autoDraw = False
34.4972 	EXP 	text_fb_task: text = 'Верно!'
34.4972 	EXP 	text_fb_task: autoDraw = True
34.5694 	EXP 	Device response: <KeyPress from None: t=34.485259959008545, value=right, duration=0.08145366597454995>
34.7844 	EXP 	New trial (rep=0, index=24): <Trial 24 (24 in rep 0) data={'w1': 0.16, 'w2': 0.15, 'corr_answ': 'left', 'op1': 0.17, 'op2': 0.7, 'xPos1': -0.3, 'yPos1': -0.22, 'xPos2': 0.3, 'yPos2': 0.18, 'or1': 6, 'or2': 47, 'time': 1.5, 'thisN': 24, 'thisTrialN': 24, 'thisRepN': 0}>
34.7923 	EXP 	text_fb_task: autoDraw = False
34.7923 	EXP 	text_fb_task: autoDraw = False
34.7923 	EXP 	sq_1: ori = np.float64(6.0)
34.7923 	EXP 	sq_2: ori = np.float64(47.0)
34.7923 	EXP 	sq_1: autoDraw = True
34.7923 	EXP 	sq_2: autoDraw = True
34.7923 	EXP 	text: autoDraw = True
35.5269 	EXP 	Device response: <KeyPress from None: t=35.52062579197809, value=right, duration=None>
35.5332 	DATA 	Keypress: right
35.5397 	EXP 	sq_1: autoDraw = False
35.5397 	EXP 	sq_2: autoDraw = False
35.5397 	EXP 	text: autoDraw = False
35.5397 	EXP 	text_fb_task: height = np.float64(0.05)
35.5397 	EXP 	text_fb_task: height = np.float64(0.05)
35.5397 	EXP 	text_fb_task: height = np.float64(0.05)
35.5397 	EXP 	text_fb_task: text = 'Увы('
35.5397 	EXP 	text_fb_task: autoDraw = True
35.6368 	EXP 	Device response: <KeyPress from None: t=35.52062579197809, value=right, duration=0.11386037501506507>
35.8260 	EXP 	New trial (rep=0, index=25): <Trial 25 (25 in rep 0) data={'w1': 0.28, 'w2': 0.27, 'corr_answ': 'left', 'op1': 0.13, 'op2': 0.85, 'xPos1': -0.18, 'yPos1': -0.22, 'xPos2': 0.18, 'yPos2': 0.18, 'or1': 5, 'or2': 45, 'time': 1.5, 'thisN': 25, 'thisTrialN': 25, 'thisRepN': 0}>
35.8362 	EXP 	text_fb_task: autoDraw = False
35.8362 	EXP 	text_fb_task: autoDraw = False
35.8362 	EXP 	sq_1: ori = np.float64(5.0)
35.8362 	EXP 	sq_2: ori = np.float64(45.0)
35.8362 	EXP 	sq_1: autoDraw = True
35.8362 	EXP 	sq_2: autoDraw = True
35.8362 	EXP 	text: autoDraw = True
36.1702 	EXP 	Device response: <KeyPress from None: t=36.15440604201285, value=right, duration=None>
36.1727 	DATA 	Keypress: right
36.1790 	EXP 	sq_1: autoDraw = False
36.1790 	EXP 	sq_2: autoDraw = False
36.1790 	EXP 	text: autoDraw = False
36.1790 	EXP 	text_fb_task: text = 'Увы('
36.1790 	EXP 	text_fb_task: autoDraw = True
36.2622 	EXP 	Device response: <KeyPress from None: t=36.15440604201285, value=right, duration=0.10062454198487103>
36.4683 	EXP 	New trial (rep=0, index=26): <Trial 26 (26 in rep 0) data={'w1': 0.12, 'w2': 0.13, 'corr_answ': 'right', 'op1': 0.45, 'op2': 0.85, 'xPos1': -0.2, 'yPos1': 0.0, 'xPos2': 0.2, 'yPos2': 0.2, 'or1': 5, 'or2': 10, 'time': 1.0, 'thisN': 26, 'thisTrialN': 26, 'thisRepN': 0}>
36.4780 	EXP 	text_fb_task: autoDraw = False
36.4780 	EXP 	text_fb_task: autoDraw = False
36.4780 	EXP 	sq_1: ori = np.float64(5.0)
36.4780 	EXP 	sq_2: ori = np.float64(10.0)
36.4780 	EXP 	sq_1: autoDraw = True
36.4780 	EXP 	sq_2: autoDraw = True
36.4780 	EXP 	text: autoDraw = True
36.8697 	EXP 	Device response: <KeyPress from None: t=36.852699459006544, value=right, duration=None>
36.8755 	DATA 	Keypress: right
36.8848 	EXP 	sq_1: autoDraw = False
36.8848 	EXP 	sq_2: autoDraw = False
36.8848 	EXP 	text: autoDraw = False
36.8848 	EXP 	text_fb_task: height = np.float64(0.05)
36.8848 	EXP 	text_fb_task: height = np.float64(0.05)
36.8848 	EXP 	text_fb_task: height = np.float64(0.05)
36.8848 	EXP 	text_fb_task: text = 'Верно!'
36.8848 	EXP 	text_fb_task: autoDraw = True
36.9535 	EXP 	Device response: <KeyPress from None: t=36.852699459006544, value=right, duration=0.09260312496917322>
37.1697 	EXP 	New trial (rep=0, index=27): <Trial 27 (27 in rep 0) data={'w1': 0.23, 'w2': 0.22, 'corr_answ': 'left', 'op1': 0.6, 'op2': 0.15, 'xPos1': -0.18, 'yPos1': -0.2, 'xPos2': 0.18, 'yPos2': 0.2, 'or1': 30, 'or2': 15, 'time': 1.5, 'thisN': 27, 'thisTrialN': 27, 'thisRepN': 0}>
37.1783 	EXP 	text_fb_task: autoDraw = False
37.1783 	EXP 	text_fb_task: autoDraw = False
37.1783 	EXP 	sq_1: ori = np.float64(30.0)
37.1783 	EXP 	sq_2: ori = np.float64(15.0)
37.1783 	EXP 	sq_1: autoDraw = True
37.1783 	EXP 	sq_2: autoDraw = True
37.1783 	EXP 	text: autoDraw = True
37.6356 	EXP 	Device response: <KeyPress from None: t=37.62847499997588, value=right, duration=None>
37.6400 	DATA 	Keypress: right
37.6466 	EXP 	sq_1: autoDraw = False
37.6466 	EXP 	sq_2: autoDraw = False
37.6466 	EXP 	text: autoDraw = False
37.6466 	EXP 	text_fb_task: height = np.float64(0.05)
37.6466 	EXP 	text_fb_task: height = np.float64(0.05)
37.6466 	EXP 	text_fb_task: height = np.float64(0.05)
37.6466 	EXP 	text_fb_task: text = 'Увы('
37.6466 	EXP 	text_fb_task: autoDraw = True
37.7268 	EXP 	Device response: <KeyPress from None: t=37.62847499997588, value=right, duration=0.09317750000627711>
37.9362 	EXP 	New trial (rep=0, index=28): <Trial 28 (28 in rep 0) data={'w1': 0.27, 'w2': 0.26, 'corr_answ': 'left', 'op1': 0.52, 'op2': 0.2, 'xPos1': -0.18, 'yPos1': 0.15, 'xPos2': 0.18, 'yPos2': -0.18, 'or1': 20, 'or2': 4, 'time': 1.5, 'thisN': 28, 'thisTrialN': 28, 'thisRepN': 0}>
37.9444 	EXP 	text_fb_task: autoDraw = False
37.9444 	EXP 	text_fb_task: autoDraw = False
37.9444 	EXP 	sq_1: ori = np.float64(20.0)
37.9444 	EXP 	sq_2: ori = np.float64(4.0)
37.9444 	EXP 	sq_1: autoDraw = True
37.9444 	EXP 	sq_2: autoDraw = True
37.9444 	EXP 	text: autoDraw = True
38.2689 	EXP 	Device response: <KeyPress from None: t=38.26376620901283, value=right, duration=None>
38.2713 	DATA 	Keypress: right
38.2779 	EXP 	sq_1: autoDraw = False
38.2779 	EXP 	sq_2: autoDraw = False
38.2779 	EXP 	text: autoDraw = False
38.2779 	EXP 	text_fb_task: text = 'Увы('
38.2779 	EXP 	text_fb_task: autoDraw = True
38.3542 	EXP 	Device response: <KeyPress from None: t=38.26376620901283, value=right, duration=0.08848058298463002>
38.5688 	EXP 	New trial (rep=0, index=29): <Trial 29 (29 in rep 0) data={'w1': 0.18, 'w2': 0.19, 'corr_answ': 'left', 'op1': 0.4, 'op2': 0.19, 'xPos1': -0.3, 'yPos1': 0.2, 'xPos2': 0.3, 'yPos2': -0.2, 'or1': 45, 'or2': 5, 'time': 1.5, 'thisN': 29, 'thisTrialN': 29, 'thisRepN': 0}>
38.5786 	EXP 	text_fb_task: autoDraw = False
38.5786 	EXP 	text_fb_task: autoDraw = False
38.5786 	EXP 	sq_1: ori = np.float64(45.0)
38.5786 	EXP 	sq_2: ori = np.float64(5.0)
38.5786 	EXP 	sq_1: autoDraw = True
38.5786 	EXP 	sq_2: autoDraw = True
38.5786 	EXP 	text: autoDraw = True
38.8686 	EXP 	Device response: <KeyPress from None: t=38.862229249964, value=right, duration=None>
38.8708 	DATA 	Keypress: right
38.8776 	EXP 	sq_1: autoDraw = False
38.8776 	EXP 	sq_2: autoDraw = False
38.8776 	EXP 	text: autoDraw = False
38.8776 	EXP 	text_fb_task: text = 'Увы('
38.8776 	EXP 	text_fb_task: autoDraw = True
38.9529 	EXP 	Device response: <KeyPress from None: t=38.862229249964, value=right, duration=0.08793220901861787>
39.1690 	EXP 	New trial (rep=0, index=30): <Trial 30 (30 in rep 0) data={'w1': 0.14, 'w2': 0.13, 'corr_answ': 'left', 'op1': 0.15, 'op2': 0.5, 'xPos1': -0.3, 'yPos1': 0.21, 'xPos2': 0.3, 'yPos2': 0.18, 'or1': 45, 'or2': 5, 'time': 0.7, 'thisN': 30, 'thisTrialN': 30, 'thisRepN': 0}>
39.1800 	EXP 	text_fb_task: autoDraw = False
39.1800 	EXP 	text_fb_task: autoDraw = False
39.1800 	EXP 	sq_1: ori = np.float64(45.0)
39.1800 	EXP 	sq_2: ori = np.float64(5.0)
39.1800 	EXP 	sq_1: autoDraw = True
39.1800 	EXP 	sq_2: autoDraw = True
39.1800 	EXP 	text: autoDraw = True
39.5678 	EXP 	Device response: <KeyPress from None: t=39.56266829196829, value=right, duration=None>
39.5706 	DATA 	Keypress: right
39.5764 	EXP 	sq_1: autoDraw = False
39.5764 	EXP 	sq_2: autoDraw = False
39.5764 	EXP 	text: autoDraw = False
39.5764 	EXP 	text_fb_task: text = 'Увы('
39.5764 	EXP 	text_fb_task: autoDraw = True
39.6591 	EXP 	Device response: <KeyPress from None: t=39.56266829196829, value=right, duration=0.09555695799645036>
39.8618 	EXP 	New trial (rep=0, index=31): <Trial 31 (31 in rep 0) data={'w1': 0.14, 'w2': 0.13, 'corr_answ': 'left', 'op1': 0.15, 'op2': 0.5, 'xPos1': -0.3, 'yPos1': 0.21, 'xPos2': 0.3, 'yPos2': 0.18, 'or1': 45, 'or2': 5, 'time': 0.5, 'thisN': 31, 'thisTrialN': 31, 'thisRepN': 0}>
39.8718 	EXP 	text_fb_task: autoDraw = False
39.8718 	EXP 	text_fb_task: autoDraw = False
39.8718 	EXP 	sq_1: ori = np.float64(45.0)
39.8718 	EXP 	sq_2: ori = np.float64(5.0)
39.8718 	EXP 	sq_1: autoDraw = True
39.8718 	EXP 	sq_2: autoDraw = True
39.8718 	EXP 	text: autoDraw = True
40.2069 	EXP 	Device response: <KeyPress from None: t=40.20196929201484, value=right, duration=None>
40.2091 	DATA 	Keypress: right
40.2161 	EXP 	sq_1: autoDraw = False
40.2161 	EXP 	sq_2: autoDraw = False
40.2161 	EXP 	text: autoDraw = False
40.2161 	EXP 	text_fb_task: text = 'Увы('
40.2161 	EXP 	text_fb_task: autoDraw = True
40.3092 	EXP 	Device response: <KeyPress from None: t=40.20196929201484, value=right, duration=0.09942716697696596>
40.5024 	EXP 	New trial (rep=0, index=32): <Trial 32 (32 in rep 0) data={'w1': 0.21, 'w2': 0.22, 'corr_answ': 'right', 'op1': 0.54, 'op2': 0.22, 'xPos1': -0.2, 'yPos1': 0.21, 'xPos2': 0.2, 'yPos2': 0.18, 'or1': 37, 'or2': 7, 'time': 1.5, 'thisN': 32, 'thisTrialN': 32, 'thisRepN': 0}>
40.5180 	EXP 	text_fb_task: autoDraw = False
40.5180 	EXP 	text_fb_task: autoDraw = False
40.5180 	EXP 	sq_1: ori = np.float64(37.0)
40.5180 	EXP 	sq_2: ori = np.float64(7.0)
40.5180 	EXP 	sq_1: autoDraw = True
40.5180 	EXP 	sq_2: autoDraw = True
40.5180 	EXP 	text: autoDraw = True
40.8470 	EXP 	Device response: <KeyPress from None: t=40.84160012501525, value=right, duration=None>
40.8521 	DATA 	Keypress: right
40.8588 	EXP 	sq_1: autoDraw = False
40.8588 	EXP 	sq_2: autoDraw = False
40.8588 	EXP 	text: autoDraw = False
40.8588 	EXP 	text_fb_task: height = np.float64(0.05)
40.8588 	EXP 	text_fb_task: height = np.float64(0.05)
40.8588 	EXP 	text_fb_task: height = np.float64(0.05)
40.8588 	EXP 	text_fb_task: text = 'Верно!'
40.8588 	EXP 	text_fb_task: autoDraw = True
40.9201 	EXP 	Device response: <KeyPress from None: t=40.84160012501525, value=right, duration=0.07190754200564697>
41.1422 	EXP 	New trial (rep=0, index=33): <Trial 33 (33 in rep 0) data={'w1': 0.22, 'w2': 0.21, 'corr_answ': 'left', 'op1': 0.17, 'op2': 0.8, 'xPos1': -0.18, 'yPos1': -0.22, 'xPos2': 0.18, 'yPos2': 0.18, 'or1': 45, 'or2': 5, 'time': 1.0, 'thisN': 33, 'thisTrialN': 33, 'thisRepN': 0}>
41.1521 	EXP 	text_fb_task: autoDraw = False
41.1521 	EXP 	text_fb_task: autoDraw = False
41.1521 	EXP 	sq_1: ori = np.float64(45.0)
41.1521 	EXP 	sq_2: ori = np.float64(5.0)
41.1521 	EXP 	sq_1: autoDraw = True
41.1521 	EXP 	sq_2: autoDraw = True
41.1521 	EXP 	text: autoDraw = True
41.6023 	EXP 	Device response: <KeyPress from None: t=41.590585250000004, value=right, duration=None>
41.6065 	DATA 	Keypress: right
41.6133 	EXP 	sq_1: autoDraw = False
41.6133 	EXP 	sq_2: autoDraw = False
41.6133 	EXP 	text: autoDraw = False
41.6133 	EXP 	text_fb_task: height = np.float64(0.05)
41.6133 	EXP 	text_fb_task: height = np.float64(0.05)
41.6133 	EXP 	text_fb_task: height = np.float64(0.05)
41.6133 	EXP 	text_fb_task: text = 'Увы('
41.6133 	EXP 	text_fb_task: autoDraw = True
41.6943 	EXP 	Device response: <KeyPress from None: t=41.590585250000004, value=right, duration=0.09470149996923283>
41.9030 	EXP 	New trial (rep=0, index=34): <Trial 34 (34 in rep 0) data={'w1': 0.23, 'w2': 0.17, 'corr_answ': 'right', 'op1': 0.52, 'op2': 0.2, 'xPos1': -0.3, 'yPos1': -0.22, 'xPos2': 0.3, 'yPos2': 0.18, 'or1': 36, 'or2': 10, 'time': 1.5, 'thisN': 34, 'thisTrialN': 34, 'thisRepN': 0}>
41.9152 	EXP 	text_fb_task: autoDraw = False
41.9152 	EXP 	text_fb_task: autoDraw = False
41.9152 	EXP 	sq_1: ori = np.float64(36.0)
41.9152 	EXP 	sq_2: ori = np.float64(10.0)
41.9152 	EXP 	sq_1: autoDraw = True
41.9152 	EXP 	sq_2: autoDraw = True
41.9152 	EXP 	text: autoDraw = True
42.3018 	EXP 	Device response: <KeyPress from None: t=42.29687287501292, value=right, duration=None>
42.3060 	DATA 	Keypress: right
42.3124 	EXP 	sq_1: autoDraw = False
42.3124 	EXP 	sq_2: autoDraw = False
42.3124 	EXP 	text: autoDraw = False
42.3124 	EXP 	text_fb_task: height = np.float64(0.05)
42.3124 	EXP 	text_fb_task: height = np.float64(0.05)
42.3124 	EXP 	text_fb_task: height = np.float64(0.05)
42.3124 	EXP 	text_fb_task: text = 'Верно!'
42.3124 	EXP 	text_fb_task: autoDraw = True
42.4039 	EXP 	Device response: <KeyPress from None: t=42.29687287501292, value=right, duration=0.10033995896810666>
42.6023 	EXP 	New trial (rep=0, index=35): <Trial 35 (35 in rep 0) data={'w1': 0.22, 'w2': 0.23, 'corr_answ': 'right', 'op1': 0.15, 'op2': 0.5, 'xPos1': -0.2, 'yPos1': 0.15, 'xPos2': 0.2, 'yPos2': -0.18, 'or1': 45, 'or2': 3, 'time': 1.5, 'thisN': 35, 'thisTrialN': 35, 'thisRepN': 0}>
42.6181 	EXP 	text_fb_task: autoDraw = False
42.6181 	EXP 	text_fb_task: autoDraw = False
42.6181 	EXP 	sq_1: ori = np.float64(45.0)
42.6181 	EXP 	sq_2: ori = np.float64(3.0)
42.6181 	EXP 	sq_1: autoDraw = True
42.6181 	EXP 	sq_2: autoDraw = True
42.6181 	EXP 	text: autoDraw = True
42.9957 	EXP 	Device response: <KeyPress from None: t=42.98736683401512, value=right, duration=None>
42.9995 	DATA 	Keypress: right
43.0059 	EXP 	sq_1: autoDraw = False
43.0059 	EXP 	sq_2: autoDraw = False
43.0059 	EXP 	text: autoDraw = False
43.0059 	EXP 	text_fb_task: text = 'Верно!'
43.0059 	EXP 	text_fb_task: autoDraw = True
43.0861 	EXP 	Device response: <KeyPress from None: t=42.98736683401512, value=right, duration=0.09344404097646475>
43.2914 	EXP 	New trial (rep=0, index=36): <Trial 36 (36 in rep 0) data={'w1': 0.16, 'w2': 0.17, 'corr_answ': 'right', 'op1': 0.49, 'op2': 0.78, 'xPos1': -0.2, 'yPos1': 0.15, 'xPos2': 0.2, 'yPos2': -0.18, 'or1': 30, 'or2': 5, 'time': 1.0, 'thisN': 36, 'thisTrialN': 36, 'thisRepN': 0}>
43.3032 	EXP 	text_fb_task: autoDraw = False
43.3032 	EXP 	text_fb_task: autoDraw = False
43.3032 	EXP 	sq_1: ori = np.float64(30.0)
43.3032 	EXP 	sq_2: ori = np.float64(5.0)
43.3032 	EXP 	sq_1: autoDraw = True
43.3032 	EXP 	sq_2: autoDraw = True
43.3032 	EXP 	text: autoDraw = True
44.3055 	EXP 	sq_1: autoDraw = False
44.3055 	EXP 	sq_2: autoDraw = False
44.3055 	EXP 	text: autoDraw = False
44.3055 	EXP 	sq_1: autoDraw = False
44.3055 	EXP 	sq_2: autoDraw = False
44.3055 	EXP 	text: autoDraw = False
44.3055 	EXP 	text_fb_task: height = np.float64(0.05)
44.3055 	EXP 	text_fb_task: height = np.float64(0.05)
44.3055 	EXP 	text_fb_task: height = np.float64(0.05)
44.3055 	EXP 	text_fb_task: text = 'Не успели'
44.3055 	EXP 	text_fb_task: autoDraw = True
44.6024 	EXP 	New trial (rep=0, index=37): <Trial 37 (37 in rep 0) data={'w1': 0.2, 'w2': 0.21, 'corr_answ': 'right', 'op1': 0.13, 'op2': 0.85, 'xPos1': -0.2, 'yPos1': -0.2, 'xPos2': 0.2, 'yPos2': 0.2, 'or1': 0, 'or2': 45, 'time': 1.0, 'thisN': 37, 'thisTrialN': 37, 'thisRepN': 0}>
44.6141 	EXP 	text_fb_task: autoDraw = False
44.6141 	EXP 	sq_1: ori = np.float64(0.0)
44.6141 	EXP 	sq_2: ori = np.float64(45.0)
44.6141 	EXP 	sq_1: autoDraw = True
44.6141 	EXP 	sq_2: autoDraw = True
44.6141 	EXP 	text: autoDraw = True
45.6352 	EXP 	sq_1: autoDraw = False
45.6352 	EXP 	sq_2: autoDraw = False
45.6352 	EXP 	text: autoDraw = False
45.6352 	EXP 	sq_1: autoDraw = False
45.6352 	EXP 	sq_2: autoDraw = False
45.6352 	EXP 	text: autoDraw = False
45.6352 	EXP 	text_fb_task: text = 'Не успели'
45.6352 	EXP 	text_fb_task: autoDraw = True
45.9197 	EXP 	New trial (rep=0, index=38): <Trial 38 (38 in rep 0) data={'w1': 0.25, 'w2': 0.26, 'corr_answ': 'right', 'op1': 0.54, 'op2': 0.22, 'xPos1': -0.3, 'yPos1': 0.2, 'xPos2': 0.3, 'yPos2': -0.2, 'or1': 37, 'or2': 7, 'time': 1.5, 'thisN': 38, 'thisTrialN': 38, 'thisRepN': 0}>
45.9311 	EXP 	text_fb_task: autoDraw = False
45.9311 	EXP 	text_fb_task: autoDraw = False
45.9311 	EXP 	sq_1: ori = np.float64(37.0)
45.9311 	EXP 	sq_2: ori = np.float64(7.0)
45.9311 	EXP 	sq_1: autoDraw = True
45.9311 	EXP 	sq_2: autoDraw = True
45.9311 	EXP 	text: autoDraw = True
46.3552 	EXP 	Device response: <KeyPress from None: t=46.35151762497844, value=right, duration=None>
46.3598 	DATA 	Keypress: right
46.3672 	EXP 	sq_1: autoDraw = False
46.3672 	EXP 	sq_2: autoDraw = False
46.3672 	EXP 	text: autoDraw = False
46.3672 	EXP 	text_fb_task: height = np.float64(0.05)
46.3672 	EXP 	text_fb_task: height = np.float64(0.05)
46.3672 	EXP 	text_fb_task: height = np.float64(0.05)
46.3672 	EXP 	text_fb_task: text = 'Верно!'
46.3672 	EXP 	text_fb_task: autoDraw = True
46.4705 	EXP 	Device response: <KeyPress from None: t=46.35151762497844, value=right, duration=0.1091368340421468>
46.6683 	EXP 	New trial (rep=0, index=39): <Trial 39 (39 in rep 0) data={'w1': 0.25, 'w2': 0.24, 'corr_answ': 'left', 'op1': 0.8, 'op2': 0.17, 'xPos1': -0.18, 'yPos1': -0.2, 'xPos2': 0.18, 'yPos2': 0.2, 'or1': 25, 'or2': 4, 'time': 1.5, 'thisN': 39, 'thisTrialN': 39, 'thisRepN': 0}>
46.6839 	EXP 	text_fb_task: autoDraw = False
46.6839 	EXP 	sq_1: ori = np.float64(25.0)
46.6839 	EXP 	sq_2: ori = np.float64(4.0)
46.6839 	EXP 	sq_1: autoDraw = True
46.6839 	EXP 	sq_2: autoDraw = True
46.6839 	EXP 	text: autoDraw = True
47.7793 	EXP 	Device response: <KeyPress from None: t=47.77449012501165, value=right, duration=None>
47.7836 	DATA 	Keypress: right
47.7900 	EXP 	sq_1: autoDraw = False
47.7900 	EXP 	sq_2: autoDraw = False
47.7900 	EXP 	text: autoDraw = False
47.7900 	EXP 	text_fb_task: height = np.float64(0.05)
47.7900 	EXP 	text_fb_task: height = np.float64(0.05)
47.7900 	EXP 	text_fb_task: height = np.float64(0.05)
47.7900 	EXP 	text_fb_task: text = 'Увы('
47.7900 	EXP 	text_fb_task: autoDraw = True
47.8765 	EXP 	Device response: <KeyPress from None: t=47.77449012501165, value=right, duration=0.09734983398811892>
48.0823 	EXP 	Imported tabl_sl.xlsx as conditions, 5 conditions, 1 params
48.0829 	EXP 	New trial (rep=0, index=0): <Trial 0 (0 in rep 0) data={'q_sl': 'Это было сложно?', 'thisN': 0, 'thisTrialN': 0, 'thisRepN': 0}>
48.1023 	EXP 	text_fb_task: autoDraw = False
48.1023 	EXP 	text_fb_task: autoDraw = False
48.1023 	EXP 	sl_h: markerPos = None
48.1023 	EXP 	sl_h: markerPos = 5
48.1023 	EXP 	text_sl: height = np.float64(0.030000000000000002)
48.1023 	EXP 	text_sl: height = np.float64(0.030000000000000002)
48.1023 	EXP 	text_sl: height = np.float64(0.030000000000000002)
48.1023 	EXP 	text_sl: text = 'Это было сложно?'
48.1023 	EXP 	sl_h: autoDraw = True
48.1023 	EXP 	text_sl: autoDraw = True
50.6236 	DATA 	Mouse: Left button down, pos=(868,107)
50.6321 	EXP 	sl_h: markerPos = np.float64(5.093947606142728)
50.6392 	EXP 	sl_h: markerPos = np.float64(5.093947606142728)
50.6501 	EXP 	sl_h: markerPos = np.float64(5.093947606142728)
50.6572 	EXP 	sl_h: markerPos = np.float64(5.093947606142728)
50.6654 	EXP 	sl_h: markerPos = np.float64(5.093947606142728)
50.6725 	EXP 	sl_h: markerPos = np.float64(5.093947606142728)
50.6834 	EXP 	sl_h: markerPos = np.float64(5.093947606142728)
50.6863 	DATA 	Mouse:  Left button up, pos=(868,107)
50.6911 	EXP 	sl_h: markerPos = np.float64(5.093947606142728)
50.6997 	EXP 	sl_h: markerPos = np.float64(5.093947606142728)
50.7002 	EXP 	New trial (rep=0, index=1): <Trial 1 (1 in rep 0) data={'q_sl': 'Вы могли контролировать ситуацию?', 'thisN': 1, 'thisTrialN': 1, 'thisRepN': 0}>
50.7104 	EXP 	sl_h: autoDraw = False
50.7104 	EXP 	text_sl: autoDraw = False
50.7104 	EXP 	sl_h: markerPos = None
50.7104 	EXP 	sl_h: markerPos = 5
50.7104 	EXP 	text_sl: height = np.float64(0.030000000000000002)
50.7104 	EXP 	text_sl: height = np.float64(0.030000000000000002)
50.7104 	EXP 	text_sl: height = np.float64(0.030000000000000002)
50.7104 	EXP 	text_sl: text = 'Вы могли контролировать ситуацию?'
50.7104 	EXP 	sl_h: autoDraw = True
50.7104 	EXP 	text_sl: autoDraw = True
51.2411 	DATA 	Mouse: Left button down, pos=(866,108)
51.2494 	EXP 	sl_h: markerPos = np.float64(5.079494128274616)
51.2571 	EXP 	sl_h: markerPos = np.float64(5.079494128274616)
51.2653 	EXP 	sl_h: markerPos = np.float64(5.079494128274616)
51.2725 	EXP 	sl_h: markerPos = np.float64(5.079494128274616)
51.2832 	EXP 	sl_h: markerPos = np.float64(5.079494128274616)
51.2897 	EXP 	sl_h: markerPos = np.float64(5.079494128274616)
51.2999 	EXP 	sl_h: markerPos = np.float64(5.079494128274616)
51.3065 	EXP 	sl_h: markerPos = np.float64(5.079494128274616)
51.3164 	EXP 	sl_h: markerPos = np.float64(5.079494128274616)
51.3231 	EXP 	sl_h: markerPos = np.float64(5.079494128274616)
51.3235 	DATA 	Mouse:  Left button up, pos=(866,108)
51.3329 	EXP 	sl_h: markerPos = np.float64(5.079494128274616)
51.3334 	EXP 	New trial (rep=0, index=2): <Trial 2 (2 in rep 0) data={'q_sl': 'Насколько результат зависел от Вас?', 'thisN': 2, 'thisTrialN': 2, 'thisRepN': 0}>
51.3430 	EXP 	sl_h: autoDraw = False
51.3430 	EXP 	text_sl: autoDraw = False
51.3430 	EXP 	sl_h: markerPos = None
51.3430 	EXP 	sl_h: markerPos = 5
51.3430 	EXP 	text_sl: height = np.float64(0.030000000000000002)
51.3430 	EXP 	text_sl: height = np.float64(0.030000000000000002)
51.3430 	EXP 	text_sl: height = np.float64(0.030000000000000002)
51.3430 	EXP 	text_sl: text = 'Насколько результат зависел от Вас?'
51.3430 	EXP 	sl_h: autoDraw = True
51.3430 	EXP 	text_sl: autoDraw = True
52.5682 	DATA 	Mouse: Left button down, pos=(866,108)
52.5833 	EXP 	sl_h: markerPos = np.float64(5.079494128274616)
52.5902 	EXP 	sl_h: markerPos = np.float64(5.079494128274616)
52.5998 	EXP 	sl_h: markerPos = np.float64(5.079494128274616)
52.6065 	EXP 	sl_h: markerPos = np.float64(5.079494128274616)
52.6164 	EXP 	sl_h: markerPos = np.float64(5.079494128274616)
52.6232 	EXP 	sl_h: markerPos = np.float64(5.079494128274616)
52.6330 	EXP 	sl_h: markerPos = np.float64(5.079494128274616)
52.6398 	EXP 	sl_h: markerPos = np.float64(5.079494128274616)
52.6501 	EXP 	sl_h: markerPos = np.float64(5.079494128274616)
52.6567 	EXP 	sl_h: markerPos = np.float64(5.079494128274616)
52.6665 	EXP 	sl_h: markerPos = np.float64(5.079494128274616)
52.6733 	EXP 	sl_h: markerPos = np.float64(5.079494128274616)
52.6832 	EXP 	sl_h: markerPos = np.float64(5.079494128274616)
52.6837 	DATA 	Mouse:  Left button up, pos=(866,108)
52.6903 	EXP 	sl_h: markerPos = np.float64(5.079494128274616)
52.6907 	EXP 	New trial (rep=0, index=3): <Trial 3 (3 in rep 0) data={'q_sl': 'Насколько успешно получалось сравнивать квадраты?', 'thisN': 3, 'thisTrialN': 3, 'thisRepN': 0}>
52.7008 	EXP 	sl_h: autoDraw = False
52.7008 	EXP 	text_sl: autoDraw = False
52.7008 	EXP 	sl_h: markerPos = None
52.7008 	EXP 	sl_h: markerPos = 5
52.7008 	EXP 	text_sl: height = np.float64(0.030000000000000002)
52.7008 	EXP 	text_sl: height = np.float64(0.030000000000000002)
52.7008 	EXP 	text_sl: height = np.float64(0.030000000000000002)
52.7008 	EXP 	text_sl: text = 'Насколько успешно получалось сравнивать квадраты?'
52.7008 	EXP 	sl_h: autoDraw = True
52.7008 	EXP 	text_sl: autoDraw = True
53.2006 	DATA 	Mouse: Left button down, pos=(866,108)
53.2079 	EXP 	sl_h: markerPos = np.float64(5.079494128274616)
53.2154 	EXP 	sl_h: markerPos = np.float64(5.079494128274616)
53.2221 	EXP 	sl_h: markerPos = np.float64(5.079494128274616)
53.2330 	EXP 	sl_h: markerPos = np.float64(5.079494128274616)
53.2396 	EXP 	sl_h: markerPos = np.float64(5.079494128274616)
53.2497 	EXP 	sl_h: markerPos = np.float64(5.079494128274616)
53.2562 	EXP 	sl_h: markerPos = np.float64(5.079494128274616)
53.2662 	EXP 	sl_h: markerPos = np.float64(5.079494128274616)
53.2726 	EXP 	sl_h: markerPos = np.float64(5.079494128274616)
53.2831 	EXP 	sl_h: markerPos = np.float64(5.079494128274616)
53.2898 	EXP 	sl_h: markerPos = np.float64(5.079494128274616)
53.2998 	EXP 	sl_h: markerPos = np.float64(5.079494128274616)
53.3003 	DATA 	Mouse:  Left button up, pos=(866,108)
53.3068 	EXP 	sl_h: markerPos = np.float64(5.079494128274616)
53.3073 	EXP 	New trial (rep=0, index=4): <Trial 4 (4 in rep 0) data={'q_sl': 'Вы довольны результатом?', 'thisN': 4, 'thisTrialN': 4, 'thisRepN': 0}>
53.3167 	EXP 	sl_h: autoDraw = False
53.3167 	EXP 	text_sl: autoDraw = False
53.3167 	EXP 	sl_h: markerPos = None
53.3167 	EXP 	sl_h: markerPos = 5
53.3167 	EXP 	text_sl: height = np.float64(0.030000000000000002)
53.3167 	EXP 	text_sl: height = np.float64(0.030000000000000002)
53.3167 	EXP 	text_sl: height = np.float64(0.030000000000000002)
53.3167 	EXP 	text_sl: text = 'Вы довольны результатом?'
53.3167 	EXP 	sl_h: autoDraw = True
53.3167 	EXP 	text_sl: autoDraw = True
54.1169 	DATA 	Mouse: Left button down, pos=(866,108)
54.1255 	EXP 	sl_h: markerPos = np.float64(5.079494128274616)
54.1342 	EXP 	sl_h: markerPos = np.float64(5.079494128274616)
54.1421 	EXP 	sl_h: markerPos = np.float64(5.079494128274616)
54.1499 	EXP 	sl_h: markerPos = np.float64(5.079494128274616)
54.1568 	EXP 	sl_h: markerPos = np.float64(5.079494128274616)
54.1664 	EXP 	sl_h: markerPos = np.float64(5.079494128274616)
54.1727 	EXP 	sl_h: markerPos = np.float64(5.079494128274616)
54.1832 	EXP 	sl_h: markerPos = np.float64(5.079494128274616)
54.1897 	EXP 	sl_h: markerPos = np.float64(5.079494128274616)
54.2001 	EXP 	sl_h: markerPos = np.float64(5.079494128274616)
54.2068 	EXP 	sl_h: markerPos = np.float64(5.079494128274616)
54.2164 	EXP 	sl_h: markerPos = np.float64(5.079494128274616)
54.2189 	DATA 	Mouse:  Left button up, pos=(866,108)
54.2235 	EXP 	sl_h: markerPos = np.float64(5.079494128274616)
54.2332 	EXP 	sl_h: markerPos = np.float64(5.079494128274616)
54.2414 	INFO 	Keyboard events cleared
54.2412 	EXP 	sl_h: autoDraw = False
54.2412 	EXP 	text_sl: autoDraw = False
54.2412 	EXP 	text_5: height = np.float64(0.05)
54.2412 	EXP 	text_5: height = np.float64(0.05)
54.2412 	EXP 	text_5: height = np.float64(0.05)
54.2412 	EXP 	text_5: text = 'Всего правильных ответов:17'
54.2412 	EXP 	text_5: autoDraw = True
55.5383 	EXP 	text_5: autoDraw = False
55.5383 	EXP 	text_5: autoDraw = False
55.5383 	EXP 	textbox: autoDraw = True
56.8782 	EXP 	Device response: <KeyPress from None: t=56.87681604200043, value=6, duration=None>
56.8960 	DATA 	Keypress: 6
56.9346 	EXP 	Device response: <KeyPress from None: t=56.87681604200043, value=6, duration=0.056548291991930455>
57.0276 	EXP 	Device response: <KeyPress from None: t=57.01950024999678, value=6, duration=None>
57.0329 	DATA 	Keypress: 6
57.0741 	EXP 	Device response: <KeyPress from None: t=57.01950024999678, value=6, duration=0.052617000008467585>
57.1601 	EXP 	Device response: <KeyPress from None: t=57.158230250002816, value=6, duration=None>
57.1659 	DATA 	Keypress: 6
57.2179 	EXP 	Device response: <KeyPress from None: t=57.158230250002816, value=6, duration=0.05780737497843802>
57.5900 	EXP 	Device response: <KeyPress from None: t=57.58427950000623, value=6, duration=None>
57.5935 	DATA 	Keypress: 6
57.6680 	EXP 	Device response: <KeyPress from None: t=57.58427950000623, value=6, duration=0.08252770896069705>
58.5263 	INFO 	Keyboard events cleared
59.9351 	EXP 	Device response: <KeyPress from None: t=59.93130245897919, value=space, duration=None>
59.9391 	DATA 	Keypress: space
59.9451 	EXP 	textbox: autoDraw = False
59.9451 	EXP 	text_th: autoDraw = True
60.0183 	EXP 	Device response: <KeyPress from None: t=59.93130245897919, value=space, duration=0.08506879099877551>
60.9400 	EXP 	text_th: autoDraw = False
60.9400 	EXP 	text_th: autoDraw = False
60.9400 	EXP 	4_calibr_sum: status = STOPPED
60.9610 	INFO 	saved data to '/Users/arinasevruk/Desktop/Exp/MyExp/data/_4_calibr_sum_2025-12-30_18h58.06.116.csv'
60.9622 	INFO 	saved data to /Users/arinasevruk/Desktop/Exp/MyExp/data/_4_calibr_sum_2025-12-30_18h58.06.116.psydat
