9.8949 	WARNING 	Font Manager failed to load file /System/Library/PrivateFrameworks/FontServices.framework/Resources/Reserved/PingFangUI.ttc
9.9743 	WARNING 	Font Manager failed to load file /System/Library/PrivateFrameworks/FontServices.framework/Resources/Reserved/PingFangUI.ttc
11.5460 	INFO 	Loaded monitor calibration from ['2025_10_28 18:09']
11.6548 	INFO 	Using renderer 'Apple M4' for graphics
11.6548 	INFO 	OpenGL version supported by driver is 2..
11.6766 	EXP 	Created window1 = Window(allowGUI=True, allowStencil=True, autoLog=True, backendConf=UNKNOWN, backgroundFit=<method-wrapper '__getattribute__' of attributeSetter object at 0x1572a7f40>, backgroundImage=<method-wrapper '__getattribute__' of attributeSetter object at 0x1572a7ee0>, bitsMode=UNKNOWN, blendMode='avg', bpc=(8, 8, 8), color=array([-0.2314, -0.2314, -0.2314]), colorSpace='rgb', depthBits=8, fullscr=True, gamma=None, gammaErrorPolicy='raise', infoMsg=UNKNOWN, lms=UNKNOWN, monitor=<psychopy.monitors.calibTools.Monitor object at 0x157259e40>, multiSample=False, name='window1', numSamples=2, pos=[np.float64(0.0), np.float64(0.0)], screen=0, size=array([3420, 2214]), stencilBits=8, stereo=False, title='PsychoPy', units='height', useFBO=True, useRetina=True, viewOri=0.0, viewPos=None, viewScale=None, waitBlanking=True, winType='pyglet')
11.6767 	EXP 	window1: backgroundImage = ''
11.6767 	EXP 	window1: backgroundFit = 'none'
11.9449 	EXP 	window1: Attempting to measure frame rate of screen (0) ...
11.9449 	EXP 	window1: recordFrameIntervals = False
12.0994 	EXP 	window1: recordFrameIntervals = True
12.2833 	EXP 	Screen (0) actual frame rate measured at 120.92Hz
12.2834 	EXP 	window1: recordFrameIntervals = False
14.4923 	INFO 	keyboard.Keyboard is using iohub backend.
14.4923 	INFO 	keyboard.Keyboard is using iohub backend.
14.4923 	INFO 	keyboard.Keyboard is using iohub backend.
14.4923 	INFO 	keyboard.Keyboard is using iohub backend.
14.4923 	INFO 	keyboard.Keyboard is using iohub backend.
14.4924 	INFO 	keyboard.Keyboard is using iohub backend.
14.4924 	INFO 	keyboard.Keyboard is using iohub backend.
14.4924 	INFO 	keyboard.Keyboard is using iohub backend.
14.4924 	INFO 	keyboard.Keyboard is using iohub backend.
14.4924 	INFO 	keyboard.Keyboard is using iohub backend.
14.4924 	EXP 	4_calibr_sum: status = STARTED
14.5215 	EXP 	Created main_instr_text = TextStim(__class__=<class 'psychopy.visual.text.TextStim'>, alignHoriz=method-wrapper(...), alignText='center', alignVert=method-wrapper(...), anchorHoriz='center', anchorVert='center', antialias=True, autoDraw=False, autoLog=True, bold=False, color=array([1., 1., 1.]), colorSpace='rgb', contrast=1.0, depth=0.0, draggable=False, flipHoriz=False, flipVert=False, font='Arial', fontFiles=[], height=np.float64(0.04), italic=False, languageStyle='LTR', name='main_instr_text', opacity=1, ori=0.0, pos=array([0., 0.]), rgb=UNKNOWN, text=str(...), units='height', win=Window(...), wrapWidth=1)
14.5287 	EXP 	Created BJW_inst_text = TextStim(__class__=<class 'psychopy.visual.text.TextStim'>, alignHoriz=method-wrapper(...), alignText='center', alignVert=method-wrapper(...), anchorHoriz='center', anchorVert='center', antialias=True, autoDraw=False, autoLog=True, bold=False, color=array([1., 1., 1.]), colorSpace='rgb', contrast=1.0, depth=0.0, draggable=False, flipHoriz=False, flipVert=False, font='Arial', fontFiles=[], height=np.float64(0.04), italic=False, languageStyle='LTR', name='BJW_inst_text', opacity=1, ori=0.0, pos=array([0., 0.]), rgb=UNKNOWN, text=str(...), units='height', win=Window(...), wrapWidth=1)
14.5947 	EXP 	Created BJW_slider = Slider(__class__=<class 'psychopy.visual.slider.Slider'>, autoDraw=False, autoLog=True, borderColor=None, color=None, colorSpace='rgb', depth=0, fillColor=None, flip=True, font='Open Sans', granularity=1.0, labelColor=None, labelHeight=np.float64(0.02), labelWrapWidth=None, labels=list(...), lineColor=None, markerColor=None, name='BJW_slider', opacity=None, ori=0.0, pos=array([ 0. , -0.4]), readOnly=False, self=UNKNOWN, size=array([1. , 0.1]), startValue=3, style='rating', styleTweaks=[], ticks=array([1, 2, 3, 4, 5]), units='height', win=Window(...))
14.5952 	EXP 	Created BJW_text = TextStim(__class__=<class 'psychopy.visual.text.TextStim'>, alignHoriz=method-wrapper(...), alignText='center', alignVert=method-wrapper(...), anchorHoriz='center', anchorVert='center', antialias=True, autoDraw=False, autoLog=True, bold=False, color=array([1., 1., 1.]), colorSpace='rgb', contrast=1.0, depth=-1.0, draggable=False, flipHoriz=False, flipVert=False, font='Arial', fontFiles=[], height=0.03, italic=False, languageStyle='LTR', name='BJW_text', opacity=1, ori=0.0, pos=array([0. , 0.2]), rgb=UNKNOWN, text='', units='height', win=Window(...), wrapWidth=1)
14.5992 	EXP 	Created text_instr = TextStim(__class__=<class 'psychopy.visual.text.TextStim'>, alignHoriz=method-wrapper(...), alignText='center', alignVert=method-wrapper(...), anchorHoriz='center', anchorVert='center', antialias=True, autoDraw=False, autoLog=True, bold=False, color=array([1., 1., 1.]), colorSpace='rgb', contrast=1.0, depth=0.0, draggable=False, flipHoriz=False, flipVert=False, font='Arial', fontFiles=[], height=np.float64(0.04), italic=False, languageStyle='LTR', name='text_instr', opacity=1, ori=0.0, pos=array([0., 0.]), rgb=UNKNOWN, text=str(...), units='height', win=Window(...), wrapWidth=1)
14.6031 	EXP 	Created text_3 = TextStim(__class__=<class 'psychopy.visual.text.TextStim'>, alignHoriz=method-wrapper(...), alignText='center', alignVert=method-wrapper(...), anchorHoriz='center', anchorVert='center', antialias=True, autoDraw=False, autoLog=True, bold=False, color=array([1., 1., 1.]), colorSpace='rgb', contrast=1.0, depth=0.0, draggable=False, flipHoriz=False, flipVert=False, font='Arial', fontFiles=[], height=np.float64(0.04), italic=False, languageStyle='LTR', name='text_3', opacity=1, ori=0.0, pos=array([0., 0.]), rgb=UNKNOWN, text=str(...), units='height', win=Window(...), wrapWidth=1)
14.6037 	EXP 	Created pol_1 = Rect(__class__=<class 'psychopy.visual.rect.Rect'>, anchor=('center', 'center'), autoDraw=False, autoLog=True, closeShape=True, color=method-wrapper(...), colorSpace='rgb', contrast=None, depth=-1.0, draggable=False, fillColor=array([1, 1, 1]), fillColorSpace='rgb', fillRGB=array([1, 1, 1]), interpolate=True, lineColor=array([1., 1., 1.]), lineColorSpace='rgb', lineRGB=array([1, 1, 1]), lineWidth=1.0, name='pol_1', opacity=1.0, ori=1.0, pos=array([0., 0.]), size=array([1., 1.]), units='height', vertices=ndarray(...), win=Window(...))
14.6042 	EXP 	Created pol_2 = Rect(__class__=<class 'psychopy.visual.rect.Rect'>, anchor=('center', 'center'), autoDraw=False, autoLog=True, closeShape=True, color=method-wrapper(...), colorSpace='rgb', contrast=None, depth=-2.0, draggable=False, fillColor=array([1, 1, 1]), fillColorSpace='rgb', fillRGB=array([1, 1, 1]), interpolate=True, lineColor=array([1., 1., 1.]), lineColorSpace='rgb', lineRGB=array([1, 1, 1]), lineWidth=1.0, name='pol_2', opacity=1.0, ori=1.0, pos=array([0., 0.]), size=array([1., 1.]), units='height', vertices=ndarray(...), win=Window(...))
14.6085 	EXP 	Created text_tren = TextStim(__class__=<class 'psychopy.visual.text.TextStim'>, alignHoriz=method-wrapper(...), alignText='center', alignVert=method-wrapper(...), anchorHoriz='center', anchorVert='center', antialias=True, autoDraw=False, autoLog=True, bold=False, color=array([1., 1., 1.]), colorSpace='rgb', contrast=1.0, depth=-4.0, draggable=False, flipHoriz=False, flipVert=False, font='Arial', fontFiles=[], height=np.float64(0.030000000000000002), italic=False, languageStyle='LTR', name='text_tren', opacity=1, ori=0.0, pos=array([0.  , 0.35]), rgb=UNKNOWN, text=str(...), units='height', win=Window(...), wrapWidth=1)
14.6088 	EXP 	Created text_fb_tren = TextStim(__class__=<class 'psychopy.visual.text.TextStim'>, alignHoriz=method-wrapper(...), alignText='center', alignVert=method-wrapper(...), anchorHoriz='center', anchorVert='center', antialias=True, autoDraw=False, autoLog=True, bold=False, color=array([1., 1., 1.]), colorSpace='rgb', contrast=1.0, depth=-1.0, draggable=False, flipHoriz=False, flipVert=False, font='Arial', fontFiles=[], height=0.03, italic=False, languageStyle='LTR', name='text_fb_tren', opacity=1, ori=0.0, pos=array([0., 0.]), rgb=UNKNOWN, text='', units='height', win=Window(...), wrapWidth=1)
14.6111 	EXP 	Created text_4 = TextStim(__class__=<class 'psychopy.visual.text.TextStim'>, alignHoriz=method-wrapper(...), alignText='center', alignVert=method-wrapper(...), anchorHoriz='center', anchorVert='center', antialias=True, autoDraw=False, autoLog=True, bold=False, color=array([1., 1., 1.]), colorSpace='rgb', contrast=1.0, depth=0.0, draggable=False, flipHoriz=False, flipVert=False, font='Arial', fontFiles=[], height=np.float64(0.04), italic=False, languageStyle='LTR', name='text_4', opacity=1, ori=0.0, pos=array([0., 0.]), rgb=UNKNOWN, text=str(...), units='height', win=Window(...), wrapWidth=1)
14.6116 	EXP 	Created sq_1 = Rect(__class__=<class 'psychopy.visual.rect.Rect'>, anchor=('center', 'center'), autoDraw=False, autoLog=True, closeShape=True, color=method-wrapper(...), colorSpace='rgb', contrast=None, depth=0.0, draggable=False, fillColor=array([1., 1., 1.]), fillColorSpace='rgb', fillRGB=array([1., 1., 1.]), interpolate=True, lineColor=array([1., 1., 1.]), lineColorSpace='rgb', lineRGB=array([1, 1, 1]), lineWidth=1.0, name='sq_1', opacity=1.0, ori=1.0, pos=array([0., 0.]), size=array([1., 1.]), units='height', vertices=ndarray(...), win=Window(...))
14.6122 	EXP 	Created sq_2 = Rect(__class__=<class 'psychopy.visual.rect.Rect'>, anchor=('center', 'center'), autoDraw=False, autoLog=True, closeShape=True, color=method-wrapper(...), colorSpace='rgb', contrast=None, depth=-1.0, draggable=False, fillColor=array([1, 1, 1]), fillColorSpace='rgb', fillRGB=array([1, 1, 1]), interpolate=True, lineColor=array([1., 1., 1.]), lineColorSpace='rgb', lineRGB=array([1, 1, 1]), lineWidth=1.0, name='sq_2', opacity=1.0, ori=1.0, pos=array([0., 0.]), size=array([1., 1.]), units='height', vertices=ndarray(...), win=Window(...))
14.6139 	EXP 	Created text = TextStim(__class__=<class 'psychopy.visual.text.TextStim'>, alignHoriz=method-wrapper(...), alignText='center', alignVert=method-wrapper(...), anchorHoriz='center', anchorVert='center', antialias=True, autoDraw=False, autoLog=True, bold=False, color=array([1., 1., 1.]), colorSpace='rgb', contrast=1.0, depth=-3.0, draggable=False, flipHoriz=False, flipVert=False, font='Arial', fontFiles=[], height=np.float64(0.030000000000000002), italic=False, languageStyle='LTR', name='text', opacity=1, ori=0.0, pos=array([0.  , 0.35]), rgb=UNKNOWN, text=str(...), units='height', win=Window(...), wrapWidth=1)
14.6143 	EXP 	Created text_fb_task = TextStim(__class__=<class 'psychopy.visual.text.TextStim'>, alignHoriz=method-wrapper(...), alignText='center', alignVert=method-wrapper(...), anchorHoriz='center', anchorVert='center', antialias=True, autoDraw=False, autoLog=True, bold=False, color=array([1., 1., 1.]), colorSpace='rgb', contrast=1.0, depth=-1.0, draggable=False, flipHoriz=False, flipVert=False, font='Arial', fontFiles=[], height=0.05, italic=False, languageStyle='LTR', name='text_fb_task', opacity=1, ori=0.0, pos=array([0., 0.]), rgb=UNKNOWN, text='', units='height', win=Window(...), wrapWidth=1)
14.6478 	EXP 	Created sl_h = Slider(__class__=<class 'psychopy.visual.slider.Slider'>, autoDraw=False, autoLog=True, borderColor=None, color=None, colorSpace='rgb', depth=0, fillColor=None, flip=True, font='Open Sans', granularity=0.0, labelColor=None, labelHeight=np.float64(0.030000000000000002), labelWrapWidth=None, labels=['совсем нет', 'очень'], lineColor=None, markerColor=None, name='sl_h', opacity=None, ori=0.0, pos=array([ 0. , -0.4]), readOnly=False, self=UNKNOWN, size=array([1. , 0.1]), startValue=5, style='rating', styleTweaks=[], ticks=array([1, 2, 3, 4, 5, 6, 7, 8, 9]), units='height', win=Window(...))
14.6482 	EXP 	Created text_sl = TextStim(__class__=<class 'psychopy.visual.text.TextStim'>, alignHoriz=method-wrapper(...), alignText='center', alignVert=method-wrapper(...), anchorHoriz='center', anchorVert='center', antialias=True, autoDraw=False, autoLog=True, bold=False, color=array([1., 1., 1.]), colorSpace='rgb', contrast=1.0, depth=-1.0, draggable=False, flipHoriz=False, flipVert=False, font='Arial', fontFiles=[], height=0.03, italic=False, languageStyle='LTR', name='text_sl', opacity=1, ori=0.0, pos=array([0. , 0.2]), rgb=UNKNOWN, text='', units='height', win=Window(...), wrapWidth=1)
14.6485 	EXP 	Created text_5 = TextStim(__class__=<class 'psychopy.visual.text.TextStim'>, alignHoriz=method-wrapper(...), alignText='center', alignVert=method-wrapper(...), anchorHoriz='center', anchorVert='center', antialias=True, autoDraw=False, autoLog=True, bold=False, color=array([1., 1., 1.]), colorSpace='rgb', contrast=1.0, depth=-1.0, draggable=False, flipHoriz=False, flipVert=False, font='Arial', fontFiles=[], height=0.05, italic=False, languageStyle='LTR', name='text_5', opacity=1, ori=0.0, pos=array([0., 0.]), rgb=UNKNOWN, text='', units='height', win=Window(...), wrapWidth=1)
14.6933 	EXP 	Created text_th = TextStim(__class__=<class 'psychopy.visual.text.TextStim'>, alignHoriz=method-wrapper(...), alignText='center', alignVert=method-wrapper(...), anchorHoriz='center', anchorVert='center', antialias=True, autoDraw=False, autoLog=True, bold=False, color=array([1., 1., 1.]), colorSpace='rgb', contrast=1.0, depth=0.0, draggable=False, flipHoriz=False, flipVert=False, font='Arial', fontFiles=[], height=np.float64(0.04), italic=False, languageStyle='LTR', name='text_th', opacity=1, ori=0.0, pos=array([0., 0.]), rgb=UNKNOWN, text='Спасибо за участие!\n', units='height', win=Window(...), wrapWidth=1)
0.0196 	EXP 	BJW_slider: autoLog = True
0.0196 	EXP 	BJW_slider: styleTweaks = []
0.0196 	EXP 	BJW_slider: styleTweaks = []
0.0196 	EXP 	BJW_slider: styleTweaks = []
0.0196 	EXP 	BJW_slider: styleTweaks = []
0.0196 	EXP 	BJW_slider: contrast = 1.0
0.0196 	EXP 	BJW_slider: markerPos = 3
0.0196 	EXP 	BJW_slider: autoLog = True
0.0196 	EXP 	sl_h: autoLog = True
0.0196 	EXP 	sl_h: styleTweaks = []
0.0196 	EXP 	sl_h: styleTweaks = []
0.0196 	EXP 	sl_h: styleTweaks = []
0.0196 	EXP 	sl_h: styleTweaks = []
0.0196 	EXP 	sl_h: contrast = 1.0
0.0196 	EXP 	sl_h: markerPos = 5
0.0196 	EXP 	sl_h: autoLog = True
0.0196 	EXP 	textbox: autoLog = True
0.0315 	INFO 	Keyboard events cleared
0.0313 	EXP 	main_instr_text: autoDraw = True
0.9325 	EXP 	Device response: <KeyPress from None: t=0.9013063329621218, value=space, duration=None>
0.9330 	EXP 	Device response: <KeyPress from None: t=0.9013063329621218, value=space, duration=0.030209625023417175>
0.9447 	DATA 	Keypress: space
0.9541 	INFO 	Keyboard events cleared
0.9538 	EXP 	main_instr_text: autoDraw = False
0.9538 	EXP 	BJW_inst_text: autoDraw = True
1.2828 	EXP 	Device response: <KeyPress from None: t=1.2742379159899428, value=space, duration=None>
1.2914 	EXP 	Imported BJW.xlsx as conditions, 13 conditions, 1 params
1.2921 	EXP 	New trial (rep=0, index=0): <Trial 0 (0 in rep 0) data={'Text': 'Я считаю, что, по большому счету, заслуживаю того, что происходит со мной.', 'thisN': 0, 'thisTrialN': 0, 'thisRepN': 0}>
1.3076 	DATA 	Keypress: space
1.3293 	EXP 	BJW_inst_text: autoDraw = False
1.3293 	EXP 	BJW_slider: markerPos = None
1.3293 	EXP 	BJW_slider: markerPos = 3
1.3293 	EXP 	BJW_text: height = np.float64(0.030000000000000002)
1.3293 	EXP 	BJW_text: height = np.float64(0.030000000000000002)
1.3293 	EXP 	BJW_text: height = np.float64(0.030000000000000002)
1.3293 	EXP 	BJW_text: text = 'Я считаю, что, по большому счету, заслуживаю того, что происходит со мной.'
1.3293 	EXP 	BJW_slider: autoDraw = True
1.3293 	EXP 	BJW_text: autoDraw = True
1.3399 	EXP 	Device response: <KeyPress from None: t=1.2742379159899428, value=space, duration=0.06483883399050683>
2.9960 	DATA 	Mouse: Left button down, pos=(825,104)
3.0042 	EXP 	BJW_slider: markerPos = np.float64(2.89159891598916)
3.0118 	EXP 	BJW_slider: markerPos = np.float64(2.89159891598916)
3.0210 	EXP 	BJW_slider: markerPos = np.float64(2.89159891598916)
3.0245 	DATA 	Mouse:  Left button up, pos=(825,104)
3.0287 	EXP 	BJW_slider: markerPos = np.float64(2.89159891598916)
3.0384 	EXP 	BJW_slider: markerPos = 3.0
3.0388 	EXP 	New trial (rep=0, index=1): <Trial 1 (1 in rep 0) data={'Text': 'Как правило, жизнь ко\xa0мне справедлива.', 'thisN': 1, 'thisTrialN': 1, 'thisRepN': 0}>
3.0483 	EXP 	BJW_slider: autoDraw = False
3.0483 	EXP 	BJW_text: autoDraw = False
3.0483 	EXP 	BJW_slider: markerPos = None
3.0483 	EXP 	BJW_slider: markerPos = 3
3.0483 	EXP 	BJW_text: height = np.float64(0.030000000000000002)
3.0483 	EXP 	BJW_text: height = np.float64(0.030000000000000002)
3.0483 	EXP 	BJW_text: height = np.float64(0.030000000000000002)
3.0483 	EXP 	BJW_text: text = 'Как правило, жизнь ко\xa0мне справедлива.'
3.0483 	EXP 	BJW_slider: autoDraw = True
3.0483 	EXP 	BJW_text: autoDraw = True
3.0920 	DATA 	Mouse: Left button down, pos=(825,104)
3.1050 	EXP 	BJW_slider: markerPos = np.float64(2.89159891598916)
3.1123 	EXP 	BJW_slider: markerPos = np.float64(2.89159891598916)
3.1210 	EXP 	BJW_slider: markerPos = np.float64(2.89159891598916)
3.1282 	EXP 	BJW_slider: markerPos = np.float64(2.89159891598916)
3.1383 	EXP 	BJW_slider: markerPos = np.float64(2.89159891598916)
3.1457 	EXP 	BJW_slider: markerPos = np.float64(2.89159891598916)
3.1542 	EXP 	BJW_slider: markerPos = np.float64(2.89159891598916)
3.1547 	DATA 	Mouse:  Left button up, pos=(825,104)
3.1619 	EXP 	BJW_slider: markerPos = 3.0
3.1623 	EXP 	New trial (rep=0, index=2): <Trial 2 (2 in rep 0) data={'Text': 'Я верю, что обычно получаю то, что заслуживаю.', 'thisN': 2, 'thisTrialN': 2, 'thisRepN': 0}>
3.1719 	EXP 	BJW_slider: autoDraw = False
3.1719 	EXP 	BJW_text: autoDraw = False
3.1719 	EXP 	BJW_slider: markerPos = None
3.1719 	EXP 	BJW_slider: markerPos = 3
3.1719 	EXP 	BJW_text: height = np.float64(0.030000000000000002)
3.1719 	EXP 	BJW_text: height = np.float64(0.030000000000000002)
3.1719 	EXP 	BJW_text: height = np.float64(0.030000000000000002)
3.1719 	EXP 	BJW_text: text = 'Я верю, что обычно получаю то, что заслуживаю.'
3.1719 	EXP 	BJW_slider: autoDraw = True
3.1719 	EXP 	BJW_text: autoDraw = True
3.2389 	DATA 	Mouse: Left button down, pos=(825,104)
3.2461 	EXP 	BJW_slider: markerPos = np.float64(2.89159891598916)
3.2550 	EXP 	BJW_slider: markerPos = np.float64(2.89159891598916)
3.2622 	EXP 	BJW_slider: markerPos = np.float64(2.89159891598916)
3.2656 	DATA 	Mouse:  Left button up, pos=(825,104)
3.2709 	EXP 	BJW_slider: markerPos = np.float64(2.89159891598916)
3.2781 	EXP 	BJW_slider: markerPos = 3.0
3.2785 	EXP 	New trial (rep=0, index=3): <Trial 3 (3 in rep 0) data={'Text': 'В моей жизни в\xa0общем и\xa0целом всё происходит справедливо.', 'thisN': 3, 'thisTrialN': 3, 'thisRepN': 0}>
3.2890 	EXP 	BJW_slider: autoDraw = False
3.2890 	EXP 	BJW_text: autoDraw = False
3.2890 	EXP 	BJW_slider: markerPos = None
3.2890 	EXP 	BJW_slider: markerPos = 3
3.2890 	EXP 	BJW_text: height = np.float64(0.030000000000000002)
3.2890 	EXP 	BJW_text: height = np.float64(0.030000000000000002)
3.2890 	EXP 	BJW_text: height = np.float64(0.030000000000000002)
3.2890 	EXP 	BJW_text: text = 'В моей жизни в\xa0общем и\xa0целом всё происходит справедливо.'
3.2890 	EXP 	BJW_slider: autoDraw = True
3.2890 	EXP 	BJW_text: autoDraw = True
3.3626 	DATA 	Mouse: Left button down, pos=(825,104)
3.3710 	EXP 	BJW_slider: markerPos = np.float64(2.89159891598916)
3.3783 	EXP 	BJW_slider: markerPos = np.float64(2.89159891598916)
3.3883 	EXP 	BJW_slider: markerPos = np.float64(2.89159891598916)
3.3955 	EXP 	BJW_slider: markerPos = np.float64(2.89159891598916)
3.3990 	DATA 	Mouse:  Left button up, pos=(825,104)
3.4042 	EXP 	BJW_slider: markerPos = np.float64(2.89159891598916)
3.4116 	EXP 	BJW_slider: markerPos = 3.0
3.4119 	EXP 	New trial (rep=0, index=4): <Trial 4 (4 in rep 0) data={'Text': 'В моей жизни несправедливость – скорее исключение, чем правило.', 'thisN': 4, 'thisTrialN': 4, 'thisRepN': 0}>
3.4221 	EXP 	BJW_slider: autoDraw = False
3.4221 	EXP 	BJW_text: autoDraw = False
3.4221 	EXP 	BJW_slider: markerPos = None
3.4221 	EXP 	BJW_slider: markerPos = 3
3.4221 	EXP 	BJW_text: height = np.float64(0.030000000000000002)
3.4221 	EXP 	BJW_text: height = np.float64(0.030000000000000002)
3.4221 	EXP 	BJW_text: height = np.float64(0.030000000000000002)
3.4221 	EXP 	BJW_text: text = 'В моей жизни несправедливость – скорее исключение, чем правило.'
3.4221 	EXP 	BJW_slider: autoDraw = True
3.4221 	EXP 	BJW_text: autoDraw = True
3.4790 	DATA 	Mouse: Left button down, pos=(825,104)
3.4875 	EXP 	BJW_slider: markerPos = np.float64(2.89159891598916)
3.4947 	EXP 	BJW_slider: markerPos = np.float64(2.89159891598916)
3.5048 	EXP 	BJW_slider: markerPos = np.float64(2.89159891598916)
3.5120 	EXP 	BJW_slider: markerPos = np.float64(2.89159891598916)
3.5219 	EXP 	BJW_slider: markerPos = np.float64(2.89159891598916)
3.5291 	EXP 	BJW_slider: markerPos = np.float64(2.89159891598916)
3.5375 	EXP 	BJW_slider: markerPos = np.float64(2.89159891598916)
3.5378 	DATA 	Mouse:  Left button up, pos=(825,104)
3.5449 	EXP 	BJW_slider: markerPos = 3.0
3.5453 	EXP 	New trial (rep=0, index=5): <Trial 5 (5 in rep 0) data={'Text': 'Я считаю, что в\xa0целом в\xa0моей жизни всё справедливо.', 'thisN': 5, 'thisTrialN': 5, 'thisRepN': 0}>
3.5544 	EXP 	BJW_slider: autoDraw = False
3.5544 	EXP 	BJW_text: autoDraw = False
3.5544 	EXP 	BJW_slider: markerPos = None
3.5544 	EXP 	BJW_slider: markerPos = 3
3.5544 	EXP 	BJW_text: height = np.float64(0.030000000000000002)
3.5544 	EXP 	BJW_text: height = np.float64(0.030000000000000002)
3.5544 	EXP 	BJW_text: height = np.float64(0.030000000000000002)
3.5544 	EXP 	BJW_text: text = 'Я считаю, что в\xa0целом в\xa0моей жизни всё справедливо.'
3.5544 	EXP 	BJW_slider: autoDraw = True
3.5544 	EXP 	BJW_text: autoDraw = True
3.6123 	DATA 	Mouse: Left button down, pos=(825,104)
3.6208 	EXP 	BJW_slider: markerPos = np.float64(2.89159891598916)
3.6282 	EXP 	BJW_slider: markerPos = np.float64(2.89159891598916)
3.6377 	EXP 	BJW_slider: markerPos = np.float64(2.89159891598916)
3.6450 	EXP 	BJW_slider: markerPos = np.float64(2.89159891598916)
3.6550 	EXP 	BJW_slider: markerPos = np.float64(2.89159891598916)
3.6554 	DATA 	Mouse:  Left button up, pos=(825,104)
3.6624 	EXP 	BJW_slider: markerPos = 3.0
3.6628 	EXP 	New trial (rep=0, index=6): <Trial 6 (6 in rep 0) data={'Text': 'Я думаю, что важные решения, которые касаются меня, обычно справедливы.', 'thisN': 6, 'thisTrialN': 6, 'thisRepN': 0}>
3.6726 	EXP 	BJW_slider: autoDraw = False
3.6726 	EXP 	BJW_text: autoDraw = False
3.6726 	EXP 	BJW_slider: markerPos = None
3.6726 	EXP 	BJW_slider: markerPos = 3
3.6726 	EXP 	BJW_text: height = np.float64(0.030000000000000002)
3.6726 	EXP 	BJW_text: height = np.float64(0.030000000000000002)
3.6726 	EXP 	BJW_text: height = np.float64(0.030000000000000002)
3.6726 	EXP 	BJW_text: text = 'Я думаю, что важные решения, которые касаются меня, обычно справедливы.'
3.6726 	EXP 	BJW_slider: autoDraw = True
3.6726 	EXP 	BJW_text: autoDraw = True
3.7388 	DATA 	Mouse: Left button down, pos=(825,104)
3.7462 	EXP 	BJW_slider: markerPos = np.float64(2.89159891598916)
3.7549 	EXP 	BJW_slider: markerPos = np.float64(2.89159891598916)
3.7622 	EXP 	BJW_slider: markerPos = np.float64(2.89159891598916)
3.7710 	EXP 	BJW_slider: markerPos = np.float64(2.89159891598916)
3.7783 	EXP 	BJW_slider: markerPos = np.float64(2.89159891598916)
3.7816 	DATA 	Mouse:  Left button up, pos=(825,104)
3.7886 	EXP 	BJW_slider: markerPos = np.float64(2.89159891598916)
3.7957 	EXP 	BJW_slider: markerPos = 3.0
3.7961 	EXP 	New trial (rep=0, index=7): <Trial 7 (7 in rep 0) data={'Text': 'Я считаю, что в\xa0целом мир справедлив.', 'thisN': 7, 'thisTrialN': 7, 'thisRepN': 0}>
3.8051 	EXP 	BJW_slider: autoDraw = False
3.8051 	EXP 	BJW_text: autoDraw = False
3.8051 	EXP 	BJW_slider: markerPos = None
3.8051 	EXP 	BJW_slider: markerPos = 3
3.8051 	EXP 	BJW_text: height = np.float64(0.030000000000000002)
3.8051 	EXP 	BJW_text: height = np.float64(0.030000000000000002)
3.8051 	EXP 	BJW_text: height = np.float64(0.030000000000000002)
3.8051 	EXP 	BJW_text: text = 'Я считаю, что в\xa0целом мир справедлив.'
3.8051 	EXP 	BJW_slider: autoDraw = True
3.8051 	EXP 	BJW_text: autoDraw = True
3.8652 	DATA 	Mouse: Left button down, pos=(825,104)
3.8791 	EXP 	BJW_slider: markerPos = np.float64(2.89159891598916)
3.8883 	EXP 	BJW_slider: markerPos = np.float64(2.89159891598916)
3.8957 	EXP 	BJW_slider: markerPos = np.float64(2.89159891598916)
3.9043 	EXP 	BJW_slider: markerPos = np.float64(2.89159891598916)
3.9115 	EXP 	BJW_slider: markerPos = np.float64(2.89159891598916)
3.9217 	EXP 	BJW_slider: markerPos = np.float64(2.89159891598916)
3.9221 	DATA 	Mouse:  Left button up, pos=(825,104)
3.9293 	EXP 	BJW_slider: markerPos = 3.0
3.9296 	EXP 	New trial (rep=0, index=8): <Trial 8 (8 in rep 0) data={'Text': 'Я считаю, что, по\xa0большому счету, люди получают то, что заслуживают.', 'thisN': 8, 'thisTrialN': 8, 'thisRepN': 0}>
3.9390 	EXP 	BJW_slider: autoDraw = False
3.9390 	EXP 	BJW_text: autoDraw = False
3.9390 	EXP 	BJW_slider: markerPos = None
3.9390 	EXP 	BJW_slider: markerPos = 3
3.9390 	EXP 	BJW_text: height = np.float64(0.030000000000000002)
3.9390 	EXP 	BJW_text: height = np.float64(0.030000000000000002)
3.9390 	EXP 	BJW_text: height = np.float64(0.030000000000000002)
3.9390 	EXP 	BJW_text: text = 'Я считаю, что, по\xa0большому счету, люди получают то, что заслуживают.'
3.9390 	EXP 	BJW_slider: autoDraw = True
3.9390 	EXP 	BJW_text: autoDraw = True
3.9988 	DATA 	Mouse: Left button down, pos=(825,104)
4.0120 	EXP 	BJW_slider: markerPos = np.float64(2.89159891598916)
4.0215 	EXP 	BJW_slider: markerPos = np.float64(2.89159891598916)
4.0289 	EXP 	BJW_slider: markerPos = np.float64(2.89159891598916)
4.0378 	EXP 	BJW_slider: markerPos = np.float64(2.89159891598916)
4.0451 	EXP 	BJW_slider: markerPos = np.float64(2.89159891598916)
4.0455 	DATA 	Mouse:  Left button up, pos=(825,104)
4.0553 	EXP 	BJW_slider: markerPos = 3.0
4.0556 	EXP 	New trial (rep=0, index=9): <Trial 9 (9 in rep 0) data={'Text': 'Я уверен, что справедливость всегда побеждает несправедливость.', 'thisN': 9, 'thisTrialN': 9, 'thisRepN': 0}>
4.0647 	EXP 	BJW_slider: autoDraw = False
4.0647 	EXP 	BJW_text: autoDraw = False
4.0647 	EXP 	BJW_slider: markerPos = None
4.0647 	EXP 	BJW_slider: markerPos = 3
4.0647 	EXP 	BJW_text: height = np.float64(0.030000000000000002)
4.0647 	EXP 	BJW_text: height = np.float64(0.030000000000000002)
4.0647 	EXP 	BJW_text: height = np.float64(0.030000000000000002)
4.0647 	EXP 	BJW_text: text = 'Я уверен, что справедливость всегда побеждает несправедливость.'
4.0647 	EXP 	BJW_slider: autoDraw = True
4.0647 	EXP 	BJW_text: autoDraw = True
4.1289 	DATA 	Mouse: Left button down, pos=(825,104)
4.1375 	EXP 	BJW_slider: markerPos = np.float64(2.89159891598916)
4.1449 	EXP 	BJW_slider: markerPos = np.float64(2.89159891598916)
4.1549 	EXP 	BJW_slider: markerPos = np.float64(2.89159891598916)
4.1621 	EXP 	BJW_slider: markerPos = np.float64(2.89159891598916)
4.1711 	EXP 	BJW_slider: markerPos = np.float64(2.89159891598916)
4.1744 	DATA 	Mouse:  Left button up, pos=(825,104)
4.1788 	EXP 	BJW_slider: markerPos = np.float64(2.89159891598916)
4.1876 	EXP 	BJW_slider: markerPos = 3.0
4.1880 	EXP 	New trial (rep=0, index=10): <Trial 10 (10 in rep 0) data={'Text': 'Я убежден, что, если человек пережил несправедливость, в\xa0будущем это возместится.', 'thisN': 10, 'thisTrialN': 10, 'thisRepN': 0}>
4.1979 	EXP 	BJW_slider: autoDraw = False
4.1979 	EXP 	BJW_text: autoDraw = False
4.1979 	EXP 	BJW_slider: markerPos = None
4.1979 	EXP 	BJW_slider: markerPos = 3
4.1979 	EXP 	BJW_text: height = np.float64(0.030000000000000002)
4.1979 	EXP 	BJW_text: height = np.float64(0.030000000000000002)
4.1979 	EXP 	BJW_text: height = np.float64(0.030000000000000002)
4.1979 	EXP 	BJW_text: text = 'Я убежден, что, если человек пережил несправедливость, в\xa0будущем это возместится.'
4.1979 	EXP 	BJW_slider: autoDraw = True
4.1979 	EXP 	BJW_text: autoDraw = True
4.2553 	DATA 	Mouse: Left button down, pos=(825,104)
4.2627 	EXP 	BJW_slider: markerPos = np.float64(2.89159891598916)
4.2709 	EXP 	BJW_slider: markerPos = np.float64(2.89159891598916)
4.2782 	EXP 	BJW_slider: markerPos = np.float64(2.89159891598916)
4.2883 	EXP 	BJW_slider: markerPos = np.float64(2.89159891598916)
4.2956 	EXP 	BJW_slider: markerPos = np.float64(2.89159891598916)
4.2989 	DATA 	Mouse:  Left button up, pos=(825,104)
4.3049 	EXP 	BJW_slider: markerPos = np.float64(2.89159891598916)
4.3121 	EXP 	BJW_slider: markerPos = 3.0
4.3124 	EXP 	New trial (rep=0, index=11): <Trial 11 (11 in rep 0) data={'Text': 'Я твердо уверен, что несправедливость в\xa0самых разных жизненных ситуациях (в семье, учебе и\xa0т. д.) – скорее исключение, чем правило.', 'thisN': 11, 'thisTrialN': 11, 'thisRepN': 0}>
4.3381 	EXP 	BJW_slider: autoDraw = False
4.3381 	EXP 	BJW_text: autoDraw = False
4.3381 	EXP 	BJW_slider: markerPos = None
4.3381 	EXP 	BJW_slider: markerPos = 3
4.3381 	EXP 	BJW_text: height = np.float64(0.030000000000000002)
4.3381 	EXP 	BJW_text: height = np.float64(0.030000000000000002)
4.3381 	EXP 	BJW_text: height = np.float64(0.030000000000000002)
4.3381 	EXP 	BJW_text: text = 'Я твердо уверен, что несправедливость в\xa0самых разных жизненных ситуациях (в семье, учебе и\xa0т. д.) – скорее исключение, чем правило.'
4.3381 	EXP 	BJW_slider: autoDraw = True
4.3381 	EXP 	BJW_text: autoDraw = True
4.3839 	DATA 	Mouse: Left button down, pos=(825,104)
4.3980 	EXP 	BJW_slider: markerPos = np.float64(2.89159891598916)
4.4219 	EXP 	BJW_slider: markerPos = np.float64(2.89159891598916)
4.4393 	EXP 	BJW_slider: markerPos = np.float64(2.89159891598916)
4.4398 	DATA 	Mouse:  Left button up, pos=(825,104)
4.4494 	EXP 	BJW_slider: markerPos = 3.0
4.4498 	EXP 	New trial (rep=0, index=12): <Trial 12 (12 in rep 0) data={'Text': 'Я думаю, что все, кто принимает важные решения, стремятся быть справедливыми.', 'thisN': 12, 'thisTrialN': 12, 'thisRepN': 0}>
4.4615 	EXP 	BJW_slider: autoDraw = False
4.4615 	EXP 	BJW_text: autoDraw = False
4.4615 	EXP 	BJW_slider: markerPos = None
4.4615 	EXP 	BJW_slider: markerPos = 3
4.4615 	EXP 	BJW_text: height = np.float64(0.030000000000000002)
4.4615 	EXP 	BJW_text: height = np.float64(0.030000000000000002)
4.4615 	EXP 	BJW_text: height = np.float64(0.030000000000000002)
4.4615 	EXP 	BJW_text: text = 'Я думаю, что все, кто принимает важные решения, стремятся быть справедливыми.'
4.4615 	EXP 	BJW_slider: autoDraw = True
4.4615 	EXP 	BJW_text: autoDraw = True
4.5239 	DATA 	Mouse: Left button down, pos=(825,104)
4.5336 	EXP 	BJW_slider: markerPos = np.float64(2.89159891598916)
4.5438 	EXP 	BJW_slider: markerPos = np.float64(2.89159891598916)
4.5562 	EXP 	BJW_slider: markerPos = np.float64(2.89159891598916)
4.5607 	DATA 	Mouse:  Left button up, pos=(825,104)
4.5659 	EXP 	BJW_slider: markerPos = np.float64(2.89159891598916)
4.5762 	EXP 	BJW_slider: markerPos = 3.0
4.5899 	EXP 	BJW_slider: autoDraw = False
4.5899 	EXP 	BJW_text: autoDraw = False
4.5899 	EXP 	text_instr: autoDraw = True
4.6574 	DATA 	Mouse: Left button down, pos=(825,104)
4.7138 	DATA 	Mouse:  Left button up, pos=(825,104)
4.7914 	DATA 	Mouse: Left button down, pos=(825,104)
4.8485 	DATA 	Mouse:  Left button up, pos=(825,104)
5.7087 	EXP 	Device response: <KeyPress from None: t=5.70592099998612, value=space, duration=None>
5.7180 	DATA 	Keypress: space
5.7257 	INFO 	Keyboard events cleared
5.7252 	EXP 	text_instr: autoDraw = False
5.7252 	EXP 	text_3: autoDraw = True
5.7524 	EXP 	Device response: <KeyPress from None: t=5.70592099998612, value=space, duration=0.03784208302386105>
6.3268 	EXP 	Device response: <KeyPress from None: t=6.317863582982682, value=space, duration=None>
6.3360 	EXP 	Imported trening2.xlsx as conditions, 7 conditions, 12 params
6.3365 	EXP 	New trial (rep=0, index=0): <Trial 0 (0 in rep 0) data={'w1': 0.22, 'w2': 0.23, 'corr_answ': 'right', 'op1': 0.15, 'op2': 0.5, 'xPos1': -0.2, 'yPos1': 0.15, 'xPos2': 0.2, 'yPos2': -0.18, 'or1': 45, 'or2': 3, 'time': 1.5, 'thisN': 0, 'thisTrialN': 0, 'thisRepN': 0}>
6.3440 	DATA 	Keypress: space
6.3529 	EXP 	text_3: autoDraw = False
6.3529 	EXP 	pol_1: ori = np.float64(45.0)
6.3529 	EXP 	pol_2: ori = np.float64(3.0)
6.3529 	EXP 	pol_1: autoDraw = True
6.3529 	EXP 	pol_2: autoDraw = True
6.3529 	EXP 	text_tren: autoDraw = True
6.3898 	EXP 	Device response: <KeyPress from None: t=6.317863582982682, value=space, duration=0.06325620802817866>
8.2081 	EXP 	Device response: <KeyPress from None: t=8.201571415993385, value=right, duration=None>
8.2450 	DATA 	Keypress: right
8.2514 	EXP 	pol_1: autoDraw = False
8.2514 	EXP 	pol_2: autoDraw = False
8.2514 	EXP 	text_tren: autoDraw = False
8.2514 	EXP 	text_fb_tren: height = np.float64(0.030000000000000002)
8.2514 	EXP 	text_fb_tren: height = np.float64(0.030000000000000002)
8.2514 	EXP 	text_fb_tren: height = np.float64(0.030000000000000002)
8.2514 	EXP 	text_fb_tren: text = 'Верно!'
8.2514 	EXP 	text_fb_tren: autoDraw = True
8.2896 	EXP 	Device response: <KeyPress from None: t=8.201571415993385, value=right, duration=0.08107487502275035>
8.7148 	EXP 	New trial (rep=0, index=1): <Trial 1 (1 in rep 0) data={'w1': 0.28, 'w2': 0.27, 'corr_answ': 'left', 'op1': 0.13, 'op2': 0.85, 'xPos1': -0.18, 'yPos1': -0.22, 'xPos2': 0.18, 'yPos2': 0.18, 'or1': 5, 'or2': 45, 'time': 1.5, 'thisN': 1, 'thisTrialN': 1, 'thisRepN': 0}>
8.7267 	EXP 	text_fb_tren: autoDraw = False
8.7267 	EXP 	pol_1: ori = np.float64(5.0)
8.7267 	EXP 	pol_2: ori = np.float64(45.0)
8.7267 	EXP 	pol_1: autoDraw = True
8.7267 	EXP 	pol_2: autoDraw = True
8.7267 	EXP 	text_tren: autoDraw = True
8.9739 	EXP 	Device response: <KeyPress from None: t=8.9683202499873, value=right, duration=None>
8.9794 	DATA 	Keypress: right
8.9861 	EXP 	pol_1: autoDraw = False
8.9861 	EXP 	pol_2: autoDraw = False
8.9861 	EXP 	text_tren: autoDraw = False
8.9861 	EXP 	text_fb_tren: height = np.float64(0.030000000000000002)
8.9861 	EXP 	text_fb_tren: height = np.float64(0.030000000000000002)
8.9861 	EXP 	text_fb_tren: height = np.float64(0.030000000000000002)
8.9861 	EXP 	text_fb_tren: text = 'Увы('
8.9861 	EXP 	text_fb_tren: autoDraw = True
9.0308 	EXP 	Device response: <KeyPress from None: t=8.9683202499873, value=right, duration=0.05603920802241191>
9.4744 	EXP 	New trial (rep=0, index=2): <Trial 2 (2 in rep 0) data={'w1': 0.24, 'w2': 0.25, 'corr_answ': 'right', 'op1': 0.13, 'op2': 0.85, 'xPos1': -0.3, 'yPos1': -0.2, 'xPos2': 0.3, 'yPos2': 0.2, 'or1': 0, 'or2': 45, 'time': 1.5, 'thisN': 2, 'thisTrialN': 2, 'thisRepN': 0}>
9.4837 	EXP 	text_fb_tren: autoDraw = False
9.4837 	EXP 	text_fb_tren: autoDraw = False
9.4837 	EXP 	pol_1: ori = np.float64(0.0)
9.4837 	EXP 	pol_2: ori = np.float64(45.0)
9.4837 	EXP 	pol_1: autoDraw = True
9.4837 	EXP 	pol_2: autoDraw = True
9.4837 	EXP 	text_tren: autoDraw = True
9.5252 	EXP 	Device response: <KeyPress from None: t=9.523683833016548, value=right, duration=None>
9.5296 	DATA 	Keypress: right
9.5363 	EXP 	pol_1: autoDraw = False
9.5363 	EXP 	pol_2: autoDraw = False
9.5363 	EXP 	text_tren: autoDraw = False
9.5363 	EXP 	text_fb_tren: height = np.float64(0.030000000000000002)
9.5363 	EXP 	text_fb_tren: height = np.float64(0.030000000000000002)
9.5363 	EXP 	text_fb_tren: height = np.float64(0.030000000000000002)
9.5363 	EXP 	text_fb_tren: text = 'Верно!'
9.5363 	EXP 	text_fb_tren: autoDraw = True
9.5915 	EXP 	Device response: <KeyPress from None: t=9.523683833016548, value=right, duration=0.06560512498253956>
10.0165 	EXP 	Device response: <KeyPress from None: t=10.010471040965058, value=right, duration=None>
10.0181 	DATA 	Keypress: right
10.0401 	EXP 	New trial (rep=0, index=3): <Trial 3 (3 in rep 0) data={'w1': 0.16, 'w2': 0.15, 'corr_answ': 'left', 'op1': 0.17, 'op2': 0.7, 'xPos1': -0.3, 'yPos1': -0.22, 'xPos2': 0.3, 'yPos2': 0.18, 'or1': 6, 'or2': 47, 'time': 1.0, 'thisN': 3, 'thisTrialN': 3, 'thisRepN': 0}>
10.0560 	EXP 	text_fb_tren: autoDraw = False
10.0560 	EXP 	pol_1: ori = np.float64(6.0)
10.0560 	EXP 	pol_2: ori = np.float64(47.0)
10.0560 	EXP 	pol_1: autoDraw = True
10.0560 	EXP 	pol_2: autoDraw = True
10.0560 	EXP 	text_tren: autoDraw = True
10.0560 	EXP 	pol_1: autoDraw = False
10.0560 	EXP 	pol_2: autoDraw = False
10.0560 	EXP 	text_tren: autoDraw = False
10.0560 	EXP 	text_fb_tren: height = np.float64(0.030000000000000002)
10.0560 	EXP 	text_fb_tren: height = np.float64(0.030000000000000002)
10.0560 	EXP 	text_fb_tren: height = np.float64(0.030000000000000002)
10.0560 	EXP 	text_fb_tren: text = 'Увы('
10.0560 	EXP 	text_fb_tren: autoDraw = True
10.0904 	EXP 	Device response: <KeyPress from None: t=10.010471040965058, value=right, duration=0.07820825005182996>
10.4760 	EXP 	Device response: <KeyPress from None: t=10.451335957972333, value=right, duration=None>
10.4797 	DATA 	Keypress: right
10.5438 	EXP 	Device response: <KeyPress from None: t=10.451335957972333, value=right, duration=0.07298604201059788>
10.5442 	EXP 	New trial (rep=0, index=4): <Trial 4 (4 in rep 0) data={'w1': 0.17, 'w2': 0.16, 'corr_answ': 'left', 'op1': 0.3, 'op2': 0.18, 'xPos1': -0.3, 'yPos1': -0.2, 'xPos2': 0.3, 'yPos2': 0.2, 'or1': 5, 'or2': 45, 'time': 1.0, 'thisN': 4, 'thisTrialN': 4, 'thisRepN': 0}>
10.5586 	EXP 	text_fb_tren: autoDraw = False
10.5586 	EXP 	text_fb_tren: autoDraw = False
10.5586 	EXP 	pol_1: ori = np.float64(5.0)
10.5586 	EXP 	pol_2: ori = np.float64(45.0)
10.5586 	EXP 	pol_1: autoDraw = True
10.5586 	EXP 	pol_2: autoDraw = True
10.5586 	EXP 	text_tren: autoDraw = True
10.9605 	EXP 	Device response: <KeyPress from None: t=10.957730291003827, value=right, duration=None>
10.9626 	DATA 	Keypress: right
10.9736 	EXP 	pol_1: autoDraw = False
10.9736 	EXP 	pol_2: autoDraw = False
10.9736 	EXP 	text_tren: autoDraw = False
10.9736 	EXP 	text_fb_tren: text = 'Увы('
10.9736 	EXP 	text_fb_tren: autoDraw = True
11.0494 	EXP 	Device response: <KeyPress from None: t=10.957730291003827, value=right, duration=0.08862145897001028>
11.4572 	EXP 	Device response: <KeyPress from None: t=11.450013166002464, value=right, duration=None>
11.4574 	EXP 	New trial (rep=0, index=5): <Trial 5 (5 in rep 0) data={'w1': 0.22, 'w2': 0.21, 'corr_answ': 'left', 'op1': 0.17, 'op2': 0.8, 'xPos1': -0.18, 'yPos1': -0.22, 'xPos2': 0.18, 'yPos2': 0.18, 'or1': 45, 'or2': 5, 'time': 1.0, 'thisN': 5, 'thisTrialN': 5, 'thisRepN': 0}>
11.4609 	DATA 	Keypress: right
11.4678 	EXP 	text_fb_tren: autoDraw = False
11.4678 	EXP 	text_fb_tren: autoDraw = False
11.4678 	EXP 	pol_1: ori = np.float64(45.0)
11.4678 	EXP 	pol_2: ori = np.float64(5.0)
11.4678 	EXP 	pol_1: autoDraw = True
11.4678 	EXP 	pol_2: autoDraw = True
11.4678 	EXP 	text_tren: autoDraw = True
11.4761 	EXP 	pol_1: autoDraw = False
11.4761 	EXP 	pol_2: autoDraw = False
11.4761 	EXP 	text_tren: autoDraw = False
11.4761 	EXP 	text_fb_tren: text = 'Увы('
11.4761 	EXP 	text_fb_tren: autoDraw = True
11.5514 	EXP 	Device response: <KeyPress from None: t=11.450013166002464, value=right, duration=0.09952291700756177>
11.9646 	EXP 	New trial (rep=0, index=6): <Trial 6 (6 in rep 0) data={'w1': 0.21, 'w2': 0.22, 'corr_answ': 'right', 'op1': 0.54, 'op2': 0.22, 'xPos1': -0.2, 'yPos1': 0.21, 'xPos2': 0.2, 'yPos2': 0.18, 'or1': 37, 'or2': 7, 'time': 1.5, 'thisN': 6, 'thisTrialN': 6, 'thisRepN': 0}>
11.9739 	EXP 	text_fb_tren: autoDraw = False
11.9739 	EXP 	text_fb_tren: autoDraw = False
11.9739 	EXP 	pol_1: ori = np.float64(37.0)
11.9739 	EXP 	pol_2: ori = np.float64(7.0)
11.9739 	EXP 	pol_1: autoDraw = True
11.9739 	EXP 	pol_2: autoDraw = True
11.9739 	EXP 	text_tren: autoDraw = True
12.0266 	EXP 	Device response: <KeyPress from None: t=12.022534082992934, value=right, duration=None>
12.0304 	DATA 	Keypress: right
12.0399 	EXP 	pol_1: autoDraw = False
12.0399 	EXP 	pol_2: autoDraw = False
12.0399 	EXP 	text_tren: autoDraw = False
12.0399 	EXP 	text_fb_tren: height = np.float64(0.030000000000000002)
12.0399 	EXP 	text_fb_tren: height = np.float64(0.030000000000000002)
12.0399 	EXP 	text_fb_tren: height = np.float64(0.030000000000000002)
12.0399 	EXP 	text_fb_tren: text = 'Верно!'
12.0399 	EXP 	text_fb_tren: autoDraw = True
12.1321 	EXP 	Device response: <KeyPress from None: t=12.022534082992934, value=right, duration=0.10686879197601229>
12.5329 	EXP 	text_fb_tren: autoDraw = False
12.5329 	EXP 	text_fb_tren: autoDraw = False
12.5329 	EXP 	text_4: autoDraw = True
12.6252 	EXP 	Device response: <KeyPress from None: t=12.612459208001383, value=right, duration=None>
12.6290 	DATA 	Keypress: right
12.7261 	EXP 	Device response: <KeyPress from None: t=12.612459208001383, value=right, duration=0.10917770798550919>
13.0344 	EXP 	Device response: <KeyPress from None: t=13.033293749962468, value=right, duration=None>
13.0434 	DATA 	Keypress: right
13.1432 	EXP 	Device response: <KeyPress from None: t=13.033293749962468, value=right, duration=0.10814645804930478>
16.1845 	EXP 	Device response: <KeyPress from None: t=16.181572999979835, value=space, duration=None>
16.2025 	EXP 	Imported tab_task_4.xlsx as conditions, 40 conditions, 12 params
16.2032 	EXP 	New trial (rep=0, index=0): <Trial 0 (0 in rep 0) data={'w1': 0.16, 'w2': 0.15, 'corr_answ': 'left', 'op1': 0.17, 'op2': 0.7, 'xPos1': -0.3, 'yPos1': -0.22, 'xPos2': 0.3, 'yPos2': 0.18, 'or1': 6, 'or2': 47, 'time': 1.5, 'thisN': 0, 'thisTrialN': 0, 'thisRepN': 0}>
16.2086 	DATA 	Keypress: space
16.2163 	EXP 	text_4: autoDraw = False
16.2163 	EXP 	sq_1: ori = np.float64(6.0)
16.2163 	EXP 	sq_2: ori = np.float64(47.0)
16.2163 	EXP 	sq_1: autoDraw = True
16.2163 	EXP 	sq_2: autoDraw = True
16.2163 	EXP 	text: autoDraw = True
16.2476 	EXP 	Device response: <KeyPress from None: t=16.181572999979835, value=space, duration=0.05985800002235919>
17.7167 	EXP 	sq_1: autoDraw = False
17.7167 	EXP 	sq_2: autoDraw = False
17.7167 	EXP 	text: autoDraw = False
17.7167 	EXP 	sq_1: autoDraw = False
17.7167 	EXP 	sq_2: autoDraw = False
17.7167 	EXP 	text: autoDraw = False
17.7167 	EXP 	text_fb_task: height = np.float64(0.05)
17.7167 	EXP 	text_fb_task: height = np.float64(0.05)
17.7167 	EXP 	text_fb_task: height = np.float64(0.05)
17.7167 	EXP 	text_fb_task: text = 'Не успели'
17.7167 	EXP 	text_fb_task: autoDraw = True
18.3957 	INFO 	saved data to /Users/arinasevruk/Desktop/Exp/MyExp/data/_4_calibr_sum_2025-12-30_18h55.39.591.psydat
18.3973 	INFO 	saved data to '/Users/arinasevruk/Desktop/Exp/MyExp/data/_4_calibr_sum_2025-12-30_18h55.39.591.csv'
