11.0683 	WARNING 	Font Manager failed to load file /System/Library/PrivateFrameworks/FontServices.framework/Resources/Reserved/PingFangUI.ttc
11.1342 	WARNING 	Font Manager failed to load file /System/Library/PrivateFrameworks/FontServices.framework/Resources/Reserved/PingFangUI.ttc
19.7967 	INFO 	Loaded monitor calibration from ['2025_10_28 18:09']
19.9539 	INFO 	Using renderer 'Apple M4' for graphics
19.9539 	INFO 	OpenGL version supported by driver is 2..
19.9887 	EXP 	Created window1 = Window(allowGUI=True, allowStencil=True, autoLog=True, backendConf=UNKNOWN, backgroundFit=<method-wrapper '__getattribute__' of attributeSetter object at 0x159073430>, backgroundImage=<method-wrapper '__getattribute__' of attributeSetter object at 0x159073490>, bitsMode=UNKNOWN, blendMode='avg', bpc=(8, 8, 8), color=array([-0.2314, -0.2314, -0.2314]), colorSpace='rgb', depthBits=8, fullscr=True, gamma=None, gammaErrorPolicy='raise', infoMsg=UNKNOWN, lms=UNKNOWN, monitor=<psychopy.monitors.calibTools.Monitor object at 0x15ab1cfa0>, multiSample=False, name='window1', numSamples=2, pos=[np.float64(0.0), np.float64(0.0)], screen=0, size=array([3420, 2214]), stencilBits=8, stereo=False, title='PsychoPy', units='height', useFBO=True, useRetina=True, viewOri=0.0, viewPos=None, viewScale=None, waitBlanking=True, winType='pyglet')
19.9887 	EXP 	window1: backgroundImage = ''
19.9887 	EXP 	window1: backgroundFit = 'none'
20.2532 	EXP 	window1: Attempting to measure frame rate of screen (0) ...
20.2532 	EXP 	window1: recordFrameIntervals = False
20.4697 	EXP 	window1: recordFrameIntervals = True
20.7537 	WARNING 	t of last frame was 24.61ms (=1/40)
20.9369 	WARNING 	t of last frame was 24.40ms (=1/40)
21.1533 	WARNING 	t of last frame was 24.05ms (=1/41)
21.3873 	WARNING 	t of last frame was 23.55ms (=1/42)
21.5037 	WARNING 	Couldn't measure a consistent frame rate!
  - Is your graphics card set to sync to vertical blank?
  - Are you running other processes on your computer?

24.0082 	INFO 	keyboard.Keyboard is using iohub backend.
24.0082 	INFO 	keyboard.Keyboard is using iohub backend.
24.0082 	INFO 	keyboard.Keyboard is using iohub backend.
24.0082 	INFO 	keyboard.Keyboard is using iohub backend.
24.0082 	INFO 	keyboard.Keyboard is using iohub backend.
24.0082 	INFO 	keyboard.Keyboard is using iohub backend.
24.0083 	INFO 	keyboard.Keyboard is using iohub backend.
24.0083 	INFO 	keyboard.Keyboard is using iohub backend.
24.0083 	INFO 	keyboard.Keyboard is using iohub backend.
24.0083 	INFO 	keyboard.Keyboard is using iohub backend.
24.0083 	EXP 	4_calibr_sum: status = STARTED
24.0403 	EXP 	Created main_instr_text = TextStim(__class__=<class 'psychopy.visual.text.TextStim'>, alignHoriz=method-wrapper(...), alignText='center', alignVert=method-wrapper(...), anchorHoriz='center', anchorVert='center', antialias=True, autoDraw=False, autoLog=True, bold=False, color=array([1., 1., 1.]), colorSpace='rgb', contrast=1.0, depth=0.0, draggable=False, flipHoriz=False, flipVert=False, font='Arial', fontFiles=[], height=np.float64(0.04), italic=False, languageStyle='LTR', name='main_instr_text', opacity=1, ori=0.0, pos=array([0., 0.]), rgb=UNKNOWN, text=str(...), units='height', win=Window(...), wrapWidth=1)
24.0473 	EXP 	Created BJW_inst_text = TextStim(__class__=<class 'psychopy.visual.text.TextStim'>, alignHoriz=method-wrapper(...), alignText='center', alignVert=method-wrapper(...), anchorHoriz='center', anchorVert='center', antialias=True, autoDraw=False, autoLog=True, bold=False, color=array([1., 1., 1.]), colorSpace='rgb', contrast=1.0, depth=0.0, draggable=False, flipHoriz=False, flipVert=False, font='Arial', fontFiles=[], height=np.float64(0.04), italic=False, languageStyle='LTR', name='BJW_inst_text', opacity=1, ori=0.0, pos=array([0., 0.]), rgb=UNKNOWN, text=str(...), units='height', win=Window(...), wrapWidth=1)
24.1131 	EXP 	Created BJW_slider = Slider(__class__=<class 'psychopy.visual.slider.Slider'>, autoDraw=False, autoLog=True, borderColor=None, color=None, colorSpace='rgb', depth=0, fillColor=None, flip=True, font='Open Sans', granularity=1.0, labelColor=None, labelHeight=np.float64(0.02), labelWrapWidth=None, labels=list(...), lineColor=None, markerColor=None, name='BJW_slider', opacity=None, ori=0.0, pos=array([ 0. , -0.4]), readOnly=False, self=UNKNOWN, size=array([1. , 0.1]), startValue=3, style='rating', styleTweaks=[], ticks=array([1, 2, 3, 4, 5]), units='height', win=Window(...))
24.1136 	EXP 	Created BJW_text = TextStim(__class__=<class 'psychopy.visual.text.TextStim'>, alignHoriz=method-wrapper(...), alignText='center', alignVert=method-wrapper(...), anchorHoriz='center', anchorVert='center', antialias=True, autoDraw=False, autoLog=True, bold=False, color=array([1., 1., 1.]), colorSpace='rgb', contrast=1.0, depth=-1.0, draggable=False, flipHoriz=False, flipVert=False, font='Arial', fontFiles=[], height=0.03, italic=False, languageStyle='LTR', name='BJW_text', opacity=1, ori=0.0, pos=array([0. , 0.2]), rgb=UNKNOWN, text='', units='height', win=Window(...), wrapWidth=1)
24.1175 	EXP 	Created text_instr = TextStim(__class__=<class 'psychopy.visual.text.TextStim'>, alignHoriz=method-wrapper(...), alignText='center', alignVert=method-wrapper(...), anchorHoriz='center', anchorVert='center', antialias=True, autoDraw=False, autoLog=True, bold=False, color=array([1., 1., 1.]), colorSpace='rgb', contrast=1.0, depth=0.0, draggable=False, flipHoriz=False, flipVert=False, font='Arial', fontFiles=[], height=np.float64(0.04), italic=False, languageStyle='LTR', name='text_instr', opacity=1, ori=0.0, pos=array([0., 0.]), rgb=UNKNOWN, text=str(...), units='height', win=Window(...), wrapWidth=1)
24.1218 	EXP 	Created text_3 = TextStim(__class__=<class 'psychopy.visual.text.TextStim'>, alignHoriz=method-wrapper(...), alignText='center', alignVert=method-wrapper(...), anchorHoriz='center', anchorVert='center', antialias=True, autoDraw=False, autoLog=True, bold=False, color=array([1., 1., 1.]), colorSpace='rgb', contrast=1.0, depth=0.0, draggable=False, flipHoriz=False, flipVert=False, font='Arial', fontFiles=[], height=np.float64(0.04), italic=False, languageStyle='LTR', name='text_3', opacity=1, ori=0.0, pos=array([0., 0.]), rgb=UNKNOWN, text=str(...), units='height', win=Window(...), wrapWidth=1)
24.1223 	EXP 	Created pol_1 = Rect(__class__=<class 'psychopy.visual.rect.Rect'>, anchor=('center', 'center'), autoDraw=False, autoLog=True, closeShape=True, color=method-wrapper(...), colorSpace='rgb', contrast=None, depth=-1.0, draggable=False, fillColor=array([1, 1, 1]), fillColorSpace='rgb', fillRGB=array([1, 1, 1]), interpolate=True, lineColor=array([1., 1., 1.]), lineColorSpace='rgb', lineRGB=array([1, 1, 1]), lineWidth=1.0, name='pol_1', opacity=1.0, ori=1.0, pos=array([0., 0.]), size=array([1., 1.]), units='height', vertices=ndarray(...), win=Window(...))
24.1227 	EXP 	Created pol_2 = Rect(__class__=<class 'psychopy.visual.rect.Rect'>, anchor=('center', 'center'), autoDraw=False, autoLog=True, closeShape=True, color=method-wrapper(...), colorSpace='rgb', contrast=None, depth=-2.0, draggable=False, fillColor=array([1, 1, 1]), fillColorSpace='rgb', fillRGB=array([1, 1, 1]), interpolate=True, lineColor=array([1., 1., 1.]), lineColorSpace='rgb', lineRGB=array([1, 1, 1]), lineWidth=1.0, name='pol_2', opacity=1.0, ori=1.0, pos=array([0., 0.]), size=array([1., 1.]), units='height', vertices=ndarray(...), win=Window(...))
24.1267 	EXP 	Created text_tren = TextStim(__class__=<class 'psychopy.visual.text.TextStim'>, alignHoriz=method-wrapper(...), alignText='center', alignVert=method-wrapper(...), anchorHoriz='center', anchorVert='center', antialias=True, autoDraw=False, autoLog=True, bold=False, color=array([1., 1., 1.]), colorSpace='rgb', contrast=1.0, depth=-4.0, draggable=False, flipHoriz=False, flipVert=False, font='Arial', fontFiles=[], height=np.float64(0.030000000000000002), italic=False, languageStyle='LTR', name='text_tren', opacity=1, ori=0.0, pos=array([0.  , 0.35]), rgb=UNKNOWN, text=str(...), units='height', win=Window(...), wrapWidth=1)
24.1270 	EXP 	Created text_fb_tren = TextStim(__class__=<class 'psychopy.visual.text.TextStim'>, alignHoriz=method-wrapper(...), alignText='center', alignVert=method-wrapper(...), anchorHoriz='center', anchorVert='center', antialias=True, autoDraw=False, autoLog=True, bold=False, color=array([1., 1., 1.]), colorSpace='rgb', contrast=1.0, depth=-1.0, draggable=False, flipHoriz=False, flipVert=False, font='Arial', fontFiles=[], height=0.03, italic=False, languageStyle='LTR', name='text_fb_tren', opacity=1, ori=0.0, pos=array([0., 0.]), rgb=UNKNOWN, text='', units='height', win=Window(...), wrapWidth=1)
24.1293 	EXP 	Created text_4 = TextStim(__class__=<class 'psychopy.visual.text.TextStim'>, alignHoriz=method-wrapper(...), alignText='center', alignVert=method-wrapper(...), anchorHoriz='center', anchorVert='center', antialias=True, autoDraw=False, autoLog=True, bold=False, color=array([1., 1., 1.]), colorSpace='rgb', contrast=1.0, depth=0.0, draggable=False, flipHoriz=False, flipVert=False, font='Arial', fontFiles=[], height=np.float64(0.04), italic=False, languageStyle='LTR', name='text_4', opacity=1, ori=0.0, pos=array([0., 0.]), rgb=UNKNOWN, text=str(...), units='height', win=Window(...), wrapWidth=1)
24.1298 	EXP 	Created sq_1 = Rect(__class__=<class 'psychopy.visual.rect.Rect'>, anchor=('center', 'center'), autoDraw=False, autoLog=True, closeShape=True, color=method-wrapper(...), colorSpace='rgb', contrast=None, depth=0.0, draggable=False, fillColor=array([1., 1., 1.]), fillColorSpace='rgb', fillRGB=array([1., 1., 1.]), interpolate=True, lineColor=array([1., 1., 1.]), lineColorSpace='rgb', lineRGB=array([1, 1, 1]), lineWidth=1.0, name='sq_1', opacity=1.0, ori=1.0, pos=array([0., 0.]), size=array([1., 1.]), units='height', vertices=ndarray(...), win=Window(...))
24.1304 	EXP 	Created sq_2 = Rect(__class__=<class 'psychopy.visual.rect.Rect'>, anchor=('center', 'center'), autoDraw=False, autoLog=True, closeShape=True, color=method-wrapper(...), colorSpace='rgb', contrast=None, depth=-1.0, draggable=False, fillColor=array([1, 1, 1]), fillColorSpace='rgb', fillRGB=array([1, 1, 1]), interpolate=True, lineColor=array([1., 1., 1.]), lineColorSpace='rgb', lineRGB=array([1, 1, 1]), lineWidth=1.0, name='sq_2', opacity=1.0, ori=1.0, pos=array([0., 0.]), size=array([1., 1.]), units='height', vertices=ndarray(...), win=Window(...))
24.1320 	EXP 	Created text = TextStim(__class__=<class 'psychopy.visual.text.TextStim'>, alignHoriz=method-wrapper(...), alignText='center', alignVert=method-wrapper(...), anchorHoriz='center', anchorVert='center', antialias=True, autoDraw=False, autoLog=True, bold=False, color=array([1., 1., 1.]), colorSpace='rgb', contrast=1.0, depth=-3.0, draggable=False, flipHoriz=False, flipVert=False, font='Arial', fontFiles=[], height=np.float64(0.030000000000000002), italic=False, languageStyle='LTR', name='text', opacity=1, ori=0.0, pos=array([0.  , 0.35]), rgb=UNKNOWN, text=str(...), units='height', win=Window(...), wrapWidth=1)
24.1324 	EXP 	Created text_fb_task = TextStim(__class__=<class 'psychopy.visual.text.TextStim'>, alignHoriz=method-wrapper(...), alignText='center', alignVert=method-wrapper(...), anchorHoriz='center', anchorVert='center', antialias=True, autoDraw=False, autoLog=True, bold=False, color=array([1., 1., 1.]), colorSpace='rgb', contrast=1.0, depth=-1.0, draggable=False, flipHoriz=False, flipVert=False, font='Arial', fontFiles=[], height=0.05, italic=False, languageStyle='LTR', name='text_fb_task', opacity=1, ori=0.0, pos=array([0., 0.]), rgb=UNKNOWN, text='', units='height', win=Window(...), wrapWidth=1)
24.1655 	EXP 	Created sl_h = Slider(__class__=<class 'psychopy.visual.slider.Slider'>, autoDraw=False, autoLog=True, borderColor=None, color=None, colorSpace='rgb', depth=0, fillColor=None, flip=True, font='Open Sans', granularity=0.0, labelColor=None, labelHeight=np.float64(0.030000000000000002), labelWrapWidth=None, labels=['совсем нет', 'очень'], lineColor=None, markerColor=None, name='sl_h', opacity=None, ori=0.0, pos=array([ 0. , -0.4]), readOnly=False, self=UNKNOWN, size=array([1. , 0.1]), startValue=5, style='rating', styleTweaks=[], ticks=array([1, 2, 3, 4, 5, 6, 7, 8, 9]), units='height', win=Window(...))
24.1659 	EXP 	Created text_sl = TextStim(__class__=<class 'psychopy.visual.text.TextStim'>, alignHoriz=method-wrapper(...), alignText='center', alignVert=method-wrapper(...), anchorHoriz='center', anchorVert='center', antialias=True, autoDraw=False, autoLog=True, bold=False, color=array([1., 1., 1.]), colorSpace='rgb', contrast=1.0, depth=-1.0, draggable=False, flipHoriz=False, flipVert=False, font='Arial', fontFiles=[], height=0.03, italic=False, languageStyle='LTR', name='text_sl', opacity=1, ori=0.0, pos=array([0. , 0.2]), rgb=UNKNOWN, text='', units='height', win=Window(...), wrapWidth=1)
24.1662 	EXP 	Created text_5 = TextStim(__class__=<class 'psychopy.visual.text.TextStim'>, alignHoriz=method-wrapper(...), alignText='center', alignVert=method-wrapper(...), anchorHoriz='center', anchorVert='center', antialias=True, autoDraw=False, autoLog=True, bold=False, color=array([1., 1., 1.]), colorSpace='rgb', contrast=1.0, depth=-1.0, draggable=False, flipHoriz=False, flipVert=False, font='Arial', fontFiles=[], height=0.05, italic=False, languageStyle='LTR', name='text_5', opacity=1, ori=0.0, pos=array([0., 0.]), rgb=UNKNOWN, text='', units='height', win=Window(...), wrapWidth=1)
24.2119 	EXP 	Created text_th = TextStim(__class__=<class 'psychopy.visual.text.TextStim'>, alignHoriz=method-wrapper(...), alignText='center', alignVert=method-wrapper(...), anchorHoriz='center', anchorVert='center', antialias=True, autoDraw=False, autoLog=True, bold=False, color=array([1., 1., 1.]), colorSpace='rgb', contrast=1.0, depth=0.0, draggable=False, flipHoriz=False, flipVert=False, font='Arial', fontFiles=[], height=np.float64(0.04), italic=False, languageStyle='LTR', name='text_th', opacity=1, ori=0.0, pos=array([0., 0.]), rgb=UNKNOWN, text='Спасибо за участие!\n', units='height', win=Window(...), wrapWidth=1)
0.0275 	EXP 	BJW_slider: autoLog = True
0.0275 	EXP 	BJW_slider: styleTweaks = []
0.0275 	EXP 	BJW_slider: styleTweaks = []
0.0275 	EXP 	BJW_slider: styleTweaks = []
0.0275 	EXP 	BJW_slider: styleTweaks = []
0.0275 	EXP 	BJW_slider: contrast = 1.0
0.0275 	EXP 	BJW_slider: markerPos = 3
0.0275 	EXP 	BJW_slider: autoLog = True
0.0275 	EXP 	sl_h: autoLog = True
0.0275 	EXP 	sl_h: styleTweaks = []
0.0275 	EXP 	sl_h: styleTweaks = []
0.0275 	EXP 	sl_h: styleTweaks = []
0.0275 	EXP 	sl_h: styleTweaks = []
0.0275 	EXP 	sl_h: contrast = 1.0
0.0275 	EXP 	sl_h: markerPos = 5
0.0275 	EXP 	sl_h: autoLog = True
0.0275 	EXP 	get_textbox: autoLog = True
0.0368 	INFO 	Keyboard events cleared
0.0365 	EXP 	main_instr_text: autoDraw = True
0.4089 	WARNING 	Multiple dropped frames have occurred - I'll stop bothering you about them!
0.4834 	EXP 	Device response: <KeyPress from None: t=0.4471668749465607, value=space, duration=None>
0.4933 	INFO 	Keyboard events cleared
0.4930 	EXP 	main_instr_text: autoDraw = False
0.4930 	EXP 	BJW_inst_text: autoDraw = True
0.5038 	DATA 	Keypress: space
0.5993 	EXP 	Device response: <KeyPress from None: t=0.5962598749902099, value=space, duration=None>
0.6073 	EXP 	Imported BJW.xlsx as conditions, 13 conditions, 1 params
0.6085 	EXP 	New trial (rep=0, index=0): <Trial 0 (0 in rep 0) data={'Text': 'Я считаю, что, по большому счету, заслуживаю того, что происходит со мной.', 'thisN': 0, 'thisTrialN': 0, 'thisRepN': 0}>
0.6291 	DATA 	Keypress: space
0.6524 	EXP 	BJW_inst_text: autoDraw = False
0.6524 	EXP 	BJW_slider: markerPos = None
0.6524 	EXP 	BJW_slider: markerPos = 3
0.6524 	EXP 	BJW_text: height = np.float64(0.030000000000000002)
0.6524 	EXP 	BJW_text: height = np.float64(0.030000000000000002)
0.6524 	EXP 	BJW_text: height = np.float64(0.030000000000000002)
0.6524 	EXP 	BJW_text: text = 'Я считаю, что, по большому счету, заслуживаю того, что происходит со мной.'
0.6524 	EXP 	BJW_slider: autoDraw = True
0.6524 	EXP 	BJW_text: autoDraw = True
0.6532 	EXP 	Device response: <KeyPress from None: t=0.4471668749465607, value=space, duration=0.19400787504855543>
0.8256 	EXP 	Device response: <KeyPress from None: t=0.8247986669884995, value=space, duration=None>
0.8312 	DATA 	Keypress: space
0.8760 	EXP 	Device response: <KeyPress from None: t=0.5962598749902099, value=space, duration=0.27922370797023177>
0.9739 	EXP 	Device response: <KeyPress from None: t=0.9680274999700487, value=space, duration=None>
0.9756 	DATA 	Keypress: space
1.0401 	EXP 	Device response: <KeyPress from None: t=0.8247986669884995, value=space, duration=0.21077524998690933>
2.2501 	DATA 	Mouse: Left button down, pos=(887,124)
2.2650 	EXP 	BJW_slider: markerPos = np.float64(3.115627822944896)
2.2728 	EXP 	BJW_slider: markerPos = np.float64(3.115627822944896)
2.2802 	EXP 	BJW_slider: markerPos = np.float64(3.115627822944896)
2.2891 	EXP 	BJW_slider: markerPos = np.float64(3.115627822944896)
2.2962 	EXP 	BJW_slider: markerPos = np.float64(3.115627822944896)
2.3068 	EXP 	BJW_slider: markerPos = np.float64(3.115627822944896)
2.3100 	DATA 	Mouse:  Left button up, pos=(887,124)
2.3144 	EXP 	BJW_slider: markerPos = np.float64(3.115627822944896)
2.3225 	EXP 	BJW_slider: markerPos = 3.0
2.3229 	EXP 	New trial (rep=0, index=1): <Trial 1 (1 in rep 0) data={'Text': 'Как правило, жизнь ко\xa0мне справедлива.', 'thisN': 1, 'thisTrialN': 1, 'thisRepN': 0}>
2.3319 	EXP 	BJW_slider: autoDraw = False
2.3319 	EXP 	BJW_text: autoDraw = False
2.3319 	EXP 	BJW_slider: markerPos = None
2.3319 	EXP 	BJW_slider: markerPos = 3
2.3319 	EXP 	BJW_text: height = np.float64(0.030000000000000002)
2.3319 	EXP 	BJW_text: height = np.float64(0.030000000000000002)
2.3319 	EXP 	BJW_text: height = np.float64(0.030000000000000002)
2.3319 	EXP 	BJW_text: text = 'Как правило, жизнь ко\xa0мне справедлива.'
2.3319 	EXP 	BJW_slider: autoDraw = True
2.3319 	EXP 	BJW_text: autoDraw = True
2.3736 	DATA 	Mouse: Left button down, pos=(887,124)
2.3809 	EXP 	BJW_slider: markerPos = np.float64(3.115627822944896)
2.3844 	DATA 	Mouse: Right button down, pos=(887,124)
2.3891 	EXP 	BJW_slider: markerPos = np.float64(3.115627822944896)
2.3964 	EXP 	BJW_slider: markerPos = np.float64(3.115627822944896)
2.4069 	EXP 	BJW_slider: markerPos = np.float64(3.115627822944896)
2.4140 	EXP 	BJW_slider: markerPos = np.float64(3.115627822944896)
2.4225 	EXP 	BJW_slider: markerPos = np.float64(3.115627822944896)
2.4297 	EXP 	BJW_slider: markerPos = np.float64(3.115627822944896)
2.4400 	EXP 	BJW_slider: markerPos = np.float64(3.115627822944896)
2.4403 	DATA 	Mouse:  Left button up, pos=(887,124)
2.4406 	DATA 	Mouse:  Right button up, pos=(887,124)
2.4480 	EXP 	BJW_slider: markerPos = 3.0
2.4484 	EXP 	New trial (rep=0, index=2): <Trial 2 (2 in rep 0) data={'Text': 'Я верю, что обычно получаю то, что заслуживаю.', 'thisN': 2, 'thisTrialN': 2, 'thisRepN': 0}>
2.4577 	EXP 	BJW_slider: autoDraw = False
2.4577 	EXP 	BJW_text: autoDraw = False
2.4577 	EXP 	BJW_slider: markerPos = None
2.4577 	EXP 	BJW_slider: markerPos = 3
2.4577 	EXP 	BJW_text: height = np.float64(0.030000000000000002)
2.4577 	EXP 	BJW_text: height = np.float64(0.030000000000000002)
2.4577 	EXP 	BJW_text: height = np.float64(0.030000000000000002)
2.4577 	EXP 	BJW_text: text = 'Я верю, что обычно получаю то, что заслуживаю.'
2.4577 	EXP 	BJW_slider: autoDraw = True
2.4577 	EXP 	BJW_text: autoDraw = True
2.5073 	DATA 	Mouse: Left button down, pos=(887,124)
2.5143 	EXP 	BJW_slider: markerPos = np.float64(3.115627822944896)
2.5225 	EXP 	BJW_slider: markerPos = np.float64(3.115627822944896)
2.5298 	EXP 	BJW_slider: markerPos = np.float64(3.115627822944896)
2.5398 	EXP 	BJW_slider: markerPos = np.float64(3.115627822944896)
2.5469 	EXP 	BJW_slider: markerPos = np.float64(3.115627822944896)
2.5561 	EXP 	BJW_slider: markerPos = np.float64(3.115627822944896)
2.5634 	EXP 	BJW_slider: markerPos = np.float64(3.115627822944896)
2.5734 	EXP 	BJW_slider: markerPos = np.float64(3.115627822944896)
2.5737 	DATA 	Mouse:  Left button up, pos=(887,124)
2.5808 	EXP 	BJW_slider: markerPos = 3.0
2.5811 	EXP 	New trial (rep=0, index=3): <Trial 3 (3 in rep 0) data={'Text': 'В моей жизни в\xa0общем и\xa0целом всё происходит справедливо.', 'thisN': 3, 'thisTrialN': 3, 'thisRepN': 0}>
2.5911 	EXP 	BJW_slider: autoDraw = False
2.5911 	EXP 	BJW_text: autoDraw = False
2.5911 	EXP 	BJW_slider: markerPos = None
2.5911 	EXP 	BJW_slider: markerPos = 3
2.5911 	EXP 	BJW_text: height = np.float64(0.030000000000000002)
2.5911 	EXP 	BJW_text: height = np.float64(0.030000000000000002)
2.5911 	EXP 	BJW_text: height = np.float64(0.030000000000000002)
2.5911 	EXP 	BJW_text: text = 'В моей жизни в\xa0общем и\xa0целом всё происходит справедливо.'
2.5911 	EXP 	BJW_slider: autoDraw = True
2.5911 	EXP 	BJW_text: autoDraw = True
2.6309 	DATA 	Mouse: Left button down, pos=(887,124)
2.6401 	EXP 	BJW_slider: markerPos = np.float64(3.115627822944896)
2.6472 	EXP 	BJW_slider: markerPos = np.float64(3.115627822944896)
2.6558 	EXP 	BJW_slider: markerPos = np.float64(3.115627822944896)
2.6632 	EXP 	BJW_slider: markerPos = np.float64(3.115627822944896)
2.6732 	EXP 	BJW_slider: markerPos = np.float64(3.115627822944896)
2.6803 	EXP 	BJW_slider: markerPos = np.float64(3.115627822944896)
2.6892 	EXP 	BJW_slider: markerPos = np.float64(3.115627822944896)
2.6924 	DATA 	Mouse:  Left button up, pos=(887,124)
2.6967 	EXP 	BJW_slider: markerPos = np.float64(3.115627822944896)
2.7068 	EXP 	BJW_slider: markerPos = 3.0
2.7071 	EXP 	New trial (rep=0, index=4): <Trial 4 (4 in rep 0) data={'Text': 'В моей жизни несправедливость – скорее исключение, чем правило.', 'thisN': 4, 'thisTrialN': 4, 'thisRepN': 0}>
2.7164 	EXP 	BJW_slider: autoDraw = False
2.7164 	EXP 	BJW_text: autoDraw = False
2.7164 	EXP 	BJW_slider: markerPos = None
2.7164 	EXP 	BJW_slider: markerPos = 3
2.7164 	EXP 	BJW_text: height = np.float64(0.030000000000000002)
2.7164 	EXP 	BJW_text: height = np.float64(0.030000000000000002)
2.7164 	EXP 	BJW_text: height = np.float64(0.030000000000000002)
2.7164 	EXP 	BJW_text: text = 'В моей жизни несправедливость – скорее исключение, чем правило.'
2.7164 	EXP 	BJW_slider: autoDraw = True
2.7164 	EXP 	BJW_text: autoDraw = True
2.7572 	DATA 	Mouse: Left button down, pos=(887,124)
2.7643 	EXP 	BJW_slider: markerPos = np.float64(3.115627822944896)
2.7724 	EXP 	BJW_slider: markerPos = np.float64(3.115627822944896)
2.7797 	EXP 	BJW_slider: markerPos = np.float64(3.115627822944896)
2.7900 	EXP 	BJW_slider: markerPos = np.float64(3.115627822944896)
2.7975 	EXP 	BJW_slider: markerPos = np.float64(3.115627822944896)
2.8059 	EXP 	BJW_slider: markerPos = np.float64(3.115627822944896)
2.8130 	EXP 	BJW_slider: markerPos = np.float64(3.115627822944896)
2.8234 	EXP 	BJW_slider: markerPos = np.float64(3.115627822944896)
2.8237 	DATA 	Mouse:  Left button up, pos=(887,124)
2.8309 	EXP 	BJW_slider: markerPos = 3.0
2.8312 	EXP 	New trial (rep=0, index=5): <Trial 5 (5 in rep 0) data={'Text': 'Я считаю, что в\xa0целом в\xa0моей жизни всё справедливо.', 'thisN': 5, 'thisTrialN': 5, 'thisRepN': 0}>
2.8406 	EXP 	BJW_slider: autoDraw = False
2.8406 	EXP 	BJW_text: autoDraw = False
2.8406 	EXP 	BJW_slider: markerPos = None
2.8406 	EXP 	BJW_slider: markerPos = 3
2.8406 	EXP 	BJW_text: height = np.float64(0.030000000000000002)
2.8406 	EXP 	BJW_text: height = np.float64(0.030000000000000002)
2.8406 	EXP 	BJW_text: height = np.float64(0.030000000000000002)
2.8406 	EXP 	BJW_text: text = 'Я считаю, что в\xa0целом в\xa0моей жизни всё справедливо.'
2.8406 	EXP 	BJW_slider: autoDraw = True
2.8406 	EXP 	BJW_text: autoDraw = True
2.8592 	DATA 	Mouse: Left button down, pos=(887,124)
2.8725 	EXP 	BJW_slider: markerPos = np.float64(3.115627822944896)
2.8797 	EXP 	BJW_slider: markerPos = np.float64(3.115627822944896)
2.8897 	EXP 	BJW_slider: markerPos = np.float64(3.115627822944896)
2.8970 	EXP 	BJW_slider: markerPos = np.float64(3.115627822944896)
2.9058 	EXP 	BJW_slider: markerPos = np.float64(3.115627822944896)
2.9131 	EXP 	BJW_slider: markerPos = np.float64(3.115627822944896)
2.9234 	EXP 	BJW_slider: markerPos = np.float64(3.115627822944896)
2.9307 	EXP 	BJW_slider: markerPos = np.float64(3.115627822944896)
2.9392 	EXP 	BJW_slider: markerPos = np.float64(3.115627822944896)
2.9465 	EXP 	BJW_slider: markerPos = np.float64(3.115627822944896)
2.9568 	EXP 	BJW_slider: markerPos = np.float64(3.115627822944896)
2.9643 	EXP 	BJW_slider: markerPos = np.float64(3.115627822944896)
2.9726 	EXP 	BJW_slider: markerPos = np.float64(3.115627822944896)
2.9803 	EXP 	BJW_slider: markerPos = np.float64(3.115627822944896)
2.9898 	EXP 	BJW_slider: markerPos = np.float64(3.115627822944896)
2.9973 	EXP 	BJW_slider: markerPos = np.float64(3.115627822944896)
3.0058 	EXP 	BJW_slider: markerPos = np.float64(3.115627822944896)
3.0129 	EXP 	BJW_slider: markerPos = np.float64(3.115627822944896)
3.0235 	EXP 	BJW_slider: markerPos = np.float64(3.115627822944896)
3.0307 	EXP 	BJW_slider: markerPos = np.float64(3.115627822944896)
3.0392 	EXP 	BJW_slider: markerPos = np.float64(3.115627822944896)
3.0465 	EXP 	BJW_slider: markerPos = np.float64(3.115627822944896)
3.0567 	EXP 	BJW_slider: markerPos = np.float64(3.115627822944896)
3.0640 	EXP 	BJW_slider: markerPos = np.float64(3.115627822944896)
3.0726 	EXP 	BJW_slider: markerPos = np.float64(3.115627822944896)
3.0798 	EXP 	BJW_slider: markerPos = np.float64(3.115627822944896)
3.0901 	EXP 	BJW_slider: markerPos = np.float64(3.115627822944896)
3.0973 	EXP 	BJW_slider: markerPos = np.float64(3.115627822944896)
3.1059 	EXP 	BJW_slider: markerPos = np.float64(3.115627822944896)
3.1062 	DATA 	Mouse:  Left button up, pos=(887,124)
3.1135 	EXP 	BJW_slider: markerPos = 3.0
3.1138 	EXP 	New trial (rep=0, index=6): <Trial 6 (6 in rep 0) data={'Text': 'Я думаю, что важные решения, которые касаются меня, обычно справедливы.', 'thisN': 6, 'thisTrialN': 6, 'thisRepN': 0}>
3.1235 	EXP 	BJW_slider: autoDraw = False
3.1235 	EXP 	BJW_text: autoDraw = False
3.1235 	EXP 	BJW_slider: markerPos = None
3.1235 	EXP 	BJW_slider: markerPos = 3
3.1235 	EXP 	BJW_text: height = np.float64(0.030000000000000002)
3.1235 	EXP 	BJW_text: height = np.float64(0.030000000000000002)
3.1235 	EXP 	BJW_text: height = np.float64(0.030000000000000002)
3.1235 	EXP 	BJW_text: text = 'Я думаю, что важные решения, которые касаются меня, обычно справедливы.'
3.1235 	EXP 	BJW_slider: autoDraw = True
3.1235 	EXP 	BJW_text: autoDraw = True
3.1568 	DATA 	Mouse: Left button down, pos=(887,124)
3.1640 	EXP 	BJW_slider: markerPos = np.float64(3.115627822944896)
3.1734 	EXP 	BJW_slider: markerPos = np.float64(3.115627822944896)
3.1807 	EXP 	BJW_slider: markerPos = np.float64(3.115627822944896)
3.1892 	EXP 	BJW_slider: markerPos = np.float64(3.115627822944896)
3.1964 	EXP 	BJW_slider: markerPos = np.float64(3.115627822944896)
3.2067 	EXP 	BJW_slider: markerPos = np.float64(3.115627822944896)
3.2139 	EXP 	BJW_slider: markerPos = np.float64(3.115627822944896)
3.2226 	EXP 	BJW_slider: markerPos = np.float64(3.115627822944896)
3.2302 	EXP 	BJW_slider: markerPos = np.float64(3.115627822944896)
3.2402 	EXP 	BJW_slider: markerPos = np.float64(3.115627822944896)
3.2406 	DATA 	Mouse:  Left button up, pos=(887,124)
3.2479 	EXP 	BJW_slider: markerPos = 3.0
3.2482 	EXP 	New trial (rep=0, index=7): <Trial 7 (7 in rep 0) data={'Text': 'Я считаю, что в\xa0целом мир справедлив.', 'thisN': 7, 'thisTrialN': 7, 'thisRepN': 0}>
3.2571 	EXP 	BJW_slider: autoDraw = False
3.2571 	EXP 	BJW_text: autoDraw = False
3.2571 	EXP 	BJW_slider: markerPos = None
3.2571 	EXP 	BJW_slider: markerPos = 3
3.2571 	EXP 	BJW_text: height = np.float64(0.030000000000000002)
3.2571 	EXP 	BJW_text: height = np.float64(0.030000000000000002)
3.2571 	EXP 	BJW_text: height = np.float64(0.030000000000000002)
3.2571 	EXP 	BJW_text: text = 'Я считаю, что в\xa0целом мир справедлив.'
3.2571 	EXP 	BJW_slider: autoDraw = True
3.2571 	EXP 	BJW_text: autoDraw = True
3.3066 	DATA 	Mouse: Left button down, pos=(887,124)
3.3139 	EXP 	BJW_slider: markerPos = np.float64(3.115627822944896)
3.3226 	EXP 	BJW_slider: markerPos = np.float64(3.115627822944896)
3.3299 	EXP 	BJW_slider: markerPos = np.float64(3.115627822944896)
3.3401 	EXP 	BJW_slider: markerPos = np.float64(3.115627822944896)
3.3474 	EXP 	BJW_slider: markerPos = np.float64(3.115627822944896)
3.3559 	EXP 	BJW_slider: markerPos = np.float64(3.115627822944896)
3.3634 	EXP 	BJW_slider: markerPos = np.float64(3.115627822944896)
3.3725 	EXP 	BJW_slider: markerPos = np.float64(3.115627822944896)
3.3799 	EXP 	BJW_slider: markerPos = np.float64(3.115627822944896)
3.3802 	DATA 	Mouse:  Left button up, pos=(887,124)
3.3899 	EXP 	BJW_slider: markerPos = 3.0
3.3902 	EXP 	New trial (rep=0, index=8): <Trial 8 (8 in rep 0) data={'Text': 'Я считаю, что, по\xa0большому счету, люди получают то, что заслуживают.', 'thisN': 8, 'thisTrialN': 8, 'thisRepN': 0}>
3.3991 	EXP 	BJW_slider: autoDraw = False
3.3991 	EXP 	BJW_text: autoDraw = False
3.3991 	EXP 	BJW_slider: markerPos = None
3.3991 	EXP 	BJW_slider: markerPos = 3
3.3991 	EXP 	BJW_text: height = np.float64(0.030000000000000002)
3.3991 	EXP 	BJW_text: height = np.float64(0.030000000000000002)
3.3991 	EXP 	BJW_text: height = np.float64(0.030000000000000002)
3.3991 	EXP 	BJW_text: text = 'Я считаю, что, по\xa0большому счету, люди получают то, что заслуживают.'
3.3991 	EXP 	BJW_slider: autoDraw = True
3.3991 	EXP 	BJW_text: autoDraw = True
3.4593 	DATA 	Mouse: Left button down, pos=(887,124)
3.4735 	EXP 	BJW_slider: markerPos = np.float64(3.115627822944896)
3.4811 	EXP 	BJW_slider: markerPos = np.float64(3.115627822944896)
3.4902 	EXP 	BJW_slider: markerPos = np.float64(3.115627822944896)
3.4975 	EXP 	BJW_slider: markerPos = np.float64(3.115627822944896)
3.5059 	EXP 	BJW_slider: markerPos = np.float64(3.115627822944896)
3.5130 	EXP 	BJW_slider: markerPos = np.float64(3.115627822944896)
3.5161 	DATA 	Mouse:  Left button up, pos=(887,123)
3.5235 	EXP 	BJW_slider: markerPos = np.float64(3.115627822944896)
3.5307 	EXP 	BJW_slider: markerPos = 3.0
3.5310 	EXP 	New trial (rep=0, index=9): <Trial 9 (9 in rep 0) data={'Text': 'Я уверен, что справедливость всегда побеждает несправедливость.', 'thisN': 9, 'thisTrialN': 9, 'thisRepN': 0}>
3.5402 	EXP 	BJW_slider: autoDraw = False
3.5402 	EXP 	BJW_text: autoDraw = False
3.5402 	EXP 	BJW_slider: markerPos = None
3.5402 	EXP 	BJW_slider: markerPos = 3
3.5402 	EXP 	BJW_text: height = np.float64(0.030000000000000002)
3.5402 	EXP 	BJW_text: height = np.float64(0.030000000000000002)
3.5402 	EXP 	BJW_text: height = np.float64(0.030000000000000002)
3.5402 	EXP 	BJW_text: text = 'Я уверен, что справедливость всегда побеждает несправедливость.'
3.5402 	EXP 	BJW_slider: autoDraw = True
3.5402 	EXP 	BJW_text: autoDraw = True
3.6071 	DATA 	Mouse: Left button down, pos=(887,123)
3.6142 	EXP 	BJW_slider: markerPos = np.float64(3.115627822944896)
3.6227 	EXP 	BJW_slider: markerPos = np.float64(3.115627822944896)
3.6299 	EXP 	BJW_slider: markerPos = np.float64(3.115627822944896)
3.6396 	EXP 	BJW_slider: markerPos = np.float64(3.115627822944896)
3.6469 	EXP 	BJW_slider: markerPos = np.float64(3.115627822944896)
3.6565 	EXP 	BJW_slider: markerPos = np.float64(3.115627822944896)
3.6639 	EXP 	BJW_slider: markerPos = np.float64(3.115627822944896)
3.6671 	DATA 	Mouse:  Left button up, pos=(887,123)
3.6726 	EXP 	BJW_slider: markerPos = np.float64(3.115627822944896)
3.6798 	EXP 	BJW_slider: markerPos = 3.0
3.6801 	EXP 	New trial (rep=0, index=10): <Trial 10 (10 in rep 0) data={'Text': 'Я убежден, что, если человек пережил несправедливость, в\xa0будущем это возместится.', 'thisN': 10, 'thisTrialN': 10, 'thisRepN': 0}>
3.6902 	EXP 	BJW_slider: autoDraw = False
3.6902 	EXP 	BJW_text: autoDraw = False
3.6902 	EXP 	BJW_slider: markerPos = None
3.6902 	EXP 	BJW_slider: markerPos = 3
3.6902 	EXP 	BJW_text: height = np.float64(0.030000000000000002)
3.6902 	EXP 	BJW_text: height = np.float64(0.030000000000000002)
3.6902 	EXP 	BJW_text: height = np.float64(0.030000000000000002)
3.6902 	EXP 	BJW_text: text = 'Я убежден, что, если человек пережил несправедливость, в\xa0будущем это возместится.'
3.6902 	EXP 	BJW_slider: autoDraw = True
3.6902 	EXP 	BJW_text: autoDraw = True
3.7422 	DATA 	Mouse: Left button down, pos=(887,123)
3.7567 	EXP 	BJW_slider: markerPos = np.float64(3.115627822944896)
3.7641 	EXP 	BJW_slider: markerPos = np.float64(3.115627822944896)
3.7737 	EXP 	BJW_slider: markerPos = np.float64(3.115627822944896)
3.7811 	EXP 	BJW_slider: markerPos = np.float64(3.115627822944896)
3.7891 	EXP 	BJW_slider: markerPos = np.float64(3.115627822944896)
3.7964 	EXP 	BJW_slider: markerPos = np.float64(3.115627822944896)
3.8070 	EXP 	BJW_slider: markerPos = np.float64(3.115627822944896)
3.8142 	EXP 	BJW_slider: markerPos = np.float64(3.115627822944896)
3.8146 	DATA 	Mouse:  Left button up, pos=(887,123)
3.8226 	EXP 	BJW_slider: markerPos = 3.0
3.8230 	EXP 	New trial (rep=0, index=11): <Trial 11 (11 in rep 0) data={'Text': 'Я твердо уверен, что несправедливость в\xa0самых разных жизненных ситуациях (в семье, учебе и\xa0т. д.) – скорее исключение, чем правило.', 'thisN': 11, 'thisTrialN': 11, 'thisRepN': 0}>
3.8329 	EXP 	BJW_slider: autoDraw = False
3.8329 	EXP 	BJW_text: autoDraw = False
3.8329 	EXP 	BJW_slider: markerPos = None
3.8329 	EXP 	BJW_slider: markerPos = 3
3.8329 	EXP 	BJW_text: height = np.float64(0.030000000000000002)
3.8329 	EXP 	BJW_text: height = np.float64(0.030000000000000002)
3.8329 	EXP 	BJW_text: height = np.float64(0.030000000000000002)
3.8329 	EXP 	BJW_text: text = 'Я твердо уверен, что несправедливость в\xa0самых разных жизненных ситуациях (в семье, учебе и\xa0т. д.) – скорее исключение, чем правило.'
3.8329 	EXP 	BJW_slider: autoDraw = True
3.8329 	EXP 	BJW_text: autoDraw = True
3.8832 	DATA 	Mouse: Left button down, pos=(887,123)
3.8965 	EXP 	BJW_slider: markerPos = np.float64(3.115627822944896)
3.9066 	EXP 	BJW_slider: markerPos = np.float64(3.115627822944896)
3.9140 	EXP 	BJW_slider: markerPos = np.float64(3.115627822944896)
3.9227 	EXP 	BJW_slider: markerPos = np.float64(3.115627822944896)
3.9300 	EXP 	BJW_slider: markerPos = np.float64(3.115627822944896)
3.9402 	EXP 	BJW_slider: markerPos = np.float64(3.115627822944896)
3.9435 	DATA 	Mouse:  Left button up, pos=(887,123)
3.9476 	EXP 	BJW_slider: markerPos = np.float64(3.115627822944896)
3.9560 	EXP 	BJW_slider: markerPos = 3.0
3.9564 	EXP 	New trial (rep=0, index=12): <Trial 12 (12 in rep 0) data={'Text': 'Я думаю, что все, кто принимает важные решения, стремятся быть справедливыми.', 'thisN': 12, 'thisTrialN': 12, 'thisRepN': 0}>
3.9655 	EXP 	BJW_slider: autoDraw = False
3.9655 	EXP 	BJW_text: autoDraw = False
3.9655 	EXP 	BJW_slider: markerPos = None
3.9655 	EXP 	BJW_slider: markerPos = 3
3.9655 	EXP 	BJW_text: height = np.float64(0.030000000000000002)
3.9655 	EXP 	BJW_text: height = np.float64(0.030000000000000002)
3.9655 	EXP 	BJW_text: height = np.float64(0.030000000000000002)
3.9655 	EXP 	BJW_text: text = 'Я думаю, что все, кто принимает важные решения, стремятся быть справедливыми.'
3.9655 	EXP 	BJW_slider: autoDraw = True
3.9655 	EXP 	BJW_text: autoDraw = True
4.0328 	DATA 	Mouse: Left button down, pos=(887,123)
4.0470 	EXP 	BJW_slider: markerPos = np.float64(3.115627822944896)
4.0559 	EXP 	BJW_slider: markerPos = np.float64(3.115627822944896)
4.0632 	EXP 	BJW_slider: markerPos = np.float64(3.115627822944896)
4.0736 	EXP 	BJW_slider: markerPos = np.float64(3.115627822944896)
4.0809 	EXP 	BJW_slider: markerPos = np.float64(3.115627822944896)
4.0892 	EXP 	BJW_slider: markerPos = np.float64(3.115627822944896)
4.0925 	DATA 	Mouse:  Left button up, pos=(887,123)
4.0970 	EXP 	BJW_slider: markerPos = np.float64(3.115627822944896)
4.1067 	EXP 	BJW_slider: markerPos = 3.0
4.1116 	INFO 	Keyboard events cleared
4.1115 	EXP 	BJW_slider: autoDraw = False
4.1115 	EXP 	BJW_text: autoDraw = False
4.1115 	EXP 	text_instr: autoDraw = True
4.1115 	EXP 	text_instr: autoDraw = False
4.1115 	EXP 	text_3: autoDraw = True
4.1743 	DATA 	Mouse: Left button down, pos=(887,123)
4.2426 	DATA 	Mouse:  Left button up, pos=(887,123)
4.3118 	DATA 	Mouse: Left button down, pos=(887,123)
4.3814 	DATA 	Mouse:  Left button up, pos=(887,123)
5.3780 	EXP 	Device response: <KeyPress from None: t=5.375468207988888, value=space, duration=None>
5.3877 	EXP 	Imported trening2.xlsx as conditions, 7 conditions, 12 params
5.3891 	EXP 	New trial (rep=0, index=0): <Trial 0 (0 in rep 0) data={'w1': 0.17, 'w2': 0.16, 'corr_answ': 'left', 'op1': 0.3, 'op2': 0.18, 'xPos1': -0.3, 'yPos1': -0.2, 'xPos2': 0.3, 'yPos2': 0.2, 'or1': 5, 'or2': 45, 'time': 1.0, 'thisN': 0, 'thisTrialN': 0, 'thisRepN': 0}>
5.3969 	DATA 	Keypress: space
5.4057 	EXP 	text_3: autoDraw = False
5.4057 	EXP 	pol_1: ori = np.float64(5.0)
5.4057 	EXP 	pol_2: ori = np.float64(45.0)
5.4057 	EXP 	pol_1: autoDraw = True
5.4057 	EXP 	pol_2: autoDraw = True
5.4057 	EXP 	text_tren: autoDraw = True
5.4332 	EXP 	Device response: <KeyPress from None: t=0.9680274999700487, value=space, duration=4.462110624997877>
5.6607 	EXP 	Device response: <KeyPress from None: t=5.657426541962195, value=space, duration=None>
5.6682 	DATA 	Keypress: space
5.7443 	EXP 	Device response: <KeyPress from None: t=5.375468207988888, value=space, duration=0.3612832920043729>
6.3836 	EXP 	Device response: <KeyPress from None: t=6.380484458000865, value=right, duration=None>
6.4477 	DATA 	Keypress: right
6.4543 	EXP 	pol_1: autoDraw = False
6.4543 	EXP 	pol_2: autoDraw = False
6.4543 	EXP 	text_tren: autoDraw = False
6.4543 	EXP 	text_fb_tren: height = np.float64(0.030000000000000002)
6.4543 	EXP 	text_fb_tren: height = np.float64(0.030000000000000002)
6.4543 	EXP 	text_fb_tren: height = np.float64(0.030000000000000002)
6.4543 	EXP 	text_fb_tren: text = 'Увы('
6.4543 	EXP 	text_fb_tren: autoDraw = True
6.4550 	EXP 	Device response: <KeyPress from None: t=6.380484458000865, value=right, duration=0.033140124985948205>
6.5086 	EXP 	Device response: <KeyPress from None: t=6.507204916968476, value=right, duration=None>
6.5154 	DATA 	Keypress: right
6.5651 	EXP 	Device response: <KeyPress from None: t=6.507204916968476, value=right, duration=0.05236675002379343>
6.8916 	EXP 	New trial (rep=0, index=1): <Trial 1 (1 in rep 0) data={'w1': 0.28, 'w2': 0.27, 'corr_answ': 'left', 'op1': 0.13, 'op2': 0.85, 'xPos1': -0.18, 'yPos1': -0.22, 'xPos2': 0.18, 'yPos2': 0.18, 'or1': 5, 'or2': 45, 'time': 1.5, 'thisN': 1, 'thisTrialN': 1, 'thisRepN': 0}>
6.9007 	EXP 	text_fb_tren: autoDraw = False
6.9007 	EXP 	pol_1: ori = np.float64(5.0)
6.9007 	EXP 	pol_2: ori = np.float64(45.0)
6.9007 	EXP 	pol_1: autoDraw = True
6.9007 	EXP 	pol_2: autoDraw = True
6.9007 	EXP 	text_tren: autoDraw = True
7.1835 	EXP 	Device response: <KeyPress from None: t=7.180156332964543, value=right, duration=None>
7.1860 	DATA 	Keypress: right
7.1932 	EXP 	pol_1: autoDraw = False
7.1932 	EXP 	pol_2: autoDraw = False
7.1932 	EXP 	text_tren: autoDraw = False
7.1932 	EXP 	text_fb_tren: text = 'Увы('
7.1932 	EXP 	text_fb_tren: autoDraw = True
7.2352 	EXP 	Device response: <KeyPress from None: t=7.180156332964543, value=right, duration=0.0536142920027487>
7.6823 	EXP 	New trial (rep=0, index=2): <Trial 2 (2 in rep 0) data={'w1': 0.16, 'w2': 0.15, 'corr_answ': 'left', 'op1': 0.17, 'op2': 0.7, 'xPos1': -0.3, 'yPos1': -0.22, 'xPos2': 0.3, 'yPos2': 0.18, 'or1': 6, 'or2': 47, 'time': 1.0, 'thisN': 2, 'thisTrialN': 2, 'thisRepN': 0}>
7.6927 	EXP 	text_fb_tren: autoDraw = False
7.6927 	EXP 	text_fb_tren: autoDraw = False
7.6927 	EXP 	pol_1: ori = np.float64(6.0)
7.6927 	EXP 	pol_2: ori = np.float64(47.0)
7.6927 	EXP 	pol_1: autoDraw = True
7.6927 	EXP 	pol_2: autoDraw = True
7.6927 	EXP 	text_tren: autoDraw = True
7.8030 	EXP 	Device response: <KeyPress from None: t=7.793827916961163, value=right, duration=None>
7.8071 	DATA 	Keypress: right
7.8140 	EXP 	pol_1: autoDraw = False
7.8140 	EXP 	pol_2: autoDraw = False
7.8140 	EXP 	text_tren: autoDraw = False
7.8140 	EXP 	text_fb_tren: text = 'Увы('
7.8140 	EXP 	text_fb_tren: autoDraw = True
7.8659 	EXP 	Device response: <KeyPress from None: t=7.793827916961163, value=right, duration=0.06979750003665686>
8.3009 	EXP 	New trial (rep=0, index=3): <Trial 3 (3 in rep 0) data={'w1': 0.22, 'w2': 0.21, 'corr_answ': 'left', 'op1': 0.17, 'op2': 0.8, 'xPos1': -0.18, 'yPos1': -0.22, 'xPos2': 0.18, 'yPos2': 0.18, 'or1': 45, 'or2': 5, 'time': 1.0, 'thisN': 3, 'thisTrialN': 3, 'thisRepN': 0}>
8.3110 	EXP 	text_fb_tren: autoDraw = False
8.3110 	EXP 	text_fb_tren: autoDraw = False
8.3110 	EXP 	pol_1: ori = np.float64(45.0)
8.3110 	EXP 	pol_2: ori = np.float64(5.0)
8.3110 	EXP 	pol_1: autoDraw = True
8.3110 	EXP 	pol_2: autoDraw = True
8.3110 	EXP 	text_tren: autoDraw = True
8.5355 	EXP 	Device response: <KeyPress from None: t=8.527448832988739, value=right, duration=None>
8.5401 	DATA 	Keypress: right
8.5469 	EXP 	pol_1: autoDraw = False
8.5469 	EXP 	pol_2: autoDraw = False
8.5469 	EXP 	text_tren: autoDraw = False
8.5469 	EXP 	text_fb_tren: text = 'Увы('
8.5469 	EXP 	text_fb_tren: autoDraw = True
8.5946 	EXP 	Device response: <KeyPress from None: t=8.527448832988739, value=right, duration=0.06497441697865725>
9.0351 	EXP 	New trial (rep=0, index=4): <Trial 4 (4 in rep 0) data={'w1': 0.24, 'w2': 0.25, 'corr_answ': 'right', 'op1': 0.13, 'op2': 0.85, 'xPos1': -0.3, 'yPos1': -0.2, 'xPos2': 0.3, 'yPos2': 0.2, 'or1': 0, 'or2': 45, 'time': 1.5, 'thisN': 4, 'thisTrialN': 4, 'thisRepN': 0}>
9.0457 	EXP 	text_fb_tren: autoDraw = False
9.0457 	EXP 	text_fb_tren: autoDraw = False
9.0457 	EXP 	pol_1: ori = np.float64(0.0)
9.0457 	EXP 	pol_2: ori = np.float64(45.0)
9.0457 	EXP 	pol_1: autoDraw = True
9.0457 	EXP 	pol_2: autoDraw = True
9.0457 	EXP 	text_tren: autoDraw = True
9.2173 	EXP 	Device response: <KeyPress from None: t=9.209968457987998, value=right, duration=None>
9.2237 	DATA 	Keypress: right
9.2302 	EXP 	pol_1: autoDraw = False
9.2302 	EXP 	pol_2: autoDraw = False
9.2302 	EXP 	text_tren: autoDraw = False
9.2302 	EXP 	text_fb_tren: height = np.float64(0.030000000000000002)
9.2302 	EXP 	text_fb_tren: height = np.float64(0.030000000000000002)
9.2302 	EXP 	text_fb_tren: height = np.float64(0.030000000000000002)
9.2302 	EXP 	text_fb_tren: text = 'Верно!'
9.2302 	EXP 	text_fb_tren: autoDraw = True
9.2778 	EXP 	Device response: <KeyPress from None: t=9.209968457987998, value=right, duration=0.060991959006059915>
9.7180 	EXP 	New trial (rep=0, index=5): <Trial 5 (5 in rep 0) data={'w1': 0.22, 'w2': 0.23, 'corr_answ': 'right', 'op1': 0.15, 'op2': 0.5, 'xPos1': -0.2, 'yPos1': 0.15, 'xPos2': 0.2, 'yPos2': -0.18, 'or1': 45, 'or2': 3, 'time': 1.5, 'thisN': 5, 'thisTrialN': 5, 'thisRepN': 0}>
9.7286 	EXP 	text_fb_tren: autoDraw = False
9.7286 	EXP 	text_fb_tren: autoDraw = False
9.7286 	EXP 	pol_1: ori = np.float64(45.0)
9.7286 	EXP 	pol_2: ori = np.float64(3.0)
9.7286 	EXP 	pol_1: autoDraw = True
9.7286 	EXP 	pol_2: autoDraw = True
9.7286 	EXP 	text_tren: autoDraw = True
10.1353 	EXP 	Device response: <KeyPress from None: t=10.131422041973565, value=right, duration=None>
10.1399 	DATA 	Keypress: right
10.1462 	EXP 	pol_1: autoDraw = False
10.1462 	EXP 	pol_2: autoDraw = False
10.1462 	EXP 	text_tren: autoDraw = False
10.1462 	EXP 	text_fb_tren: text = 'Верно!'
10.1462 	EXP 	text_fb_tren: autoDraw = True
10.1920 	EXP 	Device response: <KeyPress from None: t=10.131422041973565, value=right, duration=0.05259937501978129>
10.6334 	EXP 	New trial (rep=0, index=6): <Trial 6 (6 in rep 0) data={'w1': 0.21, 'w2': 0.22, 'corr_answ': 'right', 'op1': 0.54, 'op2': 0.22, 'xPos1': -0.2, 'yPos1': 0.21, 'xPos2': 0.2, 'yPos2': 0.18, 'or1': 37, 'or2': 7, 'time': 1.5, 'thisN': 6, 'thisTrialN': 6, 'thisRepN': 0}>
10.6444 	EXP 	text_fb_tren: autoDraw = False
10.6444 	EXP 	text_fb_tren: autoDraw = False
10.6444 	EXP 	pol_1: ori = np.float64(37.0)
10.6444 	EXP 	pol_2: ori = np.float64(7.0)
10.6444 	EXP 	pol_1: autoDraw = True
10.6444 	EXP 	pol_2: autoDraw = True
10.6444 	EXP 	text_tren: autoDraw = True
10.7264 	EXP 	Device response: <KeyPress from None: t=10.719465374946594, value=right, duration=None>
10.7287 	DATA 	Keypress: right
10.7347 	EXP 	pol_1: autoDraw = False
10.7347 	EXP 	pol_2: autoDraw = False
10.7347 	EXP 	text_tren: autoDraw = False
10.7347 	EXP 	text_fb_tren: text = 'Верно!'
10.7347 	EXP 	text_fb_tren: autoDraw = True
10.7766 	EXP 	Device response: <KeyPress from None: t=10.719465374946594, value=right, duration=0.054079624998848885>
11.2461 	EXP 	Imported tab_task_4.xlsx as conditions, 40 conditions, 12 params
11.2472 	EXP 	New trial (rep=0, index=0): <Trial 0 (0 in rep 0) data={'w1': 0.25, 'w2': 0.26, 'corr_answ': 'right', 'op1': 0.54, 'op2': 0.22, 'xPos1': -0.3, 'yPos1': 0.2, 'xPos2': 0.3, 'yPos2': -0.2, 'or1': 37, 'or2': 7, 'time': 1.5, 'thisN': 0, 'thisTrialN': 0, 'thisRepN': 0}>
11.2564 	EXP 	text_fb_tren: autoDraw = False
11.2564 	EXP 	text_fb_tren: autoDraw = False
11.2564 	EXP 	text_4: autoDraw = True
11.2564 	EXP 	text_4: autoDraw = False
11.2564 	EXP 	sq_1: ori = np.float64(37.0)
11.2564 	EXP 	sq_2: ori = np.float64(7.0)
11.2564 	EXP 	sq_1: autoDraw = True
11.2564 	EXP 	sq_2: autoDraw = True
11.2564 	EXP 	text: autoDraw = True
11.3755 	EXP 	Device response: <KeyPress from None: t=11.366350707947277, value=right, duration=None>
11.3833 	DATA 	Keypress: right
11.3908 	EXP 	sq_1: autoDraw = False
11.3908 	EXP 	sq_2: autoDraw = False
11.3908 	EXP 	text: autoDraw = False
11.3908 	EXP 	text_fb_task: height = np.float64(0.05)
11.3908 	EXP 	text_fb_task: height = np.float64(0.05)
11.3908 	EXP 	text_fb_task: height = np.float64(0.05)
11.3908 	EXP 	text_fb_task: text = 'Верно!'
11.3908 	EXP 	text_fb_task: autoDraw = True
11.4261 	EXP 	Device response: <KeyPress from None: t=11.366350707947277, value=right, duration=0.05858004203764722>
11.6760 	EXP 	New trial (rep=0, index=1): <Trial 1 (1 in rep 0) data={'w1': 0.2, 'w2': 0.21, 'corr_answ': 'left', 'op1': 0.15, 'op2': 0.6, 'xPos1': -0.3, 'yPos1': 0.21, 'xPos2': 0.3, 'yPos2': 0.18, 'or1': 6, 'or2': 47, 'time': 1.5, 'thisN': 1, 'thisTrialN': 1, 'thisRepN': 0}>
11.6855 	EXP 	text_fb_task: autoDraw = False
11.6855 	EXP 	text_fb_task: autoDraw = False
11.6855 	EXP 	sq_1: ori = np.float64(6.0)
11.6855 	EXP 	sq_2: ori = np.float64(47.0)
11.6855 	EXP 	sq_1: autoDraw = True
11.6855 	EXP 	sq_2: autoDraw = True
11.6855 	EXP 	text: autoDraw = True
11.9955 	EXP 	Device response: <KeyPress from None: t=11.986419249966275, value=right, duration=None>
12.0018 	DATA 	Keypress: right
12.0090 	EXP 	sq_1: autoDraw = False
12.0090 	EXP 	sq_2: autoDraw = False
12.0090 	EXP 	text: autoDraw = False
12.0090 	EXP 	text_fb_task: height = np.float64(0.05)
12.0090 	EXP 	text_fb_task: height = np.float64(0.05)
12.0090 	EXP 	text_fb_task: height = np.float64(0.05)
12.0090 	EXP 	text_fb_task: text = 'Увы('
12.0090 	EXP 	text_fb_task: autoDraw = True
12.0173 	EXP 	Device response: <KeyPress from None: t=11.986419249966275, value=right, duration=0.0233137080213055>
12.2925 	EXP 	New trial (rep=0, index=2): <Trial 2 (2 in rep 0) data={'w1': 0.22, 'w2': 0.23, 'corr_answ': 'right', 'op1': 0.15, 'op2': 0.5, 'xPos1': -0.2, 'yPos1': 0.15, 'xPos2': 0.2, 'yPos2': -0.18, 'or1': 45, 'or2': 3, 'time': 1.5, 'thisN': 2, 'thisTrialN': 2, 'thisRepN': 0}>
12.3018 	EXP 	text_fb_task: autoDraw = False
12.3018 	EXP 	text_fb_task: autoDraw = False
12.3018 	EXP 	sq_1: ori = np.float64(45.0)
12.3018 	EXP 	sq_2: ori = np.float64(3.0)
12.3018 	EXP 	sq_1: autoDraw = True
12.3018 	EXP 	sq_2: autoDraw = True
12.3018 	EXP 	text: autoDraw = True
12.5429 	EXP 	Device response: <KeyPress from None: t=12.53282462497009, value=right, duration=None>
12.5477 	DATA 	Keypress: right
12.5544 	EXP 	sq_1: autoDraw = False
12.5544 	EXP 	sq_2: autoDraw = False
12.5544 	EXP 	text: autoDraw = False
12.5544 	EXP 	text_fb_task: height = np.float64(0.05)
12.5544 	EXP 	text_fb_task: height = np.float64(0.05)
12.5544 	EXP 	text_fb_task: height = np.float64(0.05)
12.5544 	EXP 	text_fb_task: text = 'Верно!'
12.5544 	EXP 	text_fb_task: autoDraw = True
12.5929 	EXP 	Device response: <KeyPress from None: t=12.53282462497009, value=right, duration=0.05266558297444135>
12.8428 	EXP 	New trial (rep=0, index=3): <Trial 3 (3 in rep 0) data={'w1': 0.13, 'w2': 0.14, 'corr_answ': 'right', 'op1': 0.46, 'op2': 0.25, 'xPos1': -0.2, 'yPos1': 0.2, 'xPos2': 0.2, 'yPos2': -0.2, 'or1': 10, 'or2': 25, 'time': 1.0, 'thisN': 3, 'thisTrialN': 3, 'thisRepN': 0}>
12.8522 	EXP 	text_fb_task: autoDraw = False
12.8522 	EXP 	text_fb_task: autoDraw = False
12.8522 	EXP 	sq_1: ori = np.float64(10.0)
12.8522 	EXP 	sq_2: ori = np.float64(25.0)
12.8522 	EXP 	sq_1: autoDraw = True
12.8522 	EXP 	sq_2: autoDraw = True
12.8522 	EXP 	text: autoDraw = True
12.9595 	EXP 	Device response: <KeyPress from None: t=12.95365837495774, value=right, duration=None>
12.9618 	DATA 	Keypress: right
12.9685 	EXP 	sq_1: autoDraw = False
12.9685 	EXP 	sq_2: autoDraw = False
12.9685 	EXP 	text: autoDraw = False
12.9685 	EXP 	text_fb_task: text = 'Верно!'
12.9685 	EXP 	text_fb_task: autoDraw = True
13.0168 	EXP 	Device response: <KeyPress from None: t=12.95365837495774, value=right, duration=0.060190832999069244>
13.2590 	EXP 	New trial (rep=0, index=4): <Trial 4 (4 in rep 0) data={'w1': 0.25, 'w2': 0.24, 'corr_answ': 'left', 'op1': 0.8, 'op2': 0.17, 'xPos1': -0.18, 'yPos1': -0.2, 'xPos2': 0.18, 'yPos2': 0.2, 'or1': 25, 'or2': 4, 'time': 1.5, 'thisN': 4, 'thisTrialN': 4, 'thisRepN': 0}>
13.2696 	EXP 	text_fb_task: autoDraw = False
13.2696 	EXP 	text_fb_task: autoDraw = False
13.2696 	EXP 	sq_1: ori = np.float64(25.0)
13.2696 	EXP 	sq_2: ori = np.float64(4.0)
13.2696 	EXP 	sq_1: autoDraw = True
13.2696 	EXP 	sq_2: autoDraw = True
13.2696 	EXP 	text: autoDraw = True
13.4184 	EXP 	Device response: <KeyPress from None: t=13.414533499977551, value=right, duration=None>
13.4233 	DATA 	Keypress: right
13.4298 	EXP 	sq_1: autoDraw = False
13.4298 	EXP 	sq_2: autoDraw = False
13.4298 	EXP 	text: autoDraw = False
13.4298 	EXP 	text_fb_task: height = np.float64(0.05)
13.4298 	EXP 	text_fb_task: height = np.float64(0.05)
13.4298 	EXP 	text_fb_task: height = np.float64(0.05)
13.4298 	EXP 	text_fb_task: text = 'Увы('
13.4298 	EXP 	text_fb_task: autoDraw = True
13.4917 	EXP 	Device response: <KeyPress from None: t=13.414533499977551, value=right, duration=0.07350250001763925>
13.7158 	EXP 	New trial (rep=0, index=5): <Trial 5 (5 in rep 0) data={'w1': 0.2, 'w2': 0.21, 'corr_answ': 'right', 'op1': 0.13, 'op2': 0.85, 'xPos1': -0.2, 'yPos1': -0.2, 'xPos2': 0.2, 'yPos2': 0.2, 'or1': 0, 'or2': 45, 'time': 1.0, 'thisN': 5, 'thisTrialN': 5, 'thisRepN': 0}>
13.7263 	EXP 	text_fb_task: autoDraw = False
13.7263 	EXP 	text_fb_task: autoDraw = False
13.7263 	EXP 	sq_1: ori = np.float64(0.0)
13.7263 	EXP 	sq_2: ori = np.float64(45.0)
13.7263 	EXP 	sq_1: autoDraw = True
13.7263 	EXP 	sq_2: autoDraw = True
13.7263 	EXP 	text: autoDraw = True
13.8601 	EXP 	Device response: <KeyPress from None: t=13.853241457953118, value=right, duration=None>
13.8652 	DATA 	Keypress: right
13.8723 	EXP 	sq_1: autoDraw = False
13.8723 	EXP 	sq_2: autoDraw = False
13.8723 	EXP 	text: autoDraw = False
13.8723 	EXP 	text_fb_task: height = np.float64(0.05)
13.8723 	EXP 	text_fb_task: height = np.float64(0.05)
13.8723 	EXP 	text_fb_task: height = np.float64(0.05)
13.8723 	EXP 	text_fb_task: text = 'Верно!'
13.8723 	EXP 	text_fb_task: autoDraw = True
13.9265 	EXP 	Device response: <KeyPress from None: t=13.853241457953118, value=right, duration=0.07119433401385322>
14.1580 	EXP 	New trial (rep=0, index=6): <Trial 6 (6 in rep 0) data={'w1': 0.21, 'w2': 0.22, 'corr_answ': 'right', 'op1': 0.54, 'op2': 0.22, 'xPos1': -0.2, 'yPos1': 0.21, 'xPos2': 0.2, 'yPos2': 0.18, 'or1': 37, 'or2': 7, 'time': 1.5, 'thisN': 6, 'thisTrialN': 6, 'thisRepN': 0}>
14.1690 	EXP 	text_fb_task: autoDraw = False
14.1690 	EXP 	text_fb_task: autoDraw = False
14.1690 	EXP 	sq_1: ori = np.float64(37.0)
14.1690 	EXP 	sq_2: ori = np.float64(7.0)
14.1690 	EXP 	sq_1: autoDraw = True
14.1690 	EXP 	sq_2: autoDraw = True
14.1690 	EXP 	text: autoDraw = True
14.2865 	EXP 	Device response: <KeyPress from None: t=14.28282116696937, value=right, duration=None>
14.2904 	DATA 	Keypress: right
14.2971 	EXP 	sq_1: autoDraw = False
14.2971 	EXP 	sq_2: autoDraw = False
14.2971 	EXP 	text: autoDraw = False
14.2971 	EXP 	text_fb_task: text = 'Верно!'
14.2971 	EXP 	text_fb_task: autoDraw = True
14.3494 	EXP 	Device response: <KeyPress from None: t=14.28282116696937, value=right, duration=0.064054083020892>
14.5826 	EXP 	New trial (rep=0, index=7): <Trial 7 (7 in rep 0) data={'w1': 0.22, 'w2': 0.21, 'corr_answ': 'left', 'op1': 0.17, 'op2': 0.8, 'xPos1': -0.18, 'yPos1': -0.22, 'xPos2': 0.18, 'yPos2': 0.18, 'or1': 45, 'or2': 5, 'time': 1.0, 'thisN': 7, 'thisTrialN': 7, 'thisRepN': 0}>
14.6084 	EXP 	text_fb_task: autoDraw = False
14.6084 	EXP 	text_fb_task: autoDraw = False
14.6084 	EXP 	sq_1: ori = np.float64(45.0)
14.6084 	EXP 	sq_2: ori = np.float64(5.0)
14.6084 	EXP 	sq_1: autoDraw = True
14.6084 	EXP 	sq_2: autoDraw = True
14.6084 	EXP 	text: autoDraw = True
15.6073 	EXP 	sq_1: autoDraw = False
15.6073 	EXP 	sq_2: autoDraw = False
15.6073 	EXP 	text: autoDraw = False
15.6073 	EXP 	sq_1: autoDraw = False
15.6073 	EXP 	sq_2: autoDraw = False
15.6073 	EXP 	text: autoDraw = False
15.6073 	EXP 	text_fb_task: height = np.float64(0.05)
15.6073 	EXP 	text_fb_task: height = np.float64(0.05)
15.6073 	EXP 	text_fb_task: height = np.float64(0.05)
15.6073 	EXP 	text_fb_task: text = 'Не успели'
15.6073 	EXP 	text_fb_task: autoDraw = True
15.6250 	EXP 	Device response: <KeyPress from None: t=15.614231874991674, value=right, duration=None>
15.6266 	DATA 	Keypress: right
15.6755 	EXP 	Device response: <KeyPress from None: t=15.614231874991674, value=right, duration=0.052589916973374784>
15.8911 	EXP 	New trial (rep=0, index=8): <Trial 8 (8 in rep 0) data={'w1': 0.15, 'w2': 0.16, 'corr_answ': 'right', 'op1': 0.48, 'op2': 0.15, 'xPos1': -0.2, 'yPos1': 0.21, 'xPos2': 0.2, 'yPos2': 0.18, 'or1': 9, 'or2': 25, 'time': 0.7, 'thisN': 8, 'thisTrialN': 8, 'thisRepN': 0}>
15.9023 	EXP 	text_fb_task: autoDraw = False
15.9023 	EXP 	text_fb_task: autoDraw = False
15.9023 	EXP 	sq_1: ori = np.float64(9.0)
15.9023 	EXP 	sq_2: ori = np.float64(25.0)
15.9023 	EXP 	sq_1: autoDraw = True
15.9023 	EXP 	sq_2: autoDraw = True
15.9023 	EXP 	text: autoDraw = True
16.6009 	EXP 	sq_1: autoDraw = False
16.6009 	EXP 	sq_2: autoDraw = False
16.6009 	EXP 	text: autoDraw = False
16.6009 	EXP 	sq_1: autoDraw = False
16.6009 	EXP 	sq_2: autoDraw = False
16.6009 	EXP 	text: autoDraw = False
16.6009 	EXP 	text_fb_task: text = 'Не успели'
16.6009 	EXP 	text_fb_task: autoDraw = True
16.8913 	EXP 	New trial (rep=0, index=9): <Trial 9 (9 in rep 0) data={'w1': 0.15, 'w2': 0.14, 'corr_answ': 'left', 'op1': 0.8, 'op2': 0.16, 'xPos1': -0.3, 'yPos1': 0.15, 'xPos2': 0.3, 'yPos2': -0.18, 'or1': 30, 'or2': 15, 'time': 1.0, 'thisN': 9, 'thisTrialN': 9, 'thisRepN': 0}>
16.9014 	EXP 	text_fb_task: autoDraw = False
16.9014 	EXP 	text_fb_task: autoDraw = False
16.9014 	EXP 	sq_1: ori = np.float64(30.0)
16.9014 	EXP 	sq_2: ori = np.float64(15.0)
16.9014 	EXP 	sq_1: autoDraw = True
16.9014 	EXP 	sq_2: autoDraw = True
16.9014 	EXP 	text: autoDraw = True
17.6518 	EXP 	Device response: <KeyPress from None: t=17.64300220797304, value=right, duration=None>
17.6571 	DATA 	Keypress: right
17.6632 	EXP 	sq_1: autoDraw = False
17.6632 	EXP 	sq_2: autoDraw = False
17.6632 	EXP 	text: autoDraw = False
17.6632 	EXP 	text_fb_task: height = np.float64(0.05)
17.6632 	EXP 	text_fb_task: height = np.float64(0.05)
17.6632 	EXP 	text_fb_task: height = np.float64(0.05)
17.6632 	EXP 	text_fb_task: text = 'Увы('
17.6632 	EXP 	text_fb_task: autoDraw = True
17.7091 	EXP 	Device response: <KeyPress from None: t=17.64300220797304, value=right, duration=0.061205459001939744>
17.9525 	EXP 	New trial (rep=0, index=10): <Trial 10 (10 in rep 0) data={'w1': 0.14, 'w2': 0.15, 'corr_answ': 'right', 'op1': 0.47, 'op2': 0.75, 'xPos1': -0.2, 'yPos1': -0.2, 'xPos2': 0.2, 'yPos2': 0.2, 'or1': 35, 'or2': 8, 'time': 0.5, 'thisN': 10, 'thisTrialN': 10, 'thisRepN': 0}>
17.9622 	EXP 	text_fb_task: autoDraw = False
17.9622 	EXP 	text_fb_task: autoDraw = False
17.9622 	EXP 	sq_1: ori = np.float64(35.0)
17.9622 	EXP 	sq_2: ori = np.float64(8.0)
17.9622 	EXP 	sq_1: autoDraw = True
17.9622 	EXP 	sq_2: autoDraw = True
17.9622 	EXP 	text: autoDraw = True
18.4743 	EXP 	sq_1: autoDraw = False
18.4743 	EXP 	sq_2: autoDraw = False
18.4743 	EXP 	text: autoDraw = False
18.4743 	EXP 	sq_1: autoDraw = False
18.4743 	EXP 	sq_2: autoDraw = False
18.4743 	EXP 	text: autoDraw = False
18.4743 	EXP 	text_fb_task: height = np.float64(0.05)
18.4743 	EXP 	text_fb_task: height = np.float64(0.05)
18.4743 	EXP 	text_fb_task: height = np.float64(0.05)
18.4743 	EXP 	text_fb_task: text = 'Не успели'
18.4743 	EXP 	text_fb_task: autoDraw = True
18.5482 	EXP 	Device response: <KeyPress from None: t=18.5465008749743, value=right, duration=None>
18.5624 	DATA 	Keypress: right
18.5920 	EXP 	Device response: <KeyPress from None: t=18.5465008749743, value=right, duration=0.04407125001307577>
18.7570 	EXP 	New trial (rep=0, index=11): <Trial 11 (11 in rep 0) data={'w1': 0.17, 'w2': 0.18, 'corr_answ': 'left', 'op1': 0.3, 'op2': 0.18, 'xPos1': -0.3, 'yPos1': -0.2, 'xPos2': 0.3, 'yPos2': 0.2, 'or1': 5, 'or2': 45, 'time': 1.5, 'thisN': 11, 'thisTrialN': 11, 'thisRepN': 0}>
18.7665 	EXP 	text_fb_task: autoDraw = False
18.7665 	EXP 	sq_1: ori = np.float64(5.0)
18.7665 	EXP 	sq_2: ori = np.float64(45.0)
18.7665 	EXP 	sq_1: autoDraw = True
18.7665 	EXP 	sq_2: autoDraw = True
18.7665 	EXP 	text: autoDraw = True
19.4091 	EXP 	Device response: <KeyPress from None: t=19.401268416957464, value=right, duration=None>
19.4134 	DATA 	Keypress: right
19.4202 	EXP 	sq_1: autoDraw = False
19.4202 	EXP 	sq_2: autoDraw = False
19.4202 	EXP 	text: autoDraw = False
19.4202 	EXP 	text_fb_task: height = np.float64(0.05)
19.4202 	EXP 	text_fb_task: height = np.float64(0.05)
19.4202 	EXP 	text_fb_task: height = np.float64(0.05)
19.4202 	EXP 	text_fb_task: text = 'Увы('
19.4202 	EXP 	text_fb_task: autoDraw = True
19.4484 	EXP 	Device response: <KeyPress from None: t=19.401268416957464, value=right, duration=0.04381229099817574>
19.7101 	EXP 	New trial (rep=0, index=12): <Trial 12 (12 in rep 0) data={'w1': 0.26, 'w2': 0.25, 'corr_answ': 'left', 'op1': 0.25, 'op2': 0.25, 'xPos1': -0.18, 'yPos1': 0.21, 'xPos2': 0.18, 'yPos2': 0.18, 'or1': 3, 'or2': 45, 'time': 1.5, 'thisN': 12, 'thisTrialN': 12, 'thisRepN': 0}>
19.7212 	EXP 	text_fb_task: autoDraw = False
19.7212 	EXP 	text_fb_task: autoDraw = False
19.7212 	EXP 	sq_1: ori = np.float64(3.0)
19.7212 	EXP 	sq_2: ori = np.float64(45.0)
19.7212 	EXP 	sq_1: autoDraw = True
19.7212 	EXP 	sq_2: autoDraw = True
19.7212 	EXP 	text: autoDraw = True
19.9661 	EXP 	Device response: <KeyPress from None: t=19.958371999964584, value=right, duration=None>
19.9688 	DATA 	Keypress: right
19.9761 	EXP 	sq_1: autoDraw = False
19.9761 	EXP 	sq_2: autoDraw = False
19.9761 	EXP 	text: autoDraw = False
19.9761 	EXP 	text_fb_task: text = 'Увы('
19.9761 	EXP 	text_fb_task: autoDraw = True
20.0423 	EXP 	Device response: <KeyPress from None: t=19.958371999964584, value=right, duration=0.08164129202486947>
20.2671 	EXP 	New trial (rep=0, index=13): <Trial 13 (13 in rep 0) data={'w1': 0.23, 'w2': 0.22, 'corr_answ': 'left', 'op1': 0.6, 'op2': 0.15, 'xPos1': -0.18, 'yPos1': -0.2, 'xPos2': 0.18, 'yPos2': 0.2, 'or1': 30, 'or2': 15, 'time': 1.5, 'thisN': 13, 'thisTrialN': 13, 'thisRepN': 0}>
20.2919 	EXP 	text_fb_task: autoDraw = False
20.2919 	EXP 	sq_1: ori = np.float64(30.0)
20.2919 	EXP 	sq_2: ori = np.float64(15.0)
20.2919 	EXP 	sq_1: autoDraw = True
20.2919 	EXP 	sq_2: autoDraw = True
20.2919 	EXP 	text: autoDraw = True
20.4442 	EXP 	Device response: <KeyPress from None: t=20.435224166954868, value=right, duration=None>
20.4471 	DATA 	Keypress: right
20.4536 	EXP 	sq_1: autoDraw = False
20.4536 	EXP 	sq_2: autoDraw = False
20.4536 	EXP 	text: autoDraw = False
20.4536 	EXP 	text_fb_task: text = 'Увы('
20.4536 	EXP 	text_fb_task: autoDraw = True
20.5092 	EXP 	Device response: <KeyPress from None: t=20.435224166954868, value=right, duration=0.0723422080045566>
20.7418 	EXP 	New trial (rep=0, index=14): <Trial 14 (14 in rep 0) data={'w1': 0.18, 'w2': 0.19, 'corr_answ': 'right', 'op1': 0.51, 'op2': 0.8, 'xPos1': -0.2, 'yPos1': -0.2, 'xPos2': 0.2, 'yPos2': 0.2, 'or1': 45, 'or2': 3, 'time': 0.5, 'thisN': 14, 'thisTrialN': 14, 'thisRepN': 0}>
20.7508 	EXP 	text_fb_task: autoDraw = False
20.7508 	EXP 	text_fb_task: autoDraw = False
20.7508 	EXP 	sq_1: ori = np.float64(45.0)
20.7508 	EXP 	sq_2: ori = np.float64(3.0)
20.7508 	EXP 	sq_1: autoDraw = True
20.7508 	EXP 	sq_2: autoDraw = True
20.7508 	EXP 	text: autoDraw = True
20.9937 	EXP 	Device response: <KeyPress from None: t=20.968116457981523, value=right, duration=None>
20.9994 	DATA 	Keypress: right
21.0085 	EXP 	sq_1: autoDraw = False
21.0085 	EXP 	sq_2: autoDraw = False
21.0085 	EXP 	text: autoDraw = False
21.0085 	EXP 	text_fb_task: height = np.float64(0.05)
21.0085 	EXP 	text_fb_task: height = np.float64(0.05)
21.0085 	EXP 	text_fb_task: height = np.float64(0.05)
21.0085 	EXP 	text_fb_task: text = 'Верно!'
21.0085 	EXP 	text_fb_task: autoDraw = True
21.0440 	EXP 	Device response: <KeyPress from None: t=20.968116457981523, value=right, duration=0.06715791701572016>
21.2927 	EXP 	New trial (rep=0, index=15): <Trial 15 (15 in rep 0) data={'w1': 0.17, 'w2': 0.16, 'corr_answ': 'left', 'op1': 0.3, 'op2': 0.18, 'xPos1': -0.3, 'yPos1': -0.2, 'xPos2': 0.3, 'yPos2': 0.2, 'or1': 5, 'or2': 45, 'time': 1.5, 'thisN': 15, 'thisTrialN': 15, 'thisRepN': 0}>
21.3033 	EXP 	text_fb_task: autoDraw = False
21.3033 	EXP 	text_fb_task: autoDraw = False
21.3033 	EXP 	sq_1: ori = np.float64(5.0)
21.3033 	EXP 	sq_2: ori = np.float64(45.0)
21.3033 	EXP 	sq_1: autoDraw = True
21.3033 	EXP 	sq_2: autoDraw = True
21.3033 	EXP 	text: autoDraw = True
21.5607 	EXP 	Device response: <KeyPress from None: t=21.544182499987073, value=right, duration=None>
21.5654 	DATA 	Keypress: right
21.5713 	EXP 	sq_1: autoDraw = False
21.5713 	EXP 	sq_2: autoDraw = False
21.5713 	EXP 	text: autoDraw = False
21.5713 	EXP 	text_fb_task: height = np.float64(0.05)
21.5713 	EXP 	text_fb_task: height = np.float64(0.05)
21.5713 	EXP 	text_fb_task: height = np.float64(0.05)
21.5713 	EXP 	text_fb_task: text = 'Увы('
21.5713 	EXP 	text_fb_task: autoDraw = True
21.6323 	EXP 	Device response: <KeyPress from None: t=21.544182499987073, value=right, duration=0.08438729197951034>
21.8592 	EXP 	New trial (rep=0, index=16): <Trial 16 (16 in rep 0) data={'w1': 0.12, 'w2': 0.13, 'corr_answ': 'right', 'op1': 0.45, 'op2': 0.85, 'xPos1': -0.2, 'yPos1': 0.0, 'xPos2': 0.2, 'yPos2': 0.2, 'or1': 5, 'or2': 10, 'time': 1.0, 'thisN': 16, 'thisTrialN': 16, 'thisRepN': 0}>
21.8680 	EXP 	text_fb_task: autoDraw = False
21.8680 	EXP 	text_fb_task: autoDraw = False
21.8680 	EXP 	sq_1: ori = np.float64(5.0)
21.8680 	EXP 	sq_2: ori = np.float64(10.0)
21.8680 	EXP 	sq_1: autoDraw = True
21.8680 	EXP 	sq_2: autoDraw = True
21.8680 	EXP 	text: autoDraw = True
22.6929 	EXP 	Device response: <KeyPress from None: t=22.680294332967605, value=right, duration=None>
22.6976 	DATA 	Keypress: right
22.7039 	EXP 	sq_1: autoDraw = False
22.7039 	EXP 	sq_2: autoDraw = False
22.7039 	EXP 	text: autoDraw = False
22.7039 	EXP 	text_fb_task: height = np.float64(0.05)
22.7039 	EXP 	text_fb_task: height = np.float64(0.05)
22.7039 	EXP 	text_fb_task: height = np.float64(0.05)
22.7039 	EXP 	text_fb_task: text = 'Верно!'
22.7039 	EXP 	text_fb_task: autoDraw = True
22.7664 	EXP 	Device response: <KeyPress from None: t=22.680294332967605, value=right, duration=0.08482029201695696>
22.9923 	EXP 	New trial (rep=0, index=17): <Trial 17 (17 in rep 0) data={'w1': 0.12, 'w2': 0.13, 'corr_answ': 'right', 'op1': 0.45, 'op2': 0.85, 'xPos1': -0.2, 'yPos1': 0.0, 'xPos2': 0.2, 'yPos2': 0.2, 'or1': 5, 'or2': 10, 'time': 1.5, 'thisN': 17, 'thisTrialN': 17, 'thisRepN': 0}>
23.0021 	EXP 	text_fb_task: autoDraw = False
23.0021 	EXP 	text_fb_task: autoDraw = False
23.0021 	EXP 	sq_1: ori = np.float64(5.0)
23.0021 	EXP 	sq_2: ori = np.float64(10.0)
23.0021 	EXP 	sq_1: autoDraw = True
23.0021 	EXP 	sq_2: autoDraw = True
23.0021 	EXP 	text: autoDraw = True
24.4270 	EXP 	Device response: <KeyPress from None: t=24.42418541695224, value=right, duration=None>
24.4300 	DATA 	Keypress: right
24.4367 	EXP 	sq_1: autoDraw = False
24.4367 	EXP 	sq_2: autoDraw = False
24.4367 	EXP 	text: autoDraw = False
24.4367 	EXP 	text_fb_task: text = 'Верно!'
24.4367 	EXP 	text_fb_task: autoDraw = True
24.5089 	EXP 	Device response: <KeyPress from None: t=24.42418541695224, value=right, duration=0.07453537499532104>
24.7265 	EXP 	New trial (rep=0, index=18): <Trial 18 (18 in rep 0) data={'w1': 0.23, 'w2': 0.17, 'corr_answ': 'right', 'op1': 0.52, 'op2': 0.2, 'xPos1': -0.3, 'yPos1': -0.22, 'xPos2': 0.3, 'yPos2': 0.18, 'or1': 36, 'or2': 10, 'time': 1.5, 'thisN': 18, 'thisTrialN': 18, 'thisRepN': 0}>
24.7384 	EXP 	text_fb_task: autoDraw = False
24.7384 	EXP 	text_fb_task: autoDraw = False
24.7384 	EXP 	sq_1: ori = np.float64(36.0)
24.7384 	EXP 	sq_2: ori = np.float64(10.0)
24.7384 	EXP 	sq_1: autoDraw = True
24.7384 	EXP 	sq_2: autoDraw = True
24.7384 	EXP 	text: autoDraw = True
25.1372 	EXP 	Device response: <KeyPress from None: t=25.135099999955855, value=right, duration=None>
25.1448 	EXP 	sq_1: autoDraw = False
25.1448 	EXP 	sq_2: autoDraw = False
25.1448 	EXP 	text: autoDraw = False
25.1448 	EXP 	text_fb_task: text = 'Верно!'
25.1448 	EXP 	text_fb_task: autoDraw = True
25.1465 	DATA 	Keypress: right
25.2013 	EXP 	Device response: <KeyPress from None: t=25.135099999955855, value=right, duration=0.060466333001386374>
25.4305 	EXP 	New trial (rep=0, index=19): <Trial 19 (19 in rep 0) data={'w1': 0.16, 'w2': 0.15, 'corr_answ': 'left', 'op1': 0.17, 'op2': 0.7, 'xPos1': -0.3, 'yPos1': -0.22, 'xPos2': 0.3, 'yPos2': 0.18, 'or1': 6, 'or2': 47, 'time': 1.5, 'thisN': 19, 'thisTrialN': 19, 'thisRepN': 0}>
25.4410 	EXP 	text_fb_task: autoDraw = False
25.4410 	EXP 	text_fb_task: autoDraw = False
25.4410 	EXP 	sq_1: ori = np.float64(6.0)
25.4410 	EXP 	sq_2: ori = np.float64(47.0)
25.4410 	EXP 	sq_1: autoDraw = True
25.4410 	EXP 	sq_2: autoDraw = True
25.4410 	EXP 	text: autoDraw = True
25.8167 	EXP 	Device response: <KeyPress from None: t=25.815193332964554, value=right, duration=None>
25.8234 	DATA 	Keypress: right
25.8300 	EXP 	sq_1: autoDraw = False
25.8300 	EXP 	sq_2: autoDraw = False
25.8300 	EXP 	text: autoDraw = False
25.8300 	EXP 	text_fb_task: height = np.float64(0.05)
25.8300 	EXP 	text_fb_task: height = np.float64(0.05)
25.8300 	EXP 	text_fb_task: height = np.float64(0.05)
25.8300 	EXP 	text_fb_task: text = 'Увы('
25.8300 	EXP 	text_fb_task: autoDraw = True
25.9105 	EXP 	Device response: <KeyPress from None: t=25.815193332964554, value=right, duration=0.07188237499212846>
26.1180 	EXP 	New trial (rep=0, index=20): <Trial 20 (20 in rep 0) data={'w1': 0.16, 'w2': 0.15, 'corr_answ': 'left', 'op1': 0.17, 'op2': 0.7, 'xPos1': -0.3, 'yPos1': -0.22, 'xPos2': 0.3, 'yPos2': 0.18, 'or1': 6, 'or2': 47, 'time': 1.5, 'thisN': 20, 'thisTrialN': 20, 'thisRepN': 0}>
26.1279 	EXP 	text_fb_task: autoDraw = False
26.1279 	EXP 	text_fb_task: autoDraw = False
26.1279 	EXP 	sq_1: ori = np.float64(6.0)
26.1279 	EXP 	sq_2: ori = np.float64(47.0)
26.1279 	EXP 	sq_1: autoDraw = True
26.1279 	EXP 	sq_2: autoDraw = True
26.1279 	EXP 	text: autoDraw = True
26.7161 	EXP 	Device response: <KeyPress from None: t=26.711182082945015, value=right, duration=None>
26.7186 	DATA 	Keypress: right
26.7257 	EXP 	sq_1: autoDraw = False
26.7257 	EXP 	sq_2: autoDraw = False
26.7257 	EXP 	text: autoDraw = False
26.7257 	EXP 	text_fb_task: text = 'Увы('
26.7257 	EXP 	text_fb_task: autoDraw = True
26.7756 	EXP 	Device response: <KeyPress from None: t=26.711182082945015, value=right, duration=0.06266379205044359>
27.0103 	EXP 	New trial (rep=0, index=21): <Trial 21 (21 in rep 0) data={'w1': 0.14, 'w2': 0.15, 'corr_answ': 'right', 'op1': 0.47, 'op2': 0.75, 'xPos1': -0.2, 'yPos1': -0.2, 'xPos2': 0.2, 'yPos2': 0.2, 'or1': 35, 'or2': 8, 'time': 1.0, 'thisN': 21, 'thisTrialN': 21, 'thisRepN': 0}>
27.0196 	EXP 	text_fb_task: autoDraw = False
27.0196 	EXP 	text_fb_task: autoDraw = False
27.0196 	EXP 	sq_1: ori = np.float64(35.0)
27.0196 	EXP 	sq_2: ori = np.float64(8.0)
27.0196 	EXP 	sq_1: autoDraw = True
27.0196 	EXP 	sq_2: autoDraw = True
27.0196 	EXP 	text: autoDraw = True
27.5505 	EXP 	Device response: <KeyPress from None: t=27.54678279196378, value=right, duration=None>
27.5569 	DATA 	Keypress: right
27.5638 	EXP 	sq_1: autoDraw = False
27.5638 	EXP 	sq_2: autoDraw = False
27.5638 	EXP 	text: autoDraw = False
27.5638 	EXP 	text_fb_task: height = np.float64(0.05)
27.5638 	EXP 	text_fb_task: height = np.float64(0.05)
27.5638 	EXP 	text_fb_task: height = np.float64(0.05)
27.5638 	EXP 	text_fb_task: text = 'Верно!'
27.5638 	EXP 	text_fb_task: autoDraw = True
27.6170 	EXP 	Device response: <KeyPress from None: t=27.54678279196378, value=right, duration=0.06519950000802055>
27.8484 	EXP 	New trial (rep=0, index=22): <Trial 22 (22 in rep 0) data={'w1': 0.17, 'w2': 0.18, 'corr_answ': 'right', 'op1': 0.5, 'op2': 0.2, 'xPos1': -0.2, 'yPos1': -0.22, 'xPos2': 0.2, 'yPos2': 0.18, 'or1': 7, 'or2': 45, 'time': 0.5, 'thisN': 22, 'thisTrialN': 22, 'thisRepN': 0}>
27.8588 	EXP 	text_fb_task: autoDraw = False
27.8588 	EXP 	text_fb_task: autoDraw = False
27.8588 	EXP 	sq_1: ori = np.float64(7.0)
27.8588 	EXP 	sq_2: ori = np.float64(45.0)
27.8588 	EXP 	sq_1: autoDraw = True
27.8588 	EXP 	sq_2: autoDraw = True
27.8588 	EXP 	text: autoDraw = True
28.3198 	EXP 	Device response: <KeyPress from None: t=28.313772541994695, value=right, duration=None>
28.3235 	DATA 	Keypress: right
28.3307 	EXP 	sq_1: autoDraw = False
28.3307 	EXP 	sq_2: autoDraw = False
28.3307 	EXP 	text: autoDraw = False
28.3307 	EXP 	text_fb_task: text = 'Верно!'
28.3307 	EXP 	text_fb_task: autoDraw = True
28.3849 	EXP 	Device response: <KeyPress from None: t=28.313772541994695, value=right, duration=0.06861166597809643>
28.6190 	EXP 	New trial (rep=0, index=23): <Trial 23 (23 in rep 0) data={'w1': 0.18, 'w2': 0.19, 'corr_answ': 'left', 'op1': 0.4, 'op2': 0.19, 'xPos1': -0.3, 'yPos1': 0.2, 'xPos2': 0.3, 'yPos2': -0.2, 'or1': 45, 'or2': 5, 'time': 1.5, 'thisN': 23, 'thisTrialN': 23, 'thisRepN': 0}>
28.6282 	EXP 	text_fb_task: autoDraw = False
28.6282 	EXP 	text_fb_task: autoDraw = False
28.6282 	EXP 	sq_1: ori = np.float64(45.0)
28.6282 	EXP 	sq_2: ori = np.float64(5.0)
28.6282 	EXP 	sq_1: autoDraw = True
28.6282 	EXP 	sq_2: autoDraw = True
28.6282 	EXP 	text: autoDraw = True
29.0091 	EXP 	Device response: <KeyPress from None: t=29.002490207960363, value=right, duration=None>
29.0145 	DATA 	Keypress: right
29.0210 	EXP 	sq_1: autoDraw = False
29.0210 	EXP 	sq_2: autoDraw = False
29.0210 	EXP 	text: autoDraw = False
29.0210 	EXP 	text_fb_task: height = np.float64(0.05)
29.0210 	EXP 	text_fb_task: height = np.float64(0.05)
29.0210 	EXP 	text_fb_task: height = np.float64(0.05)
29.0210 	EXP 	text_fb_task: text = 'Увы('
29.0210 	EXP 	text_fb_task: autoDraw = True
29.0764 	EXP 	Device response: <KeyPress from None: t=29.002490207960363, value=right, duration=0.06386649998603389>
29.3092 	EXP 	New trial (rep=0, index=24): <Trial 24 (24 in rep 0) data={'w1': 0.24, 'w2': 0.23, 'corr_answ': 'left', 'op1': 0.7, 'op2': 0.16, 'xPos1': -0.18, 'yPos1': 0.2, 'xPos2': 0.18, 'yPos2': -0.2, 'or1': 6, 'or2': 47, 'time': 1.5, 'thisN': 24, 'thisTrialN': 24, 'thisRepN': 0}>
29.3186 	EXP 	text_fb_task: autoDraw = False
29.3186 	EXP 	text_fb_task: autoDraw = False
29.3186 	EXP 	sq_1: ori = np.float64(6.0)
29.3186 	EXP 	sq_2: ori = np.float64(47.0)
29.3186 	EXP 	sq_1: autoDraw = True
29.3186 	EXP 	sq_2: autoDraw = True
29.3186 	EXP 	text: autoDraw = True
30.0853 	EXP 	Device response: <KeyPress from None: t=30.082911582954694, value=right, duration=None>
30.0900 	DATA 	Keypress: right
30.0965 	EXP 	sq_1: autoDraw = False
30.0965 	EXP 	sq_2: autoDraw = False
30.0965 	EXP 	text: autoDraw = False
30.0965 	EXP 	text_fb_task: text = 'Увы('
30.0965 	EXP 	text_fb_task: autoDraw = True
30.1445 	EXP 	Device response: <KeyPress from None: t=30.082911582954694, value=right, duration=0.05954700004076585>
30.3837 	EXP 	New trial (rep=0, index=25): <Trial 25 (25 in rep 0) data={'w1': 0.28, 'w2': 0.27, 'corr_answ': 'left', 'op1': 0.13, 'op2': 0.85, 'xPos1': -0.18, 'yPos1': -0.22, 'xPos2': 0.18, 'yPos2': 0.18, 'or1': 5, 'or2': 45, 'time': 1.5, 'thisN': 25, 'thisTrialN': 25, 'thisRepN': 0}>
30.4084 	EXP 	text_fb_task: autoDraw = False
30.4084 	EXP 	text_fb_task: autoDraw = False
30.4084 	EXP 	sq_1: ori = np.float64(5.0)
30.4084 	EXP 	sq_2: ori = np.float64(45.0)
30.4084 	EXP 	sq_1: autoDraw = True
30.4084 	EXP 	sq_2: autoDraw = True
30.4084 	EXP 	text: autoDraw = True
30.7782 	EXP 	Device response: <KeyPress from None: t=30.77565687499009, value=right, duration=None>
30.7823 	DATA 	Keypress: right
30.7913 	EXP 	sq_1: autoDraw = False
30.7913 	EXP 	sq_2: autoDraw = False
30.7913 	EXP 	text: autoDraw = False
30.7913 	EXP 	text_fb_task: text = 'Увы('
30.7913 	EXP 	text_fb_task: autoDraw = True
30.8434 	EXP 	Device response: <KeyPress from None: t=30.77565687499009, value=right, duration=0.06156487500993535>
31.0786 	EXP 	New trial (rep=0, index=26): <Trial 26 (26 in rep 0) data={'w1': 0.27, 'w2': 0.26, 'corr_answ': 'left', 'op1': 0.52, 'op2': 0.2, 'xPos1': -0.18, 'yPos1': 0.15, 'xPos2': 0.18, 'yPos2': -0.18, 'or1': 20, 'or2': 4, 'time': 1.5, 'thisN': 26, 'thisTrialN': 26, 'thisRepN': 0}>
31.0917 	EXP 	text_fb_task: autoDraw = False
31.0917 	EXP 	text_fb_task: autoDraw = False
31.0917 	EXP 	sq_1: ori = np.float64(20.0)
31.0917 	EXP 	sq_2: ori = np.float64(4.0)
31.0917 	EXP 	sq_1: autoDraw = True
31.0917 	EXP 	sq_2: autoDraw = True
31.0917 	EXP 	text: autoDraw = True
32.1430 	EXP 	Device response: <KeyPress from None: t=32.14157074998366, value=left, duration=None>
32.1476 	DATA 	Keypress: left
32.1543 	EXP 	sq_1: autoDraw = False
32.1543 	EXP 	sq_2: autoDraw = False
32.1543 	EXP 	text: autoDraw = False
32.1543 	EXP 	text_fb_task: height = np.float64(0.05)
32.1543 	EXP 	text_fb_task: height = np.float64(0.05)
32.1543 	EXP 	text_fb_task: height = np.float64(0.05)
32.1543 	EXP 	text_fb_task: text = 'Верно!'
32.1543 	EXP 	text_fb_task: autoDraw = True
32.2255 	EXP 	Device response: <KeyPress from None: t=32.14157074998366, value=left, duration=0.0828631249605678>
32.4586 	EXP 	New trial (rep=0, index=27): <Trial 27 (27 in rep 0) data={'w1': 0.16, 'w2': 0.17, 'corr_answ': 'right', 'op1': 0.49, 'op2': 0.78, 'xPos1': -0.2, 'yPos1': 0.15, 'xPos2': 0.2, 'yPos2': -0.18, 'or1': 30, 'or2': 5, 'time': 0.7, 'thisN': 27, 'thisTrialN': 27, 'thisRepN': 0}>
32.4753 	EXP 	text_fb_task: autoDraw = False
32.4753 	EXP 	sq_1: ori = np.float64(30.0)
32.4753 	EXP 	sq_2: ori = np.float64(5.0)
32.4753 	EXP 	sq_1: autoDraw = True
32.4753 	EXP 	sq_2: autoDraw = True
32.4753 	EXP 	text: autoDraw = True
32.8817 	EXP 	Device response: <KeyPress from None: t=32.87859204196138, value=right, duration=None>
32.8842 	DATA 	Keypress: right
32.8901 	EXP 	sq_1: autoDraw = False
32.8901 	EXP 	sq_2: autoDraw = False
32.8901 	EXP 	text: autoDraw = False
32.8901 	EXP 	text_fb_task: text = 'Верно!'
32.8901 	EXP 	text_fb_task: autoDraw = True
32.9665 	EXP 	Device response: <KeyPress from None: t=32.87859204196138, value=right, duration=0.08005229098489508>
33.1759 	EXP 	New trial (rep=0, index=28): <Trial 28 (28 in rep 0) data={'w1': 0.14, 'w2': 0.13, 'corr_answ': 'left', 'op1': 0.15, 'op2': 0.5, 'xPos1': -0.3, 'yPos1': 0.21, 'xPos2': 0.3, 'yPos2': 0.18, 'or1': 45, 'or2': 5, 'time': 0.5, 'thisN': 28, 'thisTrialN': 28, 'thisRepN': 0}>
33.1851 	EXP 	text_fb_task: autoDraw = False
33.1851 	EXP 	text_fb_task: autoDraw = False
33.1851 	EXP 	sq_1: ori = np.float64(45.0)
33.1851 	EXP 	sq_2: ori = np.float64(5.0)
33.1851 	EXP 	sq_1: autoDraw = True
33.1851 	EXP 	sq_2: autoDraw = True
33.1851 	EXP 	text: autoDraw = True
33.6873 	EXP 	sq_1: autoDraw = False
33.6873 	EXP 	sq_2: autoDraw = False
33.6873 	EXP 	text: autoDraw = False
33.6873 	EXP 	sq_1: autoDraw = False
33.6873 	EXP 	sq_2: autoDraw = False
33.6873 	EXP 	text: autoDraw = False
33.6873 	EXP 	text_fb_task: height = np.float64(0.05)
33.6873 	EXP 	text_fb_task: height = np.float64(0.05)
33.6873 	EXP 	text_fb_task: height = np.float64(0.05)
33.6873 	EXP 	text_fb_task: text = 'Не успели'
33.6873 	EXP 	text_fb_task: autoDraw = True
33.6954 	EXP 	Device response: <KeyPress from None: t=33.69058795797173, value=right, duration=None>
33.6970 	DATA 	Keypress: right
33.7768 	EXP 	Device response: <KeyPress from None: t=33.69058795797173, value=right, duration=0.08267608401365578>
33.9748 	EXP 	New trial (rep=0, index=29): <Trial 29 (29 in rep 0) data={'w1': 0.26, 'w2': 0.27, 'corr_answ': 'right', 'op1': 0.15, 'op2': 0.5, 'xPos1': -0.3, 'yPos1': -0.2, 'xPos2': 0.3, 'yPos2': 0.2, 'or1': 5, 'or2': 45, 'time': 1.0, 'thisN': 29, 'thisTrialN': 29, 'thisRepN': 0}>
33.9854 	EXP 	text_fb_task: autoDraw = False
33.9854 	EXP 	text_fb_task: autoDraw = False
33.9854 	EXP 	sq_1: ori = np.float64(5.0)
33.9854 	EXP 	sq_2: ori = np.float64(45.0)
33.9854 	EXP 	sq_1: autoDraw = True
33.9854 	EXP 	sq_2: autoDraw = True
33.9854 	EXP 	text: autoDraw = True
34.3592 	EXP 	Device response: <KeyPress from None: t=34.35810249997303, value=right, duration=None>
34.3634 	DATA 	Keypress: right
34.3701 	EXP 	sq_1: autoDraw = False
34.3701 	EXP 	sq_2: autoDraw = False
34.3701 	EXP 	text: autoDraw = False
34.3701 	EXP 	text_fb_task: height = np.float64(0.05)
34.3701 	EXP 	text_fb_task: height = np.float64(0.05)
34.3701 	EXP 	text_fb_task: height = np.float64(0.05)
34.3701 	EXP 	text_fb_task: text = 'Верно!'
34.3701 	EXP 	text_fb_task: autoDraw = True
34.4270 	EXP 	Device response: <KeyPress from None: t=34.35810249997303, value=right, duration=0.06663304200628772>
34.6601 	EXP 	New trial (rep=0, index=30): <Trial 30 (30 in rep 0) data={'w1': 0.19, 'w2': 0.2, 'corr_answ': 'left', 'op1': 0.5, 'op2': 0.2, 'xPos1': -0.3, 'yPos1': -0.2, 'xPos2': 0.3, 'yPos2': 0.2, 'or1': 30, 'or2': 15, 'time': 1.5, 'thisN': 30, 'thisTrialN': 30, 'thisRepN': 0}>
34.6762 	EXP 	text_fb_task: autoDraw = False
34.6762 	EXP 	sq_1: ori = np.float64(30.0)
34.6762 	EXP 	sq_2: ori = np.float64(15.0)
34.6762 	EXP 	sq_1: autoDraw = True
34.6762 	EXP 	sq_2: autoDraw = True
34.6762 	EXP 	text: autoDraw = True
35.4589 	EXP 	Device response: <KeyPress from None: t=35.45410529198125, value=left, duration=None>
35.4611 	DATA 	Keypress: left
35.4678 	EXP 	sq_1: autoDraw = False
35.4678 	EXP 	sq_2: autoDraw = False
35.4678 	EXP 	text: autoDraw = False
35.4678 	EXP 	text_fb_task: text = 'Верно!'
35.4678 	EXP 	text_fb_task: autoDraw = True
35.5680 	EXP 	Device response: <KeyPress from None: t=35.45410529198125, value=left, duration=0.10867491597309709>
35.7587 	EXP 	New trial (rep=0, index=31): <Trial 31 (31 in rep 0) data={'w1': 0.13, 'w2': 0.14, 'corr_answ': 'right', 'op1': 0.46, 'op2': 0.25, 'xPos1': -0.2, 'yPos1': 0.2, 'xPos2': 0.2, 'yPos2': -0.2, 'or1': 10, 'or2': 25, 'time': 1.0, 'thisN': 31, 'thisTrialN': 31, 'thisRepN': 0}>
35.7688 	EXP 	text_fb_task: autoDraw = False
35.7688 	EXP 	text_fb_task: autoDraw = False
35.7688 	EXP 	sq_1: ori = np.float64(10.0)
35.7688 	EXP 	sq_2: ori = np.float64(25.0)
35.7688 	EXP 	sq_1: autoDraw = True
35.7688 	EXP 	sq_2: autoDraw = True
35.7688 	EXP 	text: autoDraw = True
36.2434 	EXP 	Device response: <KeyPress from None: t=36.225083332974464, value=left, duration=None>
36.2486 	DATA 	Keypress: left
36.2584 	EXP 	sq_1: autoDraw = False
36.2584 	EXP 	sq_2: autoDraw = False
36.2584 	EXP 	text: autoDraw = False
36.2584 	EXP 	text_fb_task: height = np.float64(0.05)
36.2584 	EXP 	text_fb_task: height = np.float64(0.05)
36.2584 	EXP 	text_fb_task: height = np.float64(0.05)
36.2584 	EXP 	text_fb_task: text = 'Увы('
36.2584 	EXP 	text_fb_task: autoDraw = True
36.2856 	EXP 	Device response: <KeyPress from None: t=36.225083332974464, value=left, duration=0.05828674999065697>
36.5427 	EXP 	New trial (rep=0, index=32): <Trial 32 (32 in rep 0) data={'w1': 0.14, 'w2': 0.13, 'corr_answ': 'left', 'op1': 0.15, 'op2': 0.5, 'xPos1': -0.3, 'yPos1': 0.21, 'xPos2': 0.3, 'yPos2': 0.18, 'or1': 45, 'or2': 5, 'time': 0.7, 'thisN': 32, 'thisTrialN': 32, 'thisRepN': 0}>
36.5528 	EXP 	text_fb_task: autoDraw = False
36.5528 	EXP 	text_fb_task: autoDraw = False
36.5528 	EXP 	sq_1: ori = np.float64(45.0)
36.5528 	EXP 	sq_2: ori = np.float64(5.0)
36.5528 	EXP 	sq_1: autoDraw = True
36.5528 	EXP 	sq_2: autoDraw = True
36.5528 	EXP 	text: autoDraw = True
36.9777 	EXP 	Device response: <KeyPress from None: t=36.97427791694645, value=right, duration=None>
36.9799 	DATA 	Keypress: right
36.9863 	EXP 	sq_1: autoDraw = False
36.9863 	EXP 	sq_2: autoDraw = False
36.9863 	EXP 	text: autoDraw = False
36.9863 	EXP 	text_fb_task: text = 'Увы('
36.9863 	EXP 	text_fb_task: autoDraw = True
37.0511 	EXP 	Device response: <KeyPress from None: t=36.97427791694645, value=right, duration=0.07118712505325675>
37.2760 	EXP 	New trial (rep=0, index=33): <Trial 33 (33 in rep 0) data={'w1': 0.19, 'w2': 0.2, 'corr_answ': 'right', 'op1': 0.52, 'op2': 0.2, 'xPos1': -0.2, 'yPos1': 0.2, 'xPos2': 0.2, 'yPos2': -0.2, 'or1': 36, 'or2': 10, 'time': 1.5, 'thisN': 33, 'thisTrialN': 33, 'thisRepN': 0}>
37.2922 	EXP 	text_fb_task: autoDraw = False
37.2922 	EXP 	text_fb_task: autoDraw = False
37.2922 	EXP 	sq_1: ori = np.float64(36.0)
37.2922 	EXP 	sq_2: ori = np.float64(10.0)
37.2922 	EXP 	sq_1: autoDraw = True
37.2922 	EXP 	sq_2: autoDraw = True
37.2922 	EXP 	text: autoDraw = True
37.6642 	EXP 	Device response: <KeyPress from None: t=37.65786529198522, value=left, duration=None>
37.6677 	DATA 	Keypress: left
37.6736 	EXP 	sq_1: autoDraw = False
37.6736 	EXP 	sq_2: autoDraw = False
37.6736 	EXP 	text: autoDraw = False
37.6736 	EXP 	text_fb_task: text = 'Увы('
37.6736 	EXP 	text_fb_task: autoDraw = True
37.7487 	EXP 	Device response: <KeyPress from None: t=37.65786529198522, value=left, duration=0.08782712498214096>
37.9591 	EXP 	New trial (rep=0, index=34): <Trial 34 (34 in rep 0) data={'w1': 0.24, 'w2': 0.25, 'corr_answ': 'right', 'op1': 0.13, 'op2': 0.85, 'xPos1': -0.3, 'yPos1': -0.2, 'xPos2': 0.3, 'yPos2': 0.2, 'or1': 0, 'or2': 45, 'time': 1.5, 'thisN': 34, 'thisTrialN': 34, 'thisRepN': 0}>
37.9694 	EXP 	text_fb_task: autoDraw = False
37.9694 	EXP 	text_fb_task: autoDraw = False
37.9694 	EXP 	sq_1: ori = np.float64(0.0)
37.9694 	EXP 	sq_2: ori = np.float64(45.0)
37.9694 	EXP 	sq_1: autoDraw = True
37.9694 	EXP 	sq_2: autoDraw = True
37.9694 	EXP 	text: autoDraw = True
38.2926 	EXP 	Device response: <KeyPress from None: t=38.28722429199843, value=right, duration=None>
38.2968 	DATA 	Keypress: right
38.3034 	EXP 	sq_1: autoDraw = False
38.3034 	EXP 	sq_2: autoDraw = False
38.3034 	EXP 	text: autoDraw = False
38.3034 	EXP 	text_fb_task: height = np.float64(0.05)
38.3034 	EXP 	text_fb_task: height = np.float64(0.05)
38.3034 	EXP 	text_fb_task: height = np.float64(0.05)
38.3034 	EXP 	text_fb_task: text = 'Верно!'
38.3034 	EXP 	text_fb_task: autoDraw = True
38.3773 	EXP 	Device response: <KeyPress from None: t=38.28722429199843, value=right, duration=0.07957612496102229>
38.5930 	EXP 	New trial (rep=0, index=35): <Trial 35 (35 in rep 0) data={'w1': 0.15, 'w2': 0.16, 'corr_answ': 'right', 'op1': 0.48, 'op2': 0.15, 'xPos1': -0.2, 'yPos1': 0.21, 'xPos2': 0.2, 'yPos2': 0.18, 'or1': 9, 'or2': 25, 'time': 1.0, 'thisN': 35, 'thisTrialN': 35, 'thisRepN': 0}>
38.6027 	EXP 	text_fb_task: autoDraw = False
38.6027 	EXP 	text_fb_task: autoDraw = False
38.6027 	EXP 	sq_1: ori = np.float64(9.0)
38.6027 	EXP 	sq_2: ori = np.float64(25.0)
38.6027 	EXP 	sq_1: autoDraw = True
38.6027 	EXP 	sq_2: autoDraw = True
38.6027 	EXP 	text: autoDraw = True
38.9937 	EXP 	Device response: <KeyPress from None: t=38.99127924995264, value=left, duration=None>
38.9976 	DATA 	Keypress: left
39.0042 	EXP 	sq_1: autoDraw = False
39.0042 	EXP 	sq_2: autoDraw = False
39.0042 	EXP 	text: autoDraw = False
39.0042 	EXP 	text_fb_task: height = np.float64(0.05)
39.0042 	EXP 	text_fb_task: height = np.float64(0.05)
39.0042 	EXP 	text_fb_task: height = np.float64(0.05)
39.0042 	EXP 	text_fb_task: text = 'Увы('
39.0042 	EXP 	text_fb_task: autoDraw = True
39.0936 	EXP 	Device response: <KeyPress from None: t=38.99127924995264, value=left, duration=0.08025637501850724>
39.2927 	EXP 	New trial (rep=0, index=36): <Trial 36 (36 in rep 0) data={'w1': 0.15, 'w2': 0.14, 'corr_answ': 'left', 'op1': 0.8, 'op2': 0.16, 'xPos1': -0.3, 'yPos1': 0.15, 'xPos2': 0.3, 'yPos2': -0.18, 'or1': 30, 'or2': 15, 'time': 0.5, 'thisN': 36, 'thisTrialN': 36, 'thisRepN': 0}>
39.3022 	EXP 	text_fb_task: autoDraw = False
39.3022 	EXP 	text_fb_task: autoDraw = False
39.3022 	EXP 	sq_1: ori = np.float64(30.0)
39.3022 	EXP 	sq_2: ori = np.float64(15.0)
39.3022 	EXP 	sq_1: autoDraw = True
39.3022 	EXP 	sq_2: autoDraw = True
39.3022 	EXP 	text: autoDraw = True
39.8041 	EXP 	sq_1: autoDraw = False
39.8041 	EXP 	sq_2: autoDraw = False
39.8041 	EXP 	text: autoDraw = False
39.8041 	EXP 	sq_1: autoDraw = False
39.8041 	EXP 	sq_2: autoDraw = False
39.8041 	EXP 	text: autoDraw = False
39.8041 	EXP 	text_fb_task: height = np.float64(0.05)
39.8041 	EXP 	text_fb_task: height = np.float64(0.05)
39.8041 	EXP 	text_fb_task: height = np.float64(0.05)
39.8041 	EXP 	text_fb_task: text = 'Не успели'
39.8041 	EXP 	text_fb_task: autoDraw = True
39.8597 	EXP 	Device response: <KeyPress from None: t=39.84676620794926, value=left, duration=None>
39.8619 	DATA 	Keypress: left
39.9255 	EXP 	Device response: <KeyPress from None: t=39.84676620794926, value=left, duration=0.0727504170499742>
40.0909 	EXP 	New trial (rep=0, index=37): <Trial 37 (37 in rep 0) data={'w1': 0.21, 'w2': 0.2, 'corr_answ': 'left', 'op1': 0.16, 'op2': 0.7, 'xPos1': -0.18, 'yPos1': 0.15, 'xPos2': 0.18, 'yPos2': -0.18, 'or1': 5, 'or2': 45, 'time': 1.0, 'thisN': 37, 'thisTrialN': 37, 'thisRepN': 0}>
40.1007 	EXP 	text_fb_task: autoDraw = False
40.1007 	EXP 	text_fb_task: autoDraw = False
40.1007 	EXP 	sq_1: ori = np.float64(5.0)
40.1007 	EXP 	sq_2: ori = np.float64(45.0)
40.1007 	EXP 	sq_1: autoDraw = True
40.1007 	EXP 	sq_2: autoDraw = True
40.1007 	EXP 	text: autoDraw = True
40.5196 	EXP 	Device response: <KeyPress from None: t=40.51405766699463, value=right, duration=None>
40.5243 	DATA 	Keypress: right
40.5307 	EXP 	sq_1: autoDraw = False
40.5307 	EXP 	sq_2: autoDraw = False
40.5307 	EXP 	text: autoDraw = False
40.5307 	EXP 	text_fb_task: height = np.float64(0.05)
40.5307 	EXP 	text_fb_task: height = np.float64(0.05)
40.5307 	EXP 	text_fb_task: height = np.float64(0.05)
40.5307 	EXP 	text_fb_task: text = 'Увы('
40.5307 	EXP 	text_fb_task: autoDraw = True
40.5928 	EXP 	Device response: <KeyPress from None: t=40.51405766699463, value=right, duration=0.06482120795408264>
40.8179 	EXP 	New trial (rep=0, index=38): <Trial 38 (38 in rep 0) data={'w1': 0.16, 'w2': 0.17, 'corr_answ': 'right', 'op1': 0.49, 'op2': 0.78, 'xPos1': -0.2, 'yPos1': 0.15, 'xPos2': 0.2, 'yPos2': -0.18, 'or1': 30, 'or2': 5, 'time': 1.0, 'thisN': 38, 'thisTrialN': 38, 'thisRepN': 0}>
40.8276 	EXP 	text_fb_task: autoDraw = False
40.8276 	EXP 	text_fb_task: autoDraw = False
40.8276 	EXP 	sq_1: ori = np.float64(30.0)
40.8276 	EXP 	sq_2: ori = np.float64(5.0)
40.8276 	EXP 	sq_1: autoDraw = True
40.8276 	EXP 	sq_2: autoDraw = True
40.8276 	EXP 	text: autoDraw = True
41.3762 	EXP 	Device response: <KeyPress from None: t=41.37395687494427, value=right, duration=None>
41.3804 	DATA 	Keypress: right
41.3869 	EXP 	sq_1: autoDraw = False
41.3869 	EXP 	sq_2: autoDraw = False
41.3869 	EXP 	text: autoDraw = False
41.3869 	EXP 	text_fb_task: height = np.float64(0.05)
41.3869 	EXP 	text_fb_task: height = np.float64(0.05)
41.3869 	EXP 	text_fb_task: height = np.float64(0.05)
41.3869 	EXP 	text_fb_task: text = 'Верно!'
41.3869 	EXP 	text_fb_task: autoDraw = True
41.4322 	EXP 	Device response: <KeyPress from None: t=41.37395687494427, value=right, duration=0.05556166701717302>
41.6761 	EXP 	New trial (rep=0, index=39): <Trial 39 (39 in rep 0) data={'w1': 0.18, 'w2': 0.17, 'corr_answ': 'left', 'op1': 0.4, 'op2': 0.19, 'xPos1': -0.3, 'yPos1': 0.2, 'xPos2': 0.3, 'yPos2': -0.2, 'or1': 45, 'or2': 5, 'time': 0.7, 'thisN': 39, 'thisTrialN': 39, 'thisRepN': 0}>
41.6859 	EXP 	text_fb_task: autoDraw = False
41.6859 	EXP 	text_fb_task: autoDraw = False
41.6859 	EXP 	sq_1: ori = np.float64(45.0)
41.6859 	EXP 	sq_2: ori = np.float64(5.0)
41.6859 	EXP 	sq_1: autoDraw = True
41.6859 	EXP 	sq_2: autoDraw = True
41.6859 	EXP 	text: autoDraw = True
42.1033 	EXP 	Device response: <KeyPress from None: t=42.09681608295068, value=left, duration=None>
42.1069 	DATA 	Keypress: left
42.1135 	EXP 	sq_1: autoDraw = False
42.1135 	EXP 	sq_2: autoDraw = False
42.1135 	EXP 	text: autoDraw = False
42.1135 	EXP 	text_fb_task: text = 'Верно!'
42.1135 	EXP 	text_fb_task: autoDraw = True
42.1774 	EXP 	Device response: <KeyPress from None: t=42.09681608295068, value=left, duration=0.06873316701967269>
42.4161 	EXP 	Imported tabl_sl.xlsx as conditions, 5 conditions, 1 params
42.4164 	EXP 	New trial (rep=0, index=0): <Trial 0 (0 in rep 0) data={'q_sl': 'Это было сложно?', 'thisN': 0, 'thisTrialN': 0, 'thisRepN': 0}>
42.4383 	EXP 	text_fb_task: autoDraw = False
42.4383 	EXP 	sl_h: markerPos = None
42.4383 	EXP 	sl_h: markerPos = 5
42.4383 	EXP 	text_sl: height = np.float64(0.030000000000000002)
42.4383 	EXP 	text_sl: height = np.float64(0.030000000000000002)
42.4383 	EXP 	text_sl: height = np.float64(0.030000000000000002)
42.4383 	EXP 	text_sl: text = 'Это было сложно?'
42.4383 	EXP 	sl_h: autoDraw = True
42.4383 	EXP 	text_sl: autoDraw = True
44.2601 	DATA 	Mouse: Left button down, pos=(885,103)
44.2743 	EXP 	sl_h: markerPos = np.float64(5.2168021680216805)
44.2827 	EXP 	sl_h: markerPos = np.float64(5.2168021680216805)
44.2856 	DATA 	Mouse:  Left button up, pos=(885,103)
44.2913 	EXP 	sl_h: markerPos = np.float64(5.2168021680216805)
44.2988 	EXP 	sl_h: markerPos = np.float64(5.2168021680216805)
44.2993 	EXP 	New trial (rep=0, index=1): <Trial 1 (1 in rep 0) data={'q_sl': 'Вы могли контролировать ситуацию?', 'thisN': 1, 'thisTrialN': 1, 'thisRepN': 0}>
44.3101 	EXP 	sl_h: autoDraw = False
44.3101 	EXP 	text_sl: autoDraw = False
44.3101 	EXP 	sl_h: markerPos = None
44.3101 	EXP 	sl_h: markerPos = 5
44.3101 	EXP 	text_sl: height = np.float64(0.030000000000000002)
44.3101 	EXP 	text_sl: height = np.float64(0.030000000000000002)
44.3101 	EXP 	text_sl: height = np.float64(0.030000000000000002)
44.3101 	EXP 	text_sl: text = 'Вы могли контролировать ситуацию?'
44.3101 	EXP 	sl_h: autoDraw = True
44.3101 	EXP 	text_sl: autoDraw = True
44.3764 	DATA 	Mouse: Left button down, pos=(884,104)
44.3905 	EXP 	sl_h: markerPos = np.float64(5.209575429087624)
44.3990 	EXP 	sl_h: markerPos = np.float64(5.209575429087624)
44.4087 	EXP 	sl_h: markerPos = np.float64(5.209575429087624)
44.4172 	EXP 	sl_h: markerPos = np.float64(5.209575429087624)
44.4263 	EXP 	sl_h: markerPos = np.float64(5.209575429087624)
44.4291 	DATA 	Mouse:  Left button up, pos=(884,104)
44.4405 	EXP 	sl_h: markerPos = np.float64(5.209575429087624)
44.4482 	EXP 	sl_h: markerPos = np.float64(5.209575429087624)
44.4487 	EXP 	New trial (rep=0, index=2): <Trial 2 (2 in rep 0) data={'q_sl': 'Насколько результат зависел от Вас?', 'thisN': 2, 'thisTrialN': 2, 'thisRepN': 0}>
44.4597 	EXP 	sl_h: autoDraw = False
44.4597 	EXP 	text_sl: autoDraw = False
44.4597 	EXP 	sl_h: markerPos = None
44.4597 	EXP 	sl_h: markerPos = 5
44.4597 	EXP 	text_sl: height = np.float64(0.030000000000000002)
44.4597 	EXP 	text_sl: height = np.float64(0.030000000000000002)
44.4597 	EXP 	text_sl: height = np.float64(0.030000000000000002)
44.4597 	EXP 	text_sl: text = 'Насколько результат зависел от Вас?'
44.4597 	EXP 	sl_h: autoDraw = True
44.4597 	EXP 	text_sl: autoDraw = True
44.5182 	DATA 	Mouse: Left button down, pos=(883,104)
44.5316 	EXP 	sl_h: markerPos = np.float64(5.202348690153568)
44.5403 	EXP 	sl_h: markerPos = np.float64(5.202348690153568)
44.5473 	EXP 	sl_h: markerPos = np.float64(5.202348690153568)
44.5572 	EXP 	sl_h: markerPos = np.float64(5.202348690153568)
44.5641 	EXP 	sl_h: markerPos = np.float64(5.202348690153568)
44.5645 	DATA 	Mouse:  Left button up, pos=(883,104)
44.5725 	EXP 	sl_h: markerPos = np.float64(5.202348690153568)
44.5730 	EXP 	New trial (rep=0, index=3): <Trial 3 (3 in rep 0) data={'q_sl': 'Насколько успешно получалось сравнивать квадраты?', 'thisN': 3, 'thisTrialN': 3, 'thisRepN': 0}>
44.5822 	EXP 	sl_h: autoDraw = False
44.5822 	EXP 	text_sl: autoDraw = False
44.5822 	EXP 	sl_h: markerPos = None
44.5822 	EXP 	sl_h: markerPos = 5
44.5822 	EXP 	text_sl: height = np.float64(0.030000000000000002)
44.5822 	EXP 	text_sl: height = np.float64(0.030000000000000002)
44.5822 	EXP 	text_sl: height = np.float64(0.030000000000000002)
44.5822 	EXP 	text_sl: text = 'Насколько успешно получалось сравнивать квадраты?'
44.5822 	EXP 	sl_h: autoDraw = True
44.5822 	EXP 	text_sl: autoDraw = True
44.8143 	DATA 	Mouse: Left button down, pos=(875,107)
44.8350 	EXP 	sl_h: markerPos = np.float64(5.14453477868112)
44.8449 	EXP 	sl_h: markerPos = np.float64(5.14453477868112)
44.8586 	EXP 	sl_h: markerPos = np.float64(5.14453477868112)
44.8680 	EXP 	sl_h: markerPos = np.float64(5.14453477868112)
44.8775 	EXP 	sl_h: markerPos = np.float64(5.14453477868112)
44.8780 	DATA 	Mouse:  Left button up, pos=(875,107)
44.8914 	EXP 	sl_h: markerPos = np.float64(5.14453477868112)
44.8920 	EXP 	New trial (rep=0, index=4): <Trial 4 (4 in rep 0) data={'q_sl': 'Вы довольны результатом?', 'thisN': 4, 'thisTrialN': 4, 'thisRepN': 0}>
44.9026 	EXP 	sl_h: autoDraw = False
44.9026 	EXP 	text_sl: autoDraw = False
44.9026 	EXP 	sl_h: markerPos = None
44.9026 	EXP 	sl_h: markerPos = 5
44.9026 	EXP 	text_sl: height = np.float64(0.030000000000000002)
44.9026 	EXP 	text_sl: height = np.float64(0.030000000000000002)
44.9026 	EXP 	text_sl: height = np.float64(0.030000000000000002)
44.9026 	EXP 	text_sl: text = 'Вы довольны результатом?'
44.9026 	EXP 	sl_h: autoDraw = True
44.9026 	EXP 	text_sl: autoDraw = True
44.9746 	DATA 	Mouse: Left button down, pos=(875,107)
44.9824 	EXP 	sl_h: markerPos = np.float64(5.14453477868112)
44.9906 	EXP 	sl_h: markerPos = np.float64(5.14453477868112)
44.9983 	EXP 	sl_h: markerPos = np.float64(5.14453477868112)
45.0059 	EXP 	sl_h: markerPos = np.float64(5.14453477868112)
45.0123 	EXP 	sl_h: markerPos = np.float64(5.14453477868112)
45.0236 	EXP 	sl_h: markerPos = np.float64(5.14453477868112)
45.0303 	EXP 	sl_h: markerPos = np.float64(5.14453477868112)
45.0403 	EXP 	sl_h: markerPos = np.float64(5.14453477868112)
45.0424 	DATA 	Mouse:  Left button up, pos=(875,107)
45.0471 	EXP 	sl_h: markerPos = np.float64(5.14453477868112)
45.0570 	EXP 	sl_h: markerPos = np.float64(5.14453477868112)
45.0651 	INFO 	Keyboard events cleared
45.0649 	EXP 	sl_h: autoDraw = False
45.0649 	EXP 	text_sl: autoDraw = False
45.0649 	EXP 	text_5: height = np.float64(0.05)
45.0649 	EXP 	text_5: height = np.float64(0.05)
45.0649 	EXP 	text_5: height = np.float64(0.05)
45.0649 	EXP 	text_5: text = 'Всего правильных ответов:18'
45.0649 	EXP 	text_5: autoDraw = True
45.1313 	DATA 	Mouse: Left button down, pos=(875,107)
45.2098 	DATA 	Mouse:  Left button up, pos=(875,107)
45.2843 	DATA 	Mouse: Left button down, pos=(875,107)
45.3269 	DATA 	Mouse:  Left button up, pos=(875,107)
46.3696 	INFO 	Keyboard events cleared
46.3694 	EXP 	text_5: autoDraw = False
46.3694 	EXP 	get_textbox: autoDraw = True
49.4414 	EXP 	Device response: <KeyPress from None: t=49.434798374946695, value=6, duration=None>
49.4565 	DATA 	Keypress: 6
49.4750 	EXP 	Device response: <KeyPress from None: t=49.434798374946695, value=6, duration=0.039308167004492134>
49.5580 	EXP 	Device response: <KeyPress from None: t=49.554727541981265, value=6, duration=None>
49.5628 	DATA 	Keypress: 6
49.6157 	EXP 	Device response: <KeyPress from None: t=49.554727541981265, value=6, duration=0.05877962498925626>
49.6833 	EXP 	Device response: <KeyPress from None: t=49.676846124988515, value=6, duration=None>
49.6871 	DATA 	Keypress: 6
49.7498 	EXP 	Device response: <KeyPress from None: t=49.676846124988515, value=6, duration=0.06478958297520876>
49.8592 	EXP 	Device response: <KeyPress from None: t=49.85824879194843, value=6, duration=None>
49.8646 	DATA 	Keypress: 6
49.9269 	EXP 	Device response: <KeyPress from None: t=49.85824879194843, value=6, duration=0.06504633300937712>
50.9687 	EXP 	Device response: <KeyPress from None: t=50.9602501669433, value=return, duration=None>
50.9743 	DATA 	Keypress: return
51.0003 	EXP 	Device response: <KeyPress from None: t=50.9602501669433, value=return, duration=0.03330920805456117>
52.2925 	EXP 	Device response: <KeyPress from None: t=52.27857374999439, value=backspace, duration=None>
52.2981 	DATA 	Keypress: backspace
52.3597 	EXP 	Device response: <KeyPress from None: t=52.27857374999439, value=backspace, duration=0.07228566700359806>
53.5320 	EXP 	Device response: <KeyPress from None: t=53.529309166944586, value=space, duration=None>
53.5371 	DATA 	Keypress: space
53.5433 	EXP 	get_textbox: autoDraw = False
53.5433 	EXP 	text_th: autoDraw = True
53.5975 	EXP 	Device response: <KeyPress from None: t=5.657426541962195, value=space, duration=47.93690620799316>
54.4877 	DATA 	Mouse: Left button down, pos=(993,489)
54.5416 	EXP 	text_th: autoDraw = False
54.5416 	EXP 	text_th: autoDraw = False
54.5418 	EXP 	4_calibr_sum: status = STOPPED
54.5662 	INFO 	saved data to '/Users/arinasevruk/Desktop/Exp/MyExp/data/g_4_calibr_sum_2025-12-30_17h39.22.720.csv'
54.5687 	INFO 	saved data to /Users/arinasevruk/Desktop/Exp/MyExp/data/g_4_calibr_sum_2025-12-30_17h39.22.720.psydat
54.5692 	DATA 	Mouse:  Left button up, pos=(993,489)
